#
# A fatal error has been detected by the Java Runtime Environment:
#
#  SIGSEGV (0xb) at pc=0x00007fd7f9318368, pid=29573, tid=140564285933312
#
# JRE version: OpenJDK Runtime Environment (8.0_66-b17) (build 1.8.0_66-internal-b17)
# Java VM: OpenJDK 64-Bit Server VM (25.66-b17 mixed mode linux-amd64 compressed oops)
# Problematic frame:
# J 977 C2 java.nio.DirectByteBuffer.getShort()S (14 bytes) @ 0x00007fd7f9318368 [0x00007fd7f9318320+0x48]
#
# Failed to write core dump. Core dumps have been disabled. To enable core dumping, try "ulimit -c unlimited" before starting Java again
#
# If you would like to submit a bug report, please visit:
#   http://bugreport.java.com/bugreport/crash.jsp
#

---------------  T H R E A D  ---------------

Current thread (0x00007fd7871a0800):  JavaThread "AWT-EventQueue-1" [_thread_in_Java, id=29616, stack(0x00007fd7ac44c000,0x00007fd7ac54d000)]

siginfo: si_signo: 11 (SIGSEGV), si_code: 2 (SEGV_ACCERR), si_addr: 0x00007fd793237000

Registers:
RAX=0x00000007c003c000, RBX=0x00000007c003c000, RCX=0x0000000779954348, RDX=0x00007fd7ac0d34a0
RSP=0x00007fd7ac5494c0, RBP=0x0000000000000001, RSI=0x000000077a36f170, RDI=0x000000077a36f170
R8 =0x0000000000096750, R9 =0x000000000000f800, R10=0x00007fd7931a08b0, R11=0x0000000000096750
R12=0x0000000000000000, R13=0x00007fd7f931c450, R14=0x00007fd7ac5495c8, R15=0x00007fd7871a0800
RIP=0x00007fd7f9318368, EFLAGS=0x0000000000010212, CSGSFS=0xffff000000000033, ERR=0x0000000000000004
  TRAPNO=0x000000000000000e

Top of Stack: (sp=0x00007fd7ac5494c0)
0x00007fd7ac5494c0:   00007fd7ac5494f0 00007fd7ac5494f0
0x00007fd7ac5494d0:   00007fd80cd3e7f0 0000000000000000
0x00007fd7ac5494e0:   0000000779954348 00000000000045d4
0x00007fd7ac5494f0:   00007fd7ac549610 00007fd7f931cb24
0x00007fd7ac549500:   0000000000000069 00007fd80cd3e7f0
0x00007fd7ac549510:   00007fd7ac5495c8 00007fd7871a0800
0x00007fd7ac549520:   00007fd7ac549578 00007fd7f901c179
0x00007fd7ac549530:   00007fd7f901c137 00007fd7ac549538
0x00007fd7ac549540:   00007fd7f931c450 00007fd7ac5495c8
0x00007fd7ac549550:   0006f9ae0000fdb4 000000077a116d20
0x00007fd7ac549560:   0000000779954348 000000077ab3af90
0x00007fd7ac549570:   000000077ab3af90 0000000779954348
0x00007fd7ac549580:   000000077a116d20 00000000000005d4
0x00007fd7ac549590:   00000000000000f3 0000000000000000
0x00007fd7ac5495a0:   00007fd7ac549610 00007fd7f9007710
0x00007fd7ac5495b0:   000000077a116d20 0000000779954348
0x00007fd7ac5495c0:   000000076b4e28f8 000000077ab3af90
0x00007fd7ac5495d0:   00007fd7ac5495d0 00007fd80cd3e4b9
0x00007fd7ac5495e0:   00007fd7ac549638 00007fd80cd41d30
0x00007fd7ac5495f0:   0000000000000000 00007fd80cd3e500
0x00007fd7ac549600:   00007fd7ac5495b0 00007fd7ac549638
0x00007fd7ac549610:   00007fd7ac549680 00007fd7f9007710
0x00007fd7ac549620:   000000077a116d20 0000000779954348
0x00007fd7ac549630:   000000076b4e28f8 000000077ab3af90
0x00007fd7ac549640:   00007fd7ac549640 00007fd80cd3e3ad
0x00007fd7ac549650:   00007fd7ac549698 00007fd80cd41d30
0x00007fd7ac549660:   0000000000000000 00007fd80cd3e3e0
0x00007fd7ac549670:   00007fd7ac549638 00007fd7ac549698
0x00007fd7ac549680:   00007fd7ac5496f0 00007fd7f9007710
0x00007fd7ac549690:   000000076b4e2850 000000077ab3af90
0x00007fd7ac5496a0:   0000000000000019 000000077ab3af90
0x00007fd7ac5496b0:   00007fd7ac5496a0 00007fd80cd3dd26 

Instructions: (pc=0x00007fd7f9318368)
0x00007fd7f9318348:   48 83 ec 30 44 8b 5e 18 44 8b 56 1c 45 2b d3 41
0x00007fd7f9318358:   83 fa 02 7c 28 4c 8b 56 10 0f b6 6e 2a 4d 63 c3
0x00007fd7f9318368:   43 0f bf 04 02 41 83 c3 02 44 89 5e 18 85 ed 74
0x00007fd7f9318378:   2c 48 83 c4 30 5d 85 05 7c bc 1c 19 c3 48 89 34 

Register to memory mapping:

RAX=0x00000007c003c000 is pointing into metadata
RBX=0x00000007c003c000 is pointing into metadata
RCX=0x0000000779954348 is an oop
[F 
 - klass: {type array float}
 - length: 1228800
RDX=0x00007fd7ac0d34a0 is pointing into metadata
RSP=0x00007fd7ac5494c0 is pointing into the stack for thread: 0x00007fd7871a0800
RBP=0x0000000000000001 is an unknown value
RSI=0x000000077a36f170 is an oop
java.nio.DirectByteBuffer 
 - klass: 'java/nio/DirectByteBuffer'
RDI=0x000000077a36f170 is an oop
java.nio.DirectByteBuffer 
 - klass: 'java/nio/DirectByteBuffer'
R8 =0x0000000000096750 is an unknown value
R9 =0x000000000000f800 is an unknown value
R10=0x00007fd7931a08b0 is an unknown value
R11=0x0000000000096750 is an unknown value
R12=0x0000000000000000 is an unknown value
R13=0x00007fd7f931c450 is at entry_point+-464 in (nmethod*)0x00007fd7f931c450
R14=0x00007fd7ac5495c8 is pointing into the stack for thread: 0x00007fd7871a0800
R15=0x00007fd7871a0800 is a thread


Stack: [0x00007fd7ac44c000,0x00007fd7ac54d000],  sp=0x00007fd7ac5494c0,  free space=1013k
Native frames: (J=compiled Java code, j=interpreted, Vv=VM code, C=native code)
J 977 C2 java.nio.DirectByteBuffer.getShort()S (14 bytes) @ 0x00007fd7f9318368 [0x00007fd7f9318320+0x48]
J 983% C1 br.edu.ifsp.capturer.ShowObject.getPixelDepthSegmentation(Ljava/nio/ShortBuffer;[F[I)[I (115 bytes) @ 0x00007fd7f931cb24 [0x00007fd7f931c620+0x504]
j  br.edu.ifsp.capturer.ShowObject.getDepthPixel()[I+57
j  br.edu.ifsp.capturer.ShowObject.getBackgroundImage()[I+37
j  br.edu.ifsp.capturer.ShowObject.paint(Ljava/awt/Graphics;)V+6
j  javax.swing.JComponent.paintChildren(Ljava/awt/Graphics;)V+545
j  javax.swing.JComponent.paint(Ljava/awt/Graphics;)V+318
j  javax.swing.JComponent.paintToOffscreen(Ljava/awt/Graphics;IIIIII)V+41
j  javax.swing.BufferStrategyPaintManager.paint(Ljavax/swing/JComponent;Ljavax/swing/JComponent;Ljava/awt/Graphics;IIII)Z+164
j  javax.swing.RepaintManager.paint(Ljavax/swing/JComponent;Ljavax/swing/JComponent;Ljava/awt/Graphics;IIII)V+51
j  javax.swing.JComponent._paintImmediately(IIII)V+683
j  javax.swing.JComponent.paintImmediately(IIII)V+138
j  javax.swing.RepaintManager$4.run()Ljava/lang/Void;+81
j  javax.swing.RepaintManager$4.run()Ljava/lang/Object;+1
v  ~StubRoutines::call_stub
V  [libjvm.so+0x65ea1b]
V  [libjvm.so+0x6af7c9]  JVM_DoPrivileged+0x429
J 672  java.security.AccessController.doPrivileged(Ljava/security/PrivilegedAction;Ljava/security/AccessControlContext;)Ljava/lang/Object; (0 bytes) @ 0x00007fd7f927bed5 [0x00007fd7f927be00+0xd5]
J 674 C1 java.security.ProtectionDomain$JavaSecurityAccessImpl.doIntersectionPrivilege(Ljava/security/PrivilegedAction;Ljava/security/AccessControlContext;Ljava/security/AccessControlContext;)Ljava/lang/Object; (22 bytes) @ 0x00007fd7f927c95c [0x00007fd7f927c4e0+0x47c]
j  javax.swing.RepaintManager.paintDirtyRegions(Ljava/util/Map;)V+154
j  javax.swing.RepaintManager.paintDirtyRegions()V+46
j  javax.swing.RepaintManager.prePaintDirtyRegions()V+73
j  javax.swing.RepaintManager.access$1200(Ljavax/swing/RepaintManager;)V+1
j  javax.swing.RepaintManager$ProcessingRunnable.run()V+37
j  java.awt.event.InvocationEvent.dispatch()V+47
j  java.awt.EventQueue.dispatchEventImpl(Ljava/awt/AWTEvent;Ljava/lang/Object;)V+21
j  java.awt.EventQueue.access$500(Ljava/awt/EventQueue;Ljava/awt/AWTEvent;Ljava/lang/Object;)V+3
j  java.awt.EventQueue$3.run()Ljava/lang/Void;+32
J 812 C1 java.awt.EventQueue$3.run()Ljava/lang/Object; (5 bytes) @ 0x00007fd7f92c46cc [0x00007fd7f92c4640+0x8c]
v  ~StubRoutines::call_stub
V  [libjvm.so+0x65ea1b]
V  [libjvm.so+0x6af7c9]  JVM_DoPrivileged+0x429
J 672  java.security.AccessController.doPrivileged(Ljava/security/PrivilegedAction;Ljava/security/AccessControlContext;)Ljava/lang/Object; (0 bytes) @ 0x00007fd7f927bed5 [0x00007fd7f927be00+0xd5]
J 810 C1 java.awt.EventQueue.dispatchEvent(Ljava/awt/AWTEvent;)V (80 bytes) @ 0x00007fd7f92c2dac [0x00007fd7f92c2400+0x9ac]
J 813 C1 org.GNOME.Accessibility.AtkWrapper$5.dispatchEvent(Ljava/awt/AWTEvent;)V (104 bytes) @ 0x00007fd7f92c522c [0x00007fd7f92c4a80+0x7ac]
j  java.awt.EventDispatchThread.pumpOneEventForFilters(I)V+245
j  java.awt.EventDispatchThread.pumpEventsForFilter(ILjava/awt/Conditional;Ljava/awt/EventFilter;)V+35
j  java.awt.EventDispatchThread.pumpEventsForHierarchy(ILjava/awt/Conditional;Ljava/awt/Component;)V+11
j  java.awt.EventDispatchThread.pumpEvents(ILjava/awt/Conditional;)V+4
j  java.awt.EventDispatchThread.pumpEvents(Ljava/awt/Conditional;)V+3
j  java.awt.EventDispatchThread.run()V+9
v  ~StubRoutines::call_stub
V  [libjvm.so+0x65ea1b]
V  [libjvm.so+0x65bfe4]
V  [libjvm.so+0x65c5c7]
V  [libjvm.so+0x69f844]
V  [libjvm.so+0xa016a3]
V  [libjvm.so+0xa01b74]
V  [libjvm.so+0x8ab0d2]
C  [libpthread.so.0+0x76aa]  start_thread+0xca


---------------  P R O C E S S  ---------------

Java Threads: ( => current thread )
  0x00007fd80800a000 JavaThread "DestroyJavaVM" [_thread_blocked, id=29579, stack(0x00007fd8123c4000,0x00007fd8124c5000)]
  0x00007fd798002800 JavaThread "Thread-19" [_thread_in_native, id=29599, stack(0x00007fd7a37ff000,0x00007fd7a4000000)]
=>0x00007fd7871a0800 JavaThread "AWT-EventQueue-1" [_thread_in_Java, id=29616, stack(0x00007fd7ac44c000,0x00007fd7ac54d000)]
  0x00007fd7871a0000 JavaThread "AWT-Shutdown" [_thread_blocked, id=29615, stack(0x00007fd7ac24a000,0x00007fd7ac34b000)]
  0x00007fd8082ce000 JavaThread "AWT-EventQueue-0" [_thread_blocked, id=29598, stack(0x00007fd7ac34b000,0x00007fd7ac44c000)]
  0x00007fd80829a000 JavaThread "process reaper" daemon [_thread_blocked, id=29596, stack(0x00007fd7cd63f000,0x00007fd7cd678000)]
  0x00007fd80828f800 JavaThread "AWT-XAWT" daemon [_thread_in_native, id=29594, stack(0x00007fd7cd678000,0x00007fd7cd779000)]
  0x00007fd808273800 JavaThread "Java2D Disposer" daemon [_thread_blocked, id=29593, stack(0x00007fd7cdb89000,0x00007fd7cdc8a000)]
  0x00007fd8080c0000 JavaThread "Service Thread" daemon [_thread_blocked, id=29591, stack(0x00007fd7cfbfc000,0x00007fd7cfcfd000)]
  0x00007fd8080b2800 JavaThread "C1 CompilerThread2" daemon [_thread_blocked, id=29590, stack(0x00007fd7cfcfd000,0x00007fd7cfdfe000)]
  0x00007fd8080b0800 JavaThread "C2 CompilerThread1" daemon [_thread_in_native, id=29589, stack(0x00007fd7cfdfe000,0x00007fd7cfeff000)]
  0x00007fd8080ad800 JavaThread "C2 CompilerThread0" daemon [_thread_blocked, id=29588, stack(0x00007fd7cfeff000,0x00007fd7d0000000)]
  0x00007fd8080ab800 JavaThread "Signal Dispatcher" daemon [_thread_blocked, id=29587, stack(0x00007fd7f8007000,0x00007fd7f8108000)]
  0x00007fd80807f000 JavaThread "Finalizer" daemon [_thread_blocked, id=29586, stack(0x00007fd7f83d3000,0x00007fd7f84d4000)]
  0x00007fd80807d000 JavaThread "Reference Handler" daemon [_thread_blocked, id=29585, stack(0x00007fd7f84d4000,0x00007fd7f85d5000)]

Other Threads:
  0x00007fd808077800 VMThread [stack: 0x00007fd7f85d5000,0x00007fd7f86d6000] [id=29584]
  0x00007fd8080c2800 WatcherThread [stack: 0x00007fd7cfafb000,0x00007fd7cfbfc000] [id=29592]

VM state:not at safepoint (normal execution)

VM Mutex/Monitor currently owned by a thread: None

Heap:
 PSYoungGen      total 305664K, used 258705K [0x000000076ab00000, 0x0000000780000000, 0x00000007c0000000)
  eden space 262144K, 97% used [0x000000076ab00000,0x000000077a57b4b0,0x000000077ab00000)
  from space 43520K, 5% used [0x000000077ab00000,0x000000077ad29060,0x000000077d580000)
  to   space 43520K, 0% used [0x000000077d580000,0x000000077d580000,0x0000000780000000)
 ParOldGen       total 699392K, used 24K [0x00000006c0000000, 0x00000006eab00000, 0x000000076ab00000)
  object space 699392K, 0% used [0x00000006c0000000,0x00000006c0006000,0x00000006eab00000)
 Metaspace       used 13616K, capacity 13914K, committed 14208K, reserved 1060864K
  class space    used 1689K, capacity 1817K, committed 1920K, reserved 1048576K

Card table byte_map: [0x00007fd80e292000,0x00007fd80ea93000] byte_map_base: 0x00007fd80ac92000

Marking Bits: (ParMarkBitMap*) 0x00007fd811694000
 Begin Bits: [0x00007fd7e0000000, 0x00007fd7e4000000)
 End Bits:   [0x00007fd7e4000000, 0x00007fd7e8000000)

Polling page: 0x00007fd8124e4000

CodeCache: size=245760Kb used=3191Kb max_used=3191Kb free=242568Kb
 bounds [0x00007fd7f9000000, 0x00007fd7f9330000, 0x00007fd808000000]
 total_blobs=1536 nmethods=971 adapters=480
 compilation: enabled

Compilation events (10 events):
Event: 8,209 Thread 0x00007fd8080b0800 nmethod 980% 0x00007fd7f931f090 code [0x00007fd7f931f1e0, 0x00007fd7f931f3b8]
Event: 8,210 Thread 0x00007fd8080b2800  981 %     3       br.edu.ifsp.capturer.ShowObject::getHistogram @ 113 (144 bytes)
Event: 8,210 Thread 0x00007fd8080b2800 nmethod 981% 0x00007fd7f931fd90 code [0x00007fd7f931ffa0, 0x00007fd7f9320928]
Event: 8,211 Thread 0x00007fd8080ad800  982 %     4       br.edu.ifsp.capturer.ShowObject::getHistogram @ 113 (144 bytes)
Event: 8,214 Thread 0x00007fd8080ad800 nmethod 982% 0x00007fd7f931f750 code [0x00007fd7f931f8e0, 0x00007fd7f931fc98]
Event: 8,228 Thread 0x00007fd8080b2800  983 % !   3       br.edu.ifsp.capturer.ShowObject::getPixelDepthSegmentation @ 22 (115 bytes)
Event: 8,229 Thread 0x00007fd8080b2800 nmethod 983% 0x00007fd7f931c450 code [0x00007fd7f931c620, 0x00007fd7f931cf58]
Event: 8,229 Thread 0x00007fd8080b2800  984   !   3       br.edu.ifsp.capturer.ShowObject::getPixelDepthSegmentation (115 bytes)
Event: 8,230 Thread 0x00007fd8080b2800 nmethod 984 0x00007fd7f931b4d0 code [0x00007fd7f931b6a0, 0x00007fd7f931beb8]
Event: 8,231 Thread 0x00007fd8080b0800  985 % !   4       br.edu.ifsp.capturer.ShowObject::getPixelDepthSegmentation @ 22 (115 bytes)

GC Heap History (6 events):
Event: 5,003 GC heap before
{Heap before GC invocations=1 (full 0):
 PSYoungGen      total 305664K, used 262144K [0x000000076ab00000, 0x0000000780000000, 0x00000007c0000000)
  eden space 262144K, 100% used [0x000000076ab00000,0x000000077ab00000,0x000000077ab00000)
  from space 43520K, 0% used [0x000000077d580000,0x000000077d580000,0x0000000780000000)
  to   space 43520K, 0% used [0x000000077ab00000,0x000000077ab00000,0x000000077d580000)
 ParOldGen       total 699392K, used 0K [0x00000006c0000000, 0x00000006eab00000, 0x000000076ab00000)
  object space 699392K, 0% used [0x00000006c0000000,0x00000006c0000000,0x00000006eab00000)
 Metaspace       used 12995K, capacity 13206K, committed 13568K, reserved 1060864K
  class space    used 1628K, capacity 1689K, committed 1792K, reserved 1048576K
Event: 5,020 GC heap after
Heap after GC invocations=1 (full 0):
 PSYoungGen      total 305664K, used 6992K [0x000000076ab00000, 0x0000000780000000, 0x00000007c0000000)
  eden space 262144K, 0% used [0x000000076ab00000,0x000000076ab00000,0x000000077ab00000)
  from space 43520K, 16% used [0x000000077ab00000,0x000000077b1d4030,0x000000077d580000)
  to   space 43520K, 0% used [0x000000077d580000,0x000000077d580000,0x0000000780000000)
 ParOldGen       total 699392K, used 8K [0x00000006c0000000, 0x00000006eab00000, 0x000000076ab00000)
  object space 699392K, 0% used [0x00000006c0000000,0x00000006c0002000,0x00000006eab00000)
 Metaspace       used 12995K, capacity 13206K, committed 13568K, reserved 1060864K
  class space    used 1628K, capacity 1689K, committed 1792K, reserved 1048576K
}
Event: 6,100 GC heap before
{Heap before GC invocations=2 (full 0):
 PSYoungGen      total 305664K, used 269136K [0x000000076ab00000, 0x0000000780000000, 0x00000007c0000000)
  eden space 262144K, 100% used [0x000000076ab00000,0x000000077ab00000,0x000000077ab00000)
  from space 43520K, 16% used [0x000000077ab00000,0x000000077b1d4030,0x000000077d580000)
  to   space 43520K, 0% used [0x000000077d580000,0x000000077d580000,0x0000000780000000)
 ParOldGen       total 699392K, used 8K [0x00000006c0000000, 0x00000006eab00000, 0x000000076ab00000)
  object space 699392K, 0% used [0x00000006c0000000,0x00000006c0002000,0x00000006eab00000)
 Metaspace       used 13379K, capacity 13654K, committed 13952K, reserved 1060864K
  class space    used 1681K, capacity 1817K, committed 1920K, reserved 1048576K
Event: 6,105 GC heap after
Heap after GC invocations=2 (full 0):
 PSYoungGen      total 305664K, used 2242K [0x000000076ab00000, 0x0000000780000000, 0x00000007c0000000)
  eden space 262144K, 0% used [0x000000076ab00000,0x000000076ab00000,0x000000077ab00000)
  from space 43520K, 5% used [0x000000077d580000,0x000000077d7b0850,0x0000000780000000)
  to   space 43520K, 0% used [0x000000077ab00000,0x000000077ab00000,0x000000077d580000)
 ParOldGen       total 699392K, used 16K [0x00000006c0000000, 0x00000006eab00000, 0x000000076ab00000)
  object space 699392K, 0% used [0x00000006c0000000,0x00000006c0004000,0x00000006eab00000)
 Metaspace       used 13379K, capacity 13654K, committed 13952K, reserved 1060864K
  class space    used 1681K, capacity 1817K, committed 1920K, reserved 1048576K
}
Event: 7,167 GC heap before
{Heap before GC invocations=3 (full 0):
 PSYoungGen      total 305664K, used 264386K [0x000000076ab00000, 0x0000000780000000, 0x00000007c0000000)
  eden space 262144K, 100% used [0x000000076ab00000,0x000000077ab00000,0x000000077ab00000)
  from space 43520K, 5% used [0x000000077d580000,0x000000077d7b0850,0x0000000780000000)
  to   space 43520K, 0% used [0x000000077ab00000,0x000000077ab00000,0x000000077d580000)
 ParOldGen       total 699392K, used 16K [0x00000006c0000000, 0x00000006eab00000, 0x000000076ab00000)
  object space 699392K, 0% used [0x00000006c0000000,0x00000006c0004000,0x00000006eab00000)
 Metaspace       used 13501K, capacity 13782K, committed 14208K, reserved 1060864K
  class space    used 1682K, capacity 1817K, committed 1920K, reserved 1048576K
Event: 7,172 GC heap after
Heap after GC invocations=3 (full 0):
 PSYoungGen      total 305664K, used 2212K [0x000000076ab00000, 0x0000000780000000, 0x00000007c0000000)
  eden space 262144K, 0% used [0x000000076ab00000,0x000000076ab00000,0x000000077ab00000)
  from space 43520K, 5% used [0x000000077ab00000,0x000000077ad29060,0x000000077d580000)
  to   space 43520K, 0% used [0x000000077d580000,0x000000077d580000,0x0000000780000000)
 ParOldGen       total 699392K, used 24K [0x00000006c0000000, 0x00000006eab00000, 0x000000076ab00000)
  object space 699392K, 0% used [0x00000006c0000000,0x00000006c0006000,0x00000006eab00000)
 Metaspace       used 13501K, capacity 13782K, committed 14208K, reserved 1060864K
  class space    used 1682K, capacity 1817K, committed 1920K, reserved 1048576K
}

Deoptimization events (8 events):
Event: 4,728 Thread 0x00007fd7871a0800 Uncommon trap: reason=unstable_if action=reinterpret pc=0x00007fd7f920209c method=br.edu.ifsp.capturer.ShowObject.getColorPixel()[I @ 91
Event: 4,772 Thread 0x00007fd7871a0800 Uncommon trap: reason=unstable_if action=reinterpret pc=0x00007fd7f9211898 method=java.awt.image.BufferedImage.setRGB(IIII[III)V @ 16
Event: 4,864 Thread 0x00007fd80800a000 Uncommon trap: reason=unstable_if action=reinterpret pc=0x00007fd7f922db44 method=java.util.Properties$LineReader.readLine()I @ 377
Event: 4,881 Thread 0x00007fd7871a0800 Uncommon trap: reason=unstable_if action=reinterpret pc=0x00007fd7f920ab58 method=java.awt.image.DirectColorModel.getDataElements(ILjava/lang/Object;)Ljava/lang/Object; @ 11
Event: 4,952 Thread 0x00007fd80800a000 Uncommon trap: reason=unstable_if action=reinterpret pc=0x00007fd7f923206c method=java.awt.image.DirectColorModel.getDataElements(ILjava/lang/Object;)Ljava/lang/Object; @ 41
Event: 8,203 Thread 0x00007fd7871a0800 Uncommon trap: reason=unstable_if action=reinterpret pc=0x00007fd7f931e894 method=br.edu.ifsp.capturer.ShowObject.getHistogram(Ljava/nio/ByteBuffer;)[F @ 71
Event: 8,209 Thread 0x00007fd7871a0800 Uncommon trap: reason=unstable_if action=reinterpret pc=0x00007fd7f931f364 method=br.edu.ifsp.capturer.ShowObject.getHistogram(Ljava/nio/ByteBuffer;)[F @ 100
Event: 8,217 Thread 0x00007fd7871a0800 Uncommon trap: reason=unstable_if action=reinterpret pc=0x00007fd7f931fc38 method=br.edu.ifsp.capturer.ShowObject.getHistogram(Ljava/nio/ByteBuffer;)[F @ 139

Internal exceptions (10 events):
Event: 0,099 Thread 0x00007fd80800a000 Exception <a 'java/security/PrivilegedActionException'> (0x000000076ab89cc0) thrown at [/build/openjdk-8-aAuh2m/openjdk-8-8u66-b17/src/hotspot/src/share/vm/prims/jvm.cpp, line 1386]
Event: 0,099 Thread 0x00007fd80800a000 Exception <a 'java/security/PrivilegedActionException'> (0x000000076ab8a790) thrown at [/build/openjdk-8-aAuh2m/openjdk-8-8u66-b17/src/hotspot/src/share/vm/prims/jvm.cpp, line 1386]
Event: 0,099 Thread 0x00007fd80800a000 Exception <a 'java/security/PrivilegedActionException'> (0x000000076ab8a9a0) thrown at [/build/openjdk-8-aAuh2m/openjdk-8-8u66-b17/src/hotspot/src/share/vm/prims/jvm.cpp, line 1386]
Event: 0,147 Thread 0x00007fd80800a000 Exception <a 'java/lang/NoSuchFieldError': method resolution failed> (0x000000076ac69010) thrown at [/build/openjdk-8-aAuh2m/openjdk-8-8u66-b17/src/hotspot/src/share/vm/prims/methodHandles.cpp, line 1146]
Event: 0,149 Thread 0x00007fd80800a000 Exception <a 'java/lang/NoSuchFieldError': method resolution failed> (0x000000076ac76790) thrown at [/build/openjdk-8-aAuh2m/openjdk-8-8u66-b17/src/hotspot/src/share/vm/prims/methodHandles.cpp, line 1146]
Event: 0,173 Thread 0x00007fd80800a000 Exception <a 'java/io/FileNotFoundException'> (0x000000076acf40e8) thrown at [/build/openjdk-8-aAuh2m/openjdk-8-8u66-b17/src/hotspot/src/share/vm/prims/jni.cpp, line 709]
Event: 0,197 Thread 0x00007fd80800a000 Exception <a 'java/lang/ClassNotFoundException': sun/dc/DuctusRenderingEngine> (0x000000076ad221d8) thrown at [/build/openjdk-8-aAuh2m/openjdk-8-8u66-b17/src/hotspot/src/share/vm/classfile/systemDictionary.cpp, line 210]
Event: 4,881 Thread 0x00007fd7871a0800 Implicit null exception at 0x00007fd7f920aa59 to 0x00007fd7f920ab41
Event: 4,905 Thread 0x00007fd7871a0800 Exception <a 'java/lang/UnsupportedOperationException': > (0x00000007706cd7c8) thrown at [/build/openjdk-8-aAuh2m/openjdk-8-8u66-b17/src/hotspot/src/share/vm/prims/jni.cpp, line 735]
Event: 5,148 Thread 0x00007fd7871a0800 Exception <a 'java/lang/UnsupportedOperationException': > (0x000000076b776ff8) thrown at [/build/openjdk-8-aAuh2m/openjdk-8-8u66-b17/src/hotspot/src/share/vm/prims/jni.cpp, line 735]

Events (10 events):
Event: 8,214 Thread 0x00007fd7871a0800 DEOPT UNPACKING pc=0x00007fd7f9047373 sp=0x00007fd7ac5492a8 mode 0
Event: 8,217 Thread 0x00007fd7871a0800 Uncommon trap: trap_request=0xffffff65 fr.pc=0x00007fd7f931fc38
Event: 8,217 Thread 0x00007fd7871a0800 DEOPT PACKING pc=0x00007fd7f931fc38 sp=0x00007fd7ac549580
Event: 8,217 Thread 0x00007fd7871a0800 DEOPT UNPACKING pc=0x00007fd7f9004f69 sp=0x00007fd7ac549538 mode 2
Event: 8,225 Thread 0x00007fd790001800 Thread added: 0x00007fd790001800
Event: 8,234 Thread 0x00007fd792355000 Thread added: 0x00007fd792355000
Event: 8,234 Thread 0x00007fd790001800 Thread exited: 0x00007fd790001800
Event: 8,234 Thread 0x00007fd792355000 Thread exited: 0x00007fd792355000
Event: 8,235 Thread 0x00007fd780002800 Thread added: 0x00007fd780002800
Event: 8,236 Thread 0x00007fd780002800 Thread exited: 0x00007fd780002800


Dynamic libraries:
00400000-00401000 r-xp 00000000 08:05 1315507                            /usr/lib/jvm/java-8-openjdk-amd64/jre/bin/java
00600000-00601000 r--p 00000000 08:05 1315507                            /usr/lib/jvm/java-8-openjdk-amd64/jre/bin/java
00601000-00602000 rw-p 00001000 08:05 1315507                            /usr/lib/jvm/java-8-openjdk-amd64/jre/bin/java
018d5000-018f6000 rw-p 00000000 00:00 0                                  [heap]
6c0000000-6eab00000 rw-p 00000000 00:00 0 
6eab00000-76ab00000 ---p 00000000 00:00 0 
76ab00000-780000000 rw-p 00000000 00:00 0 
780000000-7c0000000 ---p 00000000 00:00 0 
7c0000000-7c01e0000 rw-p 00000000 00:00 0 
7c01e0000-800000000 ---p 00000000 00:00 0 
7fd774000000-7fd774021000 rw-p 00000000 00:00 0 
7fd774021000-7fd778000000 ---p 00000000 00:00 0 
7fd77a00c000-7fd77baec000 rw-p 00000000 00:00 0 
7fd77baec000-7fd77bafd000 r-xp 00000000 08:05 1316348                    /usr/lib/jvm/java-8-openjdk-amd64/jre/lib/amd64/libnio.so
7fd77bafd000-7fd77bcfd000 ---p 00011000 08:05 1316348                    /usr/lib/jvm/java-8-openjdk-amd64/jre/lib/amd64/libnio.so
7fd77bcfd000-7fd77bcfe000 r--p 00011000 08:05 1316348                    /usr/lib/jvm/java-8-openjdk-amd64/jre/lib/amd64/libnio.so
7fd77bcfe000-7fd77bcff000 rw-p 00012000 08:05 1316348                    /usr/lib/jvm/java-8-openjdk-amd64/jre/lib/amd64/libnio.so
7fd77bcff000-7fd77c000000 rw-p 00000000 00:00 0 
7fd77c000000-7fd77c184000 rw-p 00000000 00:00 0 
7fd77c184000-7fd780000000 ---p 00000000 00:00 0 
7fd780000000-7fd780021000 rw-p 00000000 00:00 0 
7fd780021000-7fd784000000 ---p 00000000 00:00 0 
7fd784000000-7fd7874a6000 rw-p 00000000 00:00 0 
7fd7874a6000-7fd788000000 ---p 00000000 00:00 0 
7fd788018000-7fd78802f000 r-xp 00000000 08:05 1316378                    /usr/lib/jvm/java-8-openjdk-amd64/jre/lib/amd64/libnet.so
7fd78802f000-7fd78822e000 ---p 00017000 08:05 1316378                    /usr/lib/jvm/java-8-openjdk-amd64/jre/lib/amd64/libnet.so
7fd78822e000-7fd78822f000 r--p 00016000 08:05 1316378                    /usr/lib/jvm/java-8-openjdk-amd64/jre/lib/amd64/libnet.so
7fd78822f000-7fd788230000 rw-p 00017000 08:05 1316378                    /usr/lib/jvm/java-8-openjdk-amd64/jre/lib/amd64/libnet.so
7fd788230000-7fd788233000 ---p 00000000 00:00 0 
7fd788233000-7fd790000000 rw-p 00000000 00:00 0                          [stack:29614]
7fd790000000-7fd793237000 rw-p 00000000 00:00 0 
7fd793237000-7fd794000000 ---p 00000000 00:00 0 
7fd794000000-7fd7971d6000 rw-p 00000000 00:00 0 
7fd7971d6000-7fd798000000 ---p 00000000 00:00 0 
7fd798000000-7fd798021000 rw-p 00000000 00:00 0 
7fd798021000-7fd79c000000 ---p 00000000 00:00 0 
7fd79c000000-7fd79c021000 rw-p 00000000 00:00 0 
7fd79c021000-7fd7a0000000 ---p 00000000 00:00 0 
7fd7a004e000-7fd7a024e000 rw-p 00000000 00:00 0 
7fd7a024e000-7fd7a0251000 ---p 00000000 00:00 0 
7fd7a0251000-7fd7a0a4f000 rw-p 00000000 00:00 0                          [stack:29603]
7fd7a0a7b000-7fd7a0ba7000 rw-s 00000000 00:05 6160405                    /SYSV00000000 (deleted)
7fd7a0ba7000-7fd7a0baa000 ---p 00000000 00:00 0 
7fd7a0baa000-7fd7a11b5000 rw-p 00000000 00:00 0 
7fd7a11b5000-7fd7a167f000 r-xp 00000000 08:05 1722061                    /usr/local/lib/libNiTE2.so
7fd7a167f000-7fd7a187f000 ---p 004ca000 08:05 1722061                    /usr/local/lib/libNiTE2.so
7fd7a187f000-7fd7a188b000 r--p 004ca000 08:05 1722061                    /usr/local/lib/libNiTE2.so
7fd7a188b000-7fd7a188d000 rw-p 004d6000 08:05 1722061                    /usr/local/lib/libNiTE2.so
7fd7a188d000-7fd7a1895000 rw-p 00000000 00:00 0 
7fd7a1895000-7fd7a189c000 r-xp 00000000 08:05 2628674                    /home/matheus/workspace/libLibras/path/NiTE/libNiTE2.jni.so
7fd7a189c000-7fd7a1a9b000 ---p 00007000 08:05 2628674                    /home/matheus/workspace/libLibras/path/NiTE/libNiTE2.jni.so
7fd7a1a9b000-7fd7a1a9c000 r--p 00006000 08:05 2628674                    /home/matheus/workspace/libLibras/path/NiTE/libNiTE2.jni.so
7fd7a1a9c000-7fd7a1a9d000 rw-p 00007000 08:05 2628674                    /home/matheus/workspace/libLibras/path/NiTE/libNiTE2.jni.so
7fd7a1a9d000-7fd7a1af5000 r-xp 00000000 08:05 2239998                    /usr/local/lib/OpenNI2/Drivers/libOpenNI2.so
7fd7a1af5000-7fd7a1cf5000 ---p 00058000 08:05 2239998                    /usr/local/lib/OpenNI2/Drivers/libOpenNI2.so
7fd7a1cf5000-7fd7a1cf7000 r--p 00058000 08:05 2239998                    /usr/local/lib/OpenNI2/Drivers/libOpenNI2.so
7fd7a1cf7000-7fd7a1cf8000 rw-p 0005a000 08:05 2239998                    /usr/local/lib/OpenNI2/Drivers/libOpenNI2.so
7fd7a1cf8000-7fd7a1d19000 rw-p 00000000 00:00 0 
7fd7a1d19000-7fd7a1d1c000 r-xp 00000000 08:05 2239989                    /usr/local/lib/OpenNI2/Drivers/libMWClosestPoint.so
7fd7a1d1c000-7fd7a1f1b000 ---p 00003000 08:05 2239989                    /usr/local/lib/OpenNI2/Drivers/libMWClosestPoint.so
7fd7a1f1b000-7fd7a1f1c000 r--p 00002000 08:05 2239989                    /usr/local/lib/OpenNI2/Drivers/libMWClosestPoint.so
7fd7a1f1c000-7fd7a1f1d000 rw-p 00003000 08:05 2239989                    /usr/local/lib/OpenNI2/Drivers/libMWClosestPoint.so
7fd7a1f1d000-7fd7a1f1e000 ---p 00000000 00:00 0 
7fd7a1f1e000-7fd7a271e000 rw-p 00000000 00:00 0                          [stack:29602]
7fd7a271e000-7fd7a271f000 ---p 00000000 00:00 0 
7fd7a271f000-7fd7a2f1f000 rw-p 00000000 00:00 0                          [stack:29601]
7fd7a2f1f000-7fd7a2f36000 r-xp 00000000 08:05 5378114                    /lib/x86_64-linux-gnu/libusb-1.0.so.0.1.0
7fd7a2f36000-7fd7a3135000 ---p 00017000 08:05 5378114                    /lib/x86_64-linux-gnu/libusb-1.0.so.0.1.0
7fd7a3135000-7fd7a3136000 r--p 00016000 08:05 5378114                    /lib/x86_64-linux-gnu/libusb-1.0.so.0.1.0
7fd7a3136000-7fd7a3137000 rw-p 00017000 08:05 5378114                    /lib/x86_64-linux-gnu/libusb-1.0.so.0.1.0
7fd7a3137000-7fd7a3177000 r-xp 00000000 08:05 2233908                    /usr/local/lib/OpenNI2/Drivers/libFreenectDriver.so
7fd7a3177000-7fd7a3377000 ---p 00040000 08:05 2233908                    /usr/local/lib/OpenNI2/Drivers/libFreenectDriver.so
7fd7a3377000-7fd7a3378000 r--p 00040000 08:05 2233908                    /usr/local/lib/OpenNI2/Drivers/libFreenectDriver.so
7fd7a3378000-7fd7a337a000 rw-p 00041000 08:05 2233908                    /usr/local/lib/OpenNI2/Drivers/libFreenectDriver.so
7fd7a337a000-7fd7a33d2000 r-xp 00000000 08:05 1718583                    /usr/local/lib/libOpenNI2.so
7fd7a33d2000-7fd7a35d2000 ---p 00058000 08:05 1718583                    /usr/local/lib/libOpenNI2.so
7fd7a35d2000-7fd7a35d4000 r--p 00058000 08:05 1718583                    /usr/local/lib/libOpenNI2.so
7fd7a35d4000-7fd7a35d5000 rw-p 0005a000 08:05 1718583                    /usr/local/lib/libOpenNI2.so
7fd7a35d5000-7fd7a35f6000 rw-p 00000000 00:00 0 
7fd7a35f6000-7fd7a35fe000 r-xp 00000000 08:05 2359847                    /home/matheus/workspace/libLibras/path/OpenNI/libOpenNI2.jni.so
7fd7a35fe000-7fd7a37fd000 ---p 00008000 08:05 2359847                    /home/matheus/workspace/libLibras/path/OpenNI/libOpenNI2.jni.so
7fd7a37fd000-7fd7a37fe000 r--p 00007000 08:05 2359847                    /home/matheus/workspace/libLibras/path/OpenNI/libOpenNI2.jni.so
7fd7a37fe000-7fd7a37ff000 rw-p 00008000 08:05 2359847                    /home/matheus/workspace/libLibras/path/OpenNI/libOpenNI2.jni.so
7fd7a37ff000-7fd7a3802000 ---p 00000000 00:00 0 
7fd7a3802000-7fd7a4000000 rw-p 00000000 00:00 0                          [stack:29599]
7fd7a4000000-7fd7a4021000 rw-p 00000000 00:00 0 
7fd7a4021000-7fd7a8000000 ---p 00000000 00:00 0 
7fd7a8000000-7fd7a8021000 rw-p 00000000 00:00 0 
7fd7a8021000-7fd7ac000000 ---p 00000000 00:00 0 
7fd7ac04a000-7fd7ac24a000 rw-p 00000000 00:00 0 
7fd7ac24a000-7fd7ac24d000 ---p 00000000 00:00 0 
7fd7ac24d000-7fd7ac34b000 rw-p 00000000 00:00 0                          [stack:29615]
7fd7ac34b000-7fd7ac34e000 ---p 00000000 00:00 0 
7fd7ac34e000-7fd7ac44c000 rw-p 00000000 00:00 0                          [stack:29598]
7fd7ac44c000-7fd7ac44f000 ---p 00000000 00:00 0 
7fd7ac44f000-7fd7ac54d000 rw-p 00000000 00:00 0                          [stack:29616]
7fd7ac54d000-7fd7ac570000 r-xp 00000000 08:05 1311175                    /usr/lib/x86_64-linux-gnu/libgraphite2.so.3.0.1
7fd7ac570000-7fd7ac76f000 ---p 00023000 08:05 1311175                    /usr/lib/x86_64-linux-gnu/libgraphite2.so.3.0.1
7fd7ac76f000-7fd7ac771000 r--p 00022000 08:05 1311175                    /usr/lib/x86_64-linux-gnu/libgraphite2.so.3.0.1
7fd7ac771000-7fd7ac772000 rw-p 00024000 08:05 1311175                    /usr/lib/x86_64-linux-gnu/libgraphite2.so.3.0.1
7fd7ac772000-7fd7ac784000 r-xp 00000000 08:05 5378228                    /lib/x86_64-linux-gnu/libgpg-error.so.0.15.0
7fd7ac784000-7fd7ac983000 ---p 00012000 08:05 5378228                    /lib/x86_64-linux-gnu/libgpg-error.so.0.15.0
7fd7ac983000-7fd7ac984000 r--p 00011000 08:05 5378228                    /lib/x86_64-linux-gnu/libgpg-error.so.0.15.0
7fd7ac984000-7fd7ac985000 rw-p 00012000 08:05 5378228                    /lib/x86_64-linux-gnu/libgpg-error.so.0.15.0
7fd7ac985000-7fd7ac98b000 r-xp 00000000 08:05 1317954                    /usr/lib/x86_64-linux-gnu/libdatrie.so.1.3.2
7fd7ac98b000-7fd7acb8a000 ---p 00006000 08:05 1317954                    /usr/lib/x86_64-linux-gnu/libdatrie.so.1.3.2
7fd7acb8a000-7fd7acb8b000 r--p 00005000 08:05 1317954                    /usr/lib/x86_64-linux-gnu/libdatrie.so.1.3.2
7fd7acb8b000-7fd7acb8c000 rw-p 00006000 08:05 1317954                    /usr/lib/x86_64-linux-gnu/libdatrie.so.1.3.2
7fd7acb8c000-7fd7acbe8000 r-xp 00000000 08:05 1313843                    /usr/lib/x86_64-linux-gnu/libharfbuzz.so.0.10000.1
7fd7acbe8000-7fd7acde8000 ---p 0005c000 08:05 1313843                    /usr/lib/x86_64-linux-gnu/libharfbuzz.so.0.10000.1
7fd7acde8000-7fd7acde9000 r--p 0005c000 08:05 1313843                    /usr/lib/x86_64-linux-gnu/libharfbuzz.so.0.10000.1
7fd7acde9000-7fd7acdea000 rw-p 0005d000 08:05 1313843                    /usr/lib/x86_64-linux-gnu/libharfbuzz.so.0.10000.1
7fd7acdea000-7fd7acec2000 r-xp 00000000 08:05 5374042                    /lib/x86_64-linux-gnu/libgcrypt.so.20.0.3
7fd7acec2000-7fd7ad0c2000 ---p 000d8000 08:05 5374042                    /lib/x86_64-linux-gnu/libgcrypt.so.20.0.3
7fd7ad0c2000-7fd7ad0c3000 r--p 000d8000 08:05 5374042                    /lib/x86_64-linux-gnu/libgcrypt.so.20.0.3
7fd7ad0c3000-7fd7ad0cb000 rw-p 000d9000 08:05 5374042                    /lib/x86_64-linux-gnu/libgcrypt.so.20.0.3
7fd7ad0cb000-7fd7ad0cc000 rw-p 00000000 00:00 0 
7fd7ad0cc000-7fd7ad0ed000 r-xp 00000000 08:05 5378213                    /lib/x86_64-linux-gnu/liblzma.so.5.0.0
7fd7ad0ed000-7fd7ad2ec000 ---p 00021000 08:05 5378213                    /lib/x86_64-linux-gnu/liblzma.so.5.0.0
7fd7ad2ec000-7fd7ad2ed000 r--p 00020000 08:05 5378213                    /lib/x86_64-linux-gnu/liblzma.so.5.0.0
7fd7ad2ed000-7fd7ad2ee000 rw-p 00021000 08:05 5378213                    /lib/x86_64-linux-gnu/liblzma.so.5.0.0
7fd7ad2ee000-7fd7ad2f6000 r-xp 00000000 08:05 1324371                    /usr/lib/x86_64-linux-gnu/libxcb-render.so.0.0.0
7fd7ad2f6000-7fd7ad4f6000 ---p 00008000 08:05 1324371                    /usr/lib/x86_64-linux-gnu/libxcb-render.so.0.0.0
7fd7ad4f6000-7fd7ad4f7000 r--p 00008000 08:05 1324371                    /usr/lib/x86_64-linux-gnu/libxcb-render.so.0.0.0
7fd7ad4f7000-7fd7ad4f8000 rw-p 00009000 08:05 1324371                    /usr/lib/x86_64-linux-gnu/libxcb-render.so.0.0.0
7fd7ad4f8000-7fd7ad4fa000 r-xp 00000000 08:05 1324374                    /usr/lib/x86_64-linux-gnu/libxcb-shm.so.0.0.0
7fd7ad4fa000-7fd7ad6fa000 ---p 00002000 08:05 1324374                    /usr/lib/x86_64-linux-gnu/libxcb-shm.so.0.0.0
7fd7ad6fa000-7fd7ad6fb000 r--p 00002000 08:05 1324374                    /usr/lib/x86_64-linux-gnu/libxcb-shm.so.0.0.0
7fd7ad6fb000-7fd7ad6fc000 rw-p 00003000 08:05 1324374                    /usr/lib/x86_64-linux-gnu/libxcb-shm.so.0.0.0
7fd7ad6fc000-7fd7ad7a1000 r-xp 00000000 08:05 1313745                    /usr/lib/x86_64-linux-gnu/libpixman-1.so.0.32.6
7fd7ad7a1000-7fd7ad9a0000 ---p 000a5000 08:05 1313745                    /usr/lib/x86_64-linux-gnu/libpixman-1.so.0.32.6
7fd7ad9a0000-7fd7ad9a8000 r--p 000a4000 08:05 1313745                    /usr/lib/x86_64-linux-gnu/libpixman-1.so.0.32.6
7fd7ad9a8000-7fd7ad9a9000 rw-p 000ac000 08:05 1313745                    /usr/lib/x86_64-linux-gnu/libpixman-1.so.0.32.6
7fd7ad9a9000-7fd7ad9cf000 r-xp 00000000 08:05 5374002                    /lib/x86_64-linux-gnu/libexpat.so.1.6.0
7fd7ad9cf000-7fd7adbcf000 ---p 00026000 08:05 5374002                    /lib/x86_64-linux-gnu/libexpat.so.1.6.0
7fd7adbcf000-7fd7adbd1000 r--p 00026000 08:05 5374002                    /lib/x86_64-linux-gnu/libexpat.so.1.6.0
7fd7adbd1000-7fd7adbd2000 rw-p 00028000 08:05 5374002                    /lib/x86_64-linux-gnu/libexpat.so.1.6.0
7fd7adbd2000-7fd7adbe9000 r-xp 00000000 08:05 5376666                    /lib/x86_64-linux-gnu/libresolv-2.21.so
7fd7adbe9000-7fd7adde9000 ---p 00017000 08:05 5376666                    /lib/x86_64-linux-gnu/libresolv-2.21.so
7fd7adde9000-7fd7addea000 r--p 00017000 08:05 5376666                    /lib/x86_64-linux-gnu/libresolv-2.21.so
7fd7addea000-7fd7addeb000 rw-p 00018000 08:05 5376666                    /lib/x86_64-linux-gnu/libresolv-2.21.so
7fd7addeb000-7fd7added000 rw-p 00000000 00:00 0 
7fd7added000-7fd7ade0e000 r-xp 00000000 08:05 5374056                    /lib/x86_64-linux-gnu/libselinux.so.1
7fd7ade0e000-7fd7ae00d000 ---p 00021000 08:05 5374056                    /lib/x86_64-linux-gnu/libselinux.so.1
7fd7ae00d000-7fd7ae00e000 r--p 00020000 08:05 5374056                    /lib/x86_64-linux-gnu/libselinux.so.1
7fd7ae00e000-7fd7ae00f000 rw-p 00021000 08:05 5374056                    /lib/x86_64-linux-gnu/libselinux.so.1
7fd7ae00f000-7fd7ae011000 rw-p 00000000 00:00 0 
7fd7ae011000-7fd7ae019000 r-xp 00000000 08:05 1311101                    /usr/lib/x86_64-linux-gnu/libthai.so.0.2.2
7fd7ae019000-7fd7ae218000 ---p 00008000 08:05 1311101                    /usr/lib/x86_64-linux-gnu/libthai.so.0.2.2
7fd7ae218000-7fd7ae219000 r--p 00007000 08:05 1311101                    /usr/lib/x86_64-linux-gnu/libthai.so.0.2.2
7fd7ae219000-7fd7ae21a000 rw-p 00008000 08:05 1311101                    /usr/lib/x86_64-linux-gnu/libthai.so.0.2.2
7fd7ae21a000-7fd7ae21d000 r-xp 00000000 08:05 1313114                    /usr/lib/x86_64-linux-gnu/libgmodule-2.0.so.0.4600.2
7fd7ae21d000-7fd7ae41c000 ---p 00003000 08:05 1313114                    /usr/lib/x86_64-linux-gnu/libgmodule-2.0.so.0.4600.2
7fd7ae41c000-7fd7ae41d000 r--p 00002000 08:05 1313114                    /usr/lib/x86_64-linux-gnu/libgmodule-2.0.so.0.4600.2
7fd7ae41d000-7fd7ae41e000 rw-p 00003000 08:05 1313114                    /usr/lib/x86_64-linux-gnu/libgmodule-2.0.so.0.4600.2
7fd7ae41e000-7fd7ae432000 r-xp 00000000 08:05 1311347                    /usr/lib/x86_64-linux-gnu/libpangoft2-1.0.so.0.3600.8
7fd7ae432000-7fd7ae632000 ---p 00014000 08:05 1311347                    /usr/lib/x86_64-linux-gnu/libpangoft2-1.0.so.0.3600.8
7fd7ae632000-7fd7ae633000 r--p 00014000 08:05 1311347                    /usr/lib/x86_64-linux-gnu/libpangoft2-1.0.so.0.3600.8
7fd7ae633000-7fd7ae634000 rw-p 00015000 08:05 1311347                    /usr/lib/x86_64-linux-gnu/libpangoft2-1.0.so.0.3600.8
7fd7ae634000-7fd7ae6a0000 r-xp 00000000 08:05 5375027                    /lib/x86_64-linux-gnu/libpcre.so.3.13.1
7fd7ae6a0000-7fd7ae8a0000 ---p 0006c000 08:05 5375027                    /lib/x86_64-linux-gnu/libpcre.so.3.13.1
7fd7ae8a0000-7fd7ae8a1000 r--p 0006c000 08:05 5375027                    /lib/x86_64-linux-gnu/libpcre.so.3.13.1
7fd7ae8a1000-7fd7ae8a2000 rw-p 0006d000 08:05 5375027                    /lib/x86_64-linux-gnu/libpcre.so.3.13.1
7fd7ae8a2000-7fd7ae8a9000 r-xp 00000000 08:05 1311734                    /usr/lib/x86_64-linux-gnu/libffi.so.6.0.4
7fd7ae8a9000-7fd7aeaa8000 ---p 00007000 08:05 1311734                    /usr/lib/x86_64-linux-gnu/libffi.so.6.0.4
7fd7aeaa8000-7fd7aeaa9000 r--p 00006000 08:05 1311734                    /usr/lib/x86_64-linux-gnu/libffi.so.6.0.4
7fd7aeaa9000-7fd7aeaaa000 rw-p 00007000 08:05 1311734                    /usr/lib/x86_64-linux-gnu/libffi.so.6.0.4
7fd7aeaaa000-7fd7aebb8000 r-xp 00000000 08:05 1320441                    /usr/lib/x86_64-linux-gnu/libcairo.so.2.11400.2
7fd7aebb8000-7fd7aedb7000 ---p 0010e000 08:05 1320441                    /usr/lib/x86_64-linux-gnu/libcairo.so.2.11400.2
7fd7aedb7000-7fd7aedba000 r--p 0010d000 08:05 1320441                    /usr/lib/x86_64-linux-gnu/libcairo.so.2.11400.2
7fd7aedba000-7fd7aedbb000 rw-p 00110000 08:05 1320441                    /usr/lib/x86_64-linux-gnu/libcairo.so.2.11400.2
7fd7aedbb000-7fd7aedbd000 rw-p 00000000 00:00 0 
7fd7aedbd000-7fd7aedbf000 r-xp 00000000 08:05 1319341                    /usr/lib/x86_64-linux-gnu/libXdamage.so.1.1.0
7fd7aedbf000-7fd7aefbe000 ---p 00002000 08:05 1319341                    /usr/lib/x86_64-linux-gnu/libXdamage.so.1.1.0
7fd7aefbe000-7fd7aefbf000 r--p 00001000 08:05 1319341                    /usr/lib/x86_64-linux-gnu/libXdamage.so.1.1.0
7fd7aefbf000-7fd7aefc0000 rw-p 00002000 08:05 1319341                    /usr/lib/x86_64-linux-gnu/libXdamage.so.1.1.0
7fd7aefc0000-7fd7aefc2000 r-xp 00000000 08:05 1319337                    /usr/lib/x86_64-linux-gnu/libXcomposite.so.1.0.0
7fd7aefc2000-7fd7af1c1000 ---p 00002000 08:05 1319337                    /usr/lib/x86_64-linux-gnu/libXcomposite.so.1.0.0
7fd7af1c1000-7fd7af1c2000 r--p 00001000 08:05 1319337                    /usr/lib/x86_64-linux-gnu/libXcomposite.so.1.0.0
7fd7af1c2000-7fd7af1c3000 rw-p 00002000 08:05 1319337                    /usr/lib/x86_64-linux-gnu/libXcomposite.so.1.0.0
7fd7af1c3000-7fd7af1cd000 r-xp 00000000 08:05 1322375                    /usr/lib/x86_64-linux-gnu/libXrandr.so.2.2.0
7fd7af1cd000-7fd7af3cc000 ---p 0000a000 08:05 1322375                    /usr/lib/x86_64-linux-gnu/libXrandr.so.2.2.0
7fd7af3cc000-7fd7af3cd000 r--p 00009000 08:05 1322375                    /usr/lib/x86_64-linux-gnu/libXrandr.so.2.2.0
7fd7af3cd000-7fd7af3ce000 rw-p 0000a000 08:05 1322375                    /usr/lib/x86_64-linux-gnu/libXrandr.so.2.2.0
7fd7af3ce000-7fd7af3d0000 r-xp 00000000 08:05 1319355                    /usr/lib/x86_64-linux-gnu/libXinerama.so.1.0.0
7fd7af3d0000-7fd7af5cf000 ---p 00002000 08:05 1319355                    /usr/lib/x86_64-linux-gnu/libXinerama.so.1.0.0
7fd7af5cf000-7fd7af5d0000 r--p 00001000 08:05 1319355                    /usr/lib/x86_64-linux-gnu/libXinerama.so.1.0.0
7fd7af5d0000-7fd7af5d1000 rw-p 00002000 08:05 1319355                    /usr/lib/x86_64-linux-gnu/libXinerama.so.1.0.0
7fd7af5d1000-7fd7af60d000 r-xp 00000000 08:05 1310757                    /usr/lib/x86_64-linux-gnu/libfontconfig.so.1.8.0
7fd7af60d000-7fd7af80c000 ---p 0003c000 08:05 1310757                    /usr/lib/x86_64-linux-gnu/libfontconfig.so.1.8.0
7fd7af80c000-7fd7af80e000 r--p 0003b000 08:05 1310757                    /usr/lib/x86_64-linux-gnu/libfontconfig.so.1.8.0
7fd7af80e000-7fd7af80f000 rw-p 0003d000 08:05 1310757                    /usr/lib/x86_64-linux-gnu/libfontconfig.so.1.8.0
7fd7af80f000-7fd7af989000 r-xp 00000000 08:05 1313108                    /usr/lib/x86_64-linux-gnu/libgio-2.0.so.0.4600.2
7fd7af989000-7fd7afb88000 ---p 0017a000 08:05 1313108                    /usr/lib/x86_64-linux-gnu/libgio-2.0.so.0.4600.2
7fd7afb88000-7fd7afb8c000 r--p 00179000 08:05 1313108                    /usr/lib/x86_64-linux-gnu/libgio-2.0.so.0.4600.2
7fd7afb8c000-7fd7afb8e000 rw-p 0017d000 08:05 1313108                    /usr/lib/x86_64-linux-gnu/libgio-2.0.so.0.4600.2
7fd7afb8e000-7fd7afb90000 rw-p 00000000 00:00 0 
7fd7afb90000-7fd7afbb1000 r-xp 00000000 08:05 1313995                    /usr/lib/x86_64-linux-gnu/libgdk_pixbuf-2.0.so.0.3200.1
7fd7afbb1000-7fd7afdb0000 ---p 00021000 08:05 1313995                    /usr/lib/x86_64-linux-gnu/libgdk_pixbuf-2.0.so.0.3200.1
7fd7afdb0000-7fd7afdb1000 r--p 00020000 08:05 1313995                    /usr/lib/x86_64-linux-gnu/libgdk_pixbuf-2.0.so.0.3200.1
7fd7afdb1000-7fd7afdb2000 rw-p 00021000 08:05 1313995                    /usr/lib/x86_64-linux-gnu/libgdk_pixbuf-2.0.so.0.3200.1
7fd7afdb2000-7fd7afdfd000 r-xp 00000000 08:05 1311391                    /usr/lib/x86_64-linux-gnu/libpango-1.0.so.0.3600.8
7fd7afdfd000-7fd7afffd000 ---p 0004b000 08:05 1311391                    /usr/lib/x86_64-linux-gnu/libpango-1.0.so.0.3600.8
7fd7afffd000-7fd7affff000 r--p 0004b000 08:05 1311391                    /usr/lib/x86_64-linux-gnu/libpango-1.0.so.0.3600.8
7fd7affff000-7fd7b0000000 rw-p 0004d000 08:05 1311391                    /usr/lib/x86_64-linux-gnu/libpango-1.0.so.0.3600.8
7fd7b0000000-7fd7b0021000 rw-p 00000000 00:00 0 
7fd7b0021000-7fd7b4000000 ---p 00000000 00:00 0 
7fd7b4000000-7fd7b4021000 rw-p 00000000 00:00 0 
7fd7b4021000-7fd7b8000000 ---p 00000000 00:00 0 
7fd7b8000000-7fd7b8021000 rw-p 00000000 00:00 0 
7fd7b8021000-7fd7bc000000 ---p 00000000 00:00 0 
7fd7bc000000-7fd7bc021000 rw-p 00000000 00:00 0 
7fd7bc021000-7fd7c0000000 ---p 00000000 00:00 0 
7fd7c0000000-7fd7c0115000 rw-p 00000000 00:00 0 
7fd7c0115000-7fd7c4000000 ---p 00000000 00:00 0 
7fd7c4000000-7fd7c42ab000 rw-p 00000000 00:00 0 
7fd7c42ab000-7fd7c8000000 ---p 00000000 00:00 0 
7fd7c8000000-7fd7c80fe000 rw-p 00000000 00:00 0 
7fd7c80fe000-7fd7cc000000 ---p 00000000 00:00 0 
7fd7cc063000-7fd7cc092000 rw-p 00000000 00:00 0 
7fd7cc092000-7fd7cc0af000 r-xp 00000000 08:05 5373957                    /lib/x86_64-linux-gnu/libudev.so.1.6.4
7fd7cc0af000-7fd7cc0b0000 r--p 0001c000 08:05 5373957                    /lib/x86_64-linux-gnu/libudev.so.1.6.4
7fd7cc0b0000-7fd7cc0b1000 rw-p 0001d000 08:05 5373957                    /lib/x86_64-linux-gnu/libudev.so.1.6.4
7fd7cc0b1000-7fd7cc12e000 r-xp 00000000 08:05 5377914                    /lib/x86_64-linux-gnu/libsystemd.so.0.10.2
7fd7cc12e000-7fd7cc131000 r--p 0007c000 08:05 5377914                    /lib/x86_64-linux-gnu/libsystemd.so.0.10.2
7fd7cc131000-7fd7cc132000 rw-p 0007f000 08:05 5377914                    /lib/x86_64-linux-gnu/libsystemd.so.0.10.2
7fd7cc132000-7fd7cc13e000 r-xp 00000000 08:05 1311119                    /usr/lib/x86_64-linux-gnu/libpangocairo-1.0.so.0.3600.8
7fd7cc13e000-7fd7cc33d000 ---p 0000c000 08:05 1311119                    /usr/lib/x86_64-linux-gnu/libpangocairo-1.0.so.0.3600.8
7fd7cc33d000-7fd7cc33e000 r--p 0000b000 08:05 1311119                    /usr/lib/x86_64-linux-gnu/libpangocairo-1.0.so.0.3600.8
7fd7cc33e000-7fd7cc33f000 rw-p 0000c000 08:05 1311119                    /usr/lib/x86_64-linux-gnu/libpangocairo-1.0.so.0.3600.8
7fd7cc33f000-7fd7cc389000 r-xp 00000000 08:05 5378102                    /lib/x86_64-linux-gnu/libdbus-1.so.3.14.3
7fd7cc389000-7fd7cc589000 ---p 0004a000 08:05 5378102                    /lib/x86_64-linux-gnu/libdbus-1.so.3.14.3
7fd7cc589000-7fd7cc58a000 r--p 0004a000 08:05 5378102                    /lib/x86_64-linux-gnu/libdbus-1.so.3.14.3
7fd7cc58a000-7fd7cc58b000 rw-p 0004b000 08:05 5378102                    /lib/x86_64-linux-gnu/libdbus-1.so.3.14.3
7fd7cc58b000-7fd7cc5b7000 r-xp 00000000 08:05 1318497                    /usr/lib/x86_64-linux-gnu/libatspi.so.0.0.1
7fd7cc5b7000-7fd7cc7b7000 ---p 0002c000 08:05 1318497                    /usr/lib/x86_64-linux-gnu/libatspi.so.0.0.1
7fd7cc7b7000-7fd7cc7bb000 r--p 0002c000 08:05 1318497                    /usr/lib/x86_64-linux-gnu/libatspi.so.0.0.1
7fd7cc7bb000-7fd7cc7bc000 rw-p 00030000 08:05 1318497                    /usr/lib/x86_64-linux-gnu/libatspi.so.0.0.1
7fd7cc7bc000-7fd7cc8c9000 r-xp 00000000 08:05 5375973                    /lib/x86_64-linux-gnu/libglib-2.0.so.0.4600.2
7fd7cc8c9000-7fd7ccac8000 ---p 0010d000 08:05 5375973                    /lib/x86_64-linux-gnu/libglib-2.0.so.0.4600.2
7fd7ccac8000-7fd7ccac9000 r--p 0010c000 08:05 5375973                    /lib/x86_64-linux-gnu/libglib-2.0.so.0.4600.2
7fd7ccac9000-7fd7ccaca000 rw-p 0010d000 08:05 5375973                    /lib/x86_64-linux-gnu/libglib-2.0.so.0.4600.2
7fd7ccaca000-7fd7ccacb000 rw-p 00000000 00:00 0 
7fd7ccacb000-7fd7ccb1d000 r-xp 00000000 08:05 1313118                    /usr/lib/x86_64-linux-gnu/libgobject-2.0.so.0.4600.2
7fd7ccb1d000-7fd7ccd1c000 ---p 00052000 08:05 1313118                    /usr/lib/x86_64-linux-gnu/libgobject-2.0.so.0.4600.2
7fd7ccd1c000-7fd7ccd1d000 r--p 00051000 08:05 1313118                    /usr/lib/x86_64-linux-gnu/libgobject-2.0.so.0.4600.2
7fd7ccd1d000-7fd7ccd1e000 rw-p 00052000 08:05 1313118                    /usr/lib/x86_64-linux-gnu/libgobject-2.0.so.0.4600.2
7fd7ccd1e000-7fd7ccdce000 r-xp 00000000 08:05 1313152                    /usr/lib/x86_64-linux-gnu/libgdk-x11-2.0.so.0.2400.28
7fd7ccdce000-7fd7ccfcd000 ---p 000b0000 08:05 1313152                    /usr/lib/x86_64-linux-gnu/libgdk-x11-2.0.so.0.2400.28
7fd7ccfcd000-7fd7ccfd1000 r--p 000af000 08:05 1313152                    /usr/lib/x86_64-linux-gnu/libgdk-x11-2.0.so.0.2400.28
7fd7ccfd1000-7fd7ccfd3000 rw-p 000b3000 08:05 1313152                    /usr/lib/x86_64-linux-gnu/libgdk-x11-2.0.so.0.2400.28
7fd7ccfd3000-7fd7ccfff000 r-xp 00000000 08:05 1316922                    /usr/lib/x86_64-linux-gnu/libatk-bridge-2.0.so.0.0.0
7fd7ccfff000-7fd7cd1ff000 ---p 0002c000 08:05 1316922                    /usr/lib/x86_64-linux-gnu/libatk-bridge-2.0.so.0.0.0
7fd7cd1ff000-7fd7cd200000 r--p 0002c000 08:05 1316922                    /usr/lib/x86_64-linux-gnu/libatk-bridge-2.0.so.0.0.0
7fd7cd200000-7fd7cd202000 rw-p 0002d000 08:05 1316922                    /usr/lib/x86_64-linux-gnu/libatk-bridge-2.0.so.0.0.0
7fd7cd202000-7fd7cd224000 r-xp 00000000 08:05 1320430                    /usr/lib/x86_64-linux-gnu/libatk-1.0.so.0.21609.1
7fd7cd224000-7fd7cd423000 ---p 00022000 08:05 1320430                    /usr/lib/x86_64-linux-gnu/libatk-1.0.so.0.21609.1
7fd7cd423000-7fd7cd426000 r--p 00021000 08:05 1320430                    /usr/lib/x86_64-linux-gnu/libatk-1.0.so.0.21609.1
7fd7cd426000-7fd7cd427000 rw-p 00024000 08:05 1320430                    /usr/lib/x86_64-linux-gnu/libatk-1.0.so.0.21609.1
7fd7cd427000-7fd7cd43d000 r-xp 00000000 08:05 1315485                    /usr/lib/x86_64-linux-gnu/jni/libatk-wrapper.so.6.0.0
7fd7cd43d000-7fd7cd63d000 ---p 00016000 08:05 1315485                    /usr/lib/x86_64-linux-gnu/jni/libatk-wrapper.so.6.0.0
7fd7cd63d000-7fd7cd63e000 r--p 00016000 08:05 1315485                    /usr/lib/x86_64-linux-gnu/jni/libatk-wrapper.so.6.0.0
7fd7cd63e000-7fd7cd63f000 rw-p 00017000 08:05 1315485                    /usr/lib/x86_64-linux-gnu/jni/libatk-wrapper.so.6.0.0
7fd7cd63f000-7fd7cd642000 ---p 00000000 00:00 0 
7fd7cd642000-7fd7cd678000 rw-p 00000000 00:00 0                          [stack:29596]
7fd7cd678000-7fd7cd67b000 ---p 00000000 00:00 0 
7fd7cd67b000-7fd7cd779000 rw-p 00000000 00:00 0                          [stack:29594]
7fd7cd779000-7fd7cd77e000 r-xp 00000000 08:05 1319347                    /usr/lib/x86_64-linux-gnu/libXfixes.so.3.1.0
7fd7cd77e000-7fd7cd97d000 ---p 00005000 08:05 1319347                    /usr/lib/x86_64-linux-gnu/libXfixes.so.3.1.0
7fd7cd97d000-7fd7cd97e000 r--p 00004000 08:05 1319347                    /usr/lib/x86_64-linux-gnu/libXfixes.so.3.1.0
7fd7cd97e000-7fd7cd97f000 rw-p 00005000 08:05 1319347                    /usr/lib/x86_64-linux-gnu/libXfixes.so.3.1.0
7fd7cd97f000-7fd7cd988000 r-xp 00000000 08:05 1319339                    /usr/lib/x86_64-linux-gnu/libXcursor.so.1.0.2
7fd7cd988000-7fd7cdb87000 ---p 00009000 08:05 1319339                    /usr/lib/x86_64-linux-gnu/libXcursor.so.1.0.2
7fd7cdb87000-7fd7cdb88000 r--p 00008000 08:05 1319339                    /usr/lib/x86_64-linux-gnu/libXcursor.so.1.0.2
7fd7cdb88000-7fd7cdb89000 rw-p 00009000 08:05 1319339                    /usr/lib/x86_64-linux-gnu/libXcursor.so.1.0.2
7fd7cdb89000-7fd7cdb8c000 ---p 00000000 00:00 0 
7fd7cdb8c000-7fd7cdc8a000 rw-p 00000000 00:00 0                          [stack:29593]
7fd7cdc8a000-7fd7cdcaf000 r-xp 00000000 08:05 5373979                    /lib/x86_64-linux-gnu/libpng12.so.0.51.0
7fd7cdcaf000-7fd7cdeae000 ---p 00025000 08:05 5373979                    /lib/x86_64-linux-gnu/libpng12.so.0.51.0
7fd7cdeae000-7fd7cdeaf000 r--p 00024000 08:05 5373979                    /lib/x86_64-linux-gnu/libpng12.so.0.51.0
7fd7cdeaf000-7fd7cdeb0000 rw-p 00025000 08:05 5373979                    /lib/x86_64-linux-gnu/libpng12.so.0.51.0
7fd7cdeb0000-7fd7cdf50000 r-xp 00000000 08:05 1328925                    /usr/lib/x86_64-linux-gnu/libfreetype.so.6.11.1
7fd7cdf50000-7fd7ce14f000 ---p 000a0000 08:05 1328925                    /usr/lib/x86_64-linux-gnu/libfreetype.so.6.11.1
7fd7ce14f000-7fd7ce155000 r--p 0009f000 08:05 1328925                    /usr/lib/x86_64-linux-gnu/libfreetype.so.6.11.1
7fd7ce155000-7fd7ce156000 rw-p 000a5000 08:05 1328925                    /usr/lib/x86_64-linux-gnu/libfreetype.so.6.11.1
7fd7ce171000-7fd7ce1c3000 r-xp 00000000 08:05 1316358                    /usr/lib/jvm/java-8-openjdk-amd64/jre/lib/amd64/libfontmanager.so
7fd7ce1c3000-7fd7ce3c3000 ---p 00052000 08:05 1316358                    /usr/lib/jvm/java-8-openjdk-amd64/jre/lib/amd64/libfontmanager.so
7fd7ce3c3000-7fd7ce3c5000 r--p 00052000 08:05 1316358                    /usr/lib/jvm/java-8-openjdk-amd64/jre/lib/amd64/libfontmanager.so
7fd7ce3c5000-7fd7ce3c6000 rw-p 00054000 08:05 1316358                    /usr/lib/jvm/java-8-openjdk-amd64/jre/lib/amd64/libfontmanager.so
7fd7ce3c6000-7fd7ce3e8000 r--p 00000000 08:05 1836826                    /usr/share/locale-langpack/pt_BR/LC_MESSAGES/libc.mo
7fd7ce3e8000-7fd7ce3ed000 r-xp 00000000 08:05 1318428                    /usr/lib/x86_64-linux-gnu/libXdmcp.so.6.0.0
7fd7ce3ed000-7fd7ce5ec000 ---p 00005000 08:05 1318428                    /usr/lib/x86_64-linux-gnu/libXdmcp.so.6.0.0
7fd7ce5ec000-7fd7ce5ed000 r--p 00004000 08:05 1318428                    /usr/lib/x86_64-linux-gnu/libXdmcp.so.6.0.0
7fd7ce5ed000-7fd7ce5ee000 rw-p 00005000 08:05 1318428                    /usr/lib/x86_64-linux-gnu/libXdmcp.so.6.0.0
7fd7ce5ee000-7fd7ce5f0000 r-xp 00000000 08:05 1319332                    /usr/lib/x86_64-linux-gnu/libXau.so.6.0.0
7fd7ce5f0000-7fd7ce7f0000 ---p 00002000 08:05 1319332                    /usr/lib/x86_64-linux-gnu/libXau.so.6.0.0
7fd7ce7f0000-7fd7ce7f1000 r--p 00002000 08:05 1319332                    /usr/lib/x86_64-linux-gnu/libXau.so.6.0.0
7fd7ce7f1000-7fd7ce7f2000 rw-p 00003000 08:05 1319332                    /usr/lib/x86_64-linux-gnu/libXau.so.6.0.0
7fd7ce7f2000-7fd7ce812000 r-xp 00000000 08:05 1322492                    /usr/lib/x86_64-linux-gnu/libxcb.so.1.1.0
7fd7ce812000-7fd7cea11000 ---p 00020000 08:05 1322492                    /usr/lib/x86_64-linux-gnu/libxcb.so.1.1.0
7fd7cea11000-7fd7cea12000 r--p 0001f000 08:05 1322492                    /usr/lib/x86_64-linux-gnu/libxcb.so.1.1.0
7fd7cea12000-7fd7cea13000 rw-p 00020000 08:05 1322492                    /usr/lib/x86_64-linux-gnu/libxcb.so.1.1.0
7fd7cea13000-7fd7cea22000 r-xp 00000000 08:05 1319353                    /usr/lib/x86_64-linux-gnu/libXi.so.6.1.0
7fd7cea22000-7fd7cec21000 ---p 0000f000 08:05 1319353                    /usr/lib/x86_64-linux-gnu/libXi.so.6.1.0
7fd7cec21000-7fd7cec22000 r--p 0000e000 08:05 1319353                    /usr/lib/x86_64-linux-gnu/libXi.so.6.1.0
7fd7cec22000-7fd7cec23000 rw-p 0000f000 08:05 1319353                    /usr/lib/x86_64-linux-gnu/libXi.so.6.1.0
7fd7cec23000-7fd7cec28000 r-xp 00000000 08:05 1319373                    /usr/lib/x86_64-linux-gnu/libXtst.so.6.1.0
7fd7cec28000-7fd7cee27000 ---p 00005000 08:05 1319373                    /usr/lib/x86_64-linux-gnu/libXtst.so.6.1.0
7fd7cee27000-7fd7cee28000 r--p 00004000 08:05 1319373                    /usr/lib/x86_64-linux-gnu/libXtst.so.6.1.0
7fd7cee28000-7fd7cee29000 rw-p 00005000 08:05 1319373                    /usr/lib/x86_64-linux-gnu/libXtst.so.6.1.0
7fd7cee29000-7fd7cee32000 r-xp 00000000 08:05 1324368                    /usr/lib/x86_64-linux-gnu/libXrender.so.1.3.0
7fd7cee32000-7fd7cf031000 ---p 00009000 08:05 1324368                    /usr/lib/x86_64-linux-gnu/libXrender.so.1.3.0
7fd7cf031000-7fd7cf032000 r--p 00008000 08:05 1324368                    /usr/lib/x86_64-linux-gnu/libXrender.so.1.3.0
7fd7cf032000-7fd7cf033000 rw-p 00009000 08:05 1324368                    /usr/lib/x86_64-linux-gnu/libXrender.so.1.3.0
7fd7cf033000-7fd7cf168000 r-xp 00000000 08:05 1322574                    /usr/lib/x86_64-linux-gnu/libX11.so.6.3.0
7fd7cf168000-7fd7cf368000 ---p 00135000 08:05 1322574                    /usr/lib/x86_64-linux-gnu/libX11.so.6.3.0
7fd7cf368000-7fd7cf369000 r--p 00135000 08:05 1322574                    /usr/lib/x86_64-linux-gnu/libX11.so.6.3.0
7fd7cf369000-7fd7cf36d000 rw-p 00136000 08:05 1322574                    /usr/lib/x86_64-linux-gnu/libX11.so.6.3.0
7fd7cf36d000-7fd7cf37e000 r-xp 00000000 08:05 1315678                    /usr/lib/x86_64-linux-gnu/libXext.so.6.4.0
7fd7cf37e000-7fd7cf57d000 ---p 00011000 08:05 1315678                    /usr/lib/x86_64-linux-gnu/libXext.so.6.4.0
7fd7cf57d000-7fd7cf57e000 r--p 00010000 08:05 1315678                    /usr/lib/x86_64-linux-gnu/libXext.so.6.4.0
7fd7cf57e000-7fd7cf57f000 rw-p 00011000 08:05 1315678                    /usr/lib/x86_64-linux-gnu/libXext.so.6.4.0
7fd7cf587000-7fd7cf59a000 r--s 00346000 08:05 1316399                    /usr/lib/jvm/java-8-openjdk-amd64/jre/lib/resources.jar
7fd7cf59a000-7fd7cf5f1000 r-xp 00000000 08:05 1316346                    /usr/lib/jvm/java-8-openjdk-amd64/jre/lib/amd64/libawt_xawt.so
7fd7cf5f1000-7fd7cf7f0000 ---p 00057000 08:05 1316346                    /usr/lib/jvm/java-8-openjdk-amd64/jre/lib/amd64/libawt_xawt.so
7fd7cf7f0000-7fd7cf7f1000 r--p 00056000 08:05 1316346                    /usr/lib/jvm/java-8-openjdk-amd64/jre/lib/amd64/libawt_xawt.so
7fd7cf7f1000-7fd7cf7f4000 rw-p 00057000 08:05 1316346                    /usr/lib/jvm/java-8-openjdk-amd64/jre/lib/amd64/libawt_xawt.so
7fd7cf7f4000-7fd7cf7f5000 rw-p 00000000 00:00 0 
7fd7cf7f5000-7fd7cf894000 r-xp 00000000 08:05 1316354                    /usr/lib/jvm/java-8-openjdk-amd64/jre/lib/amd64/libawt.so
7fd7cf894000-7fd7cfa93000 ---p 0009f000 08:05 1316354                    /usr/lib/jvm/java-8-openjdk-amd64/jre/lib/amd64/libawt.so
7fd7cfa93000-7fd7cfa94000 r--p 0009e000 08:05 1316354                    /usr/lib/jvm/java-8-openjdk-amd64/jre/lib/amd64/libawt.so
7fd7cfa94000-7fd7cfa9f000 rw-p 0009f000 08:05 1316354                    /usr/lib/jvm/java-8-openjdk-amd64/jre/lib/amd64/libawt.so
7fd7cfa9f000-7fd7cfac4000 rw-p 00000000 00:00 0 
7fd7cfac4000-7fd7cfae0000 r--s 00393000 08:05 1316324                    /usr/lib/jvm/java-8-openjdk-amd64/jre/lib/ext/cldrdata.jar
7fd7cfae0000-7fd7cfafb000 r--s 001d4000 08:05 1316341                    /usr/lib/jvm/java-8-openjdk-amd64/jre/lib/ext/nashorn.jar
7fd7cfafb000-7fd7cfafc000 ---p 00000000 00:00 0 
7fd7cfafc000-7fd7cfbfc000 rw-p 00000000 00:00 0                          [stack:29592]
7fd7cfbfc000-7fd7cfbff000 ---p 00000000 00:00 0 
7fd7cfbff000-7fd7cfcfd000 rw-p 00000000 00:00 0                          [stack:29591]
7fd7cfcfd000-7fd7cfd00000 ---p 00000000 00:00 0 
7fd7cfd00000-7fd7cfdfe000 rw-p 00000000 00:00 0                          [stack:29590]
7fd7cfdfe000-7fd7cfe01000 ---p 00000000 00:00 0 
7fd7cfe01000-7fd7cfeff000 rw-p 00000000 00:00 0                          [stack:29589]
7fd7cfeff000-7fd7cff02000 ---p 00000000 00:00 0 
7fd7cff02000-7fd7d0000000 rw-p 00000000 00:00 0                          [stack:29588]
7fd7d0000000-7fd7d0021000 rw-p 00000000 00:00 0 
7fd7d0021000-7fd7d4000000 ---p 00000000 00:00 0 
7fd7d4000000-7fd7d4021000 rw-p 00000000 00:00 0 
7fd7d4021000-7fd7d8000000 ---p 00000000 00:00 0 
7fd7d8000000-7fd7d8021000 rw-p 00000000 00:00 0 
7fd7d8021000-7fd7dc000000 ---p 00000000 00:00 0 
7fd7dc000000-7fd7dc021000 rw-p 00000000 00:00 0 
7fd7dc021000-7fd7e0000000 ---p 00000000 00:00 0 
7fd7e0000000-7fd7e8000000 rw-p 00000000 00:00 0 
7fd7e8000000-7fd7e8021000 rw-p 00000000 00:00 0 
7fd7e8021000-7fd7ec000000 ---p 00000000 00:00 0 
7fd7ec000000-7fd7ec021000 rw-p 00000000 00:00 0 
7fd7ec021000-7fd7f0000000 ---p 00000000 00:00 0 
7fd7f0000000-7fd7f0021000 rw-p 00000000 00:00 0 
7fd7f0021000-7fd7f4000000 ---p 00000000 00:00 0 
7fd7f4000000-7fd7f4021000 rw-p 00000000 00:00 0 
7fd7f4021000-7fd7f8000000 ---p 00000000 00:00 0 
7fd7f8002000-7fd7f8004000 rw-p 00000000 00:00 0 
7fd7f8004000-7fd7f8007000 r--p 00000000 08:05 1836436                    /usr/share/locale-langpack/pt_BR/LC_MESSAGES/atk10.mo
7fd7f8007000-7fd7f800a000 ---p 00000000 00:00 0 
7fd7f800a000-7fd7f8108000 rw-p 00000000 00:00 0                          [stack:29587]
7fd7f8108000-7fd7f83d3000 r--p 00000000 08:05 1312471                    /usr/lib/locale/locale-archive
7fd7f83d3000-7fd7f83d6000 ---p 00000000 00:00 0 
7fd7f83d6000-7fd7f84d4000 rw-p 00000000 00:00 0                          [stack:29586]
7fd7f84d4000-7fd7f84d7000 ---p 00000000 00:00 0 
7fd7f84d7000-7fd7f85d5000 rw-p 00000000 00:00 0                          [stack:29585]
7fd7f85d5000-7fd7f85d6000 ---p 00000000 00:00 0 
7fd7f85d6000-7fd7f9000000 rw-p 00000000 00:00 0                          [stack:29584]
7fd7f9000000-7fd7f9330000 rwxp 00000000 00:00 0 
7fd7f9330000-7fd808000000 ---p 00000000 00:00 0 
7fd808000000-7fd80c000000 rw-p 00000000 00:00 0 
7fd80c000000-7fd80c007000 r--s 00000000 08:05 1574466                    /usr/lib/x86_64-linux-gnu/gconv/gconv-modules.cache
7fd80c007000-7fd80c009000 r--s 0000c000 08:05 3285872                    /home/matheus/.p2/pool/plugins/org.hamcrest.core_1.3.0.v201303031735.jar
7fd80c009000-7fd80c011000 r--s 00045000 08:05 3285881                    /home/matheus/.p2/pool/plugins/org.junit_4.12.0.v201504281640/junit.jar
7fd80c011000-7fd80c012000 r--s 00005000 08:05 2361112                    /home/matheus/workspace/libLibras/lib/com.primesense.nite.jar
7fd80c012000-7fd80c018000 r--s 002f8000 08:05 1316320                    /usr/lib/jvm/java-8-openjdk-amd64/jre/lib/charsets.jar
7fd80c018000-7fd80c01e000 r--s 0003a000 08:05 1316334                    /usr/lib/jvm/java-8-openjdk-amd64/jre/lib/ext/sunjce_provider.jar
7fd80c01e000-7fd80c6f5000 rw-p 00000000 00:00 0 
7fd80c6f5000-7fd80c8c2000 r--s 03be8000 08:05 1316343                    /usr/lib/jvm/java-8-openjdk-amd64/jre/lib/rt.jar
7fd80c8c2000-7fd80d938000 rw-p 00000000 00:00 0 
7fd80d938000-7fd80d939000 ---p 00000000 00:00 0 
7fd80d939000-7fd80da39000 rw-p 00000000 00:00 0                          [stack:29583]
7fd80da39000-7fd80da3a000 ---p 00000000 00:00 0 
7fd80da3a000-7fd80db3a000 rw-p 00000000 00:00 0                          [stack:29582]
7fd80db3a000-7fd80db3b000 ---p 00000000 00:00 0 
7fd80db3b000-7fd80dc3b000 rw-p 00000000 00:00 0                          [stack:29581]
7fd80dc3b000-7fd80dc3c000 ---p 00000000 00:00 0 
7fd80dc3c000-7fd80de92000 rw-p 00000000 00:00 0                          [stack:29580]
7fd80de92000-7fd80e292000 ---p 00000000 00:00 0 
7fd80e292000-7fd80e3e8000 rw-p 00000000 00:00 0 
7fd80e3e8000-7fd80e7e7000 ---p 00000000 00:00 0 
7fd80e7e7000-7fd80e892000 rw-p 00000000 00:00 0 
7fd80e892000-7fd80ea92000 ---p 00000000 00:00 0 
7fd80ea92000-7fd80eaa0000 rw-p 00000000 00:00 0 
7fd80eaa0000-7fd80ee53000 ---p 00000000 00:00 0 
7fd80ee53000-7fd80ee5b000 r-xp 00000000 08:05 1316353                    /usr/lib/jvm/java-8-openjdk-amd64/jre/lib/amd64/libzip.so
7fd80ee5b000-7fd80f05a000 ---p 00008000 08:05 1316353                    /usr/lib/jvm/java-8-openjdk-amd64/jre/lib/amd64/libzip.so
7fd80f05a000-7fd80f05b000 r--p 00007000 08:05 1316353                    /usr/lib/jvm/java-8-openjdk-amd64/jre/lib/amd64/libzip.so
7fd80f05b000-7fd80f05c000 rw-p 00008000 08:05 1316353                    /usr/lib/jvm/java-8-openjdk-amd64/jre/lib/amd64/libzip.so
7fd80f05c000-7fd80f068000 r-xp 00000000 08:05 5376649                    /lib/x86_64-linux-gnu/libnss_files-2.21.so
7fd80f068000-7fd80f267000 ---p 0000c000 08:05 5376649                    /lib/x86_64-linux-gnu/libnss_files-2.21.so
7fd80f267000-7fd80f268000 r--p 0000b000 08:05 5376649                    /lib/x86_64-linux-gnu/libnss_files-2.21.so
7fd80f268000-7fd80f269000 rw-p 0000c000 08:05 5376649                    /lib/x86_64-linux-gnu/libnss_files-2.21.so
7fd80f269000-7fd80f274000 r-xp 00000000 08:05 5376660                    /lib/x86_64-linux-gnu/libnss_nis-2.21.so
7fd80f274000-7fd80f473000 ---p 0000b000 08:05 5376660                    /lib/x86_64-linux-gnu/libnss_nis-2.21.so
7fd80f473000-7fd80f474000 r--p 0000a000 08:05 5376660                    /lib/x86_64-linux-gnu/libnss_nis-2.21.so
7fd80f474000-7fd80f475000 rw-p 0000b000 08:05 5376660                    /lib/x86_64-linux-gnu/libnss_nis-2.21.so
7fd80f475000-7fd80f48c000 r-xp 00000000 08:05 5376654                    /lib/x86_64-linux-gnu/libnsl-2.21.so
7fd80f48c000-7fd80f68b000 ---p 00017000 08:05 5376654                    /lib/x86_64-linux-gnu/libnsl-2.21.so
7fd80f68b000-7fd80f68c000 r--p 00016000 08:05 5376654                    /lib/x86_64-linux-gnu/libnsl-2.21.so
7fd80f68c000-7fd80f68d000 rw-p 00017000 08:05 5376654                    /lib/x86_64-linux-gnu/libnsl-2.21.so
7fd80f68d000-7fd80f68f000 rw-p 00000000 00:00 0 
7fd80f68f000-7fd80f697000 r-xp 00000000 08:05 5376650                    /lib/x86_64-linux-gnu/libnss_compat-2.21.so
7fd80f697000-7fd80f896000 ---p 00008000 08:05 5376650                    /lib/x86_64-linux-gnu/libnss_compat-2.21.so
7fd80f896000-7fd80f897000 r--p 00007000 08:05 5376650                    /lib/x86_64-linux-gnu/libnss_compat-2.21.so
7fd80f897000-7fd80f898000 rw-p 00008000 08:05 5376650                    /lib/x86_64-linux-gnu/libnss_compat-2.21.so
7fd80f898000-7fd80f8c5000 r-xp 00000000 08:05 1316361                    /usr/lib/jvm/java-8-openjdk-amd64/jre/lib/amd64/libjava.so
7fd80f8c5000-7fd80fac4000 ---p 0002d000 08:05 1316361                    /usr/lib/jvm/java-8-openjdk-amd64/jre/lib/amd64/libjava.so
7fd80fac4000-7fd80fac5000 r--p 0002c000 08:05 1316361                    /usr/lib/jvm/java-8-openjdk-amd64/jre/lib/amd64/libjava.so
7fd80fac5000-7fd80fac7000 rw-p 0002d000 08:05 1316361                    /usr/lib/jvm/java-8-openjdk-amd64/jre/lib/amd64/libjava.so
7fd80fac7000-7fd80fad6000 r-xp 00000000 08:05 1316374                    /usr/lib/jvm/java-8-openjdk-amd64/jre/lib/amd64/libverify.so
7fd80fad6000-7fd80fcd5000 ---p 0000f000 08:05 1316374                    /usr/lib/jvm/java-8-openjdk-amd64/jre/lib/amd64/libverify.so
7fd80fcd5000-7fd80fcd7000 r--p 0000e000 08:05 1316374                    /usr/lib/jvm/java-8-openjdk-amd64/jre/lib/amd64/libverify.so
7fd80fcd7000-7fd80fcd8000 rw-p 00010000 08:05 1316374                    /usr/lib/jvm/java-8-openjdk-amd64/jre/lib/amd64/libverify.so
7fd80fcd8000-7fd80fcdf000 r-xp 00000000 08:05 5376642                    /lib/x86_64-linux-gnu/librt-2.21.so
7fd80fcdf000-7fd80fede000 ---p 00007000 08:05 5376642                    /lib/x86_64-linux-gnu/librt-2.21.so
7fd80fede000-7fd80fedf000 r--p 00006000 08:05 5376642                    /lib/x86_64-linux-gnu/librt-2.21.so
7fd80fedf000-7fd80fee0000 rw-p 00007000 08:05 5376642                    /lib/x86_64-linux-gnu/librt-2.21.so
7fd80fee0000-7fd80fef6000 r-xp 00000000 08:05 5373993                    /lib/x86_64-linux-gnu/libgcc_s.so.1
7fd80fef6000-7fd8100f5000 ---p 00016000 08:05 5373993                    /lib/x86_64-linux-gnu/libgcc_s.so.1
7fd8100f5000-7fd8100f6000 r--p 00015000 08:05 5373993                    /lib/x86_64-linux-gnu/libgcc_s.so.1
7fd8100f6000-7fd8100f7000 rw-p 00016000 08:05 5373993                    /lib/x86_64-linux-gnu/libgcc_s.so.1
7fd8100f7000-7fd8101fe000 r-xp 00000000 08:05 5376662                    /lib/x86_64-linux-gnu/libm-2.21.so
7fd8101fe000-7fd8103fd000 ---p 00107000 08:05 5376662                    /lib/x86_64-linux-gnu/libm-2.21.so
7fd8103fd000-7fd8103fe000 r--p 00106000 08:05 5376662                    /lib/x86_64-linux-gnu/libm-2.21.so
7fd8103fe000-7fd8103ff000 rw-p 00107000 08:05 5376662                    /lib/x86_64-linux-gnu/libm-2.21.so
7fd8103ff000-7fd810572000 r-xp 00000000 08:05 1311415                    /usr/lib/x86_64-linux-gnu/libstdc++.so.6.0.21
7fd810572000-7fd810771000 ---p 00173000 08:05 1311415                    /usr/lib/x86_64-linux-gnu/libstdc++.so.6.0.21
7fd810771000-7fd81077b000 r--p 00172000 08:05 1311415                    /usr/lib/x86_64-linux-gnu/libstdc++.so.6.0.21
7fd81077b000-7fd81077d000 rw-p 0017c000 08:05 1311415                    /usr/lib/x86_64-linux-gnu/libstdc++.so.6.0.21
7fd81077d000-7fd810781000 rw-p 00000000 00:00 0 
7fd810781000-7fd8113c6000 r-xp 00000000 08:05 1316368                    /usr/lib/jvm/java-8-openjdk-amd64/jre/lib/amd64/server/libjvm.so
7fd8113c6000-7fd8115c5000 ---p 00c45000 08:05 1316368                    /usr/lib/jvm/java-8-openjdk-amd64/jre/lib/amd64/server/libjvm.so
7fd8115c5000-7fd811658000 r--p 00c44000 08:05 1316368                    /usr/lib/jvm/java-8-openjdk-amd64/jre/lib/amd64/server/libjvm.so
7fd811658000-7fd811680000 rw-p 00cd7000 08:05 1316368                    /usr/lib/jvm/java-8-openjdk-amd64/jre/lib/amd64/server/libjvm.so
7fd811680000-7fd8116af000 rw-p 00000000 00:00 0 
7fd8116af000-7fd8116c7000 r-xp 00000000 08:05 5376648                    /lib/x86_64-linux-gnu/libpthread-2.21.so
7fd8116c7000-7fd8118c7000 ---p 00018000 08:05 5376648                    /lib/x86_64-linux-gnu/libpthread-2.21.so
7fd8118c7000-7fd8118c8000 r--p 00018000 08:05 5376648                    /lib/x86_64-linux-gnu/libpthread-2.21.so
7fd8118c8000-7fd8118c9000 rw-p 00019000 08:05 5376648                    /lib/x86_64-linux-gnu/libpthread-2.21.so
7fd8118c9000-7fd8118cd000 rw-p 00000000 00:00 0 
7fd8118cd000-7fd8118d0000 r-xp 00000000 08:05 5376659                    /lib/x86_64-linux-gnu/libdl-2.21.so
7fd8118d0000-7fd811acf000 ---p 00003000 08:05 5376659                    /lib/x86_64-linux-gnu/libdl-2.21.so
7fd811acf000-7fd811ad0000 r--p 00002000 08:05 5376659                    /lib/x86_64-linux-gnu/libdl-2.21.so
7fd811ad0000-7fd811ad1000 rw-p 00003000 08:05 5376659                    /lib/x86_64-linux-gnu/libdl-2.21.so
7fd811ad1000-7fd811aea000 r-xp 00000000 08:05 5373997                    /lib/x86_64-linux-gnu/libz.so.1.2.8
7fd811aea000-7fd811ce9000 ---p 00019000 08:05 5373997                    /lib/x86_64-linux-gnu/libz.so.1.2.8
7fd811ce9000-7fd811cea000 r--p 00018000 08:05 5373997                    /lib/x86_64-linux-gnu/libz.so.1.2.8
7fd811cea000-7fd811ceb000 rw-p 00019000 08:05 5373997                    /lib/x86_64-linux-gnu/libz.so.1.2.8
7fd811ceb000-7fd811eab000 r-xp 00000000 08:05 5376663                    /lib/x86_64-linux-gnu/libc-2.21.so
7fd811eab000-7fd8120ab000 ---p 001c0000 08:05 5376663                    /lib/x86_64-linux-gnu/libc-2.21.so
7fd8120ab000-7fd8120af000 r--p 001c0000 08:05 5376663                    /lib/x86_64-linux-gnu/libc-2.21.so
7fd8120af000-7fd8120b1000 rw-p 001c4000 08:05 5376663                    /lib/x86_64-linux-gnu/libc-2.21.so
7fd8120b1000-7fd8120b5000 rw-p 00000000 00:00 0 
7fd8120b5000-7fd8120c2000 r-xp 00000000 08:05 1316375                    /usr/lib/jvm/java-8-openjdk-amd64/jre/lib/amd64/jli/libjli.so
7fd8120c2000-7fd8122c2000 ---p 0000d000 08:05 1316375                    /usr/lib/jvm/java-8-openjdk-amd64/jre/lib/amd64/jli/libjli.so
7fd8122c2000-7fd8122c3000 r--p 0000d000 08:05 1316375                    /usr/lib/jvm/java-8-openjdk-amd64/jre/lib/amd64/jli/libjli.so
7fd8122c3000-7fd8122c4000 rw-p 0000e000 08:05 1316375                    /usr/lib/jvm/java-8-openjdk-amd64/jre/lib/amd64/jli/libjli.so
7fd8122c4000-7fd8122e8000 r-xp 00000000 08:05 5376657                    /lib/x86_64-linux-gnu/ld-2.21.so
7fd8122e8000-7fd8122ea000 r--s 00004000 08:05 2361113                    /home/matheus/workspace/libLibras/lib/org.openni.jar
7fd8122ea000-7fd8122eb000 r--s 0000a000 08:05 1316332                    /usr/lib/jvm/java-8-openjdk-amd64/jre/lib/ext/jaccess.jar
7fd8122eb000-7fd8122ed000 r--s 00001000 08:05 1316339                    /usr/lib/jvm/java-8-openjdk-amd64/jre/lib/ext/dnsns.jar
7fd8122ed000-7fd8122f1000 r--s 00037000 08:05 1316337                    /usr/lib/jvm/java-8-openjdk-amd64/jre/lib/ext/sunpkcs11.jar
7fd8122f1000-7fd8123c4000 rw-p 00000000 00:00 0 
7fd8123c4000-7fd8123c7000 ---p 00000000 00:00 0 
7fd8123c7000-7fd8124ca000 rw-p 00000000 00:00 0                          [stack:29579]
7fd8124ca000-7fd8124cb000 r--s 00010000 08:05 1316326                    /usr/lib/jvm/java-8-openjdk-amd64/jre/lib/ext/zipfs.jar
7fd8124cb000-7fd8124cd000 r--s 00007000 08:05 1709211                    /usr/share/java/java-atk-wrapper.jar
7fd8124cd000-7fd8124d0000 r--s 0000f000 08:05 1316330                    /usr/lib/jvm/java-8-openjdk-amd64/jre/lib/ext/icedtea-sound.jar
7fd8124d0000-7fd8124da000 r--s 00116000 08:05 1316328                    /usr/lib/jvm/java-8-openjdk-amd64/jre/lib/ext/localedata.jar
7fd8124da000-7fd8124db000 r--s 00008000 08:05 1316340                    /usr/lib/jvm/java-8-openjdk-amd64/jre/lib/ext/sunec.jar
7fd8124db000-7fd8124e3000 rw-s 00000000 08:05 4589719                    /tmp/hsperfdata_root/29573
7fd8124e3000-7fd8124e4000 rw-p 00000000 00:00 0 
7fd8124e4000-7fd8124e5000 r--p 00000000 00:00 0 
7fd8124e5000-7fd8124e7000 rw-p 00000000 00:00 0 
7fd8124e7000-7fd8124e8000 r--p 00023000 08:05 5376657                    /lib/x86_64-linux-gnu/ld-2.21.so
7fd8124e8000-7fd8124e9000 rw-p 00024000 08:05 5376657                    /lib/x86_64-linux-gnu/ld-2.21.so
7fd8124e9000-7fd8124ea000 rw-p 00000000 00:00 0 
7ffc1ad77000-7ffc1ad98000 rw-p 00000000 00:00 0                          [stack]
7ffc1add6000-7ffc1add8000 r--p 00000000 00:00 0                          [vvar]
7ffc1add8000-7ffc1adda000 r-xp 00000000 00:00 0                          [vdso]
ffffffffff600000-ffffffffff601000 r-xp 00000000 00:00 0                  [vsyscall]

VM Arguments:
jvm_args: -Djava.library.path=/usr/java/packages/lib/amd64:/usr/lib/x86_64-linux-gnu/jni:/lib/x86_64-linux-gnu:/usr/lib/x86_64-linux-gnu:/usr/lib/jni:/lib:/usr/lib:path/OpenNI:path/NiTE -Xmx4096m -Xms1024m -Dfile.encoding=UTF-8 
java_command: br.edu.ifsp.application.capturer.NewControl
java_class_path (initial): /home/matheus/workspace/libLibras/bin:/home/matheus/workspace/libLibras/lib/org.openni.jar:/home/matheus/workspace/libLibras/lib/com.primesense.nite.jar:/home/matheus/.p2/pool/plugins/org.junit_4.12.0.v201504281640/junit.jar:/home/matheus/.p2/pool/plugins/org.hamcrest.core_1.3.0.v201303031735.jar
Launcher Type: SUN_STANDARD

Environment Variables:
PATH=/usr/local/sbin:/usr/local/bin:/usr/sbin:/usr/bin:/sbin:/bin
USERNAME=root
SHELL=/bin/bash
DISPLAY=:0

Signal Handlers:
SIGSEGV: [libjvm.so+0xa5d4d0], sa_mask[0]=11111111011111111101111111111110, sa_flags=SA_RESTART|SA_SIGINFO
SIGBUS: [libjvm.so+0xa5d4d0], sa_mask[0]=11111111011111111101111111111110, sa_flags=SA_RESTART|SA_SIGINFO
SIGFPE: [libjvm.so+0x8a9210], sa_mask[0]=11111111011111111101111111111110, sa_flags=SA_RESTART|SA_SIGINFO
SIGPIPE: [libjvm.so+0x8a9210], sa_mask[0]=11111111011111111101111111111110, sa_flags=SA_RESTART|SA_SIGINFO
SIGXFSZ: [libjvm.so+0x8a9210], sa_mask[0]=11111111011111111101111111111110, sa_flags=SA_RESTART|SA_SIGINFO
SIGILL: [libjvm.so+0x8a9210], sa_mask[0]=11111111011111111101111111111110, sa_flags=SA_RESTART|SA_SIGINFO
SIGUSR1: SIG_DFL, sa_mask[0]=00000000000000000000000000000000, sa_flags=none
SIGUSR2: [libjvm.so+0x8a90c0], sa_mask[0]=00100000000000000000000000000000, sa_flags=SA_RESTART|SA_SIGINFO
SIGHUP: [libjvm.so+0x8a9590], sa_mask[0]=11111111011111111101111111111110, sa_flags=SA_RESTART|SA_SIGINFO
SIGINT: [libjvm.so+0x8a9590], sa_mask[0]=11111111011111111101111111111110, sa_flags=SA_RESTART|SA_SIGINFO
SIGTERM: [libjvm.so+0x8a9590], sa_mask[0]=11111111011111111101111111111110, sa_flags=SA_RESTART|SA_SIGINFO
SIGQUIT: [libjvm.so+0x8a9590], sa_mask[0]=11111111011111111101111111111110, sa_flags=SA_RESTART|SA_SIGINFO


---------------  S Y S T E M  ---------------

OS:DISTRIB_ID=Ubuntu
DISTRIB_RELEASE=15.10
DISTRIB_CODENAME=wily
DISTRIB_DESCRIPTION="Ubuntu 15.10"

uname:Linux 4.2.0-34-generic #39-Ubuntu SMP Thu Mar 10 22:13:01 UTC 2016 x86_64
libc:glibc 2.21 NPTL 2.21 
rlimit: STACK 8192k, CORE 0k, NPROC 14820, NOFILE 65536, AS infinity
load average:0,66 1,05 0,99

/proc/meminfo:
MemTotal:        3881072 kB
MemFree:          794504 kB
MemAvailable:    1389496 kB
Buffers:           47576 kB
Cached:           717372 kB
SwapCached:       176688 kB
Active:          1982304 kB
Inactive:         947352 kB
Active(anon):    1573188 kB
Inactive(anon):   765116 kB
Active(file):     409116 kB
Inactive(file):   182236 kB
Unevictable:          32 kB
Mlocked:              32 kB
SwapTotal:       4029436 kB
SwapFree:        3177800 kB
Dirty:               228 kB
Writeback:             0 kB
AnonPages:       2102464 kB
Mapped:           199844 kB
Shmem:            173572 kB
Slab:              68156 kB
SReclaimable:      32728 kB
SUnreclaim:        35428 kB
KernelStack:        9216 kB
PageTables:        36500 kB
NFS_Unstable:          0 kB
Bounce:                0 kB
WritebackTmp:          0 kB
CommitLimit:     5969972 kB
Committed_AS:    7093456 kB
VmallocTotal:   34359738367 kB
VmallocUsed:      348656 kB
VmallocChunk:   34358947836 kB
HardwareCorrupted:     0 kB
AnonHugePages:   1163264 kB
CmaTotal:              0 kB
CmaFree:               0 kB
HugePages_Total:       0
HugePages_Free:        0
HugePages_Rsvd:        0
HugePages_Surp:        0
Hugepagesize:       2048 kB
DirectMap4k:      139892 kB
DirectMap2M:     3889152 kB


CPU:total 4 (2 cores per cpu, 2 threads per core) family 6 model 58 stepping 9, cmov, cx8, fxsr, mmx, sse, sse2, sse3, ssse3, sse4.1, sse4.2, popcnt, avx, clmul, erms, ht, tsc, tscinvbit, tscinv

/proc/cpuinfo:
processor	: 0
vendor_id	: GenuineIntel
cpu family	: 6
model		: 58
model name	: Intel(R) Core(TM) i3-3110M CPU @ 2.40GHz
stepping	: 9
microcode	: 0x17
cpu MHz		: 2400.000
cache size	: 3072 KB
physical id	: 0
siblings	: 4
core id		: 0
cpu cores	: 2
apicid		: 0
initial apicid	: 0
fpu		: yes
fpu_exception	: yes
cpuid level	: 13
wp		: yes
flags		: fpu vme de pse tsc msr pae mce cx8 apic sep mtrr pge mca cmov pat pse36 clflush dts acpi mmx fxsr sse sse2 ss ht tm pbe syscall nx rdtscp lm constant_tsc arch_perfmon pebs bts rep_good nopl xtopology nonstop_tsc aperfmperf eagerfpu pni pclmulqdq dtes64 monitor ds_cpl vmx est tm2 ssse3 cx16 xtpr pdcm pcid sse4_1 sse4_2 x2apic popcnt tsc_deadline_timer xsave avx f16c lahf_lm arat epb pln pts dtherm tpr_shadow vnmi flexpriority ept vpid fsgsbase smep erms xsaveopt
bugs		:
bogomips	: 4789.51
clflush size	: 64
cache_alignment	: 64
address sizes	: 36 bits physical, 48 bits virtual
power management:

processor	: 1
vendor_id	: GenuineIntel
cpu family	: 6
model		: 58
model name	: Intel(R) Core(TM) i3-3110M CPU @ 2.40GHz
stepping	: 9
microcode	: 0x17
cpu MHz		: 2400.000
cache size	: 3072 KB
physical id	: 0
siblings	: 4
core id		: 0
cpu cores	: 2
apicid		: 1
initial apicid	: 1
fpu		: yes
fpu_exception	: yes
cpuid level	: 13
wp		: yes
flags		: fpu vme de pse tsc msr pae mce cx8 apic sep mtrr pge mca cmov pat pse36 clflush dts acpi mmx fxsr sse sse2 ss ht tm pbe syscall nx rdtscp lm constant_tsc arch_perfmon pebs bts rep_good nopl xtopology nonstop_tsc aperfmperf eagerfpu pni pclmulqdq dtes64 monitor ds_cpl vmx est tm2 ssse3 cx16 xtpr pdcm pcid sse4_1 sse4_2 x2apic popcnt tsc_deadline_timer xsave avx f16c lahf_lm arat epb pln pts dtherm tpr_shadow vnmi flexpriority ept vpid fsgsbase smep erms xsaveopt
bugs		:
bogomips	: 4789.51
clflush size	: 64
cache_alignment	: 64
address sizes	: 36 bits physical, 48 bits virtual
power management:

processor	: 2
vendor_id	: GenuineIntel
cpu family	: 6
model		: 58
model name	: Intel(R) Core(TM) i3-3110M CPU @ 2.40GHz
stepping	: 9
microcode	: 0x17
cpu MHz		: 2399.906
cache size	: 3072 KB
physical id	: 0
siblings	: 4
core id		: 1
cpu cores	: 2
apicid		: 2
initial apicid	: 2
fpu		: yes
fpu_exception	: yes
cpuid level	: 13
wp		: yes
flags		: fpu vme de pse tsc msr pae mce cx8 apic sep mtrr pge mca cmov pat pse36 clflush dts acpi mmx fxsr sse sse2 ss ht tm pbe syscall nx rdtscp lm constant_tsc arch_perfmon pebs bts rep_good nopl xtopology nonstop_tsc aperfmperf eagerfpu pni pclmulqdq dtes64 monitor ds_cpl vmx est tm2 ssse3 cx16 xtpr pdcm pcid sse4_1 sse4_2 x2apic popcnt tsc_deadline_timer xsave avx f16c lahf_lm arat epb pln pts dtherm tpr_shadow vnmi flexpriority ept vpid fsgsbase smep erms xsaveopt
bugs		:
bogomips	: 4789.51
clflush size	: 64
cache_alignment	: 64
address sizes	: 36 bits physical, 48 bits virtual
power management:

processor	: 3
vendor_id	: GenuineIntel
cpu family	: 6
model		: 58
model name	: Intel(R) Core(TM) i3-3110M CPU @ 2.40GHz
stepping	: 9
microcode	: 0x17
cpu MHz		: 2399.906
cache size	: 3072 KB
physical id	: 0
siblings	: 4
core id		: 1
cpu cores	: 2
apicid		: 3
initial apicid	: 3
fpu		: yes
fpu_exception	: yes
cpuid level	: 13
wp		: yes
flags		: fpu vme de pse tsc msr pae mce cx8 apic sep mtrr pge mca cmov pat pse36 clflush dts acpi mmx fxsr sse sse2 ss ht tm pbe syscall nx rdtscp lm constant_tsc arch_perfmon pebs bts rep_good nopl xtopology nonstop_tsc aperfmperf eagerfpu pni pclmulqdq dtes64 monitor ds_cpl vmx est tm2 ssse3 cx16 xtpr pdcm pcid sse4_1 sse4_2 x2apic popcnt tsc_deadline_timer xsave avx f16c lahf_lm arat epb pln pts dtherm tpr_shadow vnmi flexpriority ept vpid fsgsbase smep erms xsaveopt
bugs		:
bogomips	: 4789.51
clflush size	: 64
cache_alignment	: 64
address sizes	: 36 bits physical, 48 bits virtual
power management:



Memory: 4k page, physical 3881072k(794504k free), swap 4029436k(3177800k free)

vm_info: OpenJDK 64-Bit Server VM (25.66-b17) for linux-amd64 JRE (1.8.0_66-internal-b17), built on Oct 21 2015 22:08:46 by "buildd" with gcc 5.2.1 20151010

time: Mon Apr  4 17:57:41 2016
elapsed time: 8 seconds (0d 0h 0m 8s)

