#
# A fatal error has been detected by the Java Runtime Environment:
#
#  EXCEPTION_ACCESS_VIOLATION (0xc0000005) at pc=0x0000000002461f6b, pid=12900, tid=11588
#
# JRE version: Java(TM) SE Runtime Environment (8.0_77-b03) (build 1.8.0_77-b03)
# Java VM: Java HotSpot(TM) 64-Bit Server VM (25.77-b03 mixed mode windows-amd64 compressed oops)
# Problematic frame:
# J 1299 C2 br.edu.ifsp.capturer.ShowObject.getPixelDepthSegmentation(Ljava/nio/ShortBuffer;[F[I)[I (149 bytes) @ 0x0000000002461f6b [0x0000000002461c00+0x36b]
#
# Failed to write core dump. Minidumps are not enabled by default on client versions of Windows
#
# If you would like to submit a bug report, please visit:
#   http://bugreport.java.com/bugreport/crash.jsp
#

---------------  T H R E A D  ---------------

Current thread (0x000000001d683000):  JavaThread "AWT-EventQueue-0" [_thread_in_Java, id=11588, stack(0x00000000487e0000,0x00000000488e0000)]

siginfo: ExceptionCode=0xc0000005, reading address 0x0000000053daa000

Registers:
RAX=0x0000000000000000, RBX=0x0000000000099e80, RCX=0x0000000053d10180, RDX=0x000000000005122f
RSP=0x00000000488dc8e0, RBP=0x0000000775d7c830, RSI=0x0000000000000000, RDI=0x0000000000000006
R8 =0x0000000000000001, R9 =0x0000000000099e80, R10=0x0000000053d10180, R11=0x0000000000000760
R12=0x0000000000000000, R13=0x00000007c0011320, R14=0x0000000774e30ef0, R15=0x000000001d683000
RIP=0x0000000002461f6b, EFLAGS=0x0000000000010206

Top of Stack: (sp=0x00000000488dc8e0)
0x00000000488dc8e0:   00000000493120f0 0000000002382409
0x00000000488dc8f0:   000000001d683000 000000000012c000
0x00000000488dc900:   0000014800057ed1 000000000015fb5b
0x00000000488dc910:   000000077560b438 000000000005122f
0x00000000488dc920:   00000006c00347c8 0005122f00000005
0x00000000488dc930:   00000007c0011320 0000000775d7c830
0x00000000488dc940:   eebaf9060005122f 00000006c000e790
0x00000000488dc950:   0000000774e30ee0 0012c0000005122f
0x00000000488dc960:   0000000775d7c830 00000007708dd268
0x00000000488dc970:   0000000000000270 00000000025921fc
0x00000000488dc980:   00000000488dd5c0 0000000002633df4
0x00000000488dc990:   00000000488dd5c0 00000000024fb0f4
0x00000000488dc9a0:   00000007746a87f8 000000000000001b
0x00000000488dc9b0:   00000007746a87f8 000000000000001b
0x00000000488dc9c0:   00000000715c0e18 00000007746a86d8
0x00000000488dc9d0:   00000006c000e790 00000007746a8990 

Instructions: (pc=0x0000000002461f6b)
0x0000000002461f4b:   0f 8c a0 03 00 00 45 0f b6 41 2a 49 8b 49 10 44
0x0000000002461f5b:   8b d3 41 83 c2 02 45 89 51 18 4c 8b d1 4c 63 cb
0x0000000002461f6b:   43 0f bf 04 0a 45 85 c0 0f 84 c8 03 00 00 44 3b
0x0000000002461f7b:   5c 24 7c 0f 83 dc 01 00 00 4c 8b 54 24 70 c4 81 


Register to memory mapping:

RAX=0x0000000000000000 is an unknown value
RBX=0x0000000000099e80 is an unknown value
RCX=0x0000000053d10180 is an unknown value
RDX=0x000000000005122f is an unknown value
RSP=0x00000000488dc8e0 is pointing into the stack for thread: 0x000000001d683000
RBP=0x0000000775d7c830 is an oop
[Ljava.lang.Object; 
 - klass: 'java/lang/Object'[]
 - length: 360145
RSI=0x0000000000000000 is an unknown value
RDI=0x0000000000000006 is an unknown value
R8 =0x0000000000000001 is an unknown value
R9 =0x0000000000099e80 is an unknown value
R10=0x0000000053d10180 is an unknown value
R11=0x0000000000000760 is an unknown value
R12=0x0000000000000000 is an unknown value
R13=0x00000007c0011320 is pointing into metadata
R14=0x0000000774e30ef0 is an oop

[error occurred during error reporting (printing register info), id 0xc0000005]

Stack: [0x00000000487e0000,0x00000000488e0000],  sp=0x00000000488dc8e0,  free space=1010k
Native frames: (J=compiled Java code, j=interpreted, Vv=VM code, C=native code)
C  0x0000000002461f6b


---------------  P R O C E S S  ---------------

Java Threads: ( => current thread )
  0x0000000046a11800 JavaThread "Thread-2541" [_thread_in_native, id=11912, stack(0x0000000038940000,0x0000000038a40000)]
  0x0000000046a16000 JavaThread "DestroyJavaVM" [_thread_blocked, id=13648, stack(0x0000000001f90000,0x0000000002090000)]
=>0x000000001d683000 JavaThread "AWT-EventQueue-0" [_thread_in_Java, id=11588, stack(0x00000000487e0000,0x00000000488e0000)]
  0x000000001de2c000 JavaThread "AWT-Shutdown" [_thread_blocked, id=10928, stack(0x00000000486e0000,0x00000000487e0000)]
  0x000000001d685000 JavaThread "AWT-Windows" daemon [_thread_in_native, id=788, stack(0x000000001dba0000,0x000000001dca0000)]
  0x000000001d67e000 JavaThread "Java2D Disposer" daemon [_thread_blocked, id=9596, stack(0x000000001d9a0000,0x000000001daa0000)]
  0x000000001d2cd000 JavaThread "Service Thread" daemon [_thread_blocked, id=12028, stack(0x000000001d6a0000,0x000000001d7a0000)]
  0x000000001b955000 JavaThread "C1 CompilerThread2" daemon [_thread_blocked, id=1088, stack(0x000000001d1a0000,0x000000001d2a0000)]
  0x000000001b954000 JavaThread "C2 CompilerThread1" daemon [_thread_blocked, id=3048, stack(0x000000001d0a0000,0x000000001d1a0000)]
  0x000000001b94e000 JavaThread "C2 CompilerThread0" daemon [_thread_blocked, id=8312, stack(0x000000001cfa0000,0x000000001d0a0000)]
  0x000000001b94c800 JavaThread "Attach Listener" daemon [_thread_blocked, id=11668, stack(0x000000001cea0000,0x000000001cfa0000)]
  0x000000001b94b800 JavaThread "Signal Dispatcher" daemon [_thread_blocked, id=12824, stack(0x000000001cda0000,0x000000001cea0000)]
  0x000000001b93a000 JavaThread "Finalizer" daemon [_thread_blocked, id=9992, stack(0x000000001cba0000,0x000000001cca0000)]
  0x000000000226f000 JavaThread "Reference Handler" daemon [_thread_blocked, id=12828, stack(0x000000001caa0000,0x000000001cba0000)]

Other Threads:
  0x000000001b917000 VMThread [stack: 0x000000001c9a0000,0x000000001caa0000] [id=13696]
  0x000000001d2ea000 WatcherThread [stack: 0x000000001d7a0000,0x000000001d8a0000] [id=12504]

VM state:not at safepoint (normal execution)

VM Mutex/Monitor currently owned by a thread: None

Heap:
 PSYoungGen      total 336384K, used 208552K [0x000000076ab00000, 0x0000000780000000, 0x00000007c0000000)
  eden space 324096K, 62% used [0x000000076ab00000,0x00000007771da338,0x000000077e780000)
  from space 12288K, 40% used [0x000000077e780000,0x000000077ec50010,0x000000077f380000)
  to   space 11776K, 0% used [0x000000077f480000,0x000000077f480000,0x0000000780000000)
 ParOldGen       total 699392K, used 16022K [0x00000006c0000000, 0x00000006eab00000, 0x000000076ab00000)
  object space 699392K, 2% used [0x00000006c0000000,0x00000006c0fa59b8,0x00000006eab00000)
 Metaspace       used 12817K, capacity 13120K, committed 13312K, reserved 1060864K
  class space    used 1644K, capacity 1744K, committed 1792K, reserved 1048576K

Card table byte_map: [0x0000000011640000,0x0000000011e50000] byte_map_base: 0x000000000e040000

Marking Bits: (ParMarkBitMap*) 0x00000000717d0600
 Begin Bits: [0x00000000127b0000, 0x00000000167b0000)
 End Bits:   [0x00000000167b0000, 0x000000001a7b0000)

Polling page: 0x0000000000520000

CodeCache: size=245760Kb used=4148Kb max_used=4216Kb free=241611Kb
 bounds [0x0000000002280000, 0x00000000026b0000, 0x0000000011280000]
 total_blobs=1741 nmethods=1252 adapters=402
 compilation: enabled

Compilation events (10 events):
Event: 31.586 Thread 0x000000001b955000 1295       3       sun.nio.cs.SingleByte$Encoder::encode (32 bytes)
Event: 31.586 Thread 0x000000001b955000 nmethod 1295 0x000000000249f990 code [0x000000000249fb00, 0x000000000249fd10]
Event: 31.613 Thread 0x000000001b955000 1296       3       java.nio.ByteBuffer::arrayOffset (35 bytes)
Event: 31.614 Thread 0x000000001b955000 nmethod 1296 0x00000000023aecd0 code [0x00000000023aee60, 0x00000000023af178]
Event: 31.631 Thread 0x000000001b955000 1297       3       java.nio.CharBuffer::arrayOffset (35 bytes)
Event: 31.632 Thread 0x000000001b955000 nmethod 1297 0x000000000246d290 code [0x000000000246d420, 0x000000000246d738]
Event: 31.744 Thread 0x000000001b955000 1298       3       java.nio.charset.CoderResult::isUnderflow (13 bytes)
Event: 31.744 Thread 0x000000001b955000 nmethod 1298 0x000000000246fdd0 code [0x000000000246ff20, 0x00000000024700d0]
Event: 31.791 Thread 0x000000001b954000 1299   !   4       br.edu.ifsp.capturer.ShowObject::getPixelDepthSegmentation (149 bytes)
Event: 31.816 Thread 0x000000001b954000 nmethod 1299 0x0000000002461a50 code [0x0000000002461c00, 0x00000000024625f8]

GC Heap History (10 events):
Event: 29.772 GC heap before
{Heap before GC invocations=59 (full 0):
 PSYoungGen      total 336896K, used 327312K [0x000000076ab00000, 0x0000000780000000, 0x00000007c0000000)
  eden space 323584K, 100% used [0x000000076ab00000,0x000000077e700000,0x000000077e700000)
  from space 13312K, 28% used [0x000000077f300000,0x000000077f6a4030,0x0000000780000000)
  to   space 12288K, 0% used [0x000000077e700000,0x000000077e700000,0x000000077f300000)
 ParOldGen       total 699392K, used 15934K [0x00000006c0000000, 0x00000006eab00000, 0x000000076ab00000)
  object space 699392K, 2% used [0x00000006c0000000,0x00000006c0f8f9b8,0x00000006eab00000)
 Metaspace       used 12807K, capacity 13120K, committed 13312K, reserved 1060864K
  class space    used 1643K, capacity 1744K, committed 1792K, reserved 1048576K
Event: 29.773 GC heap after
Heap after GC invocations=59 (full 0):
 PSYoungGen      total 335872K, used 96K [0x000000076ab00000, 0x0000000780000000, 0x00000007c0000000)
  eden space 323584K, 0% used [0x000000076ab00000,0x000000076ab00000,0x000000077e700000)
  from space 12288K, 0% used [0x000000077e700000,0x000000077e718000,0x000000077f300000)
  to   space 11776K, 0% used [0x000000077f480000,0x000000077f480000,0x0000000780000000)
 ParOldGen       total 699392K, used 15950K [0x00000006c0000000, 0x00000006eab00000, 0x000000076ab00000)
  object space 699392K, 2% used [0x00000006c0000000,0x00000006c0f939b8,0x00000006eab00000)
 Metaspace       used 12807K, capacity 13120K, committed 13312K, reserved 1060864K
  class space    used 1643K, capacity 1744K, committed 1792K, reserved 1048576K
}
Event: 30.316 GC heap before
{Heap before GC invocations=60 (full 0):
 PSYoungGen      total 335872K, used 322419K [0x000000076ab00000, 0x0000000780000000, 0x00000007c0000000)
  eden space 323584K, 99% used [0x000000076ab00000,0x000000077e5c4f08,0x000000077e700000)
  from space 12288K, 0% used [0x000000077e700000,0x000000077e718000,0x000000077f300000)
  to   space 11776K, 0% used [0x000000077f480000,0x000000077f480000,0x0000000780000000)
 ParOldGen       total 699392K, used 15950K [0x00000006c0000000, 0x00000006eab00000, 0x000000076ab00000)
  object space 699392K, 2% used [0x00000006c0000000,0x00000006c0f939b8,0x00000006eab00000)
 Metaspace       used 12807K, capacity 13120K, committed 13312K, reserved 1060864K
  class space    used 1643K, capacity 1744K, committed 1792K, reserved 1048576K
Event: 30.320 GC heap after
Heap after GC invocations=60 (full 0):
 PSYoungGen      total 335360K, used 8297K [0x000000076ab00000, 0x0000000780000000, 0x00000007c0000000)
  eden space 323584K, 0% used [0x000000076ab00000,0x000000076ab00000,0x000000077e700000)
  from space 11776K, 70% used [0x000000077f480000,0x000000077fc9a7b8,0x0000000780000000)
  to   space 12800K, 0% used [0x000000077e700000,0x000000077e700000,0x000000077f380000)
 ParOldGen       total 699392K, used 15966K [0x00000006c0000000, 0x00000006eab00000, 0x000000076ab00000)
  object space 699392K, 2% used [0x00000006c0000000,0x00000006c0f979b8,0x00000006eab00000)
 Metaspace       used 12807K, capacity 13120K, committed 13312K, reserved 1060864K
  class space    used 1643K, capacity 1744K, committed 1792K, reserved 1048576K
}
Event: 30.782 GC heap before
{Heap before GC invocations=61 (full 0):
 PSYoungGen      total 335360K, used 331124K [0x000000076ab00000, 0x0000000780000000, 0x00000007c0000000)
  eden space 323584K, 99% used [0x000000076ab00000,0x000000077e642a58,0x000000077e700000)
  from space 11776K, 70% used [0x000000077f480000,0x000000077fc9a7b8,0x0000000780000000)
  to   space 12800K, 0% used [0x000000077e700000,0x000000077e700000,0x000000077f380000)
 ParOldGen       total 699392K, used 15966K [0x00000006c0000000, 0x00000006eab00000, 0x000000076ab00000)
  object space 699392K, 2% used [0x00000006c0000000,0x00000006c0f979b8,0x00000006eab00000)
 Metaspace       used 12807K, capacity 13120K, committed 13312K, reserved 1060864K
  class space    used 1643K, capacity 1744K, committed 1792K, reserved 1048576K
Event: 30.784 GC heap after
Heap after GC invocations=61 (full 0):
 PSYoungGen      total 336384K, used 128K [0x000000076ab00000, 0x0000000780000000, 0x00000007c0000000)
  eden space 323584K, 0% used [0x000000076ab00000,0x000000076ab00000,0x000000077e700000)
  from space 12800K, 1% used [0x000000077e700000,0x000000077e720000,0x000000077f380000)
  to   space 12800K, 0% used [0x000000077f380000,0x000000077f380000,0x0000000780000000)
 ParOldGen       total 699392K, used 15998K [0x00000006c0000000, 0x00000006eab00000, 0x000000076ab00000)
  object space 699392K, 2% used [0x00000006c0000000,0x00000006c0f9f9b8,0x00000006eab00000)
 Metaspace       used 12807K, capacity 13120K, committed 13312K, reserved 1060864K
  class space    used 1643K, capacity 1744K, committed 1792K, reserved 1048576K
}
Event: 31.110 GC heap before
{Heap before GC invocations=62 (full 0):
 PSYoungGen      total 336384K, used 323180K [0x000000076ab00000, 0x0000000780000000, 0x00000007c0000000)
  eden space 323584K, 99% used [0x000000076ab00000,0x000000077e67b150,0x000000077e700000)
  from space 12800K, 1% used [0x000000077e700000,0x000000077e720000,0x000000077f380000)
  to   space 12800K, 0% used [0x000000077f380000,0x000000077f380000,0x0000000780000000)
 ParOldGen       total 699392K, used 15998K [0x00000006c0000000, 0x00000006eab00000, 0x000000076ab00000)
  object space 699392K, 2% used [0x00000006c0000000,0x00000006c0f9f9b8,0x00000006eab00000)
 Metaspace       used 12807K, capacity 13120K, committed 13312K, reserved 1060864K
  class space    used 1643K, capacity 1744K, committed 1792K, reserved 1048576K
Event: 31.114 GC heap after
Heap after GC invocations=62 (full 0):
 PSYoungGen      total 336896K, used 4960K [0x000000076ab00000, 0x0000000780000000, 0x00000007c0000000)
  eden space 324096K, 0% used [0x000000076ab00000,0x000000076ab00000,0x000000077e780000)
  from space 12800K, 38% used [0x000000077f380000,0x000000077f858010,0x0000000780000000)
  to   space 12288K, 0% used [0x000000077e780000,0x000000077e780000,0x000000077f380000)
 ParOldGen       total 699392K, used 16014K [0x00000006c0000000, 0x00000006eab00000, 0x000000076ab00000)
  object space 699392K, 2% used [0x00000006c0000000,0x00000006c0fa39b8,0x00000006eab00000)
 Metaspace       used 12807K, capacity 13120K, committed 13312K, reserved 1060864K
  class space    used 1643K, capacity 1744K, committed 1792K, reserved 1048576K
}
Event: 31.483 GC heap before
{Heap before GC invocations=63 (full 0):
 PSYoungGen      total 336896K, used 329056K [0x000000076ab00000, 0x0000000780000000, 0x00000007c0000000)
  eden space 324096K, 100% used [0x000000076ab00000,0x000000077e780000,0x000000077e780000)
  from space 12800K, 38% used [0x000000077f380000,0x000000077f858010,0x0000000780000000)
  to   space 12288K, 0% used [0x000000077e780000,0x000000077e780000,0x000000077f380000)
 ParOldGen       total 699392K, used 16014K [0x00000006c0000000, 0x00000006eab00000, 0x000000076ab00000)
  object space 699392K, 2% used [0x00000006c0000000,0x00000006c0fa39b8,0x00000006eab00000)
 Metaspace       used 12811K, capacity 13120K, committed 13312K, reserved 1060864K
  class space    used 1643K, capacity 1744K, committed 1792K, reserved 1048576K
Event: 31.489 GC heap after
Heap after GC invocations=63 (full 0):
 PSYoungGen      total 336384K, used 4928K [0x000000076ab00000, 0x0000000780000000, 0x00000007c0000000)
  eden space 324096K, 0% used [0x000000076ab00000,0x000000076ab00000,0x000000077e780000)
  from space 12288K, 40% used [0x000000077e780000,0x000000077ec50010,0x000000077f380000)
  to   space 11776K, 0% used [0x000000077f480000,0x000000077f480000,0x0000000780000000)
 ParOldGen       total 699392K, used 16022K [0x00000006c0000000, 0x00000006eab00000, 0x000000076ab00000)
  object space 699392K, 2% used [0x00000006c0000000,0x00000006c0fa59b8,0x00000006eab00000)
 Metaspace       used 12811K, capacity 13120K, committed 13312K, reserved 1060864K
  class space    used 1643K, capacity 1744K, committed 1792K, reserved 1048576K
}

Deoptimization events (10 events):
Event: 3.834 Thread 0x000000001d683000 Uncommon trap: reason=unstable_if action=reinterpret pc=0x00000000024a8f88 method=java.awt.image.DirectColorModel.getDataElements(ILjava/lang/Object;)Ljava/lang/Object; @ 11
Event: 3.852 Thread 0x000000001d683000 Uncommon trap: reason=unstable_if action=reinterpret pc=0x00000000024ab910 method=java.awt.image.BufferedImage.setRGB(IIII[III)V @ 16
Event: 6.140 Thread 0x000000001d683000 Uncommon trap: reason=unstable_if action=reinterpret pc=0x000000000253181c method=br.edu.ifsp.capturer.ShowObject.getHistogram(Ljava/nio/ByteBuffer;)[F @ 29
Event: 6.147 Thread 0x000000001d683000 Uncommon trap: reason=unstable_if action=reinterpret pc=0x0000000002534a24 method=br.edu.ifsp.capturer.ShowObject.getHistogram(Ljava/nio/ByteBuffer;)[F @ 71
Event: 6.154 Thread 0x000000001d683000 Uncommon trap: reason=unstable_if action=reinterpret pc=0x0000000002532184 method=br.edu.ifsp.capturer.ShowObject.getHistogram(Ljava/nio/ByteBuffer;)[F @ 100
Event: 6.163 Thread 0x000000001d683000 Uncommon trap: reason=unstable_if action=reinterpret pc=0x00000000025367b8 method=br.edu.ifsp.capturer.ShowObject.getHistogram(Ljava/nio/ByteBuffer;)[F @ 139
Event: 6.194 Thread 0x000000001d683000 Uncommon trap: reason=unstable_if action=reinterpret pc=0x000000000253e964 method=br.edu.ifsp.capturer.ShowObject.getPixelDepthSegmentation(Ljava/nio/ShortBuffer;[F[I)[I @ 134
Event: 6.246 Thread 0x000000001d683000 Uncommon trap: reason=unstable_if action=reinterpret pc=0x000000000253d06c method=br.edu.ifsp.capturer.ShowObject.getPixelDepthSegmentation(Ljava/nio/ShortBuffer;[F[I)[I @ 65
Event: 6.303 Thread 0x000000001d683000 Uncommon trap: reason=unstable_if action=reinterpret pc=0x00000000025450c8 method=br.edu.ifsp.capturer.ShowObject.getPixelDepthSegmentation(Ljava/nio/ShortBuffer;[F[I)[I @ 65
Event: 31.549 Thread 0x000000001d683000 Uncommon trap: reason=range_check action=make_not_entrant pc=0x00000000025500b8 method=br.edu.ifsp.capturer.ShowObject.getPixelDepthSegmentation(Ljava/nio/ShortBuffer;[F[I)[I @ 110

Internal exceptions (10 events):
Event: 0.286 Thread 0x0000000002180800 Exception <a 'java/security/PrivilegedActionException'> (0x000000076ac56f70) thrown at [D:\re\workspace\8-2-build-windows-amd64-cygwin\jdk8u77\6540\hotspot\src\share\vm\prims\jvm.cpp, line 1386]
Event: 0.286 Thread 0x0000000002180800 Exception <a 'java/security/PrivilegedActionException'> (0x000000076ac57180) thrown at [D:\re\workspace\8-2-build-windows-amd64-cygwin\jdk8u77\6540\hotspot\src\share\vm\prims\jvm.cpp, line 1386]
Event: 0.287 Thread 0x0000000002180800 Exception <a 'java/security/PrivilegedActionException'> (0x000000076ac5ad28) thrown at [D:\re\workspace\8-2-build-windows-amd64-cygwin\jdk8u77\6540\hotspot\src\share\vm\prims\jvm.cpp, line 1386]
Event: 0.287 Thread 0x0000000002180800 Exception <a 'java/security/PrivilegedActionException'> (0x000000076ac5af38) thrown at [D:\re\workspace\8-2-build-windows-amd64-cygwin\jdk8u77\6540\hotspot\src\share\vm\prims\jvm.cpp, line 1386]
Event: 0.295 Thread 0x0000000002180800 Exception <a 'java/io/FileNotFoundException'> (0x000000076ac60f40) thrown at [D:\re\workspace\8-2-build-windows-amd64-cygwin\jdk8u77\6540\hotspot\src\share\vm\prims\jni.cpp, line 709]
Event: 0.338 Thread 0x0000000002180800 Exception <a 'java/lang/NoSuchFieldError': method resolution failed> (0x000000076ad2e598) thrown at [D:\re\workspace\8-2-build-windows-amd64-cygwin\jdk8u77\6540\hotspot\src\share\vm\prims\methodHandles.cpp, line 1146]
Event: 0.340 Thread 0x0000000002180800 Exception <a 'java/lang/NoSuchFieldError': method resolution failed> (0x000000076ad3b8e8) thrown at [D:\re\workspace\8-2-build-windows-amd64-cygwin\jdk8u77\6540\hotspot\src\share\vm\prims\methodHandles.cpp, line 1146]
Event: 0.421 Thread 0x0000000002180800 Exception <a 'java/io/FileNotFoundException'> (0x000000076ae1df68) thrown at [D:\re\workspace\8-2-build-windows-amd64-cygwin\jdk8u77\6540\hotspot\src\share\vm\prims\jni.cpp, line 709]
Event: 3.834 Thread 0x000000001d683000 Implicit null exception at 0x00000000024a8e99 to 0x00000000024a8f71
Event: 31.549 Thread 0x000000001d683000 Exception <a 'java/lang/ArrayIndexOutOfBoundsException': 614400> (0x000000076b000b78) thrown at [D:\re\workspace\8-2-build-windows-amd64-cygwin\jdk8u77\6540\hotspot\src\share\vm\interpreter\interpreterRuntime.cpp, line 366]

Events (10 events):
Event: 31.870 Thread 0x0000000046a13000 Thread exited: 0x0000000046a13000
Event: 31.870 Thread 0x0000000046a0f000 Thread exited: 0x0000000046a0f000
Event: 31.882 Thread 0x0000000046a10000 Thread added: 0x0000000046a10000
Event: 31.882 Thread 0x0000000046a10000 Thread exited: 0x0000000046a10000
Event: 31.896 Thread 0x0000000046a13000 Thread added: 0x0000000046a13000
Event: 31.905 Thread 0x0000000046a14800 Thread added: 0x0000000046a14800
Event: 31.905 Thread 0x0000000046a13000 Thread exited: 0x0000000046a13000
Event: 31.906 Thread 0x0000000046a14800 Thread exited: 0x0000000046a14800
Event: 31.914 Thread 0x0000000046a11800 Thread added: 0x0000000046a11800
Event: 31.914 Thread 0x0000000046a11800 Thread exited: 0x0000000046a11800


Dynamic libraries:
0x00007ff6c9f60000 - 0x00007ff6c9f97000 	C:\ProgramData\Oracle\Java\javapath\java.exe
0x00007ffb699f0000 - 0x00007ffb69bb1000 	C:\WINDOWS\SYSTEM32\ntdll.dll
0x00007ffb696b0000 - 0x00007ffb6975d000 	C:\WINDOWS\system32\KERNEL32.DLL
0x00007ffb665b0000 - 0x00007ffb66798000 	C:\WINDOWS\system32\KERNELBASE.dll
0x00007ffb69250000 - 0x00007ffb692f7000 	C:\WINDOWS\system32\ADVAPI32.dll
0x00007ffb69320000 - 0x00007ffb693bd000 	C:\WINDOWS\system32\msvcrt.dll
0x00007ffb688a0000 - 0x00007ffb688fb000 	C:\WINDOWS\system32\sechost.dll
0x00007ffb69120000 - 0x00007ffb6923c000 	C:\WINDOWS\system32\RPCRT4.dll
0x00007ffb68fc0000 - 0x00007ffb69116000 	C:\WINDOWS\system32\USER32.dll
0x00007ffb68710000 - 0x00007ffb68896000 	C:\WINDOWS\system32\GDI32.dll
0x00007ffb607d0000 - 0x00007ffb60a44000 	C:\WINDOWS\WinSxS\amd64_microsoft.windows.common-controls_6595b64144ccf1df_6.0.10586.0_none_8c15ae12515e1c22\COMCTL32.dll
0x00007ffb69760000 - 0x00007ffb699dd000 	C:\WINDOWS\system32\combase.dll
0x00007ffb66370000 - 0x00007ffb663da000 	C:\WINDOWS\system32\bcryptPrimitives.dll
0x00007ffb68900000 - 0x00007ffb6893b000 	C:\WINDOWS\system32\IMM32.DLL
0x0000000072160000 - 0x0000000072232000 	C:\Program Files\Java\jre1.8.0_77\bin\msvcr100.dll
0x0000000070fc0000 - 0x0000000071850000 	C:\Program Files\Java\jre1.8.0_77\bin\server\jvm.dll
0x00007ffb69240000 - 0x00007ffb69248000 	C:\WINDOWS\system32\PSAPI.DLL
0x00007ffb49600000 - 0x00007ffb49609000 	C:\WINDOWS\SYSTEM32\WSOCK32.dll
0x00007ffb689a0000 - 0x00007ffb68a0b000 	C:\WINDOWS\system32\WS2_32.dll
0x00007ffb64230000 - 0x00007ffb64253000 	C:\WINDOWS\SYSTEM32\WINMM.dll
0x00007ffb5ab30000 - 0x00007ffb5ab3a000 	C:\WINDOWS\SYSTEM32\VERSION.dll
0x00007ffb641d0000 - 0x00007ffb641fc000 	C:\WINDOWS\SYSTEM32\WINMMBASE.dll
0x00007ffb66270000 - 0x00007ffb662b3000 	C:\WINDOWS\system32\cfgmgr32.dll
0x0000000071e50000 - 0x0000000071e5f000 	C:\Program Files\Java\jre1.8.0_77\bin\verify.dll
0x0000000071e20000 - 0x0000000071e49000 	C:\Program Files\Java\jre1.8.0_77\bin\java.dll
0x0000000071e00000 - 0x0000000071e16000 	C:\Program Files\Java\jre1.8.0_77\bin\zip.dll
0x00007ffb66df0000 - 0x00007ffb6834c000 	C:\WINDOWS\system32\SHELL32.dll
0x00007ffb667a0000 - 0x00007ffb66de5000 	C:\WINDOWS\system32\windows.storage.dll
0x00007ffb68e50000 - 0x00007ffb68ea2000 	C:\WINDOWS\system32\shlwapi.dll
0x00007ffb66020000 - 0x00007ffb6602f000 	C:\WINDOWS\system32\kernel.appcore.dll
0x00007ffb664f0000 - 0x00007ffb665a5000 	C:\WINDOWS\system32\shcore.dll
0x00007ffb66030000 - 0x00007ffb6607b000 	C:\WINDOWS\system32\powrprof.dll
0x00007ffb66080000 - 0x00007ffb66094000 	C:\WINDOWS\system32\profapi.dll
0x0000000071c20000 - 0x0000000071db8000 	C:\Program Files\Java\jre1.8.0_77\bin\awt.dll
0x00007ffb695e0000 - 0x00007ffb696a1000 	C:\WINDOWS\system32\OLEAUT32.dll
0x00007ffb64800000 - 0x00007ffb64879000 	C:\WINDOWS\system32\apphelp.dll
0x00007ffb64920000 - 0x00007ffb649b6000 	C:\WINDOWS\system32\uxtheme.dll
0x00007ffb68500000 - 0x00007ffb6865a000 	C:\WINDOWS\system32\MSCTF.dll
0x00007ffb63f20000 - 0x00007ffb63f42000 	C:\WINDOWS\system32\dwmapi.dll
0x00007ffb69490000 - 0x00007ffb695d3000 	C:\WINDOWS\system32\ole32.dll
0x00007ffb5c3e0000 - 0x00007ffb5c3f1000 	C:\Users\Matheus da Silva\git\libLibras\OpenNI2.jni.dll
0x00007ffb55e20000 - 0x00007ffb55e8b000 	C:\Users\Matheus da Silva\git\libLibras\OpenNI2.dll
0x00007ffb55df0000 - 0x00007ffb55e20000 	C:\Users\Matheus da Silva\git\libLibras\OpenNI2\Drivers\Kinect.dll
0x00007ffb45760000 - 0x00007ffb465c1000 	C:\WINDOWS\SYSTEM32\Kinect10.dll
0x00007ffb660a0000 - 0x00007ffb66267000 	C:\WINDOWS\system32\CRYPT32.dll
0x00007ffb66010000 - 0x00007ffb66020000 	C:\WINDOWS\system32\MSASN1.dll
0x00007ffb66490000 - 0x00007ffb664e5000 	C:\WINDOWS\system32\WINTRUST.dll
0x00007ffb68a10000 - 0x00007ffb68e39000 	C:\WINDOWS\system32\SETUPAPI.dll
0x00007ffb5d2c0000 - 0x00007ffb5d328000 	C:\WINDOWS\SYSTEM32\mscoree.dll
0x00000000720c0000 - 0x0000000072158000 	C:\WINDOWS\SYSTEM32\MSVCP100.dll
0x00007ffb62c40000 - 0x00007ffb62c4b000 	C:\WINDOWS\SYSTEM32\WINUSB.DLL
0x00007ffb64b00000 - 0x00007ffb64b27000 	C:\WINDOWS\system32\DEVOBJ.dll
0x00007ffb5c2f0000 - 0x00007ffb5c388000 	C:\Windows\Microsoft.NET\Framework64\v4.0.30319\mscoreei.dll
0x00007ffb44dd0000 - 0x00007ffb45760000 	C:\Windows\Microsoft.NET\Framework64\v4.0.30319\clr.dll
0x00007ffb55cf0000 - 0x00007ffb55de7000 	C:\WINDOWS\SYSTEM32\MSVCR120_CLR0400.dll
0x00007ffb43900000 - 0x00007ffb44dc4000 	C:\WINDOWS\assembly\NativeImages_v4.0.30319_64\mscorlib\92d92fc45d341c5624e06b922e3f99dc\mscorlib.ni.dll
0x00007ffb55be0000 - 0x00007ffb55ce5000 	C:\Windows\Microsoft.NET\Framework64\v4.0.30319\clrjit.dll
0x00007ffb55b80000 - 0x00007ffb55bdb000 	C:\Users\Matheus da Silva\git\libLibras\OpenNI2\Drivers\OniFile.dll
0x00007ffb55af0000 - 0x00007ffb55b71000 	C:\Users\Matheus da Silva\git\libLibras\OpenNI2\Drivers\PS1080.dll
0x00007ffb55aa0000 - 0x00007ffb55ae1000 	C:\Users\Matheus da Silva\git\libLibras\OpenNI2\Drivers\PSLink.dll
0x00007ffb60b50000 - 0x00007ffb60b5b000 	C:\Users\Matheus da Silva\git\libLibras\NiTE2.jni.dll
0x00007ffb55010000 - 0x00007ffb55253000 	C:\Users\Matheus da Silva\git\libLibras\NiTE2.dll
0x00007ffb65990000 - 0x00007ffb659a7000 	C:\WINDOWS\SYSTEM32\CRYPTSP.dll
0x00007ffb65620000 - 0x00007ffb65654000 	C:\WINDOWS\system32\rsaenh.dll
0x00007ffb65f40000 - 0x00007ffb65f69000 	C:\WINDOWS\SYSTEM32\bcrypt.dll
0x00007ffb65ab0000 - 0x00007ffb65abb000 	C:\WINDOWS\SYSTEM32\CRYPTBASE.dll
0x00007ffb65010000 - 0x00007ffb65034000 	C:\WINDOWS\SYSTEM32\gpapi.dll
0x00007ffb5c390000 - 0x00007ffb5c3bf000 	C:\WINDOWS\SYSTEM32\cryptnet.dll
0x00007ffb60260000 - 0x00007ffb60298000 	C:\WINDOWS\SYSTEM32\IPHLPAPI.DLL
0x00007ffb602a0000 - 0x00007ffb602ab000 	C:\WINDOWS\SYSTEM32\WINNSI.DLL
0x00007ffb699e0000 - 0x00007ffb699e8000 	C:\WINDOWS\system32\NSI.dll
0x0000000071bd0000 - 0x0000000071c17000 	C:\Program Files\Java\jre1.8.0_77\bin\fontmanager.dll
0x0000000071de0000 - 0x0000000071dfa000 	C:\Program Files\Java\jre1.8.0_77\bin\net.dll
0x00007ffb658e0000 - 0x00007ffb6593c000 	C:\WINDOWS\system32\mswsock.dll
0x0000000071dc0000 - 0x0000000071dd1000 	C:\Program Files\Java\jre1.8.0_77\bin\nio.dll
0x0000000071b80000 - 0x0000000071bc2000 	C:\Program Files\Java\jre1.8.0_77\bin\t2k.dll
0x00007ffb68660000 - 0x00007ffb68707000 	C:\WINDOWS\system32\clbcatq.dll
0x00007ffb63130000 - 0x00007ffb632e1000 	C:\WINDOWS\SYSTEM32\WindowsCodecs.dll
0x00007ffb54b10000 - 0x00007ffb54b5a000 	C:\WINDOWS\system32\dataexchange.dll
0x00007ffb63c50000 - 0x00007ffb63ef8000 	C:\WINDOWS\system32\d3d11.dll
0x00007ffb643d0000 - 0x00007ffb644b3000 	C:\WINDOWS\system32\dcomp.dll
0x00007ffb63ba0000 - 0x00007ffb63c43000 	C:\WINDOWS\system32\dxgi.dll
0x00007ffb64b30000 - 0x00007ffb64c30000 	C:\WINDOWS\system32\twinapi.appcore.dll
0x00007ffb58b60000 - 0x00007ffb58cec000 	C:\WINDOWS\SYSTEM32\dbghelp.dll

VM Arguments:
jvm_args: -Xmx4096m -Xms1024m 
java_command: capturer.jar
java_class_path (initial): capturer.jar
Launcher Type: SUN_STANDARD

Environment Variables:
PATH=C:\ProgramData\Oracle\Java\javapath;C:\PROGRAM FILES\BROADCOM\BROADCOM 802.11 NETWORK ADAPTER\DRIVER;C:\PROGRAM FILES (X86)\INTEL\ICLS CLIENT\;C:\PROGRAM FILES\INTEL\ICLS CLIENT\;C:\WINDOWS\SYSTEM32;C:\WINDOWS;C:\WINDOWS\SYSTEM32\WBEM;C:\WINDOWS\SYSTEM32\WINDOWSPOWERSHELL\V1.0\;C:\PROGRAM FILES (X86)\INTEL\OPENCL SDK\2.0\BIN\X86;C:\PROGRAM FILES (X86)\INTEL\OPENCL SDK\2.0\BIN\X64;C:\PROGRAM FILES\LENOVO FINGERPRINT READER\;C:\PROGRAM FILES\LENOVO FINGERPRINT READER\X86\;C:\PROGRAMDATA\LENOVO\READYAPPS;C:\PROGRAM FILES\INTEL\INTEL(R) MANAGEMENT ENGINE COMPONENTS\DAL;C:\PROGRAM FILES\INTEL\INTEL(R) MANAGEMENT ENGINE COMPONENTS\IPT;C:\PROGRAM FILES (X86)\INTEL\INTEL(R) MANAGEMENT ENGINE COMPONENTS\DAL;C:\PROGRAM FILES (X86)\INTEL\INTEL(R) MANAGEMENT ENGINE COMPONENTS\IPT;C:\Program Files\Lenovo\Bluetooth Software\;C:\Program Files\Lenovo\Bluetooth Software\syswow64;C:\WINDOWS\system32;C:\WINDOWS;C:\WINDOWS\System32\Wbem;C:\WINDOWS\System32\WindowsPowerShell\v1.0\
USERNAME=Matheus da Silva
OS=Windows_NT
PROCESSOR_IDENTIFIER=Intel64 Family 6 Model 58 Stepping 9, GenuineIntel



---------------  S Y S T E M  ---------------

OS: Windows 10.0 , 64 bit Build 10586 (10.0.10586.0)

CPU:total 4 (2 cores per cpu, 2 threads per core) family 6 model 58 stepping 9, cmov, cx8, fxsr, mmx, sse, sse2, sse3, ssse3, sse4.1, sse4.2, popcnt, avx, clmul, erms, ht, tsc, tscinvbit, tscinv

Memory: 4k page, physical 4028644k(1067564k free), swap 6003896k(1254048k free)

vm_info: Java HotSpot(TM) 64-Bit Server VM (25.77-b03) for windows-amd64 JRE (1.8.0_77-b03), built on Mar 20 2016 22:01:33 by "java_re" with MS VC++ 10.0 (VS2010)

time: Mon Apr 11 14:37:02 2016
elapsed time: 32 seconds (0d 0h 0m 32s)

