#
# A fatal error has been detected by the Java Runtime Environment:
#
#  SIGSEGV (0xb) at pc=0x00007f8f6d0f3a27, pid=3969, tid=140253767661312
#
# JRE version: OpenJDK Runtime Environment (8.0_66-b17) (build 1.8.0_66-internal-b17)
# Java VM: OpenJDK 64-Bit Server VM (25.66-b17 mixed mode linux-amd64 compressed oops)
# Problematic frame:
# C  [libFreenectDriver.so+0x1aa27]  FreenectDriver::DepthStream::populateFrame(void*, OniFrame*) const+0x1bd
#
# Failed to write core dump. Core dumps have been disabled. To enable core dumping, try "ulimit -c unlimited" before starting Java again
#
# If you would like to submit a bug report, please visit:
#   http://bugreport.java.com/bugreport/crash.jsp
#

---------------  T H R E A D  ---------------

Current thread is native thread

siginfo: si_signo: 11 (SIGSEGV), si_code: 1 (SEGV_MAPERR), si_addr: 0x00007f902e92a5a0

Registers:
RAX=0x00007f902e92a5a0, RBX=0x00007f8f640476e0, RCX=0x0000000000007f8f, RDX=0x00007f902e92a5a2
RSP=0x00007f8f5fffe9c0, RBP=0x00007f8f5fffe9c0, RSI=0x00007f8f640b8420, RDI=0x00007f8f64045bf0
R8 =0x0000000000000000, R9 =0x00007f8f58000088, R10=0x00007f8f58000078, R11=0x0000000000000206
R12=0x00007f8f640462e0, R13=0x0000000000000000, R14=0x00007f8f64047740, R15=0x0000000000000000
RIP=0x00007f8f6d0f3a27, EFLAGS=0x0000000000010202, CSGSFS=0x0000000000000033, ERR=0x0000000000000004
  TRAPNO=0x000000000000000e

Top of Stack: (sp=0x00007f8f5fffe9c0)
0x00007f8f5fffe9c0:   00007f8f5fffea00 00007f8f6d0f9caf
0x00007f8f5fffe9d0:   0000000000067200 408c482b000000f2
0x00007f8f5fffe9e0:   00007f8f640b8420 00007f8f64045bf0
0x00007f8f5fffe9f0:   ffffffffffffea70 00007f8f58001690
0x00007f8f5fffea00:   00007f8f5fffea30 00007f8f6d0f9fe0
0x00007f8f5fffea10:   0000047800000000 408c482b640b8420
0x00007f8f5fffea20:   00007f8f640b8420 00007f8f64014660
0x00007f8f5fffea30:   00007f8f5fffea70 00007f8f6d0f95b4
0x00007f8f5fffea40:   00000008000001e0 408c482b640461f8
0x00007f8f5fffea50:   00007f8f640b8420 00007f8f64046060
0x00007f8f5fffea60:   00007f8f5fffeab0 00007f8f64014678
0x00007f8f5fffea70:   00007f8f5fffeab0 00007f8f6d0ff414
0x00007f8f5fffea80:   0000003000000020 000004785fffeb60
0x00007f8f5fffea90:   00007f8f641db5c0 00007f8f64046060
0x00007f8f5fffeaa0:   0006720000000000 00007f8f6400fde0
0x00007f8f5fffeab0:   00007f8f5fffeb00 00007f8f6d103819
0x00007f8f5fffeac0:   00007f8f6404784c 00007f8f64047740
0x00007f8f5fffead0:   0000000000000000 0000000100000000
0x00007f8f5fffeae0:   0000000000000000 00007f8f641db5c0
0x00007f8f5fffeaf0:   00007f8f64046090 00007f8f6400fde0
0x00007f8f5fffeb00:   00007f8f6400fe20 00007f8f6cec9e15
0x00007f8f5fffeb10:   0000000000000008 0000000064047840
0x00007f8f5fffeb20:   00007f8f6404784c 00007f8f640462e0
0x00007f8f5fffeb30:   0000000000000000 00007f8f640476e0
0x00007f8f5fffeb40:   000000000000000f 00007f8f58001690
0x00007f8f5fffeb50:   00007f8f64047840 00007f8f6cecf986
0x00007f8f5fffeb60:   0000000000000003 00007f8f5fffebc0
0x00007f8f5fffeb70:   00007f8f580008e0 0000000000000004
0x00007f8f5fffeb80:   00007f8f6400fe68 00007f8f6400fe20
0x00007f8f5fffeb90:   00007f8f00000001 00007f8f6cec53ea
0x00007f8f5fffeba0:   00007f8f64047718 0000000101ffec80
0x00007f8f5fffebb0:   00007f8f640462e0 00007f8f6400fe78 

Instructions: (pc=0x00007f8f6d0f3a27)
0x00007f8f6d0f3a07:   eb 71 c7 45 e4 00 00 00 00 eb 5c c7 45 e8 00 00
0x00007f8f6d0f3a17:   00 00 eb 39 48 8b 45 f0 48 8d 50 02 48 89 55 f0
0x00007f8f6d0f3a27:   0f b7 00 66 89 45 da 48 8b 45 f8 48 8d 50 02 48
0x00007f8f6d0f3a37:   89 55 f8 66 81 7d da 0f 27 77 06 0f b7 55 da eb 

Register to memory mapping:

RAX=0x00007f902e92a5a0 is an unknown value
RBX=0x00007f8f640476e0 is an unknown value
RCX=0x0000000000007f8f is an unknown value
RDX=0x00007f902e92a5a2 is an unknown value
RSP=0x00007f8f5fffe9c0 is an unknown value
RBP=0x00007f8f5fffe9c0 is an unknown value
RSI=0x00007f8f640b8420 is an unknown value
RDI=0x00007f8f64045bf0 is an unknown value
R8 =0x0000000000000000 is an unknown value
R9 =0x00007f8f58000088 is an unknown value
R10=0x00007f8f58000078 is an unknown value
R11=0x0000000000000206 is an unknown value
R12=0x00007f8f640462e0 is an unknown value
R13=0x0000000000000000 is an unknown value
R14=0x00007f8f64047740 is an unknown value
R15=0x0000000000000000 is an unknown value


Stack: [0x00007f8f5f7ff000,0x00007f8f60000000],  sp=0x00007f8f5fffe9c0,  free space=8190k
Native frames: (J=compiled Java code, j=interpreted, Vv=VM code, C=native code)
C  [libFreenectDriver.so+0x1aa27]  FreenectDriver::DepthStream::populateFrame(void*, OniFrame*) const+0x1bd
C  [libFreenectDriver.so+0x20caf]  FreenectDriver::VideoStream::buildFrame(void*, unsigned int)+0xb7
C  [libFreenectDriver.so+0x20fe0]  FreenectDriver::Device::DepthCallback(void*, unsigned int)+0x30
C  [libFreenectDriver.so+0x205b4]  Freenect::FreenectDevice::freenect_depth_callback(_freenect_device*, void*, unsigned int)+0x41
C  [libFreenectDriver.so+0x26414]  depth_process+0x20a
C  [libFreenectDriver.so+0x2a819]  iso_callback+0xfd


---------------  P R O C E S S  ---------------

VM state:not at safepoint (normal execution)

VM Mutex/Monitor currently owned by a thread: None

Heap:
 PSYoungGen      total 17920K, used 4917K [0x00000000ec400000, 0x00000000ed800000, 0x0000000100000000)
  eden space 15360K, 32% used [0x00000000ec400000,0x00000000ec8cd5b8,0x00000000ed300000)
  from space 2560K, 0% used [0x00000000ed580000,0x00000000ed580000,0x00000000ed800000)
  to   space 2560K, 0% used [0x00000000ed300000,0x00000000ed300000,0x00000000ed580000)
 ParOldGen       total 40960K, used 0K [0x00000000c4c00000, 0x00000000c7400000, 0x00000000ec400000)
  object space 40960K, 0% used [0x00000000c4c00000,0x00000000c4c00000,0x00000000c7400000)
 Metaspace       used 6308K, capacity 6568K, committed 6784K, reserved 1056768K
  class space    used 693K, capacity 774K, committed 896K, reserved 1048576K

Card table byte_map: [0x00007f8fccac5000,0x00007f8fccca0000] byte_map_base: 0x00007f8fcc49f000

Marking Bits: (ParMarkBitMap*) 0x00007f8fcf8a1000
 Begin Bits: [0x00007f8faa260000, 0x00007f8fab130000)
 End Bits:   [0x00007f8fab130000, 0x00007f8fac000000)

Polling page: 0x00007f8fd06f1000

CodeCache: size=245760Kb used=1659Kb max_used=1659Kb free=244101Kb
 bounds [0x00007f8fb9000000, 0x00007f8fb9270000, 0x00007f8fc8000000]
 total_blobs=696 nmethods=274 adapters=337
 compilation: enabled

Compilation events (10 events):
Event: 0,306 Thread 0x00007f8fc80b2800  270       3       java.lang.StringCoding::access$000 (6 bytes)
Event: 0,306 Thread 0x00007f8fc80b2800 nmethod 270 0x00007f8fb919c810 code [0x00007f8fb919c980, 0x00007f8fb919cb30]
Event: 0,306 Thread 0x00007f8fc80b2800  271       3       java.lang.StringCoding::scale (7 bytes)
Event: 0,306 Thread 0x00007f8fc80b2800 nmethod 271 0x00007f8fb919cbd0 code [0x00007f8fb919cd40, 0x00007f8fb919ceb0]
Event: 0,313 Thread 0x00007f8fc80b2800  272       3       java.util.ArrayList::rangeCheck (22 bytes)
Event: 0,314 Thread 0x00007f8fc80b2800 nmethod 272 0x00007f8fb919cf10 code [0x00007f8fb919d120, 0x00007f8fb919dbf8]
Event: 0,314 Thread 0x00007f8fc80b2800  273       3       java.util.ArrayList::elementData (7 bytes)
Event: 0,314 Thread 0x00007f8fc80b2800 nmethod 273 0x00007f8fb919e1d0 code [0x00007f8fb919e340, 0x00007f8fb919e4b0]
Event: 0,314 Thread 0x00007f8fc80b2800  274       1       java.net.URL::getRef (5 bytes)
Event: 0,314 Thread 0x00007f8fc80b2800 nmethod 274 0x00007f8fb919e590 code [0x00007f8fb919e6e0, 0x00007f8fb919e7f0]

GC Heap History (0 events):
No events

Deoptimization events (0 events):
No events

Internal exceptions (10 events):
Event: 0,101 Thread 0x00007f8fc800a000 Exception <a 'java/security/PrivilegedActionException'> (0x00000000ec4e06d8) thrown at [/build/openjdk-8-aAuh2m/openjdk-8-8u66-b17/src/hotspot/src/share/vm/prims/jvm.cpp, line 1386]
Event: 0,101 Thread 0x00007f8fc800a000 Exception <a 'java/security/PrivilegedActionException'> (0x00000000ec4e08e8) thrown at [/build/openjdk-8-aAuh2m/openjdk-8-8u66-b17/src/hotspot/src/share/vm/prims/jvm.cpp, line 1386]
Event: 0,102 Thread 0x00007f8fc800a000 Exception <a 'java/security/PrivilegedActionException'> (0x00000000ec4e2950) thrown at [/build/openjdk-8-aAuh2m/openjdk-8-8u66-b17/src/hotspot/src/share/vm/prims/jvm.cpp, line 1386]
Event: 0,102 Thread 0x00007f8fc800a000 Exception <a 'java/security/PrivilegedActionException'> (0x00000000ec4e2b60) thrown at [/build/openjdk-8-aAuh2m/openjdk-8-8u66-b17/src/hotspot/src/share/vm/prims/jvm.cpp, line 1386]
Event: 0,102 Thread 0x00007f8fc800a000 Exception <a 'java/security/PrivilegedActionException'> (0x00000000ec4e3630) thrown at [/build/openjdk-8-aAuh2m/openjdk-8-8u66-b17/src/hotspot/src/share/vm/prims/jvm.cpp, line 1386]
Event: 0,102 Thread 0x00007f8fc800a000 Exception <a 'java/security/PrivilegedActionException'> (0x00000000ec4e3840) thrown at [/build/openjdk-8-aAuh2m/openjdk-8-8u66-b17/src/hotspot/src/share/vm/prims/jvm.cpp, line 1386]
Event: 0,169 Thread 0x00007f8fc800a000 Exception <a 'java/lang/NoSuchFieldError': method resolution failed> (0x00000000ec609400) thrown at [/build/openjdk-8-aAuh2m/openjdk-8-8u66-b17/src/hotspot/src/share/vm/prims/methodHandles.cpp, line 1146]
Event: 0,172 Thread 0x00007f8fc800a000 Exception <a 'java/lang/NoSuchFieldError': method resolution failed> (0x00000000ec616c00) thrown at [/build/openjdk-8-aAuh2m/openjdk-8-8u66-b17/src/hotspot/src/share/vm/prims/methodHandles.cpp, line 1146]
Event: 0,202 Thread 0x00007f8fc800a000 Exception <a 'java/io/FileNotFoundException'> (0x00000000ec6945b0) thrown at [/build/openjdk-8-aAuh2m/openjdk-8-8u66-b17/src/hotspot/src/share/vm/prims/jni.cpp, line 709]
Event: 0,221 Thread 0x00007f8fc800a000 Exception <a 'java/lang/ClassNotFoundException': sun/dc/DuctusRenderingEngine> (0x00000000ec6a3440) thrown at [/build/openjdk-8-aAuh2m/openjdk-8-8u66-b17/src/hotspot/src/share/vm/classfile/systemDictionary.cpp, line 210]

Events (10 events):
Event: 0,305 loading class org/openni/NativeMethods
Event: 0,305 loading class org/openni/NativeMethods done
Event: 0,305 loading class java/lang/UnsupportedOperationException
Event: 0,305 loading class java/lang/UnsupportedOperationException done
Event: 0,305 loading class java/lang/ClassLoaderHelper
Event: 0,305 loading class java/lang/ClassLoaderHelper done
Event: 0,313 loading class com/primesense/nite/NiTE
Event: 0,313 loading class com/primesense/nite/NiTE done
Event: 0,313 loading class com/primesense/nite/NativeMethods
Event: 0,313 loading class com/primesense/nite/NativeMethods done


Dynamic libraries:
00400000-00401000 r-xp 00000000 08:07 1315507                            /usr/lib/jvm/java-8-openjdk-amd64/jre/bin/java
00600000-00601000 r--p 00000000 08:07 1315507                            /usr/lib/jvm/java-8-openjdk-amd64/jre/bin/java
00601000-00602000 rw-p 00001000 08:07 1315507                            /usr/lib/jvm/java-8-openjdk-amd64/jre/bin/java
02017000-02038000 rw-p 00000000 00:00 0                                  [heap]
c4c00000-c7400000 rw-p 00000000 00:00 0 
c7400000-ec400000 ---p 00000000 00:00 0 
ec400000-ed800000 rw-p 00000000 00:00 0 
ed800000-100000000 ---p 00000000 00:00 0 
100000000-1000e0000 rw-p 00000000 00:00 0 
1000e0000-140000000 ---p 00000000 00:00 0 
7f8f58000000-7f8f580bf000 rw-p 00000000 00:00 0 
7f8f580bf000-7f8f5c000000 ---p 00000000 00:00 0 
7f8f5d13e000-7f8f5e1b8000 rw-p 00000000 00:00 0 
7f8f5e1b8000-7f8f5e1b9000 ---p 00000000 00:00 0 
7f8f5e1b9000-7f8f5f11f000 rw-p 00000000 00:00 0                          [stack:3997]
7f8f5f11f000-7f8f5f5e9000 r-xp 00000000 08:07 1722061                    /usr/local/lib/libNiTE2.so
7f8f5f5e9000-7f8f5f7e9000 ---p 004ca000 08:07 1722061                    /usr/local/lib/libNiTE2.so
7f8f5f7e9000-7f8f5f7f5000 r--p 004ca000 08:07 1722061                    /usr/local/lib/libNiTE2.so
7f8f5f7f5000-7f8f5f7f7000 rw-p 004d6000 08:07 1722061                    /usr/local/lib/libNiTE2.so
7f8f5f7f7000-7f8f5f7ff000 rw-p 00000000 00:00 0 
7f8f5f7ff000-7f8f5f800000 ---p 00000000 00:00 0 
7f8f5f800000-7f8f60000000 rw-p 00000000 00:00 0                          [stack:3996]
7f8f60000000-7f8f60021000 rw-p 00000000 00:00 0 
7f8f60021000-7f8f64000000 ---p 00000000 00:00 0 
7f8f64000000-7f8f64eed000 rw-p 00000000 00:00 0 
7f8f64eed000-7f8f68000000 ---p 00000000 00:00 0 
7f8f68000000-7f8f68021000 rw-p 00000000 00:00 0 
7f8f68021000-7f8f6c000000 ---p 00000000 00:00 0 
7f8f6c038000-7f8f6c03f000 r-xp 00000000 08:07 2387278                    /home/matheus/Documentos/NiTE/NiTE-Linux-x64-2.2/Redist/libNiTE2.jni.so
7f8f6c03f000-7f8f6c23e000 ---p 00007000 08:07 2387278                    /home/matheus/Documentos/NiTE/NiTE-Linux-x64-2.2/Redist/libNiTE2.jni.so
7f8f6c23e000-7f8f6c23f000 r--p 00006000 08:07 2387278                    /home/matheus/Documentos/NiTE/NiTE-Linux-x64-2.2/Redist/libNiTE2.jni.so
7f8f6c23f000-7f8f6c240000 rw-p 00007000 08:07 2387278                    /home/matheus/Documentos/NiTE/NiTE-Linux-x64-2.2/Redist/libNiTE2.jni.so
7f8f6c240000-7f8f6c298000 r-xp 00000000 08:07 2239998                    /usr/local/lib/OpenNI2/Drivers/libOpenNI2.so
7f8f6c298000-7f8f6c498000 ---p 00058000 08:07 2239998                    /usr/local/lib/OpenNI2/Drivers/libOpenNI2.so
7f8f6c498000-7f8f6c49a000 r--p 00058000 08:07 2239998                    /usr/local/lib/OpenNI2/Drivers/libOpenNI2.so
7f8f6c49a000-7f8f6c49b000 rw-p 0005a000 08:07 2239998                    /usr/local/lib/OpenNI2/Drivers/libOpenNI2.so
7f8f6c49b000-7f8f6c4bc000 rw-p 00000000 00:00 0 
7f8f6c4bc000-7f8f6c4bf000 r-xp 00000000 08:07 2239989                    /usr/local/lib/OpenNI2/Drivers/libMWClosestPoint.so
7f8f6c4bf000-7f8f6c6be000 ---p 00003000 08:07 2239989                    /usr/local/lib/OpenNI2/Drivers/libMWClosestPoint.so
7f8f6c6be000-7f8f6c6bf000 r--p 00002000 08:07 2239989                    /usr/local/lib/OpenNI2/Drivers/libMWClosestPoint.so
7f8f6c6bf000-7f8f6c6c0000 rw-p 00003000 08:07 2239989                    /usr/local/lib/OpenNI2/Drivers/libMWClosestPoint.so
7f8f6c6c0000-7f8f6c6c1000 ---p 00000000 00:00 0 
7f8f6c6c1000-7f8f6cec1000 rw-p 00000000 00:00 0                          [stack:3995]
7f8f6cec1000-7f8f6ced8000 r-xp 00000000 08:07 5378114                    /lib/x86_64-linux-gnu/libusb-1.0.so.0.1.0
7f8f6ced8000-7f8f6d0d7000 ---p 00017000 08:07 5378114                    /lib/x86_64-linux-gnu/libusb-1.0.so.0.1.0
7f8f6d0d7000-7f8f6d0d8000 r--p 00016000 08:07 5378114                    /lib/x86_64-linux-gnu/libusb-1.0.so.0.1.0
7f8f6d0d8000-7f8f6d0d9000 rw-p 00017000 08:07 5378114                    /lib/x86_64-linux-gnu/libusb-1.0.so.0.1.0
7f8f6d0d9000-7f8f6d119000 r-xp 00000000 08:07 2233908                    /usr/local/lib/OpenNI2/Drivers/libFreenectDriver.so
7f8f6d119000-7f8f6d319000 ---p 00040000 08:07 2233908                    /usr/local/lib/OpenNI2/Drivers/libFreenectDriver.so
7f8f6d319000-7f8f6d31a000 r--p 00040000 08:07 2233908                    /usr/local/lib/OpenNI2/Drivers/libFreenectDriver.so
7f8f6d31a000-7f8f6d31c000 rw-p 00041000 08:07 2233908                    /usr/local/lib/OpenNI2/Drivers/libFreenectDriver.so
7f8f6d31c000-7f8f6d374000 r-xp 00000000 08:07 1718583                    /usr/local/lib/libOpenNI2.so
7f8f6d374000-7f8f6d574000 ---p 00058000 08:07 1718583                    /usr/local/lib/libOpenNI2.so
7f8f6d574000-7f8f6d576000 r--p 00058000 08:07 1718583                    /usr/local/lib/libOpenNI2.so
7f8f6d576000-7f8f6d577000 rw-p 0005a000 08:07 1718583                    /usr/local/lib/libOpenNI2.so
7f8f6d577000-7f8f6d598000 rw-p 00000000 00:00 0 
7f8f6d598000-7f8f6d5a0000 r-xp 00000000 08:07 3281331                    /home/matheus/Documentos/OpenNI/OpenNI-Linux-x64-2.2/Tools/libOpenNI2.jni.so
7f8f6d5a0000-7f8f6d79f000 ---p 00008000 08:07 3281331                    /home/matheus/Documentos/OpenNI/OpenNI-Linux-x64-2.2/Tools/libOpenNI2.jni.so
7f8f6d79f000-7f8f6d7a0000 r--p 00007000 08:07 3281331                    /home/matheus/Documentos/OpenNI/OpenNI-Linux-x64-2.2/Tools/libOpenNI2.jni.so
7f8f6d7a0000-7f8f6d7a1000 rw-p 00008000 08:07 3281331                    /home/matheus/Documentos/OpenNI/OpenNI-Linux-x64-2.2/Tools/libOpenNI2.jni.so
7f8f6d7a1000-7f8f6d7a4000 ---p 00000000 00:00 0 
7f8f6d7a4000-7f8f6d8a2000 rw-p 00000000 00:00 0                          [stack:3994]
7f8f6d8a2000-7f8f6d8a5000 ---p 00000000 00:00 0 
7f8f6d8a5000-7f8f6d9a3000 rw-p 00000000 00:00 0                          [stack:3993]
7f8f6d9a3000-7f8f6d9a6000 ---p 00000000 00:00 0 
7f8f6d9a6000-7f8f6daa4000 rw-p 00000000 00:00 0                          [stack:3992]
7f8f6daa4000-7f8f6dac7000 r-xp 00000000 08:07 1311175                    /usr/lib/x86_64-linux-gnu/libgraphite2.so.3.0.1
7f8f6dac7000-7f8f6dcc6000 ---p 00023000 08:07 1311175                    /usr/lib/x86_64-linux-gnu/libgraphite2.so.3.0.1
7f8f6dcc6000-7f8f6dcc8000 r--p 00022000 08:07 1311175                    /usr/lib/x86_64-linux-gnu/libgraphite2.so.3.0.1
7f8f6dcc8000-7f8f6dcc9000 rw-p 00024000 08:07 1311175                    /usr/lib/x86_64-linux-gnu/libgraphite2.so.3.0.1
7f8f6dcc9000-7f8f6dcdb000 r-xp 00000000 08:07 5378228                    /lib/x86_64-linux-gnu/libgpg-error.so.0.15.0
7f8f6dcdb000-7f8f6deda000 ---p 00012000 08:07 5378228                    /lib/x86_64-linux-gnu/libgpg-error.so.0.15.0
7f8f6deda000-7f8f6dedb000 r--p 00011000 08:07 5378228                    /lib/x86_64-linux-gnu/libgpg-error.so.0.15.0
7f8f6dedb000-7f8f6dedc000 rw-p 00012000 08:07 5378228                    /lib/x86_64-linux-gnu/libgpg-error.so.0.15.0
7f8f6dedc000-7f8f6dee2000 r-xp 00000000 08:07 1317954                    /usr/lib/x86_64-linux-gnu/libdatrie.so.1.3.2
7f8f6dee2000-7f8f6e0e1000 ---p 00006000 08:07 1317954                    /usr/lib/x86_64-linux-gnu/libdatrie.so.1.3.2
7f8f6e0e1000-7f8f6e0e2000 r--p 00005000 08:07 1317954                    /usr/lib/x86_64-linux-gnu/libdatrie.so.1.3.2
7f8f6e0e2000-7f8f6e0e3000 rw-p 00006000 08:07 1317954                    /usr/lib/x86_64-linux-gnu/libdatrie.so.1.3.2
7f8f6e0e3000-7f8f6e13f000 r-xp 00000000 08:07 1313843                    /usr/lib/x86_64-linux-gnu/libharfbuzz.so.0.10000.1
7f8f6e13f000-7f8f6e33f000 ---p 0005c000 08:07 1313843                    /usr/lib/x86_64-linux-gnu/libharfbuzz.so.0.10000.1
7f8f6e33f000-7f8f6e340000 r--p 0005c000 08:07 1313843                    /usr/lib/x86_64-linux-gnu/libharfbuzz.so.0.10000.1
7f8f6e340000-7f8f6e341000 rw-p 0005d000 08:07 1313843                    /usr/lib/x86_64-linux-gnu/libharfbuzz.so.0.10000.1
7f8f6e341000-7f8f6e419000 r-xp 00000000 08:07 5374042                    /lib/x86_64-linux-gnu/libgcrypt.so.20.0.3
7f8f6e419000-7f8f6e619000 ---p 000d8000 08:07 5374042                    /lib/x86_64-linux-gnu/libgcrypt.so.20.0.3
7f8f6e619000-7f8f6e61a000 r--p 000d8000 08:07 5374042                    /lib/x86_64-linux-gnu/libgcrypt.so.20.0.3
7f8f6e61a000-7f8f6e622000 rw-p 000d9000 08:07 5374042                    /lib/x86_64-linux-gnu/libgcrypt.so.20.0.3
7f8f6e622000-7f8f6e623000 rw-p 00000000 00:00 0 
7f8f6e623000-7f8f6e644000 r-xp 00000000 08:07 5378213                    /lib/x86_64-linux-gnu/liblzma.so.5.0.0
7f8f6e644000-7f8f6e843000 ---p 00021000 08:07 5378213                    /lib/x86_64-linux-gnu/liblzma.so.5.0.0
7f8f6e843000-7f8f6e844000 r--p 00020000 08:07 5378213                    /lib/x86_64-linux-gnu/liblzma.so.5.0.0
7f8f6e844000-7f8f6e845000 rw-p 00021000 08:07 5378213                    /lib/x86_64-linux-gnu/liblzma.so.5.0.0
7f8f6e845000-7f8f6e84d000 r-xp 00000000 08:07 1324371                    /usr/lib/x86_64-linux-gnu/libxcb-render.so.0.0.0
7f8f6e84d000-7f8f6ea4d000 ---p 00008000 08:07 1324371                    /usr/lib/x86_64-linux-gnu/libxcb-render.so.0.0.0
7f8f6ea4d000-7f8f6ea4e000 r--p 00008000 08:07 1324371                    /usr/lib/x86_64-linux-gnu/libxcb-render.so.0.0.0
7f8f6ea4e000-7f8f6ea4f000 rw-p 00009000 08:07 1324371                    /usr/lib/x86_64-linux-gnu/libxcb-render.so.0.0.0
7f8f6ea4f000-7f8f6ea51000 r-xp 00000000 08:07 1324374                    /usr/lib/x86_64-linux-gnu/libxcb-shm.so.0.0.0
7f8f6ea51000-7f8f6ec51000 ---p 00002000 08:07 1324374                    /usr/lib/x86_64-linux-gnu/libxcb-shm.so.0.0.0
7f8f6ec51000-7f8f6ec52000 r--p 00002000 08:07 1324374                    /usr/lib/x86_64-linux-gnu/libxcb-shm.so.0.0.0
7f8f6ec52000-7f8f6ec53000 rw-p 00003000 08:07 1324374                    /usr/lib/x86_64-linux-gnu/libxcb-shm.so.0.0.0
7f8f6ec53000-7f8f6ecf8000 r-xp 00000000 08:07 1313745                    /usr/lib/x86_64-linux-gnu/libpixman-1.so.0.32.6
7f8f6ecf8000-7f8f6eef7000 ---p 000a5000 08:07 1313745                    /usr/lib/x86_64-linux-gnu/libpixman-1.so.0.32.6
7f8f6eef7000-7f8f6eeff000 r--p 000a4000 08:07 1313745                    /usr/lib/x86_64-linux-gnu/libpixman-1.so.0.32.6
7f8f6eeff000-7f8f6ef00000 rw-p 000ac000 08:07 1313745                    /usr/lib/x86_64-linux-gnu/libpixman-1.so.0.32.6
7f8f6ef00000-7f8f6ef26000 r-xp 00000000 08:07 5374002                    /lib/x86_64-linux-gnu/libexpat.so.1.6.0
7f8f6ef26000-7f8f6f126000 ---p 00026000 08:07 5374002                    /lib/x86_64-linux-gnu/libexpat.so.1.6.0
7f8f6f126000-7f8f6f128000 r--p 00026000 08:07 5374002                    /lib/x86_64-linux-gnu/libexpat.so.1.6.0
7f8f6f128000-7f8f6f129000 rw-p 00028000 08:07 5374002                    /lib/x86_64-linux-gnu/libexpat.so.1.6.0
7f8f6f129000-7f8f6f140000 r-xp 00000000 08:07 5376666                    /lib/x86_64-linux-gnu/libresolv-2.21.so
7f8f6f140000-7f8f6f340000 ---p 00017000 08:07 5376666                    /lib/x86_64-linux-gnu/libresolv-2.21.so
7f8f6f340000-7f8f6f341000 r--p 00017000 08:07 5376666                    /lib/x86_64-linux-gnu/libresolv-2.21.so
7f8f6f341000-7f8f6f342000 rw-p 00018000 08:07 5376666                    /lib/x86_64-linux-gnu/libresolv-2.21.so
7f8f6f342000-7f8f6f344000 rw-p 00000000 00:00 0 
7f8f6f344000-7f8f6f365000 r-xp 00000000 08:07 5374056                    /lib/x86_64-linux-gnu/libselinux.so.1
7f8f6f365000-7f8f6f564000 ---p 00021000 08:07 5374056                    /lib/x86_64-linux-gnu/libselinux.so.1
7f8f6f564000-7f8f6f565000 r--p 00020000 08:07 5374056                    /lib/x86_64-linux-gnu/libselinux.so.1
7f8f6f565000-7f8f6f566000 rw-p 00021000 08:07 5374056                    /lib/x86_64-linux-gnu/libselinux.so.1
7f8f6f566000-7f8f6f568000 rw-p 00000000 00:00 0 
7f8f6f568000-7f8f6f570000 r-xp 00000000 08:07 1311101                    /usr/lib/x86_64-linux-gnu/libthai.so.0.2.2
7f8f6f570000-7f8f6f76f000 ---p 00008000 08:07 1311101                    /usr/lib/x86_64-linux-gnu/libthai.so.0.2.2
7f8f6f76f000-7f8f6f770000 r--p 00007000 08:07 1311101                    /usr/lib/x86_64-linux-gnu/libthai.so.0.2.2
7f8f6f770000-7f8f6f771000 rw-p 00008000 08:07 1311101                    /usr/lib/x86_64-linux-gnu/libthai.so.0.2.2
7f8f6f771000-7f8f6f774000 r-xp 00000000 08:07 1313114                    /usr/lib/x86_64-linux-gnu/libgmodule-2.0.so.0.4600.2
7f8f6f774000-7f8f6f973000 ---p 00003000 08:07 1313114                    /usr/lib/x86_64-linux-gnu/libgmodule-2.0.so.0.4600.2
7f8f6f973000-7f8f6f974000 r--p 00002000 08:07 1313114                    /usr/lib/x86_64-linux-gnu/libgmodule-2.0.so.0.4600.2
7f8f6f974000-7f8f6f975000 rw-p 00003000 08:07 1313114                    /usr/lib/x86_64-linux-gnu/libgmodule-2.0.so.0.4600.2
7f8f6f975000-7f8f6f989000 r-xp 00000000 08:07 1311347                    /usr/lib/x86_64-linux-gnu/libpangoft2-1.0.so.0.3600.8
7f8f6f989000-7f8f6fb89000 ---p 00014000 08:07 1311347                    /usr/lib/x86_64-linux-gnu/libpangoft2-1.0.so.0.3600.8
7f8f6fb89000-7f8f6fb8a000 r--p 00014000 08:07 1311347                    /usr/lib/x86_64-linux-gnu/libpangoft2-1.0.so.0.3600.8
7f8f6fb8a000-7f8f6fb8b000 rw-p 00015000 08:07 1311347                    /usr/lib/x86_64-linux-gnu/libpangoft2-1.0.so.0.3600.8
7f8f6fb8b000-7f8f6fbf7000 r-xp 00000000 08:07 5378454                    /lib/x86_64-linux-gnu/libpcre.so.3.13.1
7f8f6fbf7000-7f8f6fdf6000 ---p 0006c000 08:07 5378454                    /lib/x86_64-linux-gnu/libpcre.so.3.13.1
7f8f6fdf6000-7f8f6fdf7000 r--p 0006b000 08:07 5378454                    /lib/x86_64-linux-gnu/libpcre.so.3.13.1
7f8f6fdf7000-7f8f6fdf8000 rw-p 0006c000 08:07 5378454                    /lib/x86_64-linux-gnu/libpcre.so.3.13.1
7f8f6fdf8000-7f8f6fdff000 r-xp 00000000 08:07 1311734                    /usr/lib/x86_64-linux-gnu/libffi.so.6.0.4
7f8f6fdff000-7f8f6fffe000 ---p 00007000 08:07 1311734                    /usr/lib/x86_64-linux-gnu/libffi.so.6.0.4
7f8f6fffe000-7f8f6ffff000 r--p 00006000 08:07 1311734                    /usr/lib/x86_64-linux-gnu/libffi.so.6.0.4
7f8f6ffff000-7f8f70000000 rw-p 00007000 08:07 1311734                    /usr/lib/x86_64-linux-gnu/libffi.so.6.0.4
7f8f70000000-7f8f70021000 rw-p 00000000 00:00 0 
7f8f70021000-7f8f74000000 ---p 00000000 00:00 0 
7f8f74000000-7f8f74021000 rw-p 00000000 00:00 0 
7f8f74021000-7f8f78000000 ---p 00000000 00:00 0 
7f8f78000000-7f8f78021000 rw-p 00000000 00:00 0 
7f8f78021000-7f8f7c000000 ---p 00000000 00:00 0 
7f8f7c000000-7f8f7c021000 rw-p 00000000 00:00 0 
7f8f7c021000-7f8f80000000 ---p 00000000 00:00 0 
7f8f80000000-7f8f8002f000 rw-p 00000000 00:00 0 
7f8f8002f000-7f8f8013d000 r-xp 00000000 08:07 1320441                    /usr/lib/x86_64-linux-gnu/libcairo.so.2.11400.2
7f8f8013d000-7f8f8033c000 ---p 0010e000 08:07 1320441                    /usr/lib/x86_64-linux-gnu/libcairo.so.2.11400.2
7f8f8033c000-7f8f8033f000 r--p 0010d000 08:07 1320441                    /usr/lib/x86_64-linux-gnu/libcairo.so.2.11400.2
7f8f8033f000-7f8f80340000 rw-p 00110000 08:07 1320441                    /usr/lib/x86_64-linux-gnu/libcairo.so.2.11400.2
7f8f80340000-7f8f80342000 rw-p 00000000 00:00 0 
7f8f80342000-7f8f80344000 r-xp 00000000 08:07 1319341                    /usr/lib/x86_64-linux-gnu/libXdamage.so.1.1.0
7f8f80344000-7f8f80543000 ---p 00002000 08:07 1319341                    /usr/lib/x86_64-linux-gnu/libXdamage.so.1.1.0
7f8f80543000-7f8f80544000 r--p 00001000 08:07 1319341                    /usr/lib/x86_64-linux-gnu/libXdamage.so.1.1.0
7f8f80544000-7f8f80545000 rw-p 00002000 08:07 1319341                    /usr/lib/x86_64-linux-gnu/libXdamage.so.1.1.0
7f8f80545000-7f8f80547000 r-xp 00000000 08:07 1319337                    /usr/lib/x86_64-linux-gnu/libXcomposite.so.1.0.0
7f8f80547000-7f8f80746000 ---p 00002000 08:07 1319337                    /usr/lib/x86_64-linux-gnu/libXcomposite.so.1.0.0
7f8f80746000-7f8f80747000 r--p 00001000 08:07 1319337                    /usr/lib/x86_64-linux-gnu/libXcomposite.so.1.0.0
7f8f80747000-7f8f80748000 rw-p 00002000 08:07 1319337                    /usr/lib/x86_64-linux-gnu/libXcomposite.so.1.0.0
7f8f80748000-7f8f80752000 r-xp 00000000 08:07 1322375                    /usr/lib/x86_64-linux-gnu/libXrandr.so.2.2.0
7f8f80752000-7f8f80951000 ---p 0000a000 08:07 1322375                    /usr/lib/x86_64-linux-gnu/libXrandr.so.2.2.0
7f8f80951000-7f8f80952000 r--p 00009000 08:07 1322375                    /usr/lib/x86_64-linux-gnu/libXrandr.so.2.2.0
7f8f80952000-7f8f80953000 rw-p 0000a000 08:07 1322375                    /usr/lib/x86_64-linux-gnu/libXrandr.so.2.2.0
7f8f80953000-7f8f80955000 r-xp 00000000 08:07 1319355                    /usr/lib/x86_64-linux-gnu/libXinerama.so.1.0.0
7f8f80955000-7f8f80b54000 ---p 00002000 08:07 1319355                    /usr/lib/x86_64-linux-gnu/libXinerama.so.1.0.0
7f8f80b54000-7f8f80b55000 r--p 00001000 08:07 1319355                    /usr/lib/x86_64-linux-gnu/libXinerama.so.1.0.0
7f8f80b55000-7f8f80b56000 rw-p 00002000 08:07 1319355                    /usr/lib/x86_64-linux-gnu/libXinerama.so.1.0.0
7f8f80b56000-7f8f80b92000 r-xp 00000000 08:07 1310757                    /usr/lib/x86_64-linux-gnu/libfontconfig.so.1.8.0
7f8f80b92000-7f8f80d91000 ---p 0003c000 08:07 1310757                    /usr/lib/x86_64-linux-gnu/libfontconfig.so.1.8.0
7f8f80d91000-7f8f80d93000 r--p 0003b000 08:07 1310757                    /usr/lib/x86_64-linux-gnu/libfontconfig.so.1.8.0
7f8f80d93000-7f8f80d94000 rw-p 0003d000 08:07 1310757                    /usr/lib/x86_64-linux-gnu/libfontconfig.so.1.8.0
7f8f80d94000-7f8f80f0e000 r-xp 00000000 08:07 1313108                    /usr/lib/x86_64-linux-gnu/libgio-2.0.so.0.4600.2
7f8f80f0e000-7f8f8110d000 ---p 0017a000 08:07 1313108                    /usr/lib/x86_64-linux-gnu/libgio-2.0.so.0.4600.2
7f8f8110d000-7f8f81111000 r--p 00179000 08:07 1313108                    /usr/lib/x86_64-linux-gnu/libgio-2.0.so.0.4600.2
7f8f81111000-7f8f81113000 rw-p 0017d000 08:07 1313108                    /usr/lib/x86_64-linux-gnu/libgio-2.0.so.0.4600.2
7f8f81113000-7f8f81115000 rw-p 00000000 00:00 0 
7f8f81115000-7f8f81136000 r-xp 00000000 08:07 1313995                    /usr/lib/x86_64-linux-gnu/libgdk_pixbuf-2.0.so.0.3200.1
7f8f81136000-7f8f81335000 ---p 00021000 08:07 1313995                    /usr/lib/x86_64-linux-gnu/libgdk_pixbuf-2.0.so.0.3200.1
7f8f81335000-7f8f81336000 r--p 00020000 08:07 1313995                    /usr/lib/x86_64-linux-gnu/libgdk_pixbuf-2.0.so.0.3200.1
7f8f81336000-7f8f81337000 rw-p 00021000 08:07 1313995                    /usr/lib/x86_64-linux-gnu/libgdk_pixbuf-2.0.so.0.3200.1
7f8f81337000-7f8f81382000 r-xp 00000000 08:07 1311391                    /usr/lib/x86_64-linux-gnu/libpango-1.0.so.0.3600.8
7f8f81382000-7f8f81582000 ---p 0004b000 08:07 1311391                    /usr/lib/x86_64-linux-gnu/libpango-1.0.so.0.3600.8
7f8f81582000-7f8f81584000 r--p 0004b000 08:07 1311391                    /usr/lib/x86_64-linux-gnu/libpango-1.0.so.0.3600.8
7f8f81584000-7f8f81585000 rw-p 0004d000 08:07 1311391                    /usr/lib/x86_64-linux-gnu/libpango-1.0.so.0.3600.8
7f8f81585000-7f8f81591000 r-xp 00000000 08:07 1311119                    /usr/lib/x86_64-linux-gnu/libpangocairo-1.0.so.0.3600.8
7f8f81591000-7f8f81790000 ---p 0000c000 08:07 1311119                    /usr/lib/x86_64-linux-gnu/libpangocairo-1.0.so.0.3600.8
7f8f81790000-7f8f81791000 r--p 0000b000 08:07 1311119                    /usr/lib/x86_64-linux-gnu/libpangocairo-1.0.so.0.3600.8
7f8f81791000-7f8f81792000 rw-p 0000c000 08:07 1311119                    /usr/lib/x86_64-linux-gnu/libpangocairo-1.0.so.0.3600.8
7f8f81792000-7f8f817dc000 r-xp 00000000 08:07 5378102                    /lib/x86_64-linux-gnu/libdbus-1.so.3.14.3
7f8f817dc000-7f8f819dc000 ---p 0004a000 08:07 5378102                    /lib/x86_64-linux-gnu/libdbus-1.so.3.14.3
7f8f819dc000-7f8f819dd000 r--p 0004a000 08:07 5378102                    /lib/x86_64-linux-gnu/libdbus-1.so.3.14.3
7f8f819dd000-7f8f819de000 rw-p 0004b000 08:07 5378102                    /lib/x86_64-linux-gnu/libdbus-1.so.3.14.3
7f8f819de000-7f8f81a0a000 r-xp 00000000 08:07 1318497                    /usr/lib/x86_64-linux-gnu/libatspi.so.0.0.1
7f8f81a0a000-7f8f81c0a000 ---p 0002c000 08:07 1318497                    /usr/lib/x86_64-linux-gnu/libatspi.so.0.0.1
7f8f81c0a000-7f8f81c0e000 r--p 0002c000 08:07 1318497                    /usr/lib/x86_64-linux-gnu/libatspi.so.0.0.1
7f8f81c0e000-7f8f81c0f000 rw-p 00030000 08:07 1318497                    /usr/lib/x86_64-linux-gnu/libatspi.so.0.0.1
7f8f81c0f000-7f8f81d1c000 r-xp 00000000 08:07 5375973                    /lib/x86_64-linux-gnu/libglib-2.0.so.0.4600.2
7f8f81d1c000-7f8f81f1b000 ---p 0010d000 08:07 5375973                    /lib/x86_64-linux-gnu/libglib-2.0.so.0.4600.2
7f8f81f1b000-7f8f81f1c000 r--p 0010c000 08:07 5375973                    /lib/x86_64-linux-gnu/libglib-2.0.so.0.4600.2
7f8f81f1c000-7f8f81f1d000 rw-p 0010d000 08:07 5375973                    /lib/x86_64-linux-gnu/libglib-2.0.so.0.4600.2
7f8f81f1d000-7f8f81f1e000 rw-p 00000000 00:00 0 
7f8f81f1e000-7f8f81f70000 r-xp 00000000 08:07 1313118                    /usr/lib/x86_64-linux-gnu/libgobject-2.0.so.0.4600.2
7f8f81f70000-7f8f8216f000 ---p 00052000 08:07 1313118                    /usr/lib/x86_64-linux-gnu/libgobject-2.0.so.0.4600.2
7f8f8216f000-7f8f82170000 r--p 00051000 08:07 1313118                    /usr/lib/x86_64-linux-gnu/libgobject-2.0.so.0.4600.2
7f8f82170000-7f8f82171000 rw-p 00052000 08:07 1313118                    /usr/lib/x86_64-linux-gnu/libgobject-2.0.so.0.4600.2
7f8f82171000-7f8f82221000 r-xp 00000000 08:07 1313152                    /usr/lib/x86_64-linux-gnu/libgdk-x11-2.0.so.0.2400.28
7f8f82221000-7f8f82420000 ---p 000b0000 08:07 1313152                    /usr/lib/x86_64-linux-gnu/libgdk-x11-2.0.so.0.2400.28
7f8f82420000-7f8f82424000 r--p 000af000 08:07 1313152                    /usr/lib/x86_64-linux-gnu/libgdk-x11-2.0.so.0.2400.28
7f8f82424000-7f8f82426000 rw-p 000b3000 08:07 1313152                    /usr/lib/x86_64-linux-gnu/libgdk-x11-2.0.so.0.2400.28
7f8f82426000-7f8f82452000 r-xp 00000000 08:07 1316922                    /usr/lib/x86_64-linux-gnu/libatk-bridge-2.0.so.0.0.0
7f8f82452000-7f8f82652000 ---p 0002c000 08:07 1316922                    /usr/lib/x86_64-linux-gnu/libatk-bridge-2.0.so.0.0.0
7f8f82652000-7f8f82653000 r--p 0002c000 08:07 1316922                    /usr/lib/x86_64-linux-gnu/libatk-bridge-2.0.so.0.0.0
7f8f82653000-7f8f82655000 rw-p 0002d000 08:07 1316922                    /usr/lib/x86_64-linux-gnu/libatk-bridge-2.0.so.0.0.0
7f8f82655000-7f8f82677000 r-xp 00000000 08:07 1320430                    /usr/lib/x86_64-linux-gnu/libatk-1.0.so.0.21609.1
7f8f82677000-7f8f82876000 ---p 00022000 08:07 1320430                    /usr/lib/x86_64-linux-gnu/libatk-1.0.so.0.21609.1
7f8f82876000-7f8f82879000 r--p 00021000 08:07 1320430                    /usr/lib/x86_64-linux-gnu/libatk-1.0.so.0.21609.1
7f8f82879000-7f8f8287a000 rw-p 00024000 08:07 1320430                    /usr/lib/x86_64-linux-gnu/libatk-1.0.so.0.21609.1
7f8f8287a000-7f8f82890000 r-xp 00000000 08:07 1315485                    /usr/lib/x86_64-linux-gnu/jni/libatk-wrapper.so.6.0.0
7f8f82890000-7f8f82a90000 ---p 00016000 08:07 1315485                    /usr/lib/x86_64-linux-gnu/jni/libatk-wrapper.so.6.0.0
7f8f82a90000-7f8f82a91000 r--p 00016000 08:07 1315485                    /usr/lib/x86_64-linux-gnu/jni/libatk-wrapper.so.6.0.0
7f8f82a91000-7f8f82a92000 rw-p 00017000 08:07 1315485                    /usr/lib/x86_64-linux-gnu/jni/libatk-wrapper.so.6.0.0
7f8f82a92000-7f8f82a95000 ---p 00000000 00:00 0 
7f8f82a95000-7f8f82b93000 rw-p 00000000 00:00 0                          [stack:3989]
7f8f82b93000-7f8f82b98000 r-xp 00000000 08:07 1319347                    /usr/lib/x86_64-linux-gnu/libXfixes.so.3.1.0
7f8f82b98000-7f8f82d97000 ---p 00005000 08:07 1319347                    /usr/lib/x86_64-linux-gnu/libXfixes.so.3.1.0
7f8f82d97000-7f8f82d98000 r--p 00004000 08:07 1319347                    /usr/lib/x86_64-linux-gnu/libXfixes.so.3.1.0
7f8f82d98000-7f8f82d99000 rw-p 00005000 08:07 1319347                    /usr/lib/x86_64-linux-gnu/libXfixes.so.3.1.0
7f8f82d99000-7f8f82da2000 r-xp 00000000 08:07 1319339                    /usr/lib/x86_64-linux-gnu/libXcursor.so.1.0.2
7f8f82da2000-7f8f82fa1000 ---p 00009000 08:07 1319339                    /usr/lib/x86_64-linux-gnu/libXcursor.so.1.0.2
7f8f82fa1000-7f8f82fa2000 r--p 00008000 08:07 1319339                    /usr/lib/x86_64-linux-gnu/libXcursor.so.1.0.2
7f8f82fa2000-7f8f82fa3000 rw-p 00009000 08:07 1319339                    /usr/lib/x86_64-linux-gnu/libXcursor.so.1.0.2
7f8f82fa3000-7f8f82fa6000 ---p 00000000 00:00 0 
7f8f82fa6000-7f8f830a4000 rw-p 00000000 00:00 0                          [stack:3988]
7f8f830a4000-7f8f830c9000 r-xp 00000000 08:07 5373979                    /lib/x86_64-linux-gnu/libpng12.so.0.51.0
7f8f830c9000-7f8f832c8000 ---p 00025000 08:07 5373979                    /lib/x86_64-linux-gnu/libpng12.so.0.51.0
7f8f832c8000-7f8f832c9000 r--p 00024000 08:07 5373979                    /lib/x86_64-linux-gnu/libpng12.so.0.51.0
7f8f832c9000-7f8f832ca000 rw-p 00025000 08:07 5373979                    /lib/x86_64-linux-gnu/libpng12.so.0.51.0
7f8f832ca000-7f8f8336a000 r-xp 00000000 08:07 1328925                    /usr/lib/x86_64-linux-gnu/libfreetype.so.6.11.1
7f8f8336a000-7f8f83569000 ---p 000a0000 08:07 1328925                    /usr/lib/x86_64-linux-gnu/libfreetype.so.6.11.1
7f8f83569000-7f8f8356f000 r--p 0009f000 08:07 1328925                    /usr/lib/x86_64-linux-gnu/libfreetype.so.6.11.1
7f8f8356f000-7f8f83570000 rw-p 000a5000 08:07 1328925                    /usr/lib/x86_64-linux-gnu/libfreetype.so.6.11.1
7f8f83570000-7f8f835c2000 r-xp 00000000 08:07 1316358                    /usr/lib/jvm/java-8-openjdk-amd64/jre/lib/amd64/libfontmanager.so
7f8f835c2000-7f8f837c2000 ---p 00052000 08:07 1316358                    /usr/lib/jvm/java-8-openjdk-amd64/jre/lib/amd64/libfontmanager.so
7f8f837c2000-7f8f837c4000 r--p 00052000 08:07 1316358                    /usr/lib/jvm/java-8-openjdk-amd64/jre/lib/amd64/libfontmanager.so
7f8f837c4000-7f8f837c5000 rw-p 00054000 08:07 1316358                    /usr/lib/jvm/java-8-openjdk-amd64/jre/lib/amd64/libfontmanager.so
7f8f837c5000-7f8f837ca000 r-xp 00000000 08:07 1318428                    /usr/lib/x86_64-linux-gnu/libXdmcp.so.6.0.0
7f8f837ca000-7f8f839c9000 ---p 00005000 08:07 1318428                    /usr/lib/x86_64-linux-gnu/libXdmcp.so.6.0.0
7f8f839c9000-7f8f839ca000 r--p 00004000 08:07 1318428                    /usr/lib/x86_64-linux-gnu/libXdmcp.so.6.0.0
7f8f839ca000-7f8f839cb000 rw-p 00005000 08:07 1318428                    /usr/lib/x86_64-linux-gnu/libXdmcp.so.6.0.0
7f8f839cb000-7f8f839cd000 r-xp 00000000 08:07 1319332                    /usr/lib/x86_64-linux-gnu/libXau.so.6.0.0
7f8f839cd000-7f8f83bcd000 ---p 00002000 08:07 1319332                    /usr/lib/x86_64-linux-gnu/libXau.so.6.0.0
7f8f83bcd000-7f8f83bce000 r--p 00002000 08:07 1319332                    /usr/lib/x86_64-linux-gnu/libXau.so.6.0.0
7f8f83bce000-7f8f83bcf000 rw-p 00003000 08:07 1319332                    /usr/lib/x86_64-linux-gnu/libXau.so.6.0.0
7f8f83bcf000-7f8f83bef000 r-xp 00000000 08:07 1322492                    /usr/lib/x86_64-linux-gnu/libxcb.so.1.1.0
7f8f83bef000-7f8f83dee000 ---p 00020000 08:07 1322492                    /usr/lib/x86_64-linux-gnu/libxcb.so.1.1.0
7f8f83dee000-7f8f83def000 r--p 0001f000 08:07 1322492                    /usr/lib/x86_64-linux-gnu/libxcb.so.1.1.0
7f8f83def000-7f8f83df0000 rw-p 00020000 08:07 1322492                    /usr/lib/x86_64-linux-gnu/libxcb.so.1.1.0
7f8f83df0000-7f8f83dff000 r-xp 00000000 08:07 1319353                    /usr/lib/x86_64-linux-gnu/libXi.so.6.1.0
7f8f83dff000-7f8f83ffe000 ---p 0000f000 08:07 1319353                    /usr/lib/x86_64-linux-gnu/libXi.so.6.1.0
7f8f83ffe000-7f8f83fff000 r--p 0000e000 08:07 1319353                    /usr/lib/x86_64-linux-gnu/libXi.so.6.1.0
7f8f83fff000-7f8f84000000 rw-p 0000f000 08:07 1319353                    /usr/lib/x86_64-linux-gnu/libXi.so.6.1.0
7f8f84000000-7f8f841b5000 rw-p 00000000 00:00 0 
7f8f841b5000-7f8f88000000 ---p 00000000 00:00 0 
7f8f88000000-7f8f88021000 rw-p 00000000 00:00 0 
7f8f88021000-7f8f8c000000 ---p 00000000 00:00 0 
7f8f8c000000-7f8f8c03a000 rw-p 00000000 00:00 0 
7f8f8c03a000-7f8f90000000 ---p 00000000 00:00 0 
7f8f90000000-7f8f9014c000 rw-p 00000000 00:00 0 
7f8f9014c000-7f8f94000000 ---p 00000000 00:00 0 
7f8f94000000-7f8f94021000 rw-p 00000000 00:00 0 
7f8f94021000-7f8f98000000 ---p 00000000 00:00 0 
7f8f98000000-7f8f98021000 rw-p 00000000 00:00 0 
7f8f98021000-7f8f9c000000 ---p 00000000 00:00 0 
7f8f9c000000-7f8f9c021000 rw-p 00000000 00:00 0 
7f8f9c021000-7f8fa0000000 ---p 00000000 00:00 0 
7f8fa0000000-7f8fa0021000 rw-p 00000000 00:00 0 
7f8fa0021000-7f8fa4000000 ---p 00000000 00:00 0 
7f8fa4000000-7f8fa4021000 rw-p 00000000 00:00 0 
7f8fa4021000-7f8fa8000000 ---p 00000000 00:00 0 
7f8fa8026000-7f8fa8043000 r-xp 00000000 08:07 5373957                    /lib/x86_64-linux-gnu/libudev.so.1.6.4
7f8fa8043000-7f8fa8044000 r--p 0001c000 08:07 5373957                    /lib/x86_64-linux-gnu/libudev.so.1.6.4
7f8fa8044000-7f8fa8045000 rw-p 0001d000 08:07 5373957                    /lib/x86_64-linux-gnu/libudev.so.1.6.4
7f8fa8045000-7f8fa80c2000 r-xp 00000000 08:07 5377914                    /lib/x86_64-linux-gnu/libsystemd.so.0.10.2
7f8fa80c2000-7f8fa80c5000 r--p 0007c000 08:07 5377914                    /lib/x86_64-linux-gnu/libsystemd.so.0.10.2
7f8fa80c5000-7f8fa80c6000 rw-p 0007f000 08:07 5377914                    /lib/x86_64-linux-gnu/libsystemd.so.0.10.2
7f8fa80c6000-7f8fa80c9000 ---p 00000000 00:00 0 
7f8fa80c9000-7f8fa80ff000 rw-p 00000000 00:00 0                          [stack:3991]
7f8fa80ff000-7f8fa8104000 r-xp 00000000 08:07 1319373                    /usr/lib/x86_64-linux-gnu/libXtst.so.6.1.0
7f8fa8104000-7f8fa8303000 ---p 00005000 08:07 1319373                    /usr/lib/x86_64-linux-gnu/libXtst.so.6.1.0
7f8fa8303000-7f8fa8304000 r--p 00004000 08:07 1319373                    /usr/lib/x86_64-linux-gnu/libXtst.so.6.1.0
7f8fa8304000-7f8fa8305000 rw-p 00005000 08:07 1319373                    /usr/lib/x86_64-linux-gnu/libXtst.so.6.1.0
7f8fa8305000-7f8fa830e000 r-xp 00000000 08:07 1324368                    /usr/lib/x86_64-linux-gnu/libXrender.so.1.3.0
7f8fa830e000-7f8fa850d000 ---p 00009000 08:07 1324368                    /usr/lib/x86_64-linux-gnu/libXrender.so.1.3.0
7f8fa850d000-7f8fa850e000 r--p 00008000 08:07 1324368                    /usr/lib/x86_64-linux-gnu/libXrender.so.1.3.0
7f8fa850e000-7f8fa850f000 rw-p 00009000 08:07 1324368                    /usr/lib/x86_64-linux-gnu/libXrender.so.1.3.0
7f8fa850f000-7f8fa8644000 r-xp 00000000 08:07 1322574                    /usr/lib/x86_64-linux-gnu/libX11.so.6.3.0
7f8fa8644000-7f8fa8844000 ---p 00135000 08:07 1322574                    /usr/lib/x86_64-linux-gnu/libX11.so.6.3.0
7f8fa8844000-7f8fa8845000 r--p 00135000 08:07 1322574                    /usr/lib/x86_64-linux-gnu/libX11.so.6.3.0
7f8fa8845000-7f8fa8849000 rw-p 00136000 08:07 1322574                    /usr/lib/x86_64-linux-gnu/libX11.so.6.3.0
7f8fa8849000-7f8fa885a000 r-xp 00000000 08:07 1315678                    /usr/lib/x86_64-linux-gnu/libXext.so.6.4.0
7f8fa885a000-7f8fa8a59000 ---p 00011000 08:07 1315678                    /usr/lib/x86_64-linux-gnu/libXext.so.6.4.0
7f8fa8a59000-7f8fa8a5a000 r--p 00010000 08:07 1315678                    /usr/lib/x86_64-linux-gnu/libXext.so.6.4.0
7f8fa8a5a000-7f8fa8a5b000 rw-p 00011000 08:07 1315678                    /usr/lib/x86_64-linux-gnu/libXext.so.6.4.0
7f8fa8a5b000-7f8fa8ab2000 r-xp 00000000 08:07 1316346                    /usr/lib/jvm/java-8-openjdk-amd64/jre/lib/amd64/libawt_xawt.so
7f8fa8ab2000-7f8fa8cb1000 ---p 00057000 08:07 1316346                    /usr/lib/jvm/java-8-openjdk-amd64/jre/lib/amd64/libawt_xawt.so
7f8fa8cb1000-7f8fa8cb2000 r--p 00056000 08:07 1316346                    /usr/lib/jvm/java-8-openjdk-amd64/jre/lib/amd64/libawt_xawt.so
7f8fa8cb2000-7f8fa8cb5000 rw-p 00057000 08:07 1316346                    /usr/lib/jvm/java-8-openjdk-amd64/jre/lib/amd64/libawt_xawt.so
7f8fa8cb5000-7f8fa8cb6000 rw-p 00000000 00:00 0 
7f8fa8cb6000-7f8fa8d55000 r-xp 00000000 08:07 1316354                    /usr/lib/jvm/java-8-openjdk-amd64/jre/lib/amd64/libawt.so
7f8fa8d55000-7f8fa8f54000 ---p 0009f000 08:07 1316354                    /usr/lib/jvm/java-8-openjdk-amd64/jre/lib/amd64/libawt.so
7f8fa8f54000-7f8fa8f55000 r--p 0009e000 08:07 1316354                    /usr/lib/jvm/java-8-openjdk-amd64/jre/lib/amd64/libawt.so
7f8fa8f55000-7f8fa8f60000 rw-p 0009f000 08:07 1316354                    /usr/lib/jvm/java-8-openjdk-amd64/jre/lib/amd64/libawt.so
7f8fa8f60000-7f8fa8f85000 rw-p 00000000 00:00 0 
7f8fa8f85000-7f8fa8f86000 ---p 00000000 00:00 0 
7f8fa8f86000-7f8fa9086000 rw-p 00000000 00:00 0                          [stack:3987]
7f8fa9086000-7f8fa9089000 ---p 00000000 00:00 0 
7f8fa9089000-7f8fa9187000 rw-p 00000000 00:00 0                          [stack:3986]
7f8fa9187000-7f8fa918a000 ---p 00000000 00:00 0 
7f8fa918a000-7f8fa9288000 rw-p 00000000 00:00 0                          [stack:3985]
7f8fa9288000-7f8fa928b000 ---p 00000000 00:00 0 
7f8fa928b000-7f8fa9389000 rw-p 00000000 00:00 0                          [stack:3984]
7f8fa9389000-7f8fa938c000 ---p 00000000 00:00 0 
7f8fa938c000-7f8fa948a000 rw-p 00000000 00:00 0                          [stack:3983]
7f8fa948a000-7f8fa948d000 ---p 00000000 00:00 0 
7f8fa948d000-7f8fa958b000 rw-p 00000000 00:00 0                          [stack:3982]
7f8fa958b000-7f8fa9856000 r--p 00000000 08:07 1312471                    /usr/lib/locale/locale-archive
7f8fa9856000-7f8fa9859000 ---p 00000000 00:00 0 
7f8fa9859000-7f8fa9957000 rw-p 00000000 00:00 0                          [stack:3981]
7f8fa9957000-7f8fa995a000 ---p 00000000 00:00 0 
7f8fa995a000-7f8fa9a58000 rw-p 00000000 00:00 0                          [stack:3980]
7f8fa9a58000-7f8fa9a59000 ---p 00000000 00:00 0 
7f8fa9a59000-7f8fac000000 rw-p 00000000 00:00 0                          [stack:3979]
7f8fac000000-7f8fac021000 rw-p 00000000 00:00 0 
7f8fac021000-7f8fb0000000 ---p 00000000 00:00 0 
7f8fb0000000-7f8fb0021000 rw-p 00000000 00:00 0 
7f8fb0021000-7f8fb4000000 ---p 00000000 00:00 0 
7f8fb4000000-7f8fb4021000 rw-p 00000000 00:00 0 
7f8fb4021000-7f8fb8000000 ---p 00000000 00:00 0 
7f8fb801d000-7f8fb801e000 rw-p 00000000 00:00 0 
7f8fb801e000-7f8fb8021000 r--p 00000000 08:07 1836436                    /usr/share/locale-langpack/pt_BR/LC_MESSAGES/atk10.mo
7f8fb8021000-7f8fb8034000 r--s 00346000 08:07 1316399                    /usr/lib/jvm/java-8-openjdk-amd64/jre/lib/resources.jar
7f8fb8034000-7f8fb803b000 r--s 00000000 08:07 1574466                    /usr/lib/x86_64-linux-gnu/gconv/gconv-modules.cache
7f8fb803b000-7f8fb805d000 r--p 00000000 08:07 1836826                    /usr/share/locale-langpack/pt_BR/LC_MESSAGES/libc.mo
7f8fb805d000-7f8fb805f000 r--s 0000c000 08:07 3285872                    /home/matheus/.p2/pool/plugins/org.hamcrest.core_1.3.0.v201303031735.jar
7f8fb805f000-7f8fb807b000 r--s 00393000 08:07 1316324                    /usr/lib/jvm/java-8-openjdk-amd64/jre/lib/ext/cldrdata.jar
7f8fb807b000-7f8fb8096000 r--s 001d4000 08:07 1316341                    /usr/lib/jvm/java-8-openjdk-amd64/jre/lib/ext/nashorn.jar
7f8fb8096000-7f8fb8dc0000 rw-p 00000000 00:00 0 
7f8fb8dc0000-7f8fb9000000 ---p 00000000 00:00 0 
7f8fb9000000-7f8fb9270000 rwxp 00000000 00:00 0 
7f8fb9270000-7f8fc8000000 ---p 00000000 00:00 0 
7f8fc8000000-7f8fc829b000 rw-p 00000000 00:00 0 
7f8fc829b000-7f8fcc000000 ---p 00000000 00:00 0 
7f8fcc000000-7f8fcc008000 r--s 00045000 08:07 3285881                    /home/matheus/.p2/pool/plugins/org.junit_4.12.0.v201504281640/junit.jar
7f8fcc008000-7f8fcc00e000 r--s 002f8000 08:07 1316320                    /usr/lib/jvm/java-8-openjdk-amd64/jre/lib/charsets.jar
7f8fcc00e000-7f8fcc00f000 r--s 00005000 08:07 2361112                    /home/matheus/workspace/libLibras/lib/com.primesense.nite.jar
7f8fcc00f000-7f8fcc011000 r--s 00004000 08:07 2361113                    /home/matheus/workspace/libLibras/lib/org.openni.jar
7f8fcc011000-7f8fcc012000 r--s 0000a000 08:07 1316332                    /usr/lib/jvm/java-8-openjdk-amd64/jre/lib/ext/jaccess.jar
7f8fcc012000-7f8fcc018000 r--s 0003a000 08:07 1316334                    /usr/lib/jvm/java-8-openjdk-amd64/jre/lib/ext/sunjce_provider.jar
7f8fcc018000-7f8fcc01a000 r--s 00001000 08:07 1316339                    /usr/lib/jvm/java-8-openjdk-amd64/jre/lib/ext/dnsns.jar
7f8fcc01a000-7f8fcc168000 rw-p 00000000 00:00 0 
7f8fcc168000-7f8fcc335000 r--s 03be8000 08:07 1316343                    /usr/lib/jvm/java-8-openjdk-amd64/jre/lib/rt.jar
7f8fcc335000-7f8fcc585000 rw-p 00000000 00:00 0 
7f8fcc585000-7f8fcc586000 ---p 00000000 00:00 0 
7f8fcc586000-7f8fcc686000 rw-p 00000000 00:00 0                          [stack:3978]
7f8fcc686000-7f8fcc687000 ---p 00000000 00:00 0 
7f8fcc687000-7f8fcc787000 rw-p 00000000 00:00 0                          [stack:3977]
7f8fcc787000-7f8fcc788000 ---p 00000000 00:00 0 
7f8fcc788000-7f8fcc888000 rw-p 00000000 00:00 0                          [stack:3976]
7f8fcc888000-7f8fcc889000 ---p 00000000 00:00 0 
7f8fcc889000-7f8fcc99d000 rw-p 00000000 00:00 0                          [stack:3975]
7f8fcc99d000-7f8fccac5000 ---p 00000000 00:00 0 
7f8fccac5000-7f8fccad9000 rw-p 00000000 00:00 0 
7f8fccad9000-7f8fccc01000 ---p 00000000 00:00 0 
7f8fccc01000-7f8fccc0b000 rw-p 00000000 00:00 0 
7f8fccc0b000-7f8fccc9f000 ---p 00000000 00:00 0 
7f8fccc9f000-7f8fcccaa000 rw-p 00000000 00:00 0 
7f8fcccaa000-7f8fcd060000 ---p 00000000 00:00 0 
7f8fcd060000-7f8fcd068000 r-xp 00000000 08:07 1316353                    /usr/lib/jvm/java-8-openjdk-amd64/jre/lib/amd64/libzip.so
7f8fcd068000-7f8fcd267000 ---p 00008000 08:07 1316353                    /usr/lib/jvm/java-8-openjdk-amd64/jre/lib/amd64/libzip.so
7f8fcd267000-7f8fcd268000 r--p 00007000 08:07 1316353                    /usr/lib/jvm/java-8-openjdk-amd64/jre/lib/amd64/libzip.so
7f8fcd268000-7f8fcd269000 rw-p 00008000 08:07 1316353                    /usr/lib/jvm/java-8-openjdk-amd64/jre/lib/amd64/libzip.so
7f8fcd269000-7f8fcd275000 r-xp 00000000 08:07 5376649                    /lib/x86_64-linux-gnu/libnss_files-2.21.so
7f8fcd275000-7f8fcd474000 ---p 0000c000 08:07 5376649                    /lib/x86_64-linux-gnu/libnss_files-2.21.so
7f8fcd474000-7f8fcd475000 r--p 0000b000 08:07 5376649                    /lib/x86_64-linux-gnu/libnss_files-2.21.so
7f8fcd475000-7f8fcd476000 rw-p 0000c000 08:07 5376649                    /lib/x86_64-linux-gnu/libnss_files-2.21.so
7f8fcd476000-7f8fcd481000 r-xp 00000000 08:07 5376660                    /lib/x86_64-linux-gnu/libnss_nis-2.21.so
7f8fcd481000-7f8fcd680000 ---p 0000b000 08:07 5376660                    /lib/x86_64-linux-gnu/libnss_nis-2.21.so
7f8fcd680000-7f8fcd681000 r--p 0000a000 08:07 5376660                    /lib/x86_64-linux-gnu/libnss_nis-2.21.so
7f8fcd681000-7f8fcd682000 rw-p 0000b000 08:07 5376660                    /lib/x86_64-linux-gnu/libnss_nis-2.21.so
7f8fcd682000-7f8fcd699000 r-xp 00000000 08:07 5376654                    /lib/x86_64-linux-gnu/libnsl-2.21.so
7f8fcd699000-7f8fcd898000 ---p 00017000 08:07 5376654                    /lib/x86_64-linux-gnu/libnsl-2.21.so
7f8fcd898000-7f8fcd899000 r--p 00016000 08:07 5376654                    /lib/x86_64-linux-gnu/libnsl-2.21.so
7f8fcd899000-7f8fcd89a000 rw-p 00017000 08:07 5376654                    /lib/x86_64-linux-gnu/libnsl-2.21.so
7f8fcd89a000-7f8fcd89c000 rw-p 00000000 00:00 0 
7f8fcd89c000-7f8fcd8a4000 r-xp 00000000 08:07 5376650                    /lib/x86_64-linux-gnu/libnss_compat-2.21.so
7f8fcd8a4000-7f8fcdaa3000 ---p 00008000 08:07 5376650                    /lib/x86_64-linux-gnu/libnss_compat-2.21.so
7f8fcdaa3000-7f8fcdaa4000 r--p 00007000 08:07 5376650                    /lib/x86_64-linux-gnu/libnss_compat-2.21.so
7f8fcdaa4000-7f8fcdaa5000 rw-p 00008000 08:07 5376650                    /lib/x86_64-linux-gnu/libnss_compat-2.21.so
7f8fcdaa5000-7f8fcdad2000 r-xp 00000000 08:07 1316361                    /usr/lib/jvm/java-8-openjdk-amd64/jre/lib/amd64/libjava.so
7f8fcdad2000-7f8fcdcd1000 ---p 0002d000 08:07 1316361                    /usr/lib/jvm/java-8-openjdk-amd64/jre/lib/amd64/libjava.so
7f8fcdcd1000-7f8fcdcd2000 r--p 0002c000 08:07 1316361                    /usr/lib/jvm/java-8-openjdk-amd64/jre/lib/amd64/libjava.so
7f8fcdcd2000-7f8fcdcd4000 rw-p 0002d000 08:07 1316361                    /usr/lib/jvm/java-8-openjdk-amd64/jre/lib/amd64/libjava.so
7f8fcdcd4000-7f8fcdce3000 r-xp 00000000 08:07 1316374                    /usr/lib/jvm/java-8-openjdk-amd64/jre/lib/amd64/libverify.so
7f8fcdce3000-7f8fcdee2000 ---p 0000f000 08:07 1316374                    /usr/lib/jvm/java-8-openjdk-amd64/jre/lib/amd64/libverify.so
7f8fcdee2000-7f8fcdee4000 r--p 0000e000 08:07 1316374                    /usr/lib/jvm/java-8-openjdk-amd64/jre/lib/amd64/libverify.so
7f8fcdee4000-7f8fcdee5000 rw-p 00010000 08:07 1316374                    /usr/lib/jvm/java-8-openjdk-amd64/jre/lib/amd64/libverify.so
7f8fcdee5000-7f8fcdeec000 r-xp 00000000 08:07 5376642                    /lib/x86_64-linux-gnu/librt-2.21.so
7f8fcdeec000-7f8fce0eb000 ---p 00007000 08:07 5376642                    /lib/x86_64-linux-gnu/librt-2.21.so
7f8fce0eb000-7f8fce0ec000 r--p 00006000 08:07 5376642                    /lib/x86_64-linux-gnu/librt-2.21.so
7f8fce0ec000-7f8fce0ed000 rw-p 00007000 08:07 5376642                    /lib/x86_64-linux-gnu/librt-2.21.so
7f8fce0ed000-7f8fce103000 r-xp 00000000 08:07 5373993                    /lib/x86_64-linux-gnu/libgcc_s.so.1
7f8fce103000-7f8fce302000 ---p 00016000 08:07 5373993                    /lib/x86_64-linux-gnu/libgcc_s.so.1
7f8fce302000-7f8fce303000 r--p 00015000 08:07 5373993                    /lib/x86_64-linux-gnu/libgcc_s.so.1
7f8fce303000-7f8fce304000 rw-p 00016000 08:07 5373993                    /lib/x86_64-linux-gnu/libgcc_s.so.1
7f8fce304000-7f8fce40b000 r-xp 00000000 08:07 5376662                    /lib/x86_64-linux-gnu/libm-2.21.so
7f8fce40b000-7f8fce60a000 ---p 00107000 08:07 5376662                    /lib/x86_64-linux-gnu/libm-2.21.so
7f8fce60a000-7f8fce60b000 r--p 00106000 08:07 5376662                    /lib/x86_64-linux-gnu/libm-2.21.so
7f8fce60b000-7f8fce60c000 rw-p 00107000 08:07 5376662                    /lib/x86_64-linux-gnu/libm-2.21.so
7f8fce60c000-7f8fce77f000 r-xp 00000000 08:07 1311415                    /usr/lib/x86_64-linux-gnu/libstdc++.so.6.0.21
7f8fce77f000-7f8fce97e000 ---p 00173000 08:07 1311415                    /usr/lib/x86_64-linux-gnu/libstdc++.so.6.0.21
7f8fce97e000-7f8fce988000 r--p 00172000 08:07 1311415                    /usr/lib/x86_64-linux-gnu/libstdc++.so.6.0.21
7f8fce988000-7f8fce98a000 rw-p 0017c000 08:07 1311415                    /usr/lib/x86_64-linux-gnu/libstdc++.so.6.0.21
7f8fce98a000-7f8fce98e000 rw-p 00000000 00:00 0 
7f8fce98e000-7f8fcf5d3000 r-xp 00000000 08:07 1316368                    /usr/lib/jvm/java-8-openjdk-amd64/jre/lib/amd64/server/libjvm.so
7f8fcf5d3000-7f8fcf7d2000 ---p 00c45000 08:07 1316368                    /usr/lib/jvm/java-8-openjdk-amd64/jre/lib/amd64/server/libjvm.so
7f8fcf7d2000-7f8fcf865000 r--p 00c44000 08:07 1316368                    /usr/lib/jvm/java-8-openjdk-amd64/jre/lib/amd64/server/libjvm.so
7f8fcf865000-7f8fcf88d000 rw-p 00cd7000 08:07 1316368                    /usr/lib/jvm/java-8-openjdk-amd64/jre/lib/amd64/server/libjvm.so
7f8fcf88d000-7f8fcf8bc000 rw-p 00000000 00:00 0 
7f8fcf8bc000-7f8fcf8d4000 r-xp 00000000 08:07 5376648                    /lib/x86_64-linux-gnu/libpthread-2.21.so
7f8fcf8d4000-7f8fcfad4000 ---p 00018000 08:07 5376648                    /lib/x86_64-linux-gnu/libpthread-2.21.so
7f8fcfad4000-7f8fcfad5000 r--p 00018000 08:07 5376648                    /lib/x86_64-linux-gnu/libpthread-2.21.so
7f8fcfad5000-7f8fcfad6000 rw-p 00019000 08:07 5376648                    /lib/x86_64-linux-gnu/libpthread-2.21.so
7f8fcfad6000-7f8fcfada000 rw-p 00000000 00:00 0 
7f8fcfada000-7f8fcfadd000 r-xp 00000000 08:07 5376659                    /lib/x86_64-linux-gnu/libdl-2.21.so
7f8fcfadd000-7f8fcfcdc000 ---p 00003000 08:07 5376659                    /lib/x86_64-linux-gnu/libdl-2.21.so
7f8fcfcdc000-7f8fcfcdd000 r--p 00002000 08:07 5376659                    /lib/x86_64-linux-gnu/libdl-2.21.so
7f8fcfcdd000-7f8fcfcde000 rw-p 00003000 08:07 5376659                    /lib/x86_64-linux-gnu/libdl-2.21.so
7f8fcfcde000-7f8fcfcf7000 r-xp 00000000 08:07 5373997                    /lib/x86_64-linux-gnu/libz.so.1.2.8
7f8fcfcf7000-7f8fcfef6000 ---p 00019000 08:07 5373997                    /lib/x86_64-linux-gnu/libz.so.1.2.8
7f8fcfef6000-7f8fcfef7000 r--p 00018000 08:07 5373997                    /lib/x86_64-linux-gnu/libz.so.1.2.8
7f8fcfef7000-7f8fcfef8000 rw-p 00019000 08:07 5373997                    /lib/x86_64-linux-gnu/libz.so.1.2.8
7f8fcfef8000-7f8fd00b8000 r-xp 00000000 08:07 5376663                    /lib/x86_64-linux-gnu/libc-2.21.so
7f8fd00b8000-7f8fd02b8000 ---p 001c0000 08:07 5376663                    /lib/x86_64-linux-gnu/libc-2.21.so
7f8fd02b8000-7f8fd02bc000 r--p 001c0000 08:07 5376663                    /lib/x86_64-linux-gnu/libc-2.21.so
7f8fd02bc000-7f8fd02be000 rw-p 001c4000 08:07 5376663                    /lib/x86_64-linux-gnu/libc-2.21.so
7f8fd02be000-7f8fd02c2000 rw-p 00000000 00:00 0 
7f8fd02c2000-7f8fd02cf000 r-xp 00000000 08:07 1316375                    /usr/lib/jvm/java-8-openjdk-amd64/jre/lib/amd64/jli/libjli.so
7f8fd02cf000-7f8fd04cf000 ---p 0000d000 08:07 1316375                    /usr/lib/jvm/java-8-openjdk-amd64/jre/lib/amd64/jli/libjli.so
7f8fd04cf000-7f8fd04d0000 r--p 0000d000 08:07 1316375                    /usr/lib/jvm/java-8-openjdk-amd64/jre/lib/amd64/jli/libjli.so
7f8fd04d0000-7f8fd04d1000 rw-p 0000e000 08:07 1316375                    /usr/lib/jvm/java-8-openjdk-amd64/jre/lib/amd64/jli/libjli.so
7f8fd04d1000-7f8fd04f5000 r-xp 00000000 08:07 5376657                    /lib/x86_64-linux-gnu/ld-2.21.so
7f8fd04f5000-7f8fd04f9000 r--s 00037000 08:07 1316337                    /usr/lib/jvm/java-8-openjdk-amd64/jre/lib/ext/sunpkcs11.jar
7f8fd04f9000-7f8fd05d1000 rw-p 00000000 00:00 0 
7f8fd05d1000-7f8fd05d4000 ---p 00000000 00:00 0 
7f8fd05d4000-7f8fd06d7000 rw-p 00000000 00:00 0                          [stack:3974]
7f8fd06d7000-7f8fd06d8000 r--s 00010000 08:07 1316326                    /usr/lib/jvm/java-8-openjdk-amd64/jre/lib/ext/zipfs.jar
7f8fd06d8000-7f8fd06da000 r--s 00007000 08:07 1709211                    /usr/share/java/java-atk-wrapper.jar
7f8fd06da000-7f8fd06dd000 r--s 0000f000 08:07 1316330                    /usr/lib/jvm/java-8-openjdk-amd64/jre/lib/ext/icedtea-sound.jar
7f8fd06dd000-7f8fd06e7000 r--s 00116000 08:07 1316328                    /usr/lib/jvm/java-8-openjdk-amd64/jre/lib/ext/localedata.jar
7f8fd06e7000-7f8fd06e8000 r--s 00008000 08:07 1316340                    /usr/lib/jvm/java-8-openjdk-amd64/jre/lib/ext/sunec.jar
7f8fd06e8000-7f8fd06f0000 rw-s 00000000 08:07 4587599                    /tmp/hsperfdata_root/3969
7f8fd06f0000-7f8fd06f1000 rw-p 00000000 00:00 0 
7f8fd06f1000-7f8fd06f2000 r--p 00000000 00:00 0 
7f8fd06f2000-7f8fd06f4000 rw-p 00000000 00:00 0 
7f8fd06f4000-7f8fd06f5000 r--p 00023000 08:07 5376657                    /lib/x86_64-linux-gnu/ld-2.21.so
7f8fd06f5000-7f8fd06f6000 rw-p 00024000 08:07 5376657                    /lib/x86_64-linux-gnu/ld-2.21.so
7f8fd06f6000-7f8fd06f7000 rw-p 00000000 00:00 0 
7ffde35af000-7ffde35d0000 rw-p 00000000 00:00 0                          [stack]
7ffde35f1000-7ffde35f3000 r--p 00000000 00:00 0                          [vvar]
7ffde35f3000-7ffde35f5000 r-xp 00000000 00:00 0                          [vdso]
ffffffffff600000-ffffffffff601000 r-xp 00000000 00:00 0                  [vsyscall]

VM Arguments:
jvm_args: -Djava.library.path=/home/matheus/Documentos/OpenNI/OpenNI-Linux-x64-2.2/Tools:/home/matheus/Documentos/NiTE/NiTE-Linux-x64-2.2/Redist -Dfile.encoding=UTF-8 
java_command: br.edu.ifsp.capture.Segmentation
java_class_path (initial): /home/matheus/workspace/libLibras/bin:/home/matheus/workspace/libLibras/lib/org.openni.jar:/home/matheus/workspace/libLibras/lib/com.primesense.nite.jar:/home/matheus/.p2/pool/plugins/org.junit_4.12.0.v201504281640/junit.jar:/home/matheus/.p2/pool/plugins/org.hamcrest.core_1.3.0.v201303031735.jar
Launcher Type: SUN_STANDARD

Environment Variables:
PATH=/usr/local/sbin:/usr/local/bin:/usr/sbin:/usr/bin:/sbin:/bin
USERNAME=root
SHELL=/bin/bash
DISPLAY=:0

Signal Handlers:
SIGSEGV: [libjvm.so+0xa5d4d0], sa_mask[0]=11111111011111111101111111111110, sa_flags=SA_RESTART|SA_SIGINFO
SIGBUS: [libjvm.so+0xa5d4d0], sa_mask[0]=11111111011111111101111111111110, sa_flags=SA_RESTART|SA_SIGINFO
SIGFPE: [libjvm.so+0x8a9210], sa_mask[0]=11111111011111111101111111111110, sa_flags=SA_RESTART|SA_SIGINFO
SIGPIPE: [libjvm.so+0x8a9210], sa_mask[0]=11111111011111111101111111111110, sa_flags=SA_RESTART|SA_SIGINFO
SIGXFSZ: [libjvm.so+0x8a9210], sa_mask[0]=11111111011111111101111111111110, sa_flags=SA_RESTART|SA_SIGINFO
SIGILL: [libjvm.so+0x8a9210], sa_mask[0]=11111111011111111101111111111110, sa_flags=SA_RESTART|SA_SIGINFO
SIGUSR1: SIG_DFL, sa_mask[0]=00000000000000000000000000000000, sa_flags=none
SIGUSR2: [libjvm.so+0x8a90c0], sa_mask[0]=00100000000000000000000000000000, sa_flags=SA_RESTART|SA_SIGINFO
SIGHUP: [libjvm.so+0x8a9590], sa_mask[0]=11111111011111111101111111111110, sa_flags=SA_RESTART|SA_SIGINFO
SIGINT: [libjvm.so+0x8a9590], sa_mask[0]=11111111011111111101111111111110, sa_flags=SA_RESTART|SA_SIGINFO
SIGTERM: [libjvm.so+0x8a9590], sa_mask[0]=11111111011111111101111111111110, sa_flags=SA_RESTART|SA_SIGINFO
SIGQUIT: [libjvm.so+0x8a9590], sa_mask[0]=11111111011111111101111111111110, sa_flags=SA_RESTART|SA_SIGINFO


---------------  S Y S T E M  ---------------

OS:DISTRIB_ID=Ubuntu
DISTRIB_RELEASE=15.10
DISTRIB_CODENAME=wily
DISTRIB_DESCRIPTION="Ubuntu 15.10"

uname:Linux 4.2.0-34-generic #39-Ubuntu SMP Thu Mar 10 22:13:01 UTC 2016 x86_64
libc:glibc 2.21 NPTL 2.21 
rlimit: STACK 8192k, CORE 0k, NPROC 14838, NOFILE 65536, AS infinity
load average:0,92 2,50 2,22

/proc/meminfo:
MemTotal:        3881072 kB
MemFree:          641744 kB
MemAvailable:    2063068 kB
Buffers:          192128 kB
Cached:          1393404 kB
SwapCached:           44 kB
Active:          2149420 kB
Inactive:         840212 kB
Active(anon):    1137576 kB
Inactive(anon):   534672 kB
Active(file):    1011844 kB
Inactive(file):   305540 kB
Unevictable:          32 kB
Mlocked:              32 kB
SwapTotal:       4029436 kB
SwapFree:        4025660 kB
Dirty:               104 kB
Writeback:             0 kB
AnonPages:       1403992 kB
Mapped:           324172 kB
Shmem:            268144 kB
Slab:             165612 kB
SReclaimable:     133028 kB
SUnreclaim:        32584 kB
KernelStack:        9072 kB
PageTables:        32280 kB
NFS_Unstable:          0 kB
Bounce:                0 kB
WritebackTmp:          0 kB
CommitLimit:     5969972 kB
Committed_AS:    5265440 kB
VmallocTotal:   34359738367 kB
VmallocUsed:      348632 kB
VmallocChunk:   34358947836 kB
HardwareCorrupted:     0 kB
AnonHugePages:    430080 kB
CmaTotal:              0 kB
CmaFree:               0 kB
HugePages_Total:       0
HugePages_Free:        0
HugePages_Rsvd:        0
HugePages_Surp:        0
Hugepagesize:       2048 kB
DirectMap4k:      123508 kB
DirectMap2M:     3905536 kB


CPU:total 4 (2 cores per cpu, 2 threads per core) family 6 model 58 stepping 9, cmov, cx8, fxsr, mmx, sse, sse2, sse3, ssse3, sse4.1, sse4.2, popcnt, avx, clmul, erms, ht, tsc, tscinvbit, tscinv

/proc/cpuinfo:
processor	: 0
vendor_id	: GenuineIntel
cpu family	: 6
model		: 58
model name	: Intel(R) Core(TM) i3-3110M CPU @ 2.40GHz
stepping	: 9
microcode	: 0x17
cpu MHz		: 1406.343
cache size	: 3072 KB
physical id	: 0
siblings	: 4
core id		: 0
cpu cores	: 2
apicid		: 0
initial apicid	: 0
fpu		: yes
fpu_exception	: yes
cpuid level	: 13
wp		: yes
flags		: fpu vme de pse tsc msr pae mce cx8 apic sep mtrr pge mca cmov pat pse36 clflush dts acpi mmx fxsr sse sse2 ss ht tm pbe syscall nx rdtscp lm constant_tsc arch_perfmon pebs bts rep_good nopl xtopology nonstop_tsc aperfmperf eagerfpu pni pclmulqdq dtes64 monitor ds_cpl vmx est tm2 ssse3 cx16 xtpr pdcm pcid sse4_1 sse4_2 x2apic popcnt tsc_deadline_timer xsave avx f16c lahf_lm arat epb pln pts dtherm tpr_shadow vnmi flexpriority ept vpid fsgsbase smep erms xsaveopt
bugs		:
bogomips	: 4789.49
clflush size	: 64
cache_alignment	: 64
address sizes	: 36 bits physical, 48 bits virtual
power management:

processor	: 1
vendor_id	: GenuineIntel
cpu family	: 6
model		: 58
model name	: Intel(R) Core(TM) i3-3110M CPU @ 2.40GHz
stepping	: 9
microcode	: 0x17
cpu MHz		: 1512.843
cache size	: 3072 KB
physical id	: 0
siblings	: 4
core id		: 0
cpu cores	: 2
apicid		: 1
initial apicid	: 1
fpu		: yes
fpu_exception	: yes
cpuid level	: 13
wp		: yes
flags		: fpu vme de pse tsc msr pae mce cx8 apic sep mtrr pge mca cmov pat pse36 clflush dts acpi mmx fxsr sse sse2 ss ht tm pbe syscall nx rdtscp lm constant_tsc arch_perfmon pebs bts rep_good nopl xtopology nonstop_tsc aperfmperf eagerfpu pni pclmulqdq dtes64 monitor ds_cpl vmx est tm2 ssse3 cx16 xtpr pdcm pcid sse4_1 sse4_2 x2apic popcnt tsc_deadline_timer xsave avx f16c lahf_lm arat epb pln pts dtherm tpr_shadow vnmi flexpriority ept vpid fsgsbase smep erms xsaveopt
bugs		:
bogomips	: 4789.49
clflush size	: 64
cache_alignment	: 64
address sizes	: 36 bits physical, 48 bits virtual
power management:

processor	: 2
vendor_id	: GenuineIntel
cpu family	: 6
model		: 58
model name	: Intel(R) Core(TM) i3-3110M CPU @ 2.40GHz
stepping	: 9
microcode	: 0x17
cpu MHz		: 1600.031
cache size	: 3072 KB
physical id	: 0
siblings	: 4
core id		: 1
cpu cores	: 2
apicid		: 2
initial apicid	: 2
fpu		: yes
fpu_exception	: yes
cpuid level	: 13
wp		: yes
flags		: fpu vme de pse tsc msr pae mce cx8 apic sep mtrr pge mca cmov pat pse36 clflush dts acpi mmx fxsr sse sse2 ss ht tm pbe syscall nx rdtscp lm constant_tsc arch_perfmon pebs bts rep_good nopl xtopology nonstop_tsc aperfmperf eagerfpu pni pclmulqdq dtes64 monitor ds_cpl vmx est tm2 ssse3 cx16 xtpr pdcm pcid sse4_1 sse4_2 x2apic popcnt tsc_deadline_timer xsave avx f16c lahf_lm arat epb pln pts dtherm tpr_shadow vnmi flexpriority ept vpid fsgsbase smep erms xsaveopt
bugs		:
bogomips	: 4789.49
clflush size	: 64
cache_alignment	: 64
address sizes	: 36 bits physical, 48 bits virtual
power management:

processor	: 3
vendor_id	: GenuineIntel
cpu family	: 6
model		: 58
model name	: Intel(R) Core(TM) i3-3110M CPU @ 2.40GHz
stepping	: 9
microcode	: 0x17
cpu MHz		: 1600.031
cache size	: 3072 KB
physical id	: 0
siblings	: 4
core id		: 1
cpu cores	: 2
apicid		: 3
initial apicid	: 3
fpu		: yes
fpu_exception	: yes
cpuid level	: 13
wp		: yes
flags		: fpu vme de pse tsc msr pae mce cx8 apic sep mtrr pge mca cmov pat pse36 clflush dts acpi mmx fxsr sse sse2 ss ht tm pbe syscall nx rdtscp lm constant_tsc arch_perfmon pebs bts rep_good nopl xtopology nonstop_tsc aperfmperf eagerfpu pni pclmulqdq dtes64 monitor ds_cpl vmx est tm2 ssse3 cx16 xtpr pdcm pcid sse4_1 sse4_2 x2apic popcnt tsc_deadline_timer xsave avx f16c lahf_lm arat epb pln pts dtherm tpr_shadow vnmi flexpriority ept vpid fsgsbase smep erms xsaveopt
bugs		:
bogomips	: 4789.49
clflush size	: 64
cache_alignment	: 64
address sizes	: 36 bits physical, 48 bits virtual
power management:



Memory: 4k page, physical 3881072k(641744k free), swap 4029436k(4025660k free)

vm_info: OpenJDK 64-Bit Server VM (25.66-b17) for linux-amd64 JRE (1.8.0_66-internal-b17), built on Oct 21 2015 22:08:46 by "buildd" with gcc 5.2.1 20151010

time: Sat Mar 26 01:17:17 2016
elapsed time: 3 seconds (0d 0h 0m 3s)

