#
# A fatal error has been detected by the Java Runtime Environment:
#
#  SIGSEGV (0xb) at pc=0x00007f33291a7354, pid=28874, tid=139856051263232
#
# JRE version: OpenJDK Runtime Environment (8.0_66-b17) (build 1.8.0_66-internal-b17)
# Java VM: OpenJDK 64-Bit Server VM (25.66-b17 mixed mode linux-amd64 compressed oops)
# Problematic frame:
# J 1532 C2 br.edu.ifsp.capturer.Segmentation.setUserMap(Lcom/primesense/nite/UserMap;J)V (93 bytes) @ 0x00007f33291a7354 [0x00007f33291a70e0+0x274]
#
# Failed to write core dump. Core dumps have been disabled. To enable core dumping, try "ulimit -c unlimited" before starting Java again
#
# If you would like to submit a bug report, please visit:
#   http://bugreport.java.com/bugreport/crash.jsp
#

---------------  T H R E A D  ---------------

Current thread (0x00007f32c1794800):  JavaThread "Thread-1836" [_thread_in_Java, id=28903, stack(0x00007f32c5c15000,0x00007f32c6416000)]

siginfo: si_signo: 11 (SIGSEGV), si_code: 2 (SEGV_ACCERR), si_addr: 0x00007f32c25fa000

Registers:
RAX=0x0000000000000004, RBX=0x0000000000258000, RCX=0x0000000000258000, RDX=0x0000000000000007
RSP=0x00007f32c64147b0, RBP=0x0000000780c7cd80, RSI=0x00007f32c25632a0, RDI=0x00000000001c12a0
R8 =0x00000007815ae0b0, R9 =0x000000000004b6b0, R10=0x0000000000096d60, R11=0x0000000000096d62
R12=0x0000000000000000, R13=0x00007f33294b4ba4, R14=0x00007f32c64146b0, R15=0x00007f32c1794800
RIP=0x00007f33291a7354, EFLAGS=0x0000000000010202, CSGSFS=0x0000000000000033, ERR=0x0000000000000004
  TRAPNO=0x000000000000000e

Top of Stack: (sp=0x00007f32c64147b0)
0x00007f32c64147b0:   0000000780c7cd80 00007f3200258000
0x00007f32c64147c0:   00007f33176b3428 00000006c0e68c78
0x00007f32c64147d0:   0000000000000031 00000006c0072a68
0x00007f32c64147e0:   0000000000000031 00000006c0056708
0x00007f32c64147f0:   0000000000000031 0000000780c7dc40
0x00007f32c6414800:   00007f32c64149f0 00007f33293f2d64
0x00007f32c6414810:   00007f32c1794800 00007f32c6414b30
0x00007f32c6414820:   00007f32c64149a0 00007f333e8c5e2e
0x00007f32c6414830:   00007f32c1794800 00007f3317554788
0x00007f32c6414840:   00007f32c64149f0 00007f33291d0a30
0x00007f32c6414850:   ffffffffffffffff 0000000000000000
0x00007f32c6414860:   0000000000000000 00000007c0006b58
0x00007f32c6414870:   00007f32c64148a0 00007f32c64148a0
0x00007f32c6414880:   00007f32c64149f0 0000000780c7cbc8
0x00007f32c6414890:   00000006c006d520 00007f33251ff000
0x00007f32c64148a0:   00000006c006d578 0000000780c7dd90
0x00007f32c64148b0:   0000000780c7dc40 00000006c006d520
0x00007f32c64148c0:   0000000000000031 00000006c006d520
0x00007f32c64148d0:   00000007c0062cb0 00007f33293f141e
0x00007f32c64148e0:   00007f32c64149f0 00007f33293f157c
0x00007f32c64148f0:   00007f32c6414950 00007f32c1794800
0x00007f32c6414900:   00007f32c64149a0 00007f333e8bfd62
0x00007f32c6414910:   0000000000000000 843be044dbbc5000
0x00007f32c6414920:   00007f32c6414a80 00007f3329333254
0x00007f32c6414930:   00007f33399bf8f0 0000000780c7cba0
0x00007f32c6414940:   00000006c0072eb0 00000006c006d578
0x00007f32c6414950:   00007f33172db6a8 00007f32c1794800
0x00007f32c6414960:   00007f32c64149f0 00007f33290004e7
0x00007f32c6414970:   0000000000000020 00007f33290004e7
0x00007f32c6414980:   00007f33399bf8f0 00007f333eb183e9
0x00007f32c6414990:   00007f3200001fa5 00007f32d527db08
0x00007f32c64149a0:   00007f32c6414be0 00007f32c6414a90 

Instructions: (pc=0x00007f33291a7354)
0x00007f33291a7334:   18 8b f9 41 2b fa 41 ff c1 83 ff 02 0f 8c cb 00
0x00007f33291a7344:   00 00 45 8b da 41 83 c3 02 44 89 5d 18 4d 63 d2
0x00007f33291a7354:   46 0f bf 14 16 44 3b cb 7c c2 44 3b cb 7d 40 90
0x00007f33291a7364:   44 3b cb 73 3a 66 47 89 54 48 10 83 c7 fe 85 ff 

Register to memory mapping:

RAX=0x0000000000000004 is an unknown value
RBX=0x0000000000258000 is an unknown value
RCX=0x0000000000258000 is an unknown value
RDX=0x0000000000000007 is an unknown value
RSP=0x00007f32c64147b0 is pointing into the stack for thread: 0x00007f32c1794800
RBP=0x0000000780c7cd80 is an oop
java.nio.DirectByteBuffer 
 - klass: 'java/nio/DirectByteBuffer'
RSI=0x00007f32c25632a0 is an unknown value
RDI=0x00000000001c12a0 is an unknown value
R8 =0x00000007815ae0b0 is an oop
[S 
 - klass: {type array short}
 - length: 2457600
R9 =0x000000000004b6b0 is an unknown value
R10=0x0000000000096d60 is an unknown value
R11=0x0000000000096d62 is an unknown value
R12=0x0000000000000000 is an unknown value
R13=0x00007f33294b4ba4 is at entry_point+8996 in (nmethod*)0x00007f33294b2450
R14=0x00007f32c64146b0 is pointing into the stack for thread: 0x00007f32c1794800
R15=0x00007f32c1794800 is a thread


Stack: [0x00007f32c5c15000,0x00007f32c6416000],  sp=0x00007f32c64147b0,  free space=8189k
Native frames: (J=compiled Java code, j=interpreted, Vv=VM code, C=native code)
J 1532 C2 br.edu.ifsp.capturer.Segmentation.setUserMap(Lcom/primesense/nite/UserMap;J)V (93 bytes) @ 0x00007f33291a7354 [0x00007f33291a70e0+0x274]
J 1253 C1 br.edu.ifsp.application.capturer.Capture.onNewFrame(Lcom/primesense/nite/UserTracker;)V (254 bytes) @ 0x00007f33293f2d64 [0x00007f33293f1f40+0xe24]
J 1252 C1 com.primesense.nite.UserTracker.onFrameReady(J)V (74 bytes) @ 0x00007f33293f157c [0x00007f33293f0da0+0x7dc]
v  ~StubRoutines::call_stub
V  [libjvm.so+0x65ea1b]
V  [libjvm.so+0x6806cc]
V  [libjvm.so+0x683203]
C  [libNiTE2.jni.so+0x4f06]  JNIEnv_::CallStaticVoidMethod(_jclass*, _jmethodID*, ...)+0x86


---------------  P R O C E S S  ---------------

Java Threads: ( => current thread )
=>0x00007f32c1794800 JavaThread "Thread-1836" [_thread_in_Java, id=28903, stack(0x00007f32c5c15000,0x00007f32c6416000)]
  0x00007f32a80d5000 JavaThread "TimerQueue" daemon [_thread_blocked, id=29088, stack(0x00007f32c656e000,0x00007f32c666f000)]
  0x00007f333800a000 JavaThread "DestroyJavaVM" [_thread_blocked, id=28877, stack(0x00007f333fd8a000,0x00007f333fe8b000)]
  0x00007f32cc002800 JavaThread "Thread-24" [_thread_in_native, id=28899, stack(0x00007f32d5516000,0x00007f32d5d17000)]
  0x00007f32b31af800 JavaThread "AWT-EventQueue-1" [_thread_in_Java, id=28917, stack(0x00007f32d5e18000,0x00007f32d5f19000)]
  0x00007f32b31ae800 JavaThread "AWT-Shutdown" [_thread_blocked, id=28916, stack(0x00007f32d5415000,0x00007f32d5516000)]
  0x00007f33382db800 JavaThread "AWT-EventQueue-0" [_thread_blocked, id=28898, stack(0x00007f32d5d17000,0x00007f32d5e18000)]
  0x00007f33382a8000 JavaThread "process reaper" daemon [_thread_blocked, id=28896, stack(0x00007f331c04a000,0x00007f331c083000)]
  0x00007f333829d000 JavaThread "AWT-XAWT" daemon [_thread_in_native, id=28894, stack(0x00007f3316fa2000,0x00007f33170a3000)]
  0x00007f3338281800 JavaThread "Java2D Disposer" daemon [_thread_blocked, id=28893, stack(0x00007f3317cd9000,0x00007f3317dda000)]
  0x00007f33380be000 JavaThread "Service Thread" daemon [_thread_blocked, id=28891, stack(0x00007f331dddf000,0x00007f331dee0000)]
  0x00007f33380b0800 JavaThread "C1 CompilerThread2" daemon [_thread_blocked, id=28890, stack(0x00007f331dee0000,0x00007f331dfe1000)]
  0x00007f33380ae800 JavaThread "C2 CompilerThread1" daemon [_thread_blocked, id=28889, stack(0x00007f331dfe1000,0x00007f331e0e2000)]
  0x00007f33380ab800 JavaThread "C2 CompilerThread0" daemon [_thread_blocked, id=28888, stack(0x00007f331e0e2000,0x00007f331e1e3000)]
  0x00007f33380a9800 JavaThread "Signal Dispatcher" daemon [_thread_blocked, id=28887, stack(0x00007f331e1e3000,0x00007f331e2e4000)]
  0x00007f333807f000 JavaThread "Finalizer" daemon [_thread_blocked, id=28886, stack(0x00007f331e5af000,0x00007f331e6b0000)]
  0x00007f333807d000 JavaThread "Reference Handler" daemon [_thread_blocked, id=28885, stack(0x00007f331e6b0000,0x00007f331e7b1000)]

Other Threads:
  0x00007f3338077800 VMThread [stack: 0x00007f331e7b1000,0x00007f331e8b2000] [id=28884]
  0x00007f33380c0800 WatcherThread [stack: 0x00007f331dcde000,0x00007f331dddf000] [id=28892]

VM state:not at safepoint (normal execution)

VM Mutex/Monitor currently owned by a thread: None

Heap:
 PSYoungGen      total 473088K, used 387808K [0x000000076ab00000, 0x0000000788c00000, 0x00000007c0000000)
  eden space 461312K, 81% used [0x000000076ab00000,0x0000000781a5e0c0,0x0000000786d80000)
  from space 11776K, 98% used [0x0000000787b80000,0x00000007886da100,0x0000000788700000)
  to   space 14336K, 0% used [0x0000000786d80000,0x0000000786d80000,0x0000000787b80000)
 ParOldGen       total 699392K, used 96243K [0x00000006c0000000, 0x00000006eab00000, 0x000000076ab00000)
  object space 699392K, 13% used [0x00000006c0000000,0x00000006c5dfcd38,0x00000006eab00000)
 Metaspace       used 14654K, capacity 14946K, committed 15232K, reserved 1062912K
  class space    used 1749K, capacity 1881K, committed 1920K, reserved 1048576K

Card table byte_map: [0x00007f33287ff000,0x00007f3329000000] byte_map_base: 0x00007f33251ff000

Marking Bits: (ParMarkBitMap*) 0x00007f333f05a000
 Begin Bits: [0x00007f33202a9000, 0x00007f33242a9000)
 End Bits:   [0x00007f33242a9000, 0x00007f33282a9000)

Polling page: 0x00007f333feaa000

CodeCache: size=245760Kb used=5939Kb max_used=5939Kb free=239821Kb
 bounds [0x00007f3329000000, 0x00007f33295e0000, 0x00007f3338000000]
 total_blobs=2399 nmethods=1816 adapters=497
 compilation: enabled

Compilation events (10 events):
Event: 24,553 Thread 0x00007f33380b0800 1858       3       javax.swing.border.TitledBorder::getLabel (62 bytes)
Event: 24,560 Thread 0x00007f33380b0800 nmethod 1858 0x00007f33295cb550 code [0x00007f33295cb880, 0x00007f33295cd768]
Event: 24,560 Thread 0x00007f33380b0800 1859       3       javax.swing.border.TitledBorder::getFont (39 bytes)
Event: 24,561 Thread 0x00007f33380b0800 nmethod 1859 0x00007f33295ce290 code [0x00007f33295ce4a0, 0x00007f33295cefc8]
Event: 24,561 Thread 0x00007f33380b0800 1860       3       javax.swing.border.TitledBorder::getTitleFont (20 bytes)
Event: 24,561 Thread 0x00007f33380b0800 nmethod 1860 0x00007f33295c4b90 code [0x00007f33295c4d60, 0x00007f33295c5388]
Event: 24,561 Thread 0x00007f33380b0800 1861       3       java.awt.Component::setComponentOrientation (24 bytes)
Event: 24,562 Thread 0x00007f33380b0800 nmethod 1861 0x00007f33295cf450 code [0x00007f33295cf5e0, 0x00007f33295cfb78]
Event: 24,562 Thread 0x00007f33380b0800 1862       3       javax.swing.border.TitledBorder::getPosition (129 bytes)
Event: 24,566 Thread 0x00007f33380b0800 nmethod 1862 0x00007f33295cfc90 code [0x00007f33295cfee0, 0x00007f33295d0d68]

GC Heap History (10 events):
Event: 21,088 GC heap before
{Heap before GC invocations=20 (full 0):
 PSYoungGen      total 340992K, used 333536K [0x000000076ab00000, 0x0000000780000000, 0x00000007c0000000)
  eden space 333312K, 100% used [0x000000076ab00000,0x000000077f080000,0x000000077f080000)
  from space 7680K, 2% used [0x000000077f080000,0x000000077f0b8000,0x000000077f800000)
  to   space 7680K, 0% used [0x000000077f880000,0x000000077f880000,0x0000000780000000)
 ParOldGen       total 699392K, used 2369K [0x00000006c0000000, 0x00000006eab00000, 0x000000076ab00000)
  object space 699392K, 0% used [0x00000006c0000000,0x00000006c0250578,0x00000006eab00000)
 Metaspace       used 14350K, capacity 14682K, committed 14976K, reserved 1062912K
  class space    used 1748K, capacity 1881K, committed 1920K, reserved 1048576K
Event: 21,089 GC heap after
Heap after GC invocations=20 (full 0):
 PSYoungGen      total 342016K, used 224K [0x000000076ab00000, 0x0000000780000000, 0x00000007c0000000)
  eden space 334336K, 0% used [0x000000076ab00000,0x000000076ab00000,0x000000077f180000)
  from space 7680K, 2% used [0x000000077f880000,0x000000077f8b8000,0x0000000780000000)
  to   space 7168K, 0% used [0x000000077f180000,0x000000077f180000,0x000000077f880000)
 ParOldGen       total 699392K, used 2385K [0x00000006c0000000, 0x00000006eab00000, 0x000000076ab00000)
  object space 699392K, 0% used [0x00000006c0000000,0x00000006c0254578,0x00000006eab00000)
 Metaspace       used 14350K, capacity 14682K, committed 14976K, reserved 1062912K
  class space    used 1748K, capacity 1881K, committed 1920K, reserved 1048576K
}
Event: 21,980 GC heap before
{Heap before GC invocations=21 (full 0):
 PSYoungGen      total 342016K, used 332596K [0x000000076ab00000, 0x0000000780000000, 0x00000007c0000000)
  eden space 334336K, 99% used [0x000000076ab00000,0x000000077ef95320,0x000000077f180000)
  from space 7680K, 2% used [0x000000077f880000,0x000000077f8b8000,0x0000000780000000)
  to   space 7168K, 0% used [0x000000077f180000,0x000000077f180000,0x000000077f880000)
 ParOldGen       total 699392K, used 2385K [0x00000006c0000000, 0x00000006eab00000, 0x000000076ab00000)
  object space 699392K, 0% used [0x00000006c0000000,0x00000006c0254578,0x00000006eab00000)
 Metaspace       used 14468K, capacity 14754K, committed 14976K, reserved 1062912K
  class space    used 1749K, capacity 1881K, committed 1920K, reserved 1048576K
Event: 21,997 GC heap after
Heap after GC invocations=21 (full 0):
 PSYoungGen      total 341504K, used 7156K [0x000000076ab00000, 0x0000000780000000, 0x00000007c0000000)
  eden space 334336K, 0% used [0x000000076ab00000,0x000000076ab00000,0x000000077f180000)
  from space 7168K, 99% used [0x000000077f180000,0x000000077f87d0b0,0x000000077f880000)
  to   space 7680K, 0% used [0x000000077f880000,0x000000077f880000,0x0000000780000000)
 ParOldGen       total 699392K, used 14693K [0x00000006c0000000, 0x00000006eab00000, 0x000000076ab00000)
  object space 699392K, 2% used [0x00000006c0000000,0x00000006c0e59668,0x00000006eab00000)
 Metaspace       used 14468K, capacity 14754K, committed 14976K, reserved 1062912K
  class space    used 1749K, capacity 1881K, committed 1920K, reserved 1048576K
}
Event: 22,709 GC heap before
{Heap before GC invocations=22 (full 0):
 PSYoungGen      total 341504K, used 340487K [0x000000076ab00000, 0x0000000780000000, 0x00000007c0000000)
  eden space 334336K, 99% used [0x000000076ab00000,0x000000077f084c80,0x000000077f180000)
  from space 7168K, 99% used [0x000000077f180000,0x000000077f87d0b0,0x000000077f880000)
  to   space 7680K, 0% used [0x000000077f880000,0x000000077f880000,0x0000000780000000)
 ParOldGen       total 699392K, used 14693K [0x00000006c0000000, 0x00000006eab00000, 0x000000076ab00000)
  object space 699392K, 2% used [0x00000006c0000000,0x00000006c0e59668,0x00000006eab00000)
 Metaspace       used 14530K, capacity 14818K, committed 14976K, reserved 1062912K
  class space    used 1749K, capacity 1881K, committed 1920K, reserved 1048576K
Event: 22,742 GC heap after
Heap after GC invocations=22 (full 0):
 PSYoungGen      total 338944K, used 7424K [0x000000076ab00000, 0x0000000788880000, 0x00000007c0000000)
  eden space 331264K, 0% used [0x000000076ab00000,0x000000076ab00000,0x000000077ee80000)
  from space 7680K, 96% used [0x000000077f880000,0x000000077ffc0040,0x0000000780000000)
  to   space 10240K, 0% used [0x000000077ee80000,0x000000077ee80000,0x000000077f880000)
 ParOldGen       total 699392K, used 48698K [0x00000006c0000000, 0x00000006eab00000, 0x000000076ab00000)
  object space 699392K, 6% used [0x00000006c0000000,0x00000006c2f8e958,0x00000006eab00000)
 Metaspace       used 14530K, capacity 14818K, committed 14976K, reserved 1062912K
  class space    used 1749K, capacity 1881K, committed 1920K, reserved 1048576K
}
Event: 23,363 GC heap before
{Heap before GC invocations=23 (full 0):
 PSYoungGen      total 338944K, used 333968K [0x000000076ab00000, 0x0000000788880000, 0x00000007c0000000)
  eden space 331264K, 98% used [0x000000076ab00000,0x000000077e9e4100,0x000000077ee80000)
  from space 7680K, 96% used [0x000000077f880000,0x000000077ffc0040,0x0000000780000000)
  to   space 10240K, 0% used [0x000000077ee80000,0x000000077ee80000,0x000000077f880000)
 ParOldGen       total 699392K, used 48698K [0x00000006c0000000, 0x00000006eab00000, 0x000000076ab00000)
  object space 699392K, 6% used [0x00000006c0000000,0x00000006c2f8e958,0x00000006eab00000)
 Metaspace       used 14587K, capacity 14882K, committed 15232K, reserved 1062912K
  class space    used 1749K, capacity 1881K, committed 1920K, reserved 1048576K
Event: 23,385 GC heap after
Heap after GC invocations=23 (full 0):
 PSYoungGen      total 341504K, used 9824K [0x000000076ab00000, 0x0000000788700000, 0x00000007c0000000)
  eden space 331264K, 0% used [0x000000076ab00000,0x000000076ab00000,0x000000077ee80000)
  from space 10240K, 95% used [0x000000077ee80000,0x000000077f8180e0,0x000000077f880000)
  to   space 11776K, 0% used [0x0000000787b80000,0x0000000787b80000,0x0000000788700000)
 ParOldGen       total 699392K, used 70970K [0x00000006c0000000, 0x00000006eab00000, 0x000000076ab00000)
  object space 699392K, 10% used [0x00000006c0000000,0x00000006c454eb18,0x00000006eab00000)
 Metaspace       used 14587K, capacity 14882K, committed 15232K, reserved 1062912K
  class space    used 1749K, capacity 1881K, committed 1920K, reserved 1048576K
}
Event: 23,967 GC heap before
{Heap before GC invocations=24 (full 0):
 PSYoungGen      total 341504K, used 338041K [0x000000076ab00000, 0x0000000788700000, 0x00000007c0000000)
  eden space 331264K, 99% used [0x000000076ab00000,0x000000077eb864d8,0x000000077ee80000)
  from space 10240K, 95% used [0x000000077ee80000,0x000000077f8180e0,0x000000077f880000)
  to   space 11776K, 0% used [0x0000000787b80000,0x0000000787b80000,0x0000000788700000)
 ParOldGen       total 699392K, used 70970K [0x00000006c0000000, 0x00000006eab00000, 0x000000076ab00000)
  object space 699392K, 10% used [0x00000006c0000000,0x00000006c454eb18,0x00000006eab00000)
 Metaspace       used 14633K, capacity 14946K, committed 15232K, reserved 1062912K
  class space    used 1749K, capacity 1881K, committed 1920K, reserved 1048576K
Event: 23,994 GC heap after
Heap after GC invocations=24 (full 0):
 PSYoungGen      total 473088K, used 11624K [0x000000076ab00000, 0x0000000788c00000, 0x00000007c0000000)
  eden space 461312K, 0% used [0x000000076ab00000,0x000000076ab00000,0x0000000786d80000)
  from space 11776K, 98% used [0x0000000787b80000,0x00000007886da100,0x0000000788700000)
  to   space 14336K, 0% used [0x0000000786d80000,0x0000000786d80000,0x0000000787b80000)
 ParOldGen       total 699392K, used 96243K [0x00000006c0000000, 0x00000006eab00000, 0x000000076ab00000)
  object space 699392K, 13% used [0x00000006c0000000,0x00000006c5dfcd38,0x00000006eab00000)
 Metaspace       used 14633K, capacity 14946K, committed 15232K, reserved 1062912K
  class space    used 1749K, capacity 1881K, committed 1920K, reserved 1048576K
}

Deoptimization events (10 events):
Event: 7,668 Thread 0x00007f32b31af800 Uncommon trap: reason=unstable_if action=reinterpret pc=0x00007f33293110a8 method=br.edu.ifsp.capturer.ShowObject.getHistogram(Ljava/nio/ByteBuffer;)[F @ 29
Event: 7,700 Thread 0x00007f32b31af800 Uncommon trap: reason=unstable_if action=reinterpret pc=0x00007f332931c57c method=br.edu.ifsp.capturer.ShowObject.getPixelDepthSegmentation(Ljava/nio/ShortBuffer;[F[I)[I @ 105
Event: 9,389 Thread 0x00007f32b31af800 Uncommon trap: reason=class_check action=maybe_recompile pc=0x00007f332915b41c method=java.lang.String.equals(Ljava/lang/Object;)Z @ 8
Event: 9,389 Thread 0x00007f32b31af800 Uncommon trap: reason=class_check action=maybe_recompile pc=0x00007f332915b41c method=java.lang.String.equals(Ljava/lang/Object;)Z @ 8
Event: 11,555 Thread 0x00007f32b31af800 Uncommon trap: reason=class_check action=maybe_recompile pc=0x00007f332915b41c method=java.lang.String.equals(Ljava/lang/Object;)Z @ 8
Event: 11,557 Thread 0x00007f32b31af800 Uncommon trap: reason=class_check action=maybe_recompile pc=0x00007f332915b41c method=java.lang.String.equals(Ljava/lang/Object;)Z @ 8
Event: 14,789 Thread 0x00007f32b31af800 Uncommon trap: reason=unstable_if action=reinterpret pc=0x00007f332931effc method=br.edu.ifsp.capturer.ShowObject.getPixelDepthSegmentation(Ljava/nio/ShortBuffer;[F[I)[I @ 53
Event: 21,369 Thread 0x00007f32c1794800 Uncommon trap: reason=unstable_if action=reinterpret pc=0x00007f33294bd5ec method=br.edu.ifsp.capturer.Segmentation.setUserMap(Lcom/primesense/nite/UserMap;J)V @ 65
Event: 21,385 Thread 0x00007f32c1794800 Uncommon trap: reason=unstable_if action=reinterpret pc=0x00007f33294bba6c method=br.edu.ifsp.capturer.ImageCapture.setImageData(Lorg/openni/VideoFrameRef;)V @ 56
Event: 21,566 Thread 0x00007f32c1794800 Uncommon trap: reason=unstable_if action=reinterpret pc=0x00007f33294e16a0 method=br.edu.ifsp.capturer.ImageCapture.setImageData(Lorg/openni/VideoFrameRef;)V @ 56

Internal exceptions (10 events):
Event: 0,109 Thread 0x00007f333800a000 Exception <a 'java/security/PrivilegedActionException'> (0x000000076ab89cc0) thrown at [/build/openjdk-8-aAuh2m/openjdk-8-8u66-b17/src/hotspot/src/share/vm/prims/jvm.cpp, line 1386]
Event: 0,109 Thread 0x00007f333800a000 Exception <a 'java/security/PrivilegedActionException'> (0x000000076ab8a790) thrown at [/build/openjdk-8-aAuh2m/openjdk-8-8u66-b17/src/hotspot/src/share/vm/prims/jvm.cpp, line 1386]
Event: 0,109 Thread 0x00007f333800a000 Exception <a 'java/security/PrivilegedActionException'> (0x000000076ab8a9a0) thrown at [/build/openjdk-8-aAuh2m/openjdk-8-8u66-b17/src/hotspot/src/share/vm/prims/jvm.cpp, line 1386]
Event: 0,178 Thread 0x00007f333800a000 Exception <a 'java/lang/NoSuchFieldError': method resolution failed> (0x000000076ac69010) thrown at [/build/openjdk-8-aAuh2m/openjdk-8-8u66-b17/src/hotspot/src/share/vm/prims/methodHandles.cpp, line 1146]
Event: 0,181 Thread 0x00007f333800a000 Exception <a 'java/lang/NoSuchFieldError': method resolution failed> (0x000000076ac76790) thrown at [/build/openjdk-8-aAuh2m/openjdk-8-8u66-b17/src/hotspot/src/share/vm/prims/methodHandles.cpp, line 1146]
Event: 0,209 Thread 0x00007f333800a000 Exception <a 'java/io/FileNotFoundException'> (0x000000076acf40e8) thrown at [/build/openjdk-8-aAuh2m/openjdk-8-8u66-b17/src/hotspot/src/share/vm/prims/jni.cpp, line 709]
Event: 0,238 Thread 0x00007f333800a000 Exception <a 'java/lang/ClassNotFoundException': sun/dc/DuctusRenderingEngine> (0x000000076ad221d8) thrown at [/build/openjdk-8-aAuh2m/openjdk-8-8u66-b17/src/hotspot/src/share/vm/classfile/systemDictionary.cpp, line 210]
Event: 4,273 Thread 0x00007f32b31af800 Implicit null exception at 0x00007f3329201f19 to 0x00007f3329202001
Event: 4,518 Thread 0x00007f32b31af800 Exception <a 'java/lang/UnsupportedOperationException': > (0x000000076b2afa48) thrown at [/build/openjdk-8-aAuh2m/openjdk-8-8u66-b17/src/hotspot/src/share/vm/prims/jni.cpp, line 735]
Event: 4,616 Thread 0x00007f32b31af800 Exception <a 'java/lang/UnsupportedOperationException': > (0x000000076b4408c8) thrown at [/build/openjdk-8-aAuh2m/openjdk-8-8u66-b17/src/hotspot/src/share/vm/prims/jni.cpp, line 735]

Events (10 events):
Event: 24,539 Thread 0x00007f32ac003800 Thread exited: 0x00007f32ac003800
Event: 24,548 Thread 0x00007f32c1794800 Thread added: 0x00007f32c1794800
Event: 24,556 Thread 0x00007f32ac003800 Thread added: 0x00007f32ac003800
Event: 24,567 Thread 0x00007f32ac003800 Thread exited: 0x00007f32ac003800
Event: 24,575 Thread 0x00007f32c2563800 Thread added: 0x00007f32c2563800
Event: 24,575 Thread 0x00007f32c2563800 Thread exited: 0x00007f32c2563800
Event: 24,575 Thread 0x00007f32c1794800 Thread exited: 0x00007f32c1794800
Event: 24,580 Thread 0x00007f32c1794800 Thread added: 0x00007f32c1794800
Event: 24,591 Thread 0x00007f32ac003800 Thread added: 0x00007f32ac003800
Event: 24,597 Thread 0x00007f32ac003800 Thread exited: 0x00007f32ac003800


Dynamic libraries:
00400000-00401000 r-xp 00000000 08:05 1315507                            /usr/lib/jvm/java-8-openjdk-amd64/jre/bin/java
00600000-00601000 r--p 00000000 08:05 1315507                            /usr/lib/jvm/java-8-openjdk-amd64/jre/bin/java
00601000-00602000 rw-p 00001000 08:05 1315507                            /usr/lib/jvm/java-8-openjdk-amd64/jre/bin/java
01a4a000-01a6b000 rw-p 00000000 00:00 0                                  [heap]
6c0000000-6eab00000 rw-p 00000000 00:00 0 
6eab00000-76ab00000 ---p 00000000 00:00 0 
76ab00000-788c00000 rw-p 00000000 00:00 0 
788c00000-7c0000000 ---p 00000000 00:00 0 
7c0000000-7c01e0000 rw-p 00000000 00:00 0 
7c01e0000-800000000 ---p 00000000 00:00 0 
7f3298000000-7f3298021000 rw-p 00000000 00:00 0 
7f3298021000-7f329c000000 ---p 00000000 00:00 0 
7f32a0000000-7f32a0021000 rw-p 00000000 00:00 0 
7f32a0021000-7f32a4000000 ---p 00000000 00:00 0 
7f32a4000000-7f32a4021000 rw-p 00000000 00:00 0 
7f32a4021000-7f32a8000000 ---p 00000000 00:00 0 
7f32a8000000-7f32a817f000 rw-p 00000000 00:00 0 
7f32a817f000-7f32ac000000 ---p 00000000 00:00 0 
7f32ac000000-7f32ac021000 rw-p 00000000 00:00 0 
7f32ac021000-7f32b0000000 ---p 00000000 00:00 0 
7f32b0000000-7f32b34b5000 rw-p 00000000 00:00 0 
7f32b34b5000-7f32b4000000 ---p 00000000 00:00 0 
7f32b435a000-7f32b435d000 ---p 00000000 00:00 0 
7f32b435d000-7f32b51cb000 rw-p 00000000 00:00 0 
7f32b51cb000-7f32b51ce000 ---p 00000000 00:00 0 
7f32b51ce000-7f32b53cc000 rw-p 00000000 00:00 0 
7f32b53cc000-7f32b54cc000 ---p 00000000 00:00 0 
7f32b54cc000-7f32b54dd000 r-xp 00000000 08:05 1316348                    /usr/lib/jvm/java-8-openjdk-amd64/jre/lib/amd64/libnio.so
7f32b54dd000-7f32b56dd000 ---p 00011000 08:05 1316348                    /usr/lib/jvm/java-8-openjdk-amd64/jre/lib/amd64/libnio.so
7f32b56dd000-7f32b56de000 r--p 00011000 08:05 1316348                    /usr/lib/jvm/java-8-openjdk-amd64/jre/lib/amd64/libnio.so
7f32b56de000-7f32b56df000 rw-p 00012000 08:05 1316348                    /usr/lib/jvm/java-8-openjdk-amd64/jre/lib/amd64/libnio.so
7f32b56df000-7f32b59e0000 rw-p 00000000 00:00 0 
7f32b59e0000-7f32b59f7000 r-xp 00000000 08:05 1316378                    /usr/lib/jvm/java-8-openjdk-amd64/jre/lib/amd64/libnet.so
7f32b59f7000-7f32b5bf6000 ---p 00017000 08:05 1316378                    /usr/lib/jvm/java-8-openjdk-amd64/jre/lib/amd64/libnet.so
7f32b5bf6000-7f32b5bf7000 r--p 00016000 08:05 1316378                    /usr/lib/jvm/java-8-openjdk-amd64/jre/lib/amd64/libnet.so
7f32b5bf7000-7f32b5bf8000 rw-p 00017000 08:05 1316378                    /usr/lib/jvm/java-8-openjdk-amd64/jre/lib/amd64/libnet.so
7f32b5bf8000-7f32b5bfb000 ---p 00000000 00:00 0 
7f32b5bfb000-7f32bc000000 rw-p 00000000 00:00 0                          [stack:28915]
7f32bc000000-7f32bf34d000 rw-p 00000000 00:00 0 
7f32bf34d000-7f32c0000000 ---p 00000000 00:00 0 
7f32c0000000-7f32c2603000 rw-p 00000000 00:00 0 
7f32c2603000-7f32c4000000 ---p 00000000 00:00 0 
7f32c404d000-7f32c424d000 rw-p 00000000 00:00 0 
7f32c424d000-7f32c5c15000 rw-p 00000000 00:00 0 
7f32c5c15000-7f32c5c18000 ---p 00000000 00:00 0 
7f32c5c18000-7f32c6416000 rw-p 00000000 00:00 0                          [stack:28903]
7f32c6442000-7f32c656e000 rw-s 00000000 00:05 6094869                    /SYSV00000000 (deleted)
7f32c656e000-7f32c6571000 ---p 00000000 00:00 0 
7f32c6571000-7f32c6a97000 rw-p 00000000 00:00 0                          [stack:29088]
7f32c6a97000-7f32c6f61000 r-xp 00000000 08:05 1722061                    /usr/local/lib/libNiTE2.so
7f32c6f61000-7f32c7161000 ---p 004ca000 08:05 1722061                    /usr/local/lib/libNiTE2.so
7f32c7161000-7f32c716d000 r--p 004ca000 08:05 1722061                    /usr/local/lib/libNiTE2.so
7f32c716d000-7f32c716f000 rw-p 004d6000 08:05 1722061                    /usr/local/lib/libNiTE2.so
7f32c716f000-7f32c7177000 rw-p 00000000 00:00 0 
7f32c7177000-7f32c717e000 r-xp 00000000 08:05 2628674                    /home/matheus/workspace/libLibras/path/NiTE/libNiTE2.jni.so
7f32c717e000-7f32c737d000 ---p 00007000 08:05 2628674                    /home/matheus/workspace/libLibras/path/NiTE/libNiTE2.jni.so
7f32c737d000-7f32c737e000 r--p 00006000 08:05 2628674                    /home/matheus/workspace/libLibras/path/NiTE/libNiTE2.jni.so
7f32c737e000-7f32c737f000 rw-p 00007000 08:05 2628674                    /home/matheus/workspace/libLibras/path/NiTE/libNiTE2.jni.so
7f32c737f000-7f32c73d7000 r-xp 00000000 08:05 2239998                    /usr/local/lib/OpenNI2/Drivers/libOpenNI2.so
7f32c73d7000-7f32c75d7000 ---p 00058000 08:05 2239998                    /usr/local/lib/OpenNI2/Drivers/libOpenNI2.so
7f32c75d7000-7f32c75d9000 r--p 00058000 08:05 2239998                    /usr/local/lib/OpenNI2/Drivers/libOpenNI2.so
7f32c75d9000-7f32c75da000 rw-p 0005a000 08:05 2239998                    /usr/local/lib/OpenNI2/Drivers/libOpenNI2.so
7f32c75da000-7f32c75fb000 rw-p 00000000 00:00 0 
7f32c75fb000-7f32c75fe000 r-xp 00000000 08:05 2239989                    /usr/local/lib/OpenNI2/Drivers/libMWClosestPoint.so
7f32c75fe000-7f32c77fd000 ---p 00003000 08:05 2239989                    /usr/local/lib/OpenNI2/Drivers/libMWClosestPoint.so
7f32c77fd000-7f32c77fe000 r--p 00002000 08:05 2239989                    /usr/local/lib/OpenNI2/Drivers/libMWClosestPoint.so
7f32c77fe000-7f32c77ff000 rw-p 00003000 08:05 2239989                    /usr/local/lib/OpenNI2/Drivers/libMWClosestPoint.so
7f32c77ff000-7f32c7800000 ---p 00000000 00:00 0 
7f32c7800000-7f32c8000000 rw-p 00000000 00:00 0                          [stack:28902]
7f32c8000000-7f32c8021000 rw-p 00000000 00:00 0 
7f32c8021000-7f32cc000000 ---p 00000000 00:00 0 
7f32cc000000-7f32cc021000 rw-p 00000000 00:00 0 
7f32cc021000-7f32d0000000 ---p 00000000 00:00 0 
7f32d0000000-7f32d0021000 rw-p 00000000 00:00 0 
7f32d0021000-7f32d4000000 ---p 00000000 00:00 0 
7f32d404f000-7f32d4134000 rw-p 00000000 00:00 0 
7f32d4134000-7f32d4135000 ---p 00000000 00:00 0 
7f32d4135000-7f32d4935000 rw-p 00000000 00:00 0                          [stack:28901]
7f32d4935000-7f32d494c000 r-xp 00000000 08:05 5378114                    /lib/x86_64-linux-gnu/libusb-1.0.so.0.1.0
7f32d494c000-7f32d4b4b000 ---p 00017000 08:05 5378114                    /lib/x86_64-linux-gnu/libusb-1.0.so.0.1.0
7f32d4b4b000-7f32d4b4c000 r--p 00016000 08:05 5378114                    /lib/x86_64-linux-gnu/libusb-1.0.so.0.1.0
7f32d4b4c000-7f32d4b4d000 rw-p 00017000 08:05 5378114                    /lib/x86_64-linux-gnu/libusb-1.0.so.0.1.0
7f32d4b4d000-7f32d4b8d000 r-xp 00000000 08:05 2233908                    /usr/local/lib/OpenNI2/Drivers/libFreenectDriver.so
7f32d4b8d000-7f32d4d8d000 ---p 00040000 08:05 2233908                    /usr/local/lib/OpenNI2/Drivers/libFreenectDriver.so
7f32d4d8d000-7f32d4d8e000 r--p 00040000 08:05 2233908                    /usr/local/lib/OpenNI2/Drivers/libFreenectDriver.so
7f32d4d8e000-7f32d4d90000 rw-p 00041000 08:05 2233908                    /usr/local/lib/OpenNI2/Drivers/libFreenectDriver.so
7f32d4d90000-7f32d4de8000 r-xp 00000000 08:05 1718583                    /usr/local/lib/libOpenNI2.so
7f32d4de8000-7f32d4fe8000 ---p 00058000 08:05 1718583                    /usr/local/lib/libOpenNI2.so
7f32d4fe8000-7f32d4fea000 r--p 00058000 08:05 1718583                    /usr/local/lib/libOpenNI2.so
7f32d4fea000-7f32d4feb000 rw-p 0005a000 08:05 1718583                    /usr/local/lib/libOpenNI2.so
7f32d4feb000-7f32d500c000 rw-p 00000000 00:00 0 
7f32d500c000-7f32d5014000 r-xp 00000000 08:05 2359847                    /home/matheus/workspace/libLibras/path/OpenNI/libOpenNI2.jni.so
7f32d5014000-7f32d5213000 ---p 00008000 08:05 2359847                    /home/matheus/workspace/libLibras/path/OpenNI/libOpenNI2.jni.so
7f32d5213000-7f32d5214000 r--p 00007000 08:05 2359847                    /home/matheus/workspace/libLibras/path/OpenNI/libOpenNI2.jni.so
7f32d5214000-7f32d5215000 rw-p 00008000 08:05 2359847                    /home/matheus/workspace/libLibras/path/OpenNI/libOpenNI2.jni.so
7f32d5215000-7f32d5415000 rw-p 00000000 00:00 0 
7f32d5415000-7f32d5418000 ---p 00000000 00:00 0 
7f32d5418000-7f32d5516000 rw-p 00000000 00:00 0                          [stack:28916]
7f32d5516000-7f32d5519000 ---p 00000000 00:00 0 
7f32d5519000-7f32d5d17000 rw-p 00000000 00:00 0                          [stack:28899]
7f32d5d17000-7f32d5d1a000 ---p 00000000 00:00 0 
7f32d5d1a000-7f32d5e18000 rw-p 00000000 00:00 0                          [stack:28898]
7f32d5e18000-7f32d5e1b000 ---p 00000000 00:00 0 
7f32d5e1b000-7f32d5f19000 rw-p 00000000 00:00 0                          [stack:28917]
7f32d5f19000-7f32d5f3c000 r-xp 00000000 08:05 1311175                    /usr/lib/x86_64-linux-gnu/libgraphite2.so.3.0.1
7f32d5f3c000-7f32d613b000 ---p 00023000 08:05 1311175                    /usr/lib/x86_64-linux-gnu/libgraphite2.so.3.0.1
7f32d613b000-7f32d613d000 r--p 00022000 08:05 1311175                    /usr/lib/x86_64-linux-gnu/libgraphite2.so.3.0.1
7f32d613d000-7f32d613e000 rw-p 00024000 08:05 1311175                    /usr/lib/x86_64-linux-gnu/libgraphite2.so.3.0.1
7f32d613e000-7f32d6150000 r-xp 00000000 08:05 5378228                    /lib/x86_64-linux-gnu/libgpg-error.so.0.15.0
7f32d6150000-7f32d634f000 ---p 00012000 08:05 5378228                    /lib/x86_64-linux-gnu/libgpg-error.so.0.15.0
7f32d634f000-7f32d6350000 r--p 00011000 08:05 5378228                    /lib/x86_64-linux-gnu/libgpg-error.so.0.15.0
7f32d6350000-7f32d6351000 rw-p 00012000 08:05 5378228                    /lib/x86_64-linux-gnu/libgpg-error.so.0.15.0
7f32d6351000-7f32d6357000 r-xp 00000000 08:05 1317954                    /usr/lib/x86_64-linux-gnu/libdatrie.so.1.3.2
7f32d6357000-7f32d6556000 ---p 00006000 08:05 1317954                    /usr/lib/x86_64-linux-gnu/libdatrie.so.1.3.2
7f32d6556000-7f32d6557000 r--p 00005000 08:05 1317954                    /usr/lib/x86_64-linux-gnu/libdatrie.so.1.3.2
7f32d6557000-7f32d6558000 rw-p 00006000 08:05 1317954                    /usr/lib/x86_64-linux-gnu/libdatrie.so.1.3.2
7f32d6558000-7f32d65b4000 r-xp 00000000 08:05 1313843                    /usr/lib/x86_64-linux-gnu/libharfbuzz.so.0.10000.1
7f32d65b4000-7f32d67b4000 ---p 0005c000 08:05 1313843                    /usr/lib/x86_64-linux-gnu/libharfbuzz.so.0.10000.1
7f32d67b4000-7f32d67b5000 r--p 0005c000 08:05 1313843                    /usr/lib/x86_64-linux-gnu/libharfbuzz.so.0.10000.1
7f32d67b5000-7f32d67b6000 rw-p 0005d000 08:05 1313843                    /usr/lib/x86_64-linux-gnu/libharfbuzz.so.0.10000.1
7f32d67b6000-7f32d688e000 r-xp 00000000 08:05 5374042                    /lib/x86_64-linux-gnu/libgcrypt.so.20.0.3
7f32d688e000-7f32d6a8e000 ---p 000d8000 08:05 5374042                    /lib/x86_64-linux-gnu/libgcrypt.so.20.0.3
7f32d6a8e000-7f32d6a8f000 r--p 000d8000 08:05 5374042                    /lib/x86_64-linux-gnu/libgcrypt.so.20.0.3
7f32d6a8f000-7f32d6a97000 rw-p 000d9000 08:05 5374042                    /lib/x86_64-linux-gnu/libgcrypt.so.20.0.3
7f32d6a97000-7f32d6a98000 rw-p 00000000 00:00 0 
7f32d6a98000-7f32d6ab9000 r-xp 00000000 08:05 5378213                    /lib/x86_64-linux-gnu/liblzma.so.5.0.0
7f32d6ab9000-7f32d6cb8000 ---p 00021000 08:05 5378213                    /lib/x86_64-linux-gnu/liblzma.so.5.0.0
7f32d6cb8000-7f32d6cb9000 r--p 00020000 08:05 5378213                    /lib/x86_64-linux-gnu/liblzma.so.5.0.0
7f32d6cb9000-7f32d6cba000 rw-p 00021000 08:05 5378213                    /lib/x86_64-linux-gnu/liblzma.so.5.0.0
7f32d6cba000-7f32d6cc2000 r-xp 00000000 08:05 1324371                    /usr/lib/x86_64-linux-gnu/libxcb-render.so.0.0.0
7f32d6cc2000-7f32d6ec2000 ---p 00008000 08:05 1324371                    /usr/lib/x86_64-linux-gnu/libxcb-render.so.0.0.0
7f32d6ec2000-7f32d6ec3000 r--p 00008000 08:05 1324371                    /usr/lib/x86_64-linux-gnu/libxcb-render.so.0.0.0
7f32d6ec3000-7f32d6ec4000 rw-p 00009000 08:05 1324371                    /usr/lib/x86_64-linux-gnu/libxcb-render.so.0.0.0
7f32d6ec4000-7f32d6ec6000 r-xp 00000000 08:05 1324374                    /usr/lib/x86_64-linux-gnu/libxcb-shm.so.0.0.0
7f32d6ec6000-7f32d70c6000 ---p 00002000 08:05 1324374                    /usr/lib/x86_64-linux-gnu/libxcb-shm.so.0.0.0
7f32d70c6000-7f32d70c7000 r--p 00002000 08:05 1324374                    /usr/lib/x86_64-linux-gnu/libxcb-shm.so.0.0.0
7f32d70c7000-7f32d70c8000 rw-p 00003000 08:05 1324374                    /usr/lib/x86_64-linux-gnu/libxcb-shm.so.0.0.0
7f32d70c8000-7f32d716d000 r-xp 00000000 08:05 1313745                    /usr/lib/x86_64-linux-gnu/libpixman-1.so.0.32.6
7f32d716d000-7f32d736c000 ---p 000a5000 08:05 1313745                    /usr/lib/x86_64-linux-gnu/libpixman-1.so.0.32.6
7f32d736c000-7f32d7374000 r--p 000a4000 08:05 1313745                    /usr/lib/x86_64-linux-gnu/libpixman-1.so.0.32.6
7f32d7374000-7f32d7375000 rw-p 000ac000 08:05 1313745                    /usr/lib/x86_64-linux-gnu/libpixman-1.so.0.32.6
7f32d7375000-7f32d739b000 r-xp 00000000 08:05 5374002                    /lib/x86_64-linux-gnu/libexpat.so.1.6.0
7f32d739b000-7f32d759b000 ---p 00026000 08:05 5374002                    /lib/x86_64-linux-gnu/libexpat.so.1.6.0
7f32d759b000-7f32d759d000 r--p 00026000 08:05 5374002                    /lib/x86_64-linux-gnu/libexpat.so.1.6.0
7f32d759d000-7f32d759e000 rw-p 00028000 08:05 5374002                    /lib/x86_64-linux-gnu/libexpat.so.1.6.0
7f32d759e000-7f32d75b5000 r-xp 00000000 08:05 5376666                    /lib/x86_64-linux-gnu/libresolv-2.21.so
7f32d75b5000-7f32d77b5000 ---p 00017000 08:05 5376666                    /lib/x86_64-linux-gnu/libresolv-2.21.so
7f32d77b5000-7f32d77b6000 r--p 00017000 08:05 5376666                    /lib/x86_64-linux-gnu/libresolv-2.21.so
7f32d77b6000-7f32d77b7000 rw-p 00018000 08:05 5376666                    /lib/x86_64-linux-gnu/libresolv-2.21.so
7f32d77b7000-7f32d77b9000 rw-p 00000000 00:00 0 
7f32d77b9000-7f32d77da000 r-xp 00000000 08:05 5374056                    /lib/x86_64-linux-gnu/libselinux.so.1
7f32d77da000-7f32d79d9000 ---p 00021000 08:05 5374056                    /lib/x86_64-linux-gnu/libselinux.so.1
7f32d79d9000-7f32d79da000 r--p 00020000 08:05 5374056                    /lib/x86_64-linux-gnu/libselinux.so.1
7f32d79da000-7f32d79db000 rw-p 00021000 08:05 5374056                    /lib/x86_64-linux-gnu/libselinux.so.1
7f32d79db000-7f32d79dd000 rw-p 00000000 00:00 0 
7f32d79dd000-7f32d79e5000 r-xp 00000000 08:05 1311101                    /usr/lib/x86_64-linux-gnu/libthai.so.0.2.2
7f32d79e5000-7f32d7be4000 ---p 00008000 08:05 1311101                    /usr/lib/x86_64-linux-gnu/libthai.so.0.2.2
7f32d7be4000-7f32d7be5000 r--p 00007000 08:05 1311101                    /usr/lib/x86_64-linux-gnu/libthai.so.0.2.2
7f32d7be5000-7f32d7be6000 rw-p 00008000 08:05 1311101                    /usr/lib/x86_64-linux-gnu/libthai.so.0.2.2
7f32d7be6000-7f32d7be9000 r-xp 00000000 08:05 1313114                    /usr/lib/x86_64-linux-gnu/libgmodule-2.0.so.0.4600.2
7f32d7be9000-7f32d7de8000 ---p 00003000 08:05 1313114                    /usr/lib/x86_64-linux-gnu/libgmodule-2.0.so.0.4600.2
7f32d7de8000-7f32d7de9000 r--p 00002000 08:05 1313114                    /usr/lib/x86_64-linux-gnu/libgmodule-2.0.so.0.4600.2
7f32d7de9000-7f32d7dea000 rw-p 00003000 08:05 1313114                    /usr/lib/x86_64-linux-gnu/libgmodule-2.0.so.0.4600.2
7f32d7dea000-7f32d7dfe000 r-xp 00000000 08:05 1311347                    /usr/lib/x86_64-linux-gnu/libpangoft2-1.0.so.0.3600.8
7f32d7dfe000-7f32d7ffe000 ---p 00014000 08:05 1311347                    /usr/lib/x86_64-linux-gnu/libpangoft2-1.0.so.0.3600.8
7f32d7ffe000-7f32d7fff000 r--p 00014000 08:05 1311347                    /usr/lib/x86_64-linux-gnu/libpangoft2-1.0.so.0.3600.8
7f32d7fff000-7f32d8000000 rw-p 00015000 08:05 1311347                    /usr/lib/x86_64-linux-gnu/libpangoft2-1.0.so.0.3600.8
7f32d8000000-7f32d8021000 rw-p 00000000 00:00 0 
7f32d8021000-7f32dc000000 ---p 00000000 00:00 0 
7f32dc000000-7f32dc021000 rw-p 00000000 00:00 0 
7f32dc021000-7f32e0000000 ---p 00000000 00:00 0 
7f32e0000000-7f32e0021000 rw-p 00000000 00:00 0 
7f32e0021000-7f32e4000000 ---p 00000000 00:00 0 
7f32e4000000-7f32e4021000 rw-p 00000000 00:00 0 
7f32e4021000-7f32e8000000 ---p 00000000 00:00 0 
7f32e8000000-7f32e877a000 rw-p 00000000 00:00 0 
7f32e877a000-7f32ec000000 ---p 00000000 00:00 0 
7f32ec000000-7f32ec021000 rw-p 00000000 00:00 0 
7f32ec021000-7f32f0000000 ---p 00000000 00:00 0 
7f32f0000000-7f32f0429000 rw-p 00000000 00:00 0 
7f32f0429000-7f32f4000000 ---p 00000000 00:00 0 
7f32f4000000-7f32f43dd000 rw-p 00000000 00:00 0 
7f32f43dd000-7f32f8000000 ---p 00000000 00:00 0 
7f32f8000000-7f32f8021000 rw-p 00000000 00:00 0 
7f32f8021000-7f32fc000000 ---p 00000000 00:00 0 
7f32fc000000-7f32fc021000 rw-p 00000000 00:00 0 
7f32fc021000-7f3300000000 ---p 00000000 00:00 0 
7f3300000000-7f3300021000 rw-p 00000000 00:00 0 
7f3300021000-7f3304000000 ---p 00000000 00:00 0 
7f3304000000-7f3304021000 rw-p 00000000 00:00 0 
7f3304021000-7f3308000000 ---p 00000000 00:00 0 
7f3308000000-7f3308021000 rw-p 00000000 00:00 0 
7f3308021000-7f330c000000 ---p 00000000 00:00 0 
7f330c000000-7f330c021000 rw-p 00000000 00:00 0 
7f330c021000-7f3310000000 ---p 00000000 00:00 0 
7f3310000000-7f3310021000 rw-p 00000000 00:00 0 
7f3310021000-7f3314000000 ---p 00000000 00:00 0 
7f3314019000-7f3314048000 rw-p 00000000 00:00 0 
7f3314048000-7f33140c5000 r-xp 00000000 08:05 5377914                    /lib/x86_64-linux-gnu/libsystemd.so.0.10.2
7f33140c5000-7f33140c8000 r--p 0007c000 08:05 5377914                    /lib/x86_64-linux-gnu/libsystemd.so.0.10.2
7f33140c8000-7f33140c9000 rw-p 0007f000 08:05 5377914                    /lib/x86_64-linux-gnu/libsystemd.so.0.10.2
7f33140c9000-7f3314135000 r-xp 00000000 08:05 5375027                    /lib/x86_64-linux-gnu/libpcre.so.3.13.1
7f3314135000-7f3314335000 ---p 0006c000 08:05 5375027                    /lib/x86_64-linux-gnu/libpcre.so.3.13.1
7f3314335000-7f3314336000 r--p 0006c000 08:05 5375027                    /lib/x86_64-linux-gnu/libpcre.so.3.13.1
7f3314336000-7f3314337000 rw-p 0006d000 08:05 5375027                    /lib/x86_64-linux-gnu/libpcre.so.3.13.1
7f3314337000-7f331433e000 r-xp 00000000 08:05 1311734                    /usr/lib/x86_64-linux-gnu/libffi.so.6.0.4
7f331433e000-7f331453d000 ---p 00007000 08:05 1311734                    /usr/lib/x86_64-linux-gnu/libffi.so.6.0.4
7f331453d000-7f331453e000 r--p 00006000 08:05 1311734                    /usr/lib/x86_64-linux-gnu/libffi.so.6.0.4
7f331453e000-7f331453f000 rw-p 00007000 08:05 1311734                    /usr/lib/x86_64-linux-gnu/libffi.so.6.0.4
7f331453f000-7f331464d000 r-xp 00000000 08:05 1320441                    /usr/lib/x86_64-linux-gnu/libcairo.so.2.11400.2
7f331464d000-7f331484c000 ---p 0010e000 08:05 1320441                    /usr/lib/x86_64-linux-gnu/libcairo.so.2.11400.2
7f331484c000-7f331484f000 r--p 0010d000 08:05 1320441                    /usr/lib/x86_64-linux-gnu/libcairo.so.2.11400.2
7f331484f000-7f3314850000 rw-p 00110000 08:05 1320441                    /usr/lib/x86_64-linux-gnu/libcairo.so.2.11400.2
7f3314850000-7f3314852000 rw-p 00000000 00:00 0 
7f3314852000-7f3314854000 r-xp 00000000 08:05 1319341                    /usr/lib/x86_64-linux-gnu/libXdamage.so.1.1.0
7f3314854000-7f3314a53000 ---p 00002000 08:05 1319341                    /usr/lib/x86_64-linux-gnu/libXdamage.so.1.1.0
7f3314a53000-7f3314a54000 r--p 00001000 08:05 1319341                    /usr/lib/x86_64-linux-gnu/libXdamage.so.1.1.0
7f3314a54000-7f3314a55000 rw-p 00002000 08:05 1319341                    /usr/lib/x86_64-linux-gnu/libXdamage.so.1.1.0
7f3314a55000-7f3314a57000 r-xp 00000000 08:05 1319337                    /usr/lib/x86_64-linux-gnu/libXcomposite.so.1.0.0
7f3314a57000-7f3314c56000 ---p 00002000 08:05 1319337                    /usr/lib/x86_64-linux-gnu/libXcomposite.so.1.0.0
7f3314c56000-7f3314c57000 r--p 00001000 08:05 1319337                    /usr/lib/x86_64-linux-gnu/libXcomposite.so.1.0.0
7f3314c57000-7f3314c58000 rw-p 00002000 08:05 1319337                    /usr/lib/x86_64-linux-gnu/libXcomposite.so.1.0.0
7f3314c58000-7f3314c62000 r-xp 00000000 08:05 1322375                    /usr/lib/x86_64-linux-gnu/libXrandr.so.2.2.0
7f3314c62000-7f3314e61000 ---p 0000a000 08:05 1322375                    /usr/lib/x86_64-linux-gnu/libXrandr.so.2.2.0
7f3314e61000-7f3314e62000 r--p 00009000 08:05 1322375                    /usr/lib/x86_64-linux-gnu/libXrandr.so.2.2.0
7f3314e62000-7f3314e63000 rw-p 0000a000 08:05 1322375                    /usr/lib/x86_64-linux-gnu/libXrandr.so.2.2.0
7f3314e63000-7f3314e65000 r-xp 00000000 08:05 1319355                    /usr/lib/x86_64-linux-gnu/libXinerama.so.1.0.0
7f3314e65000-7f3315064000 ---p 00002000 08:05 1319355                    /usr/lib/x86_64-linux-gnu/libXinerama.so.1.0.0
7f3315064000-7f3315065000 r--p 00001000 08:05 1319355                    /usr/lib/x86_64-linux-gnu/libXinerama.so.1.0.0
7f3315065000-7f3315066000 rw-p 00002000 08:05 1319355                    /usr/lib/x86_64-linux-gnu/libXinerama.so.1.0.0
7f3315066000-7f33150a2000 r-xp 00000000 08:05 1310757                    /usr/lib/x86_64-linux-gnu/libfontconfig.so.1.8.0
7f33150a2000-7f33152a1000 ---p 0003c000 08:05 1310757                    /usr/lib/x86_64-linux-gnu/libfontconfig.so.1.8.0
7f33152a1000-7f33152a3000 r--p 0003b000 08:05 1310757                    /usr/lib/x86_64-linux-gnu/libfontconfig.so.1.8.0
7f33152a3000-7f33152a4000 rw-p 0003d000 08:05 1310757                    /usr/lib/x86_64-linux-gnu/libfontconfig.so.1.8.0
7f33152a4000-7f331541e000 r-xp 00000000 08:05 1313108                    /usr/lib/x86_64-linux-gnu/libgio-2.0.so.0.4600.2
7f331541e000-7f331561d000 ---p 0017a000 08:05 1313108                    /usr/lib/x86_64-linux-gnu/libgio-2.0.so.0.4600.2
7f331561d000-7f3315621000 r--p 00179000 08:05 1313108                    /usr/lib/x86_64-linux-gnu/libgio-2.0.so.0.4600.2
7f3315621000-7f3315623000 rw-p 0017d000 08:05 1313108                    /usr/lib/x86_64-linux-gnu/libgio-2.0.so.0.4600.2
7f3315623000-7f3315625000 rw-p 00000000 00:00 0 
7f3315625000-7f3315646000 r-xp 00000000 08:05 1313995                    /usr/lib/x86_64-linux-gnu/libgdk_pixbuf-2.0.so.0.3200.1
7f3315646000-7f3315845000 ---p 00021000 08:05 1313995                    /usr/lib/x86_64-linux-gnu/libgdk_pixbuf-2.0.so.0.3200.1
7f3315845000-7f3315846000 r--p 00020000 08:05 1313995                    /usr/lib/x86_64-linux-gnu/libgdk_pixbuf-2.0.so.0.3200.1
7f3315846000-7f3315847000 rw-p 00021000 08:05 1313995                    /usr/lib/x86_64-linux-gnu/libgdk_pixbuf-2.0.so.0.3200.1
7f3315847000-7f3315892000 r-xp 00000000 08:05 1311391                    /usr/lib/x86_64-linux-gnu/libpango-1.0.so.0.3600.8
7f3315892000-7f3315a92000 ---p 0004b000 08:05 1311391                    /usr/lib/x86_64-linux-gnu/libpango-1.0.so.0.3600.8
7f3315a92000-7f3315a94000 r--p 0004b000 08:05 1311391                    /usr/lib/x86_64-linux-gnu/libpango-1.0.so.0.3600.8
7f3315a94000-7f3315a95000 rw-p 0004d000 08:05 1311391                    /usr/lib/x86_64-linux-gnu/libpango-1.0.so.0.3600.8
7f3315a95000-7f3315aa1000 r-xp 00000000 08:05 1311119                    /usr/lib/x86_64-linux-gnu/libpangocairo-1.0.so.0.3600.8
7f3315aa1000-7f3315ca0000 ---p 0000c000 08:05 1311119                    /usr/lib/x86_64-linux-gnu/libpangocairo-1.0.so.0.3600.8
7f3315ca0000-7f3315ca1000 r--p 0000b000 08:05 1311119                    /usr/lib/x86_64-linux-gnu/libpangocairo-1.0.so.0.3600.8
7f3315ca1000-7f3315ca2000 rw-p 0000c000 08:05 1311119                    /usr/lib/x86_64-linux-gnu/libpangocairo-1.0.so.0.3600.8
7f3315ca2000-7f3315cec000 r-xp 00000000 08:05 5378102                    /lib/x86_64-linux-gnu/libdbus-1.so.3.14.3
7f3315cec000-7f3315eec000 ---p 0004a000 08:05 5378102                    /lib/x86_64-linux-gnu/libdbus-1.so.3.14.3
7f3315eec000-7f3315eed000 r--p 0004a000 08:05 5378102                    /lib/x86_64-linux-gnu/libdbus-1.so.3.14.3
7f3315eed000-7f3315eee000 rw-p 0004b000 08:05 5378102                    /lib/x86_64-linux-gnu/libdbus-1.so.3.14.3
7f3315eee000-7f3315f1a000 r-xp 00000000 08:05 1318497                    /usr/lib/x86_64-linux-gnu/libatspi.so.0.0.1
7f3315f1a000-7f331611a000 ---p 0002c000 08:05 1318497                    /usr/lib/x86_64-linux-gnu/libatspi.so.0.0.1
7f331611a000-7f331611e000 r--p 0002c000 08:05 1318497                    /usr/lib/x86_64-linux-gnu/libatspi.so.0.0.1
7f331611e000-7f331611f000 rw-p 00030000 08:05 1318497                    /usr/lib/x86_64-linux-gnu/libatspi.so.0.0.1
7f331611f000-7f331622c000 r-xp 00000000 08:05 5375973                    /lib/x86_64-linux-gnu/libglib-2.0.so.0.4600.2
7f331622c000-7f331642b000 ---p 0010d000 08:05 5375973                    /lib/x86_64-linux-gnu/libglib-2.0.so.0.4600.2
7f331642b000-7f331642c000 r--p 0010c000 08:05 5375973                    /lib/x86_64-linux-gnu/libglib-2.0.so.0.4600.2
7f331642c000-7f331642d000 rw-p 0010d000 08:05 5375973                    /lib/x86_64-linux-gnu/libglib-2.0.so.0.4600.2
7f331642d000-7f331642e000 rw-p 00000000 00:00 0 
7f331642e000-7f3316480000 r-xp 00000000 08:05 1313118                    /usr/lib/x86_64-linux-gnu/libgobject-2.0.so.0.4600.2
7f3316480000-7f331667f000 ---p 00052000 08:05 1313118                    /usr/lib/x86_64-linux-gnu/libgobject-2.0.so.0.4600.2
7f331667f000-7f3316680000 r--p 00051000 08:05 1313118                    /usr/lib/x86_64-linux-gnu/libgobject-2.0.so.0.4600.2
7f3316680000-7f3316681000 rw-p 00052000 08:05 1313118                    /usr/lib/x86_64-linux-gnu/libgobject-2.0.so.0.4600.2
7f3316681000-7f3316731000 r-xp 00000000 08:05 1313152                    /usr/lib/x86_64-linux-gnu/libgdk-x11-2.0.so.0.2400.28
7f3316731000-7f3316930000 ---p 000b0000 08:05 1313152                    /usr/lib/x86_64-linux-gnu/libgdk-x11-2.0.so.0.2400.28
7f3316930000-7f3316934000 r--p 000af000 08:05 1313152                    /usr/lib/x86_64-linux-gnu/libgdk-x11-2.0.so.0.2400.28
7f3316934000-7f3316936000 rw-p 000b3000 08:05 1313152                    /usr/lib/x86_64-linux-gnu/libgdk-x11-2.0.so.0.2400.28
7f3316936000-7f3316962000 r-xp 00000000 08:05 1316922                    /usr/lib/x86_64-linux-gnu/libatk-bridge-2.0.so.0.0.0
7f3316962000-7f3316b62000 ---p 0002c000 08:05 1316922                    /usr/lib/x86_64-linux-gnu/libatk-bridge-2.0.so.0.0.0
7f3316b62000-7f3316b63000 r--p 0002c000 08:05 1316922                    /usr/lib/x86_64-linux-gnu/libatk-bridge-2.0.so.0.0.0
7f3316b63000-7f3316b65000 rw-p 0002d000 08:05 1316922                    /usr/lib/x86_64-linux-gnu/libatk-bridge-2.0.so.0.0.0
7f3316b65000-7f3316b87000 r-xp 00000000 08:05 1320430                    /usr/lib/x86_64-linux-gnu/libatk-1.0.so.0.21609.1
7f3316b87000-7f3316d86000 ---p 00022000 08:05 1320430                    /usr/lib/x86_64-linux-gnu/libatk-1.0.so.0.21609.1
7f3316d86000-7f3316d89000 r--p 00021000 08:05 1320430                    /usr/lib/x86_64-linux-gnu/libatk-1.0.so.0.21609.1
7f3316d89000-7f3316d8a000 rw-p 00024000 08:05 1320430                    /usr/lib/x86_64-linux-gnu/libatk-1.0.so.0.21609.1
7f3316d8a000-7f3316da0000 r-xp 00000000 08:05 1315485                    /usr/lib/x86_64-linux-gnu/jni/libatk-wrapper.so.6.0.0
7f3316da0000-7f3316fa0000 ---p 00016000 08:05 1315485                    /usr/lib/x86_64-linux-gnu/jni/libatk-wrapper.so.6.0.0
7f3316fa0000-7f3316fa1000 r--p 00016000 08:05 1315485                    /usr/lib/x86_64-linux-gnu/jni/libatk-wrapper.so.6.0.0
7f3316fa1000-7f3316fa2000 rw-p 00017000 08:05 1315485                    /usr/lib/x86_64-linux-gnu/jni/libatk-wrapper.so.6.0.0
7f3316fa2000-7f3316fa5000 ---p 00000000 00:00 0 
7f3316fa5000-7f33170a3000 rw-p 00000000 00:00 0                          [stack:28894]
7f33170a3000-7f33170a8000 r-xp 00000000 08:05 1319347                    /usr/lib/x86_64-linux-gnu/libXfixes.so.3.1.0
7f33170a8000-7f33172a7000 ---p 00005000 08:05 1319347                    /usr/lib/x86_64-linux-gnu/libXfixes.so.3.1.0
7f33172a7000-7f33172a8000 r--p 00004000 08:05 1319347                    /usr/lib/x86_64-linux-gnu/libXfixes.so.3.1.0
7f33172a8000-7f33172a9000 rw-p 00005000 08:05 1319347                    /usr/lib/x86_64-linux-gnu/libXfixes.so.3.1.0
7f33172a9000-7f3317aa9000 rw-p 00000000 00:00 0 
7f3317acf000-7f3317ad8000 r-xp 00000000 08:05 1319339                    /usr/lib/x86_64-linux-gnu/libXcursor.so.1.0.2
7f3317ad8000-7f3317cd7000 ---p 00009000 08:05 1319339                    /usr/lib/x86_64-linux-gnu/libXcursor.so.1.0.2
7f3317cd7000-7f3317cd8000 r--p 00008000 08:05 1319339                    /usr/lib/x86_64-linux-gnu/libXcursor.so.1.0.2
7f3317cd8000-7f3317cd9000 rw-p 00009000 08:05 1319339                    /usr/lib/x86_64-linux-gnu/libXcursor.so.1.0.2
7f3317cd9000-7f3317cdc000 ---p 00000000 00:00 0 
7f3317cdc000-7f3317dda000 rw-p 00000000 00:00 0                          [stack:28893]
7f3317dda000-7f3317dff000 r-xp 00000000 08:05 5373979                    /lib/x86_64-linux-gnu/libpng12.so.0.51.0
7f3317dff000-7f3317ffe000 ---p 00025000 08:05 5373979                    /lib/x86_64-linux-gnu/libpng12.so.0.51.0
7f3317ffe000-7f3317fff000 r--p 00024000 08:05 5373979                    /lib/x86_64-linux-gnu/libpng12.so.0.51.0
7f3317fff000-7f3318000000 rw-p 00025000 08:05 5373979                    /lib/x86_64-linux-gnu/libpng12.so.0.51.0
7f3318000000-7f3318021000 rw-p 00000000 00:00 0 
7f3318021000-7f331c000000 ---p 00000000 00:00 0 
7f331c010000-7f331c02d000 r-xp 00000000 08:05 5373957                    /lib/x86_64-linux-gnu/libudev.so.1.6.4
7f331c02d000-7f331c02e000 r--p 0001c000 08:05 5373957                    /lib/x86_64-linux-gnu/libudev.so.1.6.4
7f331c02e000-7f331c02f000 rw-p 0001d000 08:05 5373957                    /lib/x86_64-linux-gnu/libudev.so.1.6.4
7f331c04a000-7f331c04d000 ---p 00000000 00:00 0 
7f331c04d000-7f331c083000 rw-p 00000000 00:00 0                          [stack:28896]
7f331c083000-7f331c123000 r-xp 00000000 08:05 1328925                    /usr/lib/x86_64-linux-gnu/libfreetype.so.6.11.1
7f331c123000-7f331c322000 ---p 000a0000 08:05 1328925                    /usr/lib/x86_64-linux-gnu/libfreetype.so.6.11.1
7f331c322000-7f331c328000 r--p 0009f000 08:05 1328925                    /usr/lib/x86_64-linux-gnu/libfreetype.so.6.11.1
7f331c328000-7f331c329000 rw-p 000a5000 08:05 1328925                    /usr/lib/x86_64-linux-gnu/libfreetype.so.6.11.1
7f331c340000-7f331c341000 rw-p 00000000 00:00 0 
7f331c341000-7f331c344000 r--p 00000000 08:05 1836436                    /usr/share/locale-langpack/pt_BR/LC_MESSAGES/atk10.mo
7f331c344000-7f331c396000 r-xp 00000000 08:05 1316358                    /usr/lib/jvm/java-8-openjdk-amd64/jre/lib/amd64/libfontmanager.so
7f331c396000-7f331c596000 ---p 00052000 08:05 1316358                    /usr/lib/jvm/java-8-openjdk-amd64/jre/lib/amd64/libfontmanager.so
7f331c596000-7f331c598000 r--p 00052000 08:05 1316358                    /usr/lib/jvm/java-8-openjdk-amd64/jre/lib/amd64/libfontmanager.so
7f331c598000-7f331c599000 rw-p 00054000 08:05 1316358                    /usr/lib/jvm/java-8-openjdk-amd64/jre/lib/amd64/libfontmanager.so
7f331c599000-7f331c5bb000 r--p 00000000 08:05 1836826                    /usr/share/locale-langpack/pt_BR/LC_MESSAGES/libc.mo
7f331c5bb000-7f331c5c0000 r-xp 00000000 08:05 1318428                    /usr/lib/x86_64-linux-gnu/libXdmcp.so.6.0.0
7f331c5c0000-7f331c7bf000 ---p 00005000 08:05 1318428                    /usr/lib/x86_64-linux-gnu/libXdmcp.so.6.0.0
7f331c7bf000-7f331c7c0000 r--p 00004000 08:05 1318428                    /usr/lib/x86_64-linux-gnu/libXdmcp.so.6.0.0
7f331c7c0000-7f331c7c1000 rw-p 00005000 08:05 1318428                    /usr/lib/x86_64-linux-gnu/libXdmcp.so.6.0.0
7f331c7c1000-7f331c7c3000 r-xp 00000000 08:05 1319332                    /usr/lib/x86_64-linux-gnu/libXau.so.6.0.0
7f331c7c3000-7f331c9c3000 ---p 00002000 08:05 1319332                    /usr/lib/x86_64-linux-gnu/libXau.so.6.0.0
7f331c9c3000-7f331c9c4000 r--p 00002000 08:05 1319332                    /usr/lib/x86_64-linux-gnu/libXau.so.6.0.0
7f331c9c4000-7f331c9c5000 rw-p 00003000 08:05 1319332                    /usr/lib/x86_64-linux-gnu/libXau.so.6.0.0
7f331c9c5000-7f331c9e5000 r-xp 00000000 08:05 1322492                    /usr/lib/x86_64-linux-gnu/libxcb.so.1.1.0
7f331c9e5000-7f331cbe4000 ---p 00020000 08:05 1322492                    /usr/lib/x86_64-linux-gnu/libxcb.so.1.1.0
7f331cbe4000-7f331cbe5000 r--p 0001f000 08:05 1322492                    /usr/lib/x86_64-linux-gnu/libxcb.so.1.1.0
7f331cbe5000-7f331cbe6000 rw-p 00020000 08:05 1322492                    /usr/lib/x86_64-linux-gnu/libxcb.so.1.1.0
7f331cbe6000-7f331cbf5000 r-xp 00000000 08:05 1319353                    /usr/lib/x86_64-linux-gnu/libXi.so.6.1.0
7f331cbf5000-7f331cdf4000 ---p 0000f000 08:05 1319353                    /usr/lib/x86_64-linux-gnu/libXi.so.6.1.0
7f331cdf4000-7f331cdf5000 r--p 0000e000 08:05 1319353                    /usr/lib/x86_64-linux-gnu/libXi.so.6.1.0
7f331cdf5000-7f331cdf6000 rw-p 0000f000 08:05 1319353                    /usr/lib/x86_64-linux-gnu/libXi.so.6.1.0
7f331cdf6000-7f331cdfb000 r-xp 00000000 08:05 1319373                    /usr/lib/x86_64-linux-gnu/libXtst.so.6.1.0
7f331cdfb000-7f331cffa000 ---p 00005000 08:05 1319373                    /usr/lib/x86_64-linux-gnu/libXtst.so.6.1.0
7f331cffa000-7f331cffb000 r--p 00004000 08:05 1319373                    /usr/lib/x86_64-linux-gnu/libXtst.so.6.1.0
7f331cffb000-7f331cffc000 rw-p 00005000 08:05 1319373                    /usr/lib/x86_64-linux-gnu/libXtst.so.6.1.0
7f331cffc000-7f331d005000 r-xp 00000000 08:05 1324368                    /usr/lib/x86_64-linux-gnu/libXrender.so.1.3.0
7f331d005000-7f331d204000 ---p 00009000 08:05 1324368                    /usr/lib/x86_64-linux-gnu/libXrender.so.1.3.0
7f331d204000-7f331d205000 r--p 00008000 08:05 1324368                    /usr/lib/x86_64-linux-gnu/libXrender.so.1.3.0
7f331d205000-7f331d206000 rw-p 00009000 08:05 1324368                    /usr/lib/x86_64-linux-gnu/libXrender.so.1.3.0
7f331d206000-7f331d33b000 r-xp 00000000 08:05 1322574                    /usr/lib/x86_64-linux-gnu/libX11.so.6.3.0
7f331d33b000-7f331d53b000 ---p 00135000 08:05 1322574                    /usr/lib/x86_64-linux-gnu/libX11.so.6.3.0
7f331d53b000-7f331d53c000 r--p 00135000 08:05 1322574                    /usr/lib/x86_64-linux-gnu/libX11.so.6.3.0
7f331d53c000-7f331d540000 rw-p 00136000 08:05 1322574                    /usr/lib/x86_64-linux-gnu/libX11.so.6.3.0
7f331d540000-7f331d551000 r-xp 00000000 08:05 1315678                    /usr/lib/x86_64-linux-gnu/libXext.so.6.4.0
7f331d551000-7f331d750000 ---p 00011000 08:05 1315678                    /usr/lib/x86_64-linux-gnu/libXext.so.6.4.0
7f331d750000-7f331d751000 r--p 00010000 08:05 1315678                    /usr/lib/x86_64-linux-gnu/libXext.so.6.4.0
7f331d751000-7f331d752000 rw-p 00011000 08:05 1315678                    /usr/lib/x86_64-linux-gnu/libXext.so.6.4.0
7f331d752000-7f331d753000 rw-p 00000000 00:00 0 
7f331d753000-7f331d766000 r--s 00346000 08:05 1316399                    /usr/lib/jvm/java-8-openjdk-amd64/jre/lib/resources.jar
7f331d766000-7f331d76d000 r--s 00000000 08:05 1574466                    /usr/lib/x86_64-linux-gnu/gconv/gconv-modules.cache
7f331d76d000-7f331d7c4000 r-xp 00000000 08:05 1316346                    /usr/lib/jvm/java-8-openjdk-amd64/jre/lib/amd64/libawt_xawt.so
7f331d7c4000-7f331d9c3000 ---p 00057000 08:05 1316346                    /usr/lib/jvm/java-8-openjdk-amd64/jre/lib/amd64/libawt_xawt.so
7f331d9c3000-7f331d9c4000 r--p 00056000 08:05 1316346                    /usr/lib/jvm/java-8-openjdk-amd64/jre/lib/amd64/libawt_xawt.so
7f331d9c4000-7f331d9c7000 rw-p 00057000 08:05 1316346                    /usr/lib/jvm/java-8-openjdk-amd64/jre/lib/amd64/libawt_xawt.so
7f331d9c7000-7f331d9c8000 rw-p 00000000 00:00 0 
7f331d9c8000-7f331da67000 r-xp 00000000 08:05 1316354                    /usr/lib/jvm/java-8-openjdk-amd64/jre/lib/amd64/libawt.so
7f331da67000-7f331dc66000 ---p 0009f000 08:05 1316354                    /usr/lib/jvm/java-8-openjdk-amd64/jre/lib/amd64/libawt.so
7f331dc66000-7f331dc67000 r--p 0009e000 08:05 1316354                    /usr/lib/jvm/java-8-openjdk-amd64/jre/lib/amd64/libawt.so
7f331dc67000-7f331dc72000 rw-p 0009f000 08:05 1316354                    /usr/lib/jvm/java-8-openjdk-amd64/jre/lib/amd64/libawt.so
7f331dc72000-7f331dc97000 rw-p 00000000 00:00 0 
7f331dc97000-7f331dc99000 r--s 0000c000 08:05 3285872                    /home/matheus/.p2/pool/plugins/org.hamcrest.core_1.3.0.v201303031735.jar
7f331dc99000-7f331dca1000 r--s 00045000 08:05 3285881                    /home/matheus/.p2/pool/plugins/org.junit_4.12.0.v201504281640/junit.jar
7f331dca1000-7f331dca7000 r--s 002f8000 08:05 1316320                    /usr/lib/jvm/java-8-openjdk-amd64/jre/lib/charsets.jar
7f331dca7000-7f331dcc3000 r--s 00393000 08:05 1316324                    /usr/lib/jvm/java-8-openjdk-amd64/jre/lib/ext/cldrdata.jar
7f331dcc3000-7f331dcde000 r--s 001d4000 08:05 1316341                    /usr/lib/jvm/java-8-openjdk-amd64/jre/lib/ext/nashorn.jar
7f331dcde000-7f331dcdf000 ---p 00000000 00:00 0 
7f331dcdf000-7f331dddf000 rw-p 00000000 00:00 0                          [stack:28892]
7f331dddf000-7f331dde2000 ---p 00000000 00:00 0 
7f331dde2000-7f331dee0000 rw-p 00000000 00:00 0                          [stack:28891]
7f331dee0000-7f331dee3000 ---p 00000000 00:00 0 
7f331dee3000-7f331dfe1000 rw-p 00000000 00:00 0                          [stack:28890]
7f331dfe1000-7f331dfe4000 ---p 00000000 00:00 0 
7f331dfe4000-7f331e0e2000 rw-p 00000000 00:00 0                          [stack:28889]
7f331e0e2000-7f331e0e5000 ---p 00000000 00:00 0 
7f331e0e5000-7f331e1e3000 rw-p 00000000 00:00 0                          [stack:28888]
7f331e1e3000-7f331e1e6000 ---p 00000000 00:00 0 
7f331e1e6000-7f331e2e4000 rw-p 00000000 00:00 0                          [stack:28887]
7f331e2e4000-7f331e5af000 r--p 00000000 08:05 1312471                    /usr/lib/locale/locale-archive
7f331e5af000-7f331e5b2000 ---p 00000000 00:00 0 
7f331e5b2000-7f331e6b0000 rw-p 00000000 00:00 0                          [stack:28886]
7f331e6b0000-7f331e6b3000 ---p 00000000 00:00 0 
7f331e6b3000-7f331e7b1000 rw-p 00000000 00:00 0                          [stack:28885]
7f331e7b1000-7f331e7b2000 ---p 00000000 00:00 0 
7f331e7b2000-7f331f866000 rw-p 00000000 00:00 0                          [stack:28884]
7f331f866000-7f331fa33000 r--s 03be8000 08:05 1316343                    /usr/lib/jvm/java-8-openjdk-amd64/jre/lib/rt.jar
7f331fa33000-7f33283ff000 rw-p 00000000 00:00 0 
7f33283ff000-7f33287ff000 ---p 00000000 00:00 0 
7f33287ff000-7f3328955000 rw-p 00000000 00:00 0 
7f3328955000-7f3328d54000 ---p 00000000 00:00 0 
7f3328d54000-7f3328e45000 rw-p 00000000 00:00 0 
7f3328e45000-7f3328fff000 ---p 00000000 00:00 0 
7f3328fff000-7f3329000000 rw-p 00000000 00:00 0 
7f3329000000-7f33295e0000 rwxp 00000000 00:00 0 
7f33295e0000-7f3338000000 ---p 00000000 00:00 0 
7f3338000000-7f333bfff000 rw-p 00000000 00:00 0 
7f333bfff000-7f333c000000 ---p 00000000 00:00 0 
7f333c000000-7f333c001000 rw-p 00000000 00:00 0 
7f333c001000-7f333c002000 r--s 00005000 08:05 2361112                    /home/matheus/workspace/libLibras/lib/com.primesense.nite.jar
7f333c002000-7f333c008000 r--s 0003a000 08:05 1316334                    /usr/lib/jvm/java-8-openjdk-amd64/jre/lib/ext/sunjce_provider.jar
7f333c008000-7f333c055000 rw-p 00000000 00:00 0 
7f333c055000-7f333c056000 ---p 00000000 00:00 0 
7f333c056000-7f333c156000 rw-p 00000000 00:00 0                          [stack:28883]
7f333c156000-7f333c157000 ---p 00000000 00:00 0 
7f333c157000-7f333c257000 rw-p 00000000 00:00 0                          [stack:28882]
7f333c257000-7f333c258000 ---p 00000000 00:00 0 
7f333c258000-7f333c358000 rw-p 00000000 00:00 0                          [stack:28881]
7f333c358000-7f333c359000 ---p 00000000 00:00 0 
7f333c359000-7f333c471000 rw-p 00000000 00:00 0                          [stack:28880]
7f333c471000-7f333c819000 ---p 00000000 00:00 0 
7f333c819000-7f333c821000 r-xp 00000000 08:05 1316353                    /usr/lib/jvm/java-8-openjdk-amd64/jre/lib/amd64/libzip.so
7f333c821000-7f333ca20000 ---p 00008000 08:05 1316353                    /usr/lib/jvm/java-8-openjdk-amd64/jre/lib/amd64/libzip.so
7f333ca20000-7f333ca21000 r--p 00007000 08:05 1316353                    /usr/lib/jvm/java-8-openjdk-amd64/jre/lib/amd64/libzip.so
7f333ca21000-7f333ca22000 rw-p 00008000 08:05 1316353                    /usr/lib/jvm/java-8-openjdk-amd64/jre/lib/amd64/libzip.so
7f333ca22000-7f333ca2e000 r-xp 00000000 08:05 5376649                    /lib/x86_64-linux-gnu/libnss_files-2.21.so
7f333ca2e000-7f333cc2d000 ---p 0000c000 08:05 5376649                    /lib/x86_64-linux-gnu/libnss_files-2.21.so
7f333cc2d000-7f333cc2e000 r--p 0000b000 08:05 5376649                    /lib/x86_64-linux-gnu/libnss_files-2.21.so
7f333cc2e000-7f333cc2f000 rw-p 0000c000 08:05 5376649                    /lib/x86_64-linux-gnu/libnss_files-2.21.so
7f333cc2f000-7f333cc3a000 r-xp 00000000 08:05 5376660                    /lib/x86_64-linux-gnu/libnss_nis-2.21.so
7f333cc3a000-7f333ce39000 ---p 0000b000 08:05 5376660                    /lib/x86_64-linux-gnu/libnss_nis-2.21.so
7f333ce39000-7f333ce3a000 r--p 0000a000 08:05 5376660                    /lib/x86_64-linux-gnu/libnss_nis-2.21.so
7f333ce3a000-7f333ce3b000 rw-p 0000b000 08:05 5376660                    /lib/x86_64-linux-gnu/libnss_nis-2.21.so
7f333ce3b000-7f333ce52000 r-xp 00000000 08:05 5376654                    /lib/x86_64-linux-gnu/libnsl-2.21.so
7f333ce52000-7f333d051000 ---p 00017000 08:05 5376654                    /lib/x86_64-linux-gnu/libnsl-2.21.so
7f333d051000-7f333d052000 r--p 00016000 08:05 5376654                    /lib/x86_64-linux-gnu/libnsl-2.21.so
7f333d052000-7f333d053000 rw-p 00017000 08:05 5376654                    /lib/x86_64-linux-gnu/libnsl-2.21.so
7f333d053000-7f333d055000 rw-p 00000000 00:00 0 
7f333d055000-7f333d05d000 r-xp 00000000 08:05 5376650                    /lib/x86_64-linux-gnu/libnss_compat-2.21.so
7f333d05d000-7f333d25c000 ---p 00008000 08:05 5376650                    /lib/x86_64-linux-gnu/libnss_compat-2.21.so
7f333d25c000-7f333d25d000 r--p 00007000 08:05 5376650                    /lib/x86_64-linux-gnu/libnss_compat-2.21.so
7f333d25d000-7f333d25e000 rw-p 00008000 08:05 5376650                    /lib/x86_64-linux-gnu/libnss_compat-2.21.so
7f333d25e000-7f333d28b000 r-xp 00000000 08:05 1316361                    /usr/lib/jvm/java-8-openjdk-amd64/jre/lib/amd64/libjava.so
7f333d28b000-7f333d48a000 ---p 0002d000 08:05 1316361                    /usr/lib/jvm/java-8-openjdk-amd64/jre/lib/amd64/libjava.so
7f333d48a000-7f333d48b000 r--p 0002c000 08:05 1316361                    /usr/lib/jvm/java-8-openjdk-amd64/jre/lib/amd64/libjava.so
7f333d48b000-7f333d48d000 rw-p 0002d000 08:05 1316361                    /usr/lib/jvm/java-8-openjdk-amd64/jre/lib/amd64/libjava.so
7f333d48d000-7f333d49c000 r-xp 00000000 08:05 1316374                    /usr/lib/jvm/java-8-openjdk-amd64/jre/lib/amd64/libverify.so
7f333d49c000-7f333d69b000 ---p 0000f000 08:05 1316374                    /usr/lib/jvm/java-8-openjdk-amd64/jre/lib/amd64/libverify.so
7f333d69b000-7f333d69d000 r--p 0000e000 08:05 1316374                    /usr/lib/jvm/java-8-openjdk-amd64/jre/lib/amd64/libverify.so
7f333d69d000-7f333d69e000 rw-p 00010000 08:05 1316374                    /usr/lib/jvm/java-8-openjdk-amd64/jre/lib/amd64/libverify.so
7f333d69e000-7f333d6a5000 r-xp 00000000 08:05 5376642                    /lib/x86_64-linux-gnu/librt-2.21.so
7f333d6a5000-7f333d8a4000 ---p 00007000 08:05 5376642                    /lib/x86_64-linux-gnu/librt-2.21.so
7f333d8a4000-7f333d8a5000 r--p 00006000 08:05 5376642                    /lib/x86_64-linux-gnu/librt-2.21.so
7f333d8a5000-7f333d8a6000 rw-p 00007000 08:05 5376642                    /lib/x86_64-linux-gnu/librt-2.21.so
7f333d8a6000-7f333d8bc000 r-xp 00000000 08:05 5373993                    /lib/x86_64-linux-gnu/libgcc_s.so.1
7f333d8bc000-7f333dabb000 ---p 00016000 08:05 5373993                    /lib/x86_64-linux-gnu/libgcc_s.so.1
7f333dabb000-7f333dabc000 r--p 00015000 08:05 5373993                    /lib/x86_64-linux-gnu/libgcc_s.so.1
7f333dabc000-7f333dabd000 rw-p 00016000 08:05 5373993                    /lib/x86_64-linux-gnu/libgcc_s.so.1
7f333dabd000-7f333dbc4000 r-xp 00000000 08:05 5376662                    /lib/x86_64-linux-gnu/libm-2.21.so
7f333dbc4000-7f333ddc3000 ---p 00107000 08:05 5376662                    /lib/x86_64-linux-gnu/libm-2.21.so
7f333ddc3000-7f333ddc4000 r--p 00106000 08:05 5376662                    /lib/x86_64-linux-gnu/libm-2.21.so
7f333ddc4000-7f333ddc5000 rw-p 00107000 08:05 5376662                    /lib/x86_64-linux-gnu/libm-2.21.so
7f333ddc5000-7f333df38000 r-xp 00000000 08:05 1311415                    /usr/lib/x86_64-linux-gnu/libstdc++.so.6.0.21
7f333df38000-7f333e137000 ---p 00173000 08:05 1311415                    /usr/lib/x86_64-linux-gnu/libstdc++.so.6.0.21
7f333e137000-7f333e141000 r--p 00172000 08:05 1311415                    /usr/lib/x86_64-linux-gnu/libstdc++.so.6.0.21
7f333e141000-7f333e143000 rw-p 0017c000 08:05 1311415                    /usr/lib/x86_64-linux-gnu/libstdc++.so.6.0.21
7f333e143000-7f333e147000 rw-p 00000000 00:00 0 
7f333e147000-7f333ed8c000 r-xp 00000000 08:05 1316368                    /usr/lib/jvm/java-8-openjdk-amd64/jre/lib/amd64/server/libjvm.so
7f333ed8c000-7f333ef8b000 ---p 00c45000 08:05 1316368                    /usr/lib/jvm/java-8-openjdk-amd64/jre/lib/amd64/server/libjvm.so
7f333ef8b000-7f333f01e000 r--p 00c44000 08:05 1316368                    /usr/lib/jvm/java-8-openjdk-amd64/jre/lib/amd64/server/libjvm.so
7f333f01e000-7f333f046000 rw-p 00cd7000 08:05 1316368                    /usr/lib/jvm/java-8-openjdk-amd64/jre/lib/amd64/server/libjvm.so
7f333f046000-7f333f075000 rw-p 00000000 00:00 0 
7f333f075000-7f333f08d000 r-xp 00000000 08:05 5376648                    /lib/x86_64-linux-gnu/libpthread-2.21.so
7f333f08d000-7f333f28d000 ---p 00018000 08:05 5376648                    /lib/x86_64-linux-gnu/libpthread-2.21.so
7f333f28d000-7f333f28e000 r--p 00018000 08:05 5376648                    /lib/x86_64-linux-gnu/libpthread-2.21.so
7f333f28e000-7f333f28f000 rw-p 00019000 08:05 5376648                    /lib/x86_64-linux-gnu/libpthread-2.21.so
7f333f28f000-7f333f293000 rw-p 00000000 00:00 0 
7f333f293000-7f333f296000 r-xp 00000000 08:05 5376659                    /lib/x86_64-linux-gnu/libdl-2.21.so
7f333f296000-7f333f495000 ---p 00003000 08:05 5376659                    /lib/x86_64-linux-gnu/libdl-2.21.so
7f333f495000-7f333f496000 r--p 00002000 08:05 5376659                    /lib/x86_64-linux-gnu/libdl-2.21.so
7f333f496000-7f333f497000 rw-p 00003000 08:05 5376659                    /lib/x86_64-linux-gnu/libdl-2.21.so
7f333f497000-7f333f4b0000 r-xp 00000000 08:05 5373997                    /lib/x86_64-linux-gnu/libz.so.1.2.8
7f333f4b0000-7f333f6af000 ---p 00019000 08:05 5373997                    /lib/x86_64-linux-gnu/libz.so.1.2.8
7f333f6af000-7f333f6b0000 r--p 00018000 08:05 5373997                    /lib/x86_64-linux-gnu/libz.so.1.2.8
7f333f6b0000-7f333f6b1000 rw-p 00019000 08:05 5373997                    /lib/x86_64-linux-gnu/libz.so.1.2.8
7f333f6b1000-7f333f871000 r-xp 00000000 08:05 5376663                    /lib/x86_64-linux-gnu/libc-2.21.so
7f333f871000-7f333fa71000 ---p 001c0000 08:05 5376663                    /lib/x86_64-linux-gnu/libc-2.21.so
7f333fa71000-7f333fa75000 r--p 001c0000 08:05 5376663                    /lib/x86_64-linux-gnu/libc-2.21.so
7f333fa75000-7f333fa77000 rw-p 001c4000 08:05 5376663                    /lib/x86_64-linux-gnu/libc-2.21.so
7f333fa77000-7f333fa7b000 rw-p 00000000 00:00 0 
7f333fa7b000-7f333fa88000 r-xp 00000000 08:05 1316375                    /usr/lib/jvm/java-8-openjdk-amd64/jre/lib/amd64/jli/libjli.so
7f333fa88000-7f333fc88000 ---p 0000d000 08:05 1316375                    /usr/lib/jvm/java-8-openjdk-amd64/jre/lib/amd64/jli/libjli.so
7f333fc88000-7f333fc89000 r--p 0000d000 08:05 1316375                    /usr/lib/jvm/java-8-openjdk-amd64/jre/lib/amd64/jli/libjli.so
7f333fc89000-7f333fc8a000 rw-p 0000e000 08:05 1316375                    /usr/lib/jvm/java-8-openjdk-amd64/jre/lib/amd64/jli/libjli.so
7f333fc8a000-7f333fcae000 r-xp 00000000 08:05 5376657                    /lib/x86_64-linux-gnu/ld-2.21.so
7f333fcae000-7f333fcb0000 r--s 00004000 08:05 2361113                    /home/matheus/workspace/libLibras/lib/org.openni.jar
7f333fcb0000-7f333fcb1000 r--s 0000a000 08:05 1316332                    /usr/lib/jvm/java-8-openjdk-amd64/jre/lib/ext/jaccess.jar
7f333fcb1000-7f333fcb3000 r--s 00001000 08:05 1316339                    /usr/lib/jvm/java-8-openjdk-amd64/jre/lib/ext/dnsns.jar
7f333fcb3000-7f333fcb7000 r--s 00037000 08:05 1316337                    /usr/lib/jvm/java-8-openjdk-amd64/jre/lib/ext/sunpkcs11.jar
7f333fcb7000-7f333fd8a000 rw-p 00000000 00:00 0 
7f333fd8a000-7f333fd8d000 ---p 00000000 00:00 0 
7f333fd8d000-7f333fe90000 rw-p 00000000 00:00 0                          [stack:28877]
7f333fe90000-7f333fe91000 r--s 00010000 08:05 1316326                    /usr/lib/jvm/java-8-openjdk-amd64/jre/lib/ext/zipfs.jar
7f333fe91000-7f333fe93000 r--s 00007000 08:05 1709211                    /usr/share/java/java-atk-wrapper.jar
7f333fe93000-7f333fe96000 r--s 0000f000 08:05 1316330                    /usr/lib/jvm/java-8-openjdk-amd64/jre/lib/ext/icedtea-sound.jar
7f333fe96000-7f333fea0000 r--s 00116000 08:05 1316328                    /usr/lib/jvm/java-8-openjdk-amd64/jre/lib/ext/localedata.jar
7f333fea0000-7f333fea1000 r--s 00008000 08:05 1316340                    /usr/lib/jvm/java-8-openjdk-amd64/jre/lib/ext/sunec.jar
7f333fea1000-7f333fea9000 rw-s 00000000 08:05 4589719                    /tmp/hsperfdata_root/28874
7f333fea9000-7f333feaa000 rw-p 00000000 00:00 0 
7f333feaa000-7f333feab000 r--p 00000000 00:00 0 
7f333feab000-7f333fead000 rw-p 00000000 00:00 0 
7f333fead000-7f333feae000 r--p 00023000 08:05 5376657                    /lib/x86_64-linux-gnu/ld-2.21.so
7f333feae000-7f333feaf000 rw-p 00024000 08:05 5376657                    /lib/x86_64-linux-gnu/ld-2.21.so
7f333feaf000-7f333feb0000 rw-p 00000000 00:00 0 
7ffcac611000-7ffcac632000 rw-p 00000000 00:00 0                          [stack]
7ffcac765000-7ffcac767000 r--p 00000000 00:00 0                          [vvar]
7ffcac767000-7ffcac769000 r-xp 00000000 00:00 0                          [vdso]
ffffffffff600000-ffffffffff601000 r-xp 00000000 00:00 0                  [vsyscall]

VM Arguments:
jvm_args: -Djava.library.path=/usr/java/packages/lib/amd64:/usr/lib/x86_64-linux-gnu/jni:/lib/x86_64-linux-gnu:/usr/lib/x86_64-linux-gnu:/usr/lib/jni:/lib:/usr/lib:path/OpenNI:path/NiTE -Xmx4096m -Xms1024m -Dfile.encoding=UTF-8 
java_command: br.edu.ifsp.application.capturer.NewControl
java_class_path (initial): /home/matheus/workspace/libLibras/bin:/home/matheus/workspace/libLibras/lib/org.openni.jar:/home/matheus/workspace/libLibras/lib/com.primesense.nite.jar:/home/matheus/.p2/pool/plugins/org.junit_4.12.0.v201504281640/junit.jar:/home/matheus/.p2/pool/plugins/org.hamcrest.core_1.3.0.v201303031735.jar
Launcher Type: SUN_STANDARD

Environment Variables:
PATH=/usr/local/sbin:/usr/local/bin:/usr/sbin:/usr/bin:/sbin:/bin
USERNAME=root
SHELL=/bin/bash
DISPLAY=:0

Signal Handlers:
SIGSEGV: [libjvm.so+0xa5d4d0], sa_mask[0]=11111111011111111101111111111110, sa_flags=SA_RESTART|SA_SIGINFO
SIGBUS: [libjvm.so+0xa5d4d0], sa_mask[0]=11111111011111111101111111111110, sa_flags=SA_RESTART|SA_SIGINFO
SIGFPE: [libjvm.so+0x8a9210], sa_mask[0]=11111111011111111101111111111110, sa_flags=SA_RESTART|SA_SIGINFO
SIGPIPE: [libjvm.so+0x8a9210], sa_mask[0]=11111111011111111101111111111110, sa_flags=SA_RESTART|SA_SIGINFO
SIGXFSZ: [libjvm.so+0x8a9210], sa_mask[0]=11111111011111111101111111111110, sa_flags=SA_RESTART|SA_SIGINFO
SIGILL: [libjvm.so+0x8a9210], sa_mask[0]=11111111011111111101111111111110, sa_flags=SA_RESTART|SA_SIGINFO
SIGUSR1: SIG_DFL, sa_mask[0]=00000000000000000000000000000000, sa_flags=none
SIGUSR2: [libjvm.so+0x8a90c0], sa_mask[0]=00100000000000000000000000000000, sa_flags=SA_RESTART|SA_SIGINFO
SIGHUP: [libjvm.so+0x8a9590], sa_mask[0]=11111111011111111101111111111110, sa_flags=SA_RESTART|SA_SIGINFO
SIGINT: [libjvm.so+0x8a9590], sa_mask[0]=11111111011111111101111111111110, sa_flags=SA_RESTART|SA_SIGINFO
SIGTERM: [libjvm.so+0x8a9590], sa_mask[0]=11111111011111111101111111111110, sa_flags=SA_RESTART|SA_SIGINFO
SIGQUIT: [libjvm.so+0x8a9590], sa_mask[0]=11111111011111111101111111111110, sa_flags=SA_RESTART|SA_SIGINFO


---------------  S Y S T E M  ---------------

OS:DISTRIB_ID=Ubuntu
DISTRIB_RELEASE=15.10
DISTRIB_CODENAME=wily
DISTRIB_DESCRIPTION="Ubuntu 15.10"

uname:Linux 4.2.0-34-generic #39-Ubuntu SMP Thu Mar 10 22:13:01 UTC 2016 x86_64
libc:glibc 2.21 NPTL 2.21 
rlimit: STACK 8192k, CORE 0k, NPROC 14820, NOFILE 65536, AS infinity
load average:1,95 1,57 1,10

/proc/meminfo:
MemTotal:        3881072 kB
MemFree:          558208 kB
MemAvailable:    1152388 kB
Buffers:           47316 kB
Cached:           727220 kB
SwapCached:       177456 kB
Active:          2038660 kB
Inactive:        1123432 kB
Active(anon):    1630132 kB
Inactive(anon):   941452 kB
Active(file):     408528 kB
Inactive(file):   181980 kB
Unevictable:          32 kB
Mlocked:              32 kB
SwapTotal:       4029436 kB
SwapFree:        3175932 kB
Dirty:               352 kB
Writeback:             0 kB
AnonPages:       2329140 kB
Mapped:           206436 kB
Shmem:            183916 kB
Slab:              68236 kB
SReclaimable:      32760 kB
SUnreclaim:        35476 kB
KernelStack:        9488 kB
PageTables:        36964 kB
NFS_Unstable:          0 kB
Bounce:                0 kB
WritebackTmp:          0 kB
CommitLimit:     5969972 kB
Committed_AS:    7326764 kB
VmallocTotal:   34359738367 kB
VmallocUsed:      348656 kB
VmallocChunk:   34358947836 kB
HardwareCorrupted:     0 kB
AnonHugePages:   1110016 kB
CmaTotal:              0 kB
CmaFree:               0 kB
HugePages_Total:       0
HugePages_Free:        0
HugePages_Rsvd:        0
HugePages_Surp:        0
Hugepagesize:       2048 kB
DirectMap4k:      139892 kB
DirectMap2M:     3889152 kB


CPU:total 4 (2 cores per cpu, 2 threads per core) family 6 model 58 stepping 9, cmov, cx8, fxsr, mmx, sse, sse2, sse3, ssse3, sse4.1, sse4.2, popcnt, avx, clmul, erms, ht, tsc, tscinvbit, tscinv

/proc/cpuinfo:
processor	: 0
vendor_id	: GenuineIntel
cpu family	: 6
model		: 58
model name	: Intel(R) Core(TM) i3-3110M CPU @ 2.40GHz
stepping	: 9
microcode	: 0x17
cpu MHz		: 2400.000
cache size	: 3072 KB
physical id	: 0
siblings	: 4
core id		: 0
cpu cores	: 2
apicid		: 0
initial apicid	: 0
fpu		: yes
fpu_exception	: yes
cpuid level	: 13
wp		: yes
flags		: fpu vme de pse tsc msr pae mce cx8 apic sep mtrr pge mca cmov pat pse36 clflush dts acpi mmx fxsr sse sse2 ss ht tm pbe syscall nx rdtscp lm constant_tsc arch_perfmon pebs bts rep_good nopl xtopology nonstop_tsc aperfmperf eagerfpu pni pclmulqdq dtes64 monitor ds_cpl vmx est tm2 ssse3 cx16 xtpr pdcm pcid sse4_1 sse4_2 x2apic popcnt tsc_deadline_timer xsave avx f16c lahf_lm arat epb pln pts dtherm tpr_shadow vnmi flexpriority ept vpid fsgsbase smep erms xsaveopt
bugs		:
bogomips	: 4789.51
clflush size	: 64
cache_alignment	: 64
address sizes	: 36 bits physical, 48 bits virtual
power management:

processor	: 1
vendor_id	: GenuineIntel
cpu family	: 6
model		: 58
model name	: Intel(R) Core(TM) i3-3110M CPU @ 2.40GHz
stepping	: 9
microcode	: 0x17
cpu MHz		: 2400.000
cache size	: 3072 KB
physical id	: 0
siblings	: 4
core id		: 0
cpu cores	: 2
apicid		: 1
initial apicid	: 1
fpu		: yes
fpu_exception	: yes
cpuid level	: 13
wp		: yes
flags		: fpu vme de pse tsc msr pae mce cx8 apic sep mtrr pge mca cmov pat pse36 clflush dts acpi mmx fxsr sse sse2 ss ht tm pbe syscall nx rdtscp lm constant_tsc arch_perfmon pebs bts rep_good nopl xtopology nonstop_tsc aperfmperf eagerfpu pni pclmulqdq dtes64 monitor ds_cpl vmx est tm2 ssse3 cx16 xtpr pdcm pcid sse4_1 sse4_2 x2apic popcnt tsc_deadline_timer xsave avx f16c lahf_lm arat epb pln pts dtherm tpr_shadow vnmi flexpriority ept vpid fsgsbase smep erms xsaveopt
bugs		:
bogomips	: 4789.51
clflush size	: 64
cache_alignment	: 64
address sizes	: 36 bits physical, 48 bits virtual
power management:

processor	: 2
vendor_id	: GenuineIntel
cpu family	: 6
model		: 58
model name	: Intel(R) Core(TM) i3-3110M CPU @ 2.40GHz
stepping	: 9
microcode	: 0x17
cpu MHz		: 2399.906
cache size	: 3072 KB
physical id	: 0
siblings	: 4
core id		: 1
cpu cores	: 2
apicid		: 2
initial apicid	: 2
fpu		: yes
fpu_exception	: yes
cpuid level	: 13
wp		: yes
flags		: fpu vme de pse tsc msr pae mce cx8 apic sep mtrr pge mca cmov pat pse36 clflush dts acpi mmx fxsr sse sse2 ss ht tm pbe syscall nx rdtscp lm constant_tsc arch_perfmon pebs bts rep_good nopl xtopology nonstop_tsc aperfmperf eagerfpu pni pclmulqdq dtes64 monitor ds_cpl vmx est tm2 ssse3 cx16 xtpr pdcm pcid sse4_1 sse4_2 x2apic popcnt tsc_deadline_timer xsave avx f16c lahf_lm arat epb pln pts dtherm tpr_shadow vnmi flexpriority ept vpid fsgsbase smep erms xsaveopt
bugs		:
bogomips	: 4789.51
clflush size	: 64
cache_alignment	: 64
address sizes	: 36 bits physical, 48 bits virtual
power management:

processor	: 3
vendor_id	: GenuineIntel
cpu family	: 6
model		: 58
model name	: Intel(R) Core(TM) i3-3110M CPU @ 2.40GHz
stepping	: 9
microcode	: 0x17
cpu MHz		: 2399.906
cache size	: 3072 KB
physical id	: 0
siblings	: 4
core id		: 1
cpu cores	: 2
apicid		: 3
initial apicid	: 3
fpu		: yes
fpu_exception	: yes
cpuid level	: 13
wp		: yes
flags		: fpu vme de pse tsc msr pae mce cx8 apic sep mtrr pge mca cmov pat pse36 clflush dts acpi mmx fxsr sse sse2 ss ht tm pbe syscall nx rdtscp lm constant_tsc arch_perfmon pebs bts rep_good nopl xtopology nonstop_tsc aperfmperf eagerfpu pni pclmulqdq dtes64 monitor ds_cpl vmx est tm2 ssse3 cx16 xtpr pdcm pcid sse4_1 sse4_2 x2apic popcnt tsc_deadline_timer xsave avx f16c lahf_lm arat epb pln pts dtherm tpr_shadow vnmi flexpriority ept vpid fsgsbase smep erms xsaveopt
bugs		:
bogomips	: 4789.51
clflush size	: 64
cache_alignment	: 64
address sizes	: 36 bits physical, 48 bits virtual
power management:



Memory: 4k page, physical 3881072k(558208k free), swap 4029436k(3175932k free)

vm_info: OpenJDK 64-Bit Server VM (25.66-b17) for linux-amd64 JRE (1.8.0_66-internal-b17), built on Oct 21 2015 22:08:46 by "buildd" with gcc 5.2.1 20151010

time: Mon Apr  4 17:53:38 2016
elapsed time: 24 seconds (0d 0h 0m 24s)

