#
# A fatal error has been detected by the Java Runtime Environment:
#
#  SIGSEGV (0xb) at pc=0x00007f40402f5221, pid=21366, tid=139912527062784
#
# JRE version: OpenJDK Runtime Environment (8.0_66-b17) (build 1.8.0_66-internal-b17)
# Java VM: OpenJDK 64-Bit Server VM (25.66-b17 mixed mode linux-amd64 compressed oops)
# Problematic frame:
# J 1069 C2 br.edu.ifsp.capturer.ShowObject.getPixelDepthSegmentation(Ljava/nio/ShortBuffer;[F[I)[I (137 bytes) @ 0x00007f40402f5221 [0x00007f40402f4f20+0x301]
#
# Failed to write core dump. Core dumps have been disabled. To enable core dumping, try "ulimit -c unlimited" before starting Java again
#
# If you would like to submit a bug report, please visit:
#   http://bugreport.java.com/bugreport/crash.jsp
#

---------------  T H R E A D  ---------------

Current thread (0x00007f3fcb1b0000):  JavaThread "AWT-EventQueue-1" [_thread_in_Java, id=21439, stack(0x00007f3fec69a000,0x00007f3fec79b000)]

siginfo: si_signo: 11 (SIGSEGV), si_code: 2 (SEGV_ACCERR), si_addr: 0x00007f3fd63e0000

Registers:
RAX=0x00000000000001ba, RBX=0x00007f3fd63485a0, RCX=0x0000000000097a60, RDX=0x00000000effad1a1
RSP=0x00007f3fec7973c0, RBP=0x00000000d8006a35, RSI=0x0000000000086712, RDI=0x000000076ad0f8e8
R8 =0x0000000000000001, R9 =0x0000000000097a60, R10=0x00007f3fd63485a0, R11=0x0000000000000000
R12=0x0000000000000000, R13=0x000000077eb58420, R14=0x000000077e58db58, R15=0x00007f3fcb1b0000
RIP=0x00007f40402f5221, EFLAGS=0x0000000000010202, CSGSFS=0x0000000000000033, ERR=0x0000000000000004
  TRAPNO=0x000000000000000e

Top of Stack: (sp=0x00007f3fec7973c0)
0x00007f3fec7973c0:   00007f3f000c5d55 000000000031756b
0x00007f3fec7973d0:   000000000004b002 000000077fb10000
0x00007f3fec7973e0:   00000006c203c518 0008671200000000
0x00007f3fec7973f0:   00000006c00bf2d8 000000076b087b90
0x00007f3fec797400:   00000007c0010a08 0008671200086712
0x00007f3fec797410:   00086712ed610f72 000000076b087b90
0x00007f3fec797420:   00000006c0034e90 000960000012c000
0x00007f3fec797430:   00007f3fec797460 00007f4054f73212
0x00007f3fec797440:   00007f3fec7974c0 00007f403ff7a710
0x00007f3fec797450:   00000000000000bc 00007f403ff7a710
0x00007f3fec797460:   000000077eb58420 000000077e58db58
0x00007f3fec797470:   000000077d13cdb8 00000006c0034e90
0x00007f3fec797480:   00007f3fec797480 00007f4035e5e529
0x00007f3fec797490:   00007f3fec7974e8 00007f4035e61dc8
0x00007f3fec7974a0:   00007f3fbebed5f8 00007f4035e5e570
0x00007f3fec7974b0:   00007f3fec797460 00007f3fec7974f0
0x00007f3fec7974c0:   00007f3fec7978b8 00007f404041ba9c
0x00007f3fec7974d0:   000000077fb10000 00000006c203c518
0x00007f3fec7974e0:   000000077fb08090 00000006c0034e90
0x00007f3fec7974f0:   00007f3fec7978b8 00007f3fcc58bb10
0x00007f3fec797500:   0000000000000000 0000000000000000
0x00007f3fec797510:   0000000000000139 000000077d13cd60
0x00007f3fec797520:   00007f3fec7978b8 00007f404037226c
0x00007f3fec797530:   000000077d13cc20 00007f4000000001
0x00007f3fec797540:   00007f3fec7978b8 00007f404027f614
0x00007f3fec797550:   00007f3fec7978b8 00007f4040371664
0x00007f3fec797560:   0000028000000000 00000000000001e0
0x00007f3fec797570:   00007f3fec7978b8 00007f404025fe94
0x00007f3fec797580:   00007f3fec7978b8 00007f404030c1bc
0x00007f3fec797590:   00007f3fec7978b8 00007f4040204da4
0x00007f3fec7975a0:   00007f3fec7978b8 00007f404031f77c
0x00007f3fec7975b0:   0000000000000000 000000077d13c9c0 

Instructions: (pc=0x00007f40402f5221)
0x00007f40402f5201:   0f 8c 56 04 00 00 45 0f b6 42 2a 49 8b 5a 10 44
0x00007f40402f5211:   8b c9 41 83 c1 02 45 89 4a 18 4c 8b d3 4c 63 c9
0x00007f40402f5221:   47 0f bf 14 0a 45 85 c0 0f 84 76 04 00 00 44 3b
0x00007f40402f5231:   5c 24 68 0f 83 45 02 00 00 4c 8b 4c 24 20 c4 81 

Register to memory mapping:

RAX=0x00000000000001ba is an unknown value
RBX=0x00007f3fd63485a0 is an unknown value
RCX=0x0000000000097a60 is an unknown value
RDX=0x00000000effad1a1 is an unknown value
RSP=0x00007f3fec7973c0 is pointing into the stack for thread: 0x00007f3fcb1b0000
RBP=0x00000000d8006a35 is an unknown value
RSI=0x0000000000086712 is an unknown value
RDI=0x000000076ad0f8e8 is an unknown value
R8 =0x0000000000000001 is an unknown value
R9 =0x0000000000097a60 is an unknown value
R10=0x00007f3fd63485a0 is an unknown value
R11=0x0000000000000000 is an unknown value
R12=0x0000000000000000 is an unknown value
R13=0x000000077eb58420 is an oop
[I 
 - klass: {type array int}
 - length: 614400
R14=0x000000077e58db58 is an oop
[F 
 - klass: {type array float}
 - length: 1228800
R15=0x00007f3fcb1b0000 is a thread


Stack: [0x00007f3fec69a000,0x00007f3fec79b000],  sp=0x00007f3fec7973c0,  free space=1012k
Native frames: (J=compiled Java code, j=interpreted, Vv=VM code, C=native code)
J 1069 C2 br.edu.ifsp.capturer.ShowObject.getPixelDepthSegmentation(Ljava/nio/ShortBuffer;[F[I)[I (137 bytes) @ 0x00007f40402f5221 [0x00007f40402f4f20+0x301]
j  br.edu.ifsp.capturer.ShowObject.getDepthPixel()[I+57
J 1405 C1 br.edu.ifsp.capturer.ShowObject.getBackgroundImage()[I (43 bytes) @ 0x00007f404041ba9c [0x00007f404041b8e0+0x1bc]
J 1236 C1 br.edu.ifsp.capturer.ShowObject.paint(Ljava/awt/Graphics;)V (43 bytes) @ 0x00007f404037226c [0x00007f4040372020+0x24c]
J 1146 C1 javax.swing.JComponent.paintChildren(Ljava/awt/Graphics;)V (669 bytes) @ 0x00007f404032f284 [0x00007f404032baa0+0x37e4]
J 1144 C1 javax.swing.JComponent.paint(Ljava/awt/Graphics;)V (409 bytes) @ 0x00007f404032940c [0x00007f4040327700+0x1d0c]
j  javax.swing.JComponent.paintToOffscreen(Ljava/awt/Graphics;IIIIII)V+41
j  javax.swing.BufferStrategyPaintManager.paint(Ljavax/swing/JComponent;Ljavax/swing/JComponent;Ljava/awt/Graphics;IIII)Z+164
J 1290 C1 javax.swing.RepaintManager.paint(Ljavax/swing/JComponent;Ljavax/swing/JComponent;Ljava/awt/Graphics;IIII)V (93 bytes) @ 0x00007f404039bfd4 [0x00007f404039ba60+0x574]
J 1383 C1 javax.swing.JComponent._paintImmediately(IIII)V (891 bytes) @ 0x00007f40404042bc [0x00007f4040401140+0x317c]
J 1382 C1 javax.swing.JComponent.paintImmediately(IIII)V (155 bytes) @ 0x00007f40403ffad4 [0x00007f40403feb60+0xf74]
J 1369 C1 javax.swing.RepaintManager$4.run()Ljava/lang/Void; (278 bytes) @ 0x00007f40403f654c [0x00007f40403f5ea0+0x6ac]
J 1211 C1 javax.swing.RepaintManager$4.run()Ljava/lang/Object; (5 bytes) @ 0x00007f4040360b0c [0x00007f4040360a80+0x8c]
v  ~StubRoutines::call_stub
V  [libjvm.so+0x65ea1b]
V  [libjvm.so+0x6af7c9]  JVM_DoPrivileged+0x429
J 707  java.security.AccessController.doPrivileged(Ljava/security/PrivilegedAction;Ljava/security/AccessControlContext;)Ljava/lang/Object; (0 bytes) @ 0x00007f4040207555 [0x00007f4040207480+0xd5]
J 1395 C1 javax.swing.RepaintManager.paintDirtyRegions(Ljava/util/Map;)V (196 bytes) @ 0x00007f4040412624 [0x00007f4040411140+0x14e4]
J 1394 C1 javax.swing.RepaintManager.paintDirtyRegions()V (50 bytes) @ 0x00007f404041659c [0x00007f4040416320+0x27c]
J 1393 C1 javax.swing.RepaintManager.prePaintDirtyRegions()V (91 bytes) @ 0x00007f404040e2ac [0x00007f404040dc80+0x62c]
J 1225 C1 javax.swing.RepaintManager$ProcessingRunnable.run()V (41 bytes) @ 0x00007f404036c99c [0x00007f404036c740+0x25c]
J 1191 C1 java.awt.event.InvocationEvent.dispatch()V (69 bytes) @ 0x00007f4040354794 [0x00007f4040354580+0x214]
J 1086 C1 java.awt.EventQueue.dispatchEventImpl(Ljava/awt/AWTEvent;Ljava/lang/Object;)V (149 bytes) @ 0x00007f40402fc72c [0x00007f40402fac40+0x1aec]
J 1084 C1 java.awt.EventQueue$3.run()Ljava/lang/Void; (60 bytes) @ 0x00007f40402fa414 [0x00007f40402fa200+0x214]
J 1083 C1 java.awt.EventQueue$3.run()Ljava/lang/Object; (5 bytes) @ 0x00007f40402e280c [0x00007f40402e2780+0x8c]
v  ~StubRoutines::call_stub
V  [libjvm.so+0x65ea1b]
V  [libjvm.so+0x6af7c9]  JVM_DoPrivileged+0x429
J 707  java.security.AccessController.doPrivileged(Ljava/security/PrivilegedAction;Ljava/security/AccessControlContext;)Ljava/lang/Object; (0 bytes) @ 0x00007f4040207555 [0x00007f4040207480+0xd5]
J 846 C1 java.awt.EventQueue.dispatchEvent(Ljava/awt/AWTEvent;)V (80 bytes) @ 0x00007f404024722c [0x00007f4040246880+0x9ac]
J 850 C1 org.GNOME.Accessibility.AtkWrapper$5.dispatchEvent(Ljava/awt/AWTEvent;)V (104 bytes) @ 0x00007f404024b9ac [0x00007f404024b200+0x7ac]
J 855 C1 java.awt.EventDispatchThread.pumpOneEventForFilters(I)V (295 bytes) @ 0x00007f4040252f3c [0x00007f4040251280+0x1cbc]
j  java.awt.EventDispatchThread.pumpEventsForFilter(ILjava/awt/Conditional;Ljava/awt/EventFilter;)V+35
j  java.awt.EventDispatchThread.pumpEventsForHierarchy(ILjava/awt/Conditional;Ljava/awt/Component;)V+11
j  java.awt.EventDispatchThread.pumpEvents(ILjava/awt/Conditional;)V+4
j  java.awt.EventDispatchThread.pumpEvents(Ljava/awt/Conditional;)V+3
j  java.awt.EventDispatchThread.run()V+9
v  ~StubRoutines::call_stub
V  [libjvm.so+0x65ea1b]
V  [libjvm.so+0x65bfe4]
V  [libjvm.so+0x65c5c7]
V  [libjvm.so+0x69f844]
V  [libjvm.so+0xa016a3]
V  [libjvm.so+0xa01b74]
V  [libjvm.so+0x8ab0d2]
C  [libpthread.so.0+0x76aa]  start_thread+0xca


---------------  P R O C E S S  ---------------

Java Threads: ( => current thread )
  0x00007f3fc00de800 JavaThread "TimerQueue" daemon [_thread_blocked, id=21819, stack(0x00007f3fe4db0000,0x00007f3fe4eb1000)]
  0x00007f405000a000 JavaThread "DestroyJavaVM" [_thread_blocked, id=21371, stack(0x00007f405656a000,0x00007f405666b000)]
  0x00007f3fdc002800 JavaThread "Thread-20" [_thread_in_native, id=21392, stack(0x00007f3fe77ff000,0x00007f3fe8000000)]
=>0x00007f3fcb1b0000 JavaThread "AWT-EventQueue-1" [_thread_in_Java, id=21439, stack(0x00007f3fec69a000,0x00007f3fec79b000)]
  0x00007f3fcb1af800 JavaThread "AWT-Shutdown" [_thread_blocked, id=21438, stack(0x00007f3fec498000,0x00007f3fec599000)]
  0x00007f40502dd800 JavaThread "AWT-EventQueue-0" [_thread_blocked, id=21391, stack(0x00007f3fec599000,0x00007f3fec69a000)]
  0x00007f40502a9800 JavaThread "process reaper" daemon [_thread_blocked, id=21389, stack(0x00007f4034006000,0x00007f403403f000)]
  0x00007f405029f000 JavaThread "AWT-XAWT" daemon [_thread_in_native, id=21387, stack(0x00007f402d808000,0x00007f402d909000)]
  0x00007f4050283000 JavaThread "Java2D Disposer" daemon [_thread_blocked, id=21386, stack(0x00007f402dd19000,0x00007f402de1a000)]
  0x00007f40500b7800 JavaThread "Service Thread" daemon [_thread_blocked, id=21384, stack(0x00007f402fcfd000,0x00007f402fdfe000)]
  0x00007f40500b2800 JavaThread "C1 CompilerThread2" daemon [_thread_blocked, id=21383, stack(0x00007f402fdfe000,0x00007f402feff000)]
  0x00007f40500b0800 JavaThread "C2 CompilerThread1" daemon [_thread_blocked, id=21382, stack(0x00007f402feff000,0x00007f4030000000)]
  0x00007f40500ad800 JavaThread "C2 CompilerThread0" daemon [_thread_blocked, id=21381, stack(0x00007f40340ba000,0x00007f40341bb000)]
  0x00007f40500ab800 JavaThread "Signal Dispatcher" daemon [_thread_blocked, id=21380, stack(0x00007f40341bb000,0x00007f40342bc000)]
  0x00007f405007f000 JavaThread "Finalizer" daemon [_thread_blocked, id=21378, stack(0x00007f4034587000,0x00007f4034688000)]
  0x00007f405007d000 JavaThread "Reference Handler" daemon [_thread_blocked, id=21377, stack(0x00007f4034688000,0x00007f4034789000)]

Other Threads:
  0x00007f4050077800 VMThread [stack: 0x00007f4034789000,0x00007f403488a000] [id=21376]
  0x00007f40500ba000 WatcherThread [stack: 0x00007f402fbfc000,0x00007f402fcfd000] [id=21385]

VM state:not at safepoint (normal execution)

VM Mutex/Monitor currently owned by a thread: None

Heap:
 PSYoungGen      total 343040K, used 17771K [0x000000076ab00000, 0x0000000780000000, 0x00000007c0000000)
  eden space 337920K, 4% used [0x000000076ab00000,0x000000076b873430,0x000000077f500000)
  from space 5120K, 78% used [0x000000077fb00000,0x000000077fee7b68,0x0000000780000000)
  to   space 5632K, 0% used [0x000000077f500000,0x000000077f500000,0x000000077fa80000)
 ParOldGen       total 699392K, used 37809K [0x00000006c0000000, 0x00000006eab00000, 0x000000076ab00000)
  object space 699392K, 5% used [0x00000006c0000000,0x00000006c24ec528,0x00000006eab00000)
 Metaspace       used 14348K, capacity 14682K, committed 14976K, reserved 1062912K
  class space    used 1745K, capacity 1881K, committed 1920K, reserved 1048576K

Card table byte_map: [0x00007f403f3b2000,0x00007f403fbb3000] byte_map_base: 0x00007f403bdb2000

Marking Bits: (ParMarkBitMap*) 0x00007f405583a000
 Begin Bits: [0x00007f4036a58000, 0x00007f403aa58000)
 End Bits:   [0x00007f403aa58000, 0x00007f403ea58000)

Polling page: 0x00007f405668a000

CodeCache: size=245760Kb used=4919Kb max_used=4930Kb free=240840Kb
 bounds [0x00007f403ff73000, 0x00007f4040453000, 0x00007f404ef73000]
 total_blobs=2046 nmethods=1465 adapters=495
 compilation: enabled

Compilation events (10 events):
Event: 18,418 Thread 0x00007f40500b2800 nmethod 1476 0x00007f4040440a90 code [0x00007f4040440c00, 0x00007f4040440e10]
Event: 18,418 Thread 0x00007f40500b2800 1478  s    3       java.awt.geom.Path2D$Float::lineTo (58 bytes)
Event: 18,419 Thread 0x00007f40500b2800 nmethod 1478 0x00007f40404402d0 code [0x00007f4040440460, 0x00007f4040440888]
Event: 18,419 Thread 0x00007f40500b2800 1477       3       java.lang.Math::abs (11 bytes)
Event: 18,419 Thread 0x00007f40500b2800 nmethod 1477 0x00007f404043ff50 code [0x00007f40404400c0, 0x00007f4040440250]
Event: 18,419 Thread 0x00007f40500b2800 1474       3       java.awt.ComponentOrientation::isLeftToRight (15 bytes)
Event: 18,419 Thread 0x00007f40500b2800 nmethod 1474 0x00007f404043fbd0 code [0x00007f404043fd40, 0x00007f404043fef0]
Event: 18,422 Thread 0x00007f40500b0800 nmethod 1473 0x00007f404043f6d0 code [0x00007f404043f820, 0x00007f404043fa98]
Event: 18,453 Thread 0x00007f40500b2800 1479       1       java.lang.ref.Finalizer::access$000 (4 bytes)
Event: 18,453 Thread 0x00007f40500b2800 nmethod 1479 0x00007f404043a1d0 code [0x00007f404043a320, 0x00007f404043a410]

GC Heap History (10 events):
Event: 15,812 GC heap before
{Heap before GC invocations=18 (full 0):
 PSYoungGen      total 344576K, used 340058K [0x000000076ab00000, 0x0000000780000000, 0x00000007c0000000)
  eden space 339968K, 99% used [0x000000076ab00000,0x000000077f6ee940,0x000000077f700000)
  from space 4608K, 3% used [0x000000077f700000,0x000000077f728000,0x000000077fb80000)
  to   space 4608K, 0% used [0x000000077fb80000,0x000000077fb80000,0x0000000780000000)
 ParOldGen       total 699392K, used 28089K [0x00000006c0000000, 0x00000006eab00000, 0x000000076ab00000)
  object space 699392K, 4% used [0x00000006c0000000,0x00000006c1b6e508,0x00000006eab00000)
 Metaspace       used 13947K, capacity 14170K, committed 14464K, reserved 1062912K
  class space    used 1690K, capacity 1817K, committed 1920K, reserved 1048576K
Event: 15,818 GC heap after
Heap after GC invocations=18 (full 0):
 PSYoungGen      total 343552K, used 3153K [0x000000076ab00000, 0x0000000780000000, 0x00000007c0000000)
  eden space 338944K, 0% used [0x000000076ab00000,0x000000076ab00000,0x000000077f600000)
  from space 4608K, 68% used [0x000000077fb80000,0x000000077fe94528,0x0000000780000000)
  to   space 5120K, 0% used [0x000000077f600000,0x000000077f600000,0x000000077fb00000)
 ParOldGen       total 699392K, used 32897K [0x00000006c0000000, 0x00000006eab00000, 0x000000076ab00000)
  object space 699392K, 4% used [0x00000006c0000000,0x00000006c2020518,0x00000006eab00000)
 Metaspace       used 13947K, capacity 14170K, committed 14464K, reserved 1062912K
  class space    used 1690K, capacity 1817K, committed 1920K, reserved 1048576K
}
Event: 16,433 GC heap before
{Heap before GC invocations=19 (full 0):
 PSYoungGen      total 343552K, used 337511K [0x000000076ab00000, 0x0000000780000000, 0x00000007c0000000)
  eden space 338944K, 98% used [0x000000076ab00000,0x000000077f1857f0,0x000000077f600000)
  from space 4608K, 68% used [0x000000077fb80000,0x000000077fe94528,0x0000000780000000)
  to   space 5120K, 0% used [0x000000077f600000,0x000000077f600000,0x000000077fb00000)
 ParOldGen       total 699392K, used 32897K [0x00000006c0000000, 0x00000006eab00000, 0x000000076ab00000)
  object space 699392K, 4% used [0x00000006c0000000,0x00000006c2020518,0x00000006eab00000)
 Metaspace       used 14277K, capacity 14618K, committed 14976K, reserved 1062912K
  class space    used 1742K, capacity 1881K, committed 1920K, reserved 1048576K
Event: 16,434 GC heap after
Heap after GC invocations=19 (full 0):
 PSYoungGen      total 344064K, used 160K [0x000000076ab00000, 0x0000000780000000, 0x00000007c0000000)
  eden space 338944K, 0% used [0x000000076ab00000,0x000000076ab00000,0x000000077f600000)
  from space 5120K, 3% used [0x000000077f600000,0x000000077f628000,0x000000077fb00000)
  to   space 5120K, 0% used [0x000000077fb00000,0x000000077fb00000,0x0000000780000000)
 ParOldGen       total 699392K, used 32921K [0x00000006c0000000, 0x00000006eab00000, 0x000000076ab00000)
  object space 699392K, 4% used [0x00000006c0000000,0x00000006c2026518,0x00000006eab00000)
 Metaspace       used 14277K, capacity 14618K, committed 14976K, reserved 1062912K
  class space    used 1742K, capacity 1881K, committed 1920K, reserved 1048576K
}
Event: 17,050 GC heap before
{Heap before GC invocations=20 (full 0):
 PSYoungGen      total 344064K, used 338661K [0x000000076ab00000, 0x0000000780000000, 0x00000007c0000000)
  eden space 338944K, 99% used [0x000000076ab00000,0x000000077f5917e8,0x000000077f600000)
  from space 5120K, 3% used [0x000000077f600000,0x000000077f628000,0x000000077fb00000)
  to   space 5120K, 0% used [0x000000077fb00000,0x000000077fb00000,0x0000000780000000)
 ParOldGen       total 699392K, used 32921K [0x00000006c0000000, 0x00000006eab00000, 0x000000076ab00000)
  object space 699392K, 4% used [0x00000006c0000000,0x00000006c2026518,0x00000006eab00000)
 Metaspace       used 14311K, capacity 14618K, committed 14976K, reserved 1062912K
  class space    used 1744K, capacity 1881K, committed 1920K, reserved 1048576K
Event: 17,052 GC heap after
Heap after GC invocations=20 (full 0):
 PSYoungGen      total 344064K, used 2592K [0x000000076ab00000, 0x0000000780000000, 0x00000007c0000000)
  eden space 338944K, 0% used [0x000000076ab00000,0x000000076ab00000,0x000000077f600000)
  from space 5120K, 50% used [0x000000077fb00000,0x000000077fd88010,0x0000000780000000)
  to   space 5120K, 0% used [0x000000077f600000,0x000000077f600000,0x000000077fb00000)
 ParOldGen       total 699392K, used 32953K [0x00000006c0000000, 0x00000006eab00000, 0x000000076ab00000)
  object space 699392K, 4% used [0x00000006c0000000,0x00000006c202e518,0x00000006eab00000)
 Metaspace       used 14311K, capacity 14618K, committed 14976K, reserved 1062912K
  class space    used 1744K, capacity 1881K, committed 1920K, reserved 1048576K
}
Event: 17,734 GC heap before
{Heap before GC invocations=21 (full 0):
 PSYoungGen      total 344064K, used 341536K [0x000000076ab00000, 0x0000000780000000, 0x00000007c0000000)
  eden space 338944K, 100% used [0x000000076ab00000,0x000000077f600000,0x000000077f600000)
  from space 5120K, 50% used [0x000000077fb00000,0x000000077fd88010,0x0000000780000000)
  to   space 5120K, 0% used [0x000000077f600000,0x000000077f600000,0x000000077fb00000)
 ParOldGen       total 699392K, used 32953K [0x00000006c0000000, 0x00000006eab00000, 0x000000076ab00000)
  object space 699392K, 4% used [0x00000006c0000000,0x00000006c202e518,0x00000006eab00000)
 Metaspace       used 14319K, capacity 14618K, committed 14976K, reserved 1062912K
  class space    used 1744K, capacity 1881K, committed 1920K, reserved 1048576K
Event: 17,735 GC heap after
Heap after GC invocations=21 (full 0):
 PSYoungGen      total 344064K, used 128K [0x000000076ab00000, 0x0000000780000000, 0x00000007c0000000)
  eden space 338944K, 0% used [0x000000076ab00000,0x000000076ab00000,0x000000077f600000)
  from space 5120K, 2% used [0x000000077f600000,0x000000077f620000,0x000000077fb00000)
  to   space 5120K, 0% used [0x000000077fb00000,0x000000077fb00000,0x0000000780000000)
 ParOldGen       total 699392K, used 32985K [0x00000006c0000000, 0x00000006eab00000, 0x000000076ab00000)
  object space 699392K, 4% used [0x00000006c0000000,0x00000006c2036518,0x00000006eab00000)
 Metaspace       used 14319K, capacity 14618K, committed 14976K, reserved 1062912K
  class space    used 1744K, capacity 1881K, committed 1920K, reserved 1048576K
}
Event: 18,443 GC heap before
{Heap before GC invocations=22 (full 0):
 PSYoungGen      total 344064K, used 337650K [0x000000076ab00000, 0x0000000780000000, 0x00000007c0000000)
  eden space 338944K, 99% used [0x000000076ab00000,0x000000077f49ca48,0x000000077f600000)
  from space 5120K, 2% used [0x000000077f600000,0x000000077f620000,0x000000077fb00000)
  to   space 5120K, 0% used [0x000000077fb00000,0x000000077fb00000,0x0000000780000000)
 ParOldGen       total 699392K, used 32985K [0x00000006c0000000, 0x00000006eab00000, 0x000000076ab00000)
  object space 699392K, 4% used [0x00000006c0000000,0x00000006c2036518,0x00000006eab00000)
 Metaspace       used 14348K, capacity 14682K, committed 14976K, reserved 1062912K
  class space    used 1745K, capacity 1881K, committed 1920K, reserved 1048576K
Event: 18,452 GC heap after
Heap after GC invocations=22 (full 0):
 PSYoungGen      total 343040K, used 3998K [0x000000076ab00000, 0x0000000780000000, 0x00000007c0000000)
  eden space 337920K, 0% used [0x000000076ab00000,0x000000076ab00000,0x000000077f500000)
  from space 5120K, 78% used [0x000000077fb00000,0x000000077fee7b68,0x0000000780000000)
  to   space 5632K, 0% used [0x000000077f500000,0x000000077f500000,0x000000077fa80000)
 ParOldGen       total 699392K, used 37809K [0x00000006c0000000, 0x00000006eab00000, 0x000000076ab00000)
  object space 699392K, 5% used [0x00000006c0000000,0x00000006c24ec528,0x00000006eab00000)
 Metaspace       used 14348K, capacity 14682K, committed 14976K, reserved 1062912K
  class space    used 1745K, capacity 1881K, committed 1920K, reserved 1048576K
}

Deoptimization events (10 events):
Event: 8,347 Thread 0x00007f3fcb1b0000 Uncommon trap: reason=unstable_if action=reinterpret pc=0x00007f40402de238 method=java.lang.Short.valueOf(S)Ljava/lang/Short; @ 11
Event: 8,347 Thread 0x00007f3fcb1b0000 Uncommon trap: reason=unstable_if action=reinterpret pc=0x00007f40402d3f68 method=java.lang.Short.valueOf(S)Ljava/lang/Short; @ 11
Event: 8,361 Thread 0x00007f3fcb1b0000 Uncommon trap: reason=unstable_if action=reinterpret pc=0x00007f40402cb3e8 method=br.edu.ifsp.capturer.ShowObject.getHistogram(Ljava/nio/ByteBuffer;)[F @ 29
Event: 8,410 Thread 0x00007f3fcb1b0000 Uncommon trap: reason=unstable_if action=reinterpret pc=0x00007f40402e8c40 method=java.lang.Short.valueOf(S)Ljava/lang/Short; @ 5
Event: 8,410 Thread 0x00007f3fcb1b0000 Uncommon trap: reason=unstable_if action=reinterpret pc=0x00007f40402dab58 method=java.lang.Short.valueOf(S)Ljava/lang/Short; @ 5
Event: 8,476 Thread 0x00007f3fcb1b0000 Uncommon trap: reason=unstable_if action=reinterpret pc=0x00007f40402ec3fc method=java.lang.Short.valueOf(S)Ljava/lang/Short; @ 5
Event: 16,002 Thread 0x00007f3fcb1b0000 Uncommon trap: reason=class_check action=maybe_recompile pc=0x00007f40400e709c method=java.lang.String.equals(Ljava/lang/Object;)Z @ 8
Event: 16,002 Thread 0x00007f3fcb1b0000 Uncommon trap: reason=class_check action=maybe_recompile pc=0x00007f40400e709c method=java.lang.String.equals(Ljava/lang/Object;)Z @ 8
Event: 18,408 Thread 0x00007f3fcb1b0000 Uncommon trap: reason=class_check action=maybe_recompile pc=0x00007f40400e709c method=java.lang.String.equals(Ljava/lang/Object;)Z @ 8
Event: 18,410 Thread 0x00007f3fcb1b0000 Uncommon trap: reason=class_check action=maybe_recompile pc=0x00007f40400e709c method=java.lang.String.equals(Ljava/lang/Object;)Z @ 8

Internal exceptions (10 events):
Event: 0,120 Thread 0x00007f405000a000 Exception <a 'java/security/PrivilegedActionException'> (0x000000076ab89cc0) thrown at [/build/openjdk-8-aAuh2m/openjdk-8-8u66-b17/src/hotspot/src/share/vm/prims/jvm.cpp, line 1386]
Event: 0,120 Thread 0x00007f405000a000 Exception <a 'java/security/PrivilegedActionException'> (0x000000076ab8a790) thrown at [/build/openjdk-8-aAuh2m/openjdk-8-8u66-b17/src/hotspot/src/share/vm/prims/jvm.cpp, line 1386]
Event: 0,120 Thread 0x00007f405000a000 Exception <a 'java/security/PrivilegedActionException'> (0x000000076ab8a9a0) thrown at [/build/openjdk-8-aAuh2m/openjdk-8-8u66-b17/src/hotspot/src/share/vm/prims/jvm.cpp, line 1386]
Event: 0,178 Thread 0x00007f405000a000 Exception <a 'java/lang/NoSuchFieldError': method resolution failed> (0x000000076ac69010) thrown at [/build/openjdk-8-aAuh2m/openjdk-8-8u66-b17/src/hotspot/src/share/vm/prims/methodHandles.cpp, line 1146]
Event: 0,180 Thread 0x00007f405000a000 Exception <a 'java/lang/NoSuchFieldError': method resolution failed> (0x000000076ac76790) thrown at [/build/openjdk-8-aAuh2m/openjdk-8-8u66-b17/src/hotspot/src/share/vm/prims/methodHandles.cpp, line 1146]
Event: 0,214 Thread 0x00007f405000a000 Exception <a 'java/io/FileNotFoundException'> (0x000000076acf40e8) thrown at [/build/openjdk-8-aAuh2m/openjdk-8-8u66-b17/src/hotspot/src/share/vm/prims/jni.cpp, line 709]
Event: 0,246 Thread 0x00007f405000a000 Exception <a 'java/lang/ClassNotFoundException': sun/dc/DuctusRenderingEngine> (0x000000076ad221d8) thrown at [/build/openjdk-8-aAuh2m/openjdk-8-8u66-b17/src/hotspot/src/share/vm/classfile/systemDictionary.cpp, line 210]
Event: 3,830 Thread 0x00007f3fcb1b0000 Implicit null exception at 0x00007f40401aa999 to 0x00007f40401aaa81
Event: 3,913 Thread 0x00007f3fcb1b0000 Exception <a 'java/lang/UnsupportedOperationException': > (0x00000007701b1c18) thrown at [/build/openjdk-8-aAuh2m/openjdk-8-8u66-b17/src/hotspot/src/share/vm/prims/jni.cpp, line 735]
Event: 4,011 Thread 0x00007f3fcb1b0000 Exception <a 'java/lang/UnsupportedOperationException': > (0x000000077902d738) thrown at [/build/openjdk-8-aAuh2m/openjdk-8-8u66-b17/src/hotspot/src/share/vm/prims/jni.cpp, line 735]

Events (10 events):
Event: 18,422 Thread 0x00007f3fc4001000 Thread added: 0x00007f3fc4001000
Event: 18,422 Thread 0x00007f3fc4001000 Thread exited: 0x00007f3fc4001000
Event: 18,437 Thread 0x00007f3fd4001800 Thread added: 0x00007f3fd4001800
Event: 18,440 Thread 0x00007f3fd54fd800 Thread added: 0x00007f3fd54fd800
Event: 18,441 Thread 0x00007f3fd4001800 Thread exited: 0x00007f3fd4001800
Event: 18,441 Thread 0x00007f3fd54fd800 Thread exited: 0x00007f3fd54fd800
Event: 18,443 Executing VM operation: ParallelGCFailedAllocation
Event: 18,452 Executing VM operation: ParallelGCFailedAllocation done
Event: 18,452 Thread 0x00007f3fc4001000 Thread added: 0x00007f3fc4001000
Event: 18,452 Thread 0x00007f3fc4001000 Thread exited: 0x00007f3fc4001000


Dynamic libraries:
00400000-00401000 r-xp 00000000 08:05 1315507                            /usr/lib/jvm/java-8-openjdk-amd64/jre/bin/java
00600000-00601000 r--p 00000000 08:05 1315507                            /usr/lib/jvm/java-8-openjdk-amd64/jre/bin/java
00601000-00602000 rw-p 00001000 08:05 1315507                            /usr/lib/jvm/java-8-openjdk-amd64/jre/bin/java
00ad3000-00af4000 rw-p 00000000 00:00 0                                  [heap]
6c0000000-6eab00000 rw-p 00000000 00:00 0 
6eab00000-76ab00000 ---p 00000000 00:00 0 
76ab00000-780000000 rw-p 00000000 00:00 0 
780000000-7c0000000 ---p 00000000 00:00 0 
7c0000000-7c01e0000 rw-p 00000000 00:00 0 
7c01e0000-800000000 ---p 00000000 00:00 0 
7f3fb4000000-7f3fb4021000 rw-p 00000000 00:00 0 
7f3fb4021000-7f3fb8000000 ---p 00000000 00:00 0 
7f3fb8000000-7f3fb8021000 rw-p 00000000 00:00 0 
7f3fb8021000-7f3fbc000000 ---p 00000000 00:00 0 
7f3fbeb7c000-7f3fbec3c000 rw-p 00000000 00:00 0 
7f3fbec3c000-7f3fbed7c000 ---p 00000000 00:00 0 
7f3fbed7c000-7f3fbfaec000 rw-p 00000000 00:00 0 
7f3fbfaec000-7f3fbfafd000 r-xp 00000000 08:05 1316348                    /usr/lib/jvm/java-8-openjdk-amd64/jre/lib/amd64/libnio.so
7f3fbfafd000-7f3fbfcfd000 ---p 00011000 08:05 1316348                    /usr/lib/jvm/java-8-openjdk-amd64/jre/lib/amd64/libnio.so
7f3fbfcfd000-7f3fbfcfe000 r--p 00011000 08:05 1316348                    /usr/lib/jvm/java-8-openjdk-amd64/jre/lib/amd64/libnio.so
7f3fbfcfe000-7f3fbfcff000 rw-p 00012000 08:05 1316348                    /usr/lib/jvm/java-8-openjdk-amd64/jre/lib/amd64/libnio.so
7f3fbfcff000-7f3fc0000000 rw-p 00000000 00:00 0 
7f3fc0000000-7f3fc0187000 rw-p 00000000 00:00 0 
7f3fc0187000-7f3fc4000000 ---p 00000000 00:00 0 
7f3fc4000000-7f3fc4021000 rw-p 00000000 00:00 0 
7f3fc4021000-7f3fc8000000 ---p 00000000 00:00 0 
7f3fc8000000-7f3fcb4b5000 rw-p 00000000 00:00 0 
7f3fcb4b5000-7f3fcc000000 ---p 00000000 00:00 0 
7f3fcc0d0000-7f3fcc0d3000 ---p 00000000 00:00 0 
7f3fcc0d3000-7f3fcc1d1000 rw-p 00000000 00:00 0 
7f3fcc1d1000-7f3fcc1e8000 r-xp 00000000 08:05 1316378                    /usr/lib/jvm/java-8-openjdk-amd64/jre/lib/amd64/libnet.so
7f3fcc1e8000-7f3fcc3e7000 ---p 00017000 08:05 1316378                    /usr/lib/jvm/java-8-openjdk-amd64/jre/lib/amd64/libnet.so
7f3fcc3e7000-7f3fcc3e8000 r--p 00016000 08:05 1316378                    /usr/lib/jvm/java-8-openjdk-amd64/jre/lib/amd64/libnet.so
7f3fcc3e8000-7f3fcc3e9000 rw-p 00017000 08:05 1316378                    /usr/lib/jvm/java-8-openjdk-amd64/jre/lib/amd64/libnet.so
7f3fcc3e9000-7f3fcc5e9000 rw-p 00000000 00:00 0 
7f3fcc5e9000-7f3fcc5ec000 ---p 00000000 00:00 0 
7f3fcc5ec000-7f3fd4000000 rw-p 00000000 00:00 0                          [stack:21437]
7f3fd4000000-7f3fd63e0000 rw-p 00000000 00:00 0 
7f3fd63e0000-7f3fd8000000 ---p 00000000 00:00 0 
7f3fd8000000-7f3fdb1d6000 rw-p 00000000 00:00 0 
7f3fdb1d6000-7f3fdc000000 ---p 00000000 00:00 0 
7f3fdc000000-7f3fdc021000 rw-p 00000000 00:00 0 
7f3fdc021000-7f3fe0000000 ---p 00000000 00:00 0 
7f3fe0000000-7f3fe0021000 rw-p 00000000 00:00 0 
7f3fe0021000-7f3fe4000000 ---p 00000000 00:00 0 
7f3fe409e000-7f3fe4457000 rw-p 00000000 00:00 0 
7f3fe4457000-7f3fe445a000 ---p 00000000 00:00 0 
7f3fe445a000-7f3fe4c58000 rw-p 00000000 00:00 0                          [stack:21428]
7f3fe4c84000-7f3fe4db0000 rw-s 00000000 00:05 5341205                    /SYSV00000000 (deleted)
7f3fe4db0000-7f3fe4db3000 ---p 00000000 00:00 0 
7f3fe4db3000-7f3fe53be000 rw-p 00000000 00:00 0                          [stack:21819]
7f3fe53be000-7f3fe5888000 r-xp 00000000 08:05 1722061                    /usr/local/lib/libNiTE2.so
7f3fe5888000-7f3fe5a88000 ---p 004ca000 08:05 1722061                    /usr/local/lib/libNiTE2.so
7f3fe5a88000-7f3fe5a94000 r--p 004ca000 08:05 1722061                    /usr/local/lib/libNiTE2.so
7f3fe5a94000-7f3fe5a96000 rw-p 004d6000 08:05 1722061                    /usr/local/lib/libNiTE2.so
7f3fe5a96000-7f3fe5a9e000 rw-p 00000000 00:00 0 
7f3fe5a9e000-7f3fe5aa5000 r-xp 00000000 08:05 2628674                    /home/matheus/workspace/libLibras/path/NiTE/libNiTE2.jni.so
7f3fe5aa5000-7f3fe5ca4000 ---p 00007000 08:05 2628674                    /home/matheus/workspace/libLibras/path/NiTE/libNiTE2.jni.so
7f3fe5ca4000-7f3fe5ca5000 r--p 00006000 08:05 2628674                    /home/matheus/workspace/libLibras/path/NiTE/libNiTE2.jni.so
7f3fe5ca5000-7f3fe5ca6000 rw-p 00007000 08:05 2628674                    /home/matheus/workspace/libLibras/path/NiTE/libNiTE2.jni.so
7f3fe5ca6000-7f3fe5cfe000 r-xp 00000000 08:05 2239998                    /usr/local/lib/OpenNI2/Drivers/libOpenNI2.so
7f3fe5cfe000-7f3fe5efe000 ---p 00058000 08:05 2239998                    /usr/local/lib/OpenNI2/Drivers/libOpenNI2.so
7f3fe5efe000-7f3fe5f00000 r--p 00058000 08:05 2239998                    /usr/local/lib/OpenNI2/Drivers/libOpenNI2.so
7f3fe5f00000-7f3fe5f01000 rw-p 0005a000 08:05 2239998                    /usr/local/lib/OpenNI2/Drivers/libOpenNI2.so
7f3fe5f01000-7f3fe5f22000 rw-p 00000000 00:00 0 
7f3fe5f22000-7f3fe5f25000 r-xp 00000000 08:05 2239989                    /usr/local/lib/OpenNI2/Drivers/libMWClosestPoint.so
7f3fe5f25000-7f3fe6124000 ---p 00003000 08:05 2239989                    /usr/local/lib/OpenNI2/Drivers/libMWClosestPoint.so
7f3fe6124000-7f3fe6125000 r--p 00002000 08:05 2239989                    /usr/local/lib/OpenNI2/Drivers/libMWClosestPoint.so
7f3fe6125000-7f3fe6126000 rw-p 00003000 08:05 2239989                    /usr/local/lib/OpenNI2/Drivers/libMWClosestPoint.so
7f3fe6126000-7f3fe6127000 ---p 00000000 00:00 0 
7f3fe6127000-7f3fe6927000 rw-p 00000000 00:00 0                          [stack:21395]
7f3fe6927000-7f3fe6928000 ---p 00000000 00:00 0 
7f3fe6928000-7f3fe7128000 rw-p 00000000 00:00 0                          [stack:21394]
7f3fe7128000-7f3fe713f000 r-xp 00000000 08:05 5378114                    /lib/x86_64-linux-gnu/libusb-1.0.so.0.1.0
7f3fe713f000-7f3fe733e000 ---p 00017000 08:05 5378114                    /lib/x86_64-linux-gnu/libusb-1.0.so.0.1.0
7f3fe733e000-7f3fe733f000 r--p 00016000 08:05 5378114                    /lib/x86_64-linux-gnu/libusb-1.0.so.0.1.0
7f3fe733f000-7f3fe7340000 rw-p 00017000 08:05 5378114                    /lib/x86_64-linux-gnu/libusb-1.0.so.0.1.0
7f3fe7340000-7f3fe7380000 r-xp 00000000 08:05 2233908                    /usr/local/lib/OpenNI2/Drivers/libFreenectDriver.so
7f3fe7380000-7f3fe7580000 ---p 00040000 08:05 2233908                    /usr/local/lib/OpenNI2/Drivers/libFreenectDriver.so
7f3fe7580000-7f3fe7581000 r--p 00040000 08:05 2233908                    /usr/local/lib/OpenNI2/Drivers/libFreenectDriver.so
7f3fe7581000-7f3fe7583000 rw-p 00041000 08:05 2233908                    /usr/local/lib/OpenNI2/Drivers/libFreenectDriver.so
7f3fe7583000-7f3fe75db000 r-xp 00000000 08:05 1718583                    /usr/local/lib/libOpenNI2.so
7f3fe75db000-7f3fe77db000 ---p 00058000 08:05 1718583                    /usr/local/lib/libOpenNI2.so
7f3fe77db000-7f3fe77dd000 r--p 00058000 08:05 1718583                    /usr/local/lib/libOpenNI2.so
7f3fe77dd000-7f3fe77de000 rw-p 0005a000 08:05 1718583                    /usr/local/lib/libOpenNI2.so
7f3fe77de000-7f3fe77ff000 rw-p 00000000 00:00 0 
7f3fe77ff000-7f3fe7802000 ---p 00000000 00:00 0 
7f3fe7802000-7f3fe8000000 rw-p 00000000 00:00 0                          [stack:21392]
7f3fe8000000-7f3fe8021000 rw-p 00000000 00:00 0 
7f3fe8021000-7f3fec000000 ---p 00000000 00:00 0 
7f3fec041000-7f3fec070000 rw-p 00000000 00:00 0 
7f3fec070000-7f3fec08d000 r-xp 00000000 08:05 5373957                    /lib/x86_64-linux-gnu/libudev.so.1.6.4
7f3fec08d000-7f3fec08e000 r--p 0001c000 08:05 5373957                    /lib/x86_64-linux-gnu/libudev.so.1.6.4
7f3fec08e000-7f3fec08f000 rw-p 0001d000 08:05 5373957                    /lib/x86_64-linux-gnu/libudev.so.1.6.4
7f3fec08f000-7f3fec097000 r-xp 00000000 08:05 2359847                    /home/matheus/workspace/libLibras/path/OpenNI/libOpenNI2.jni.so
7f3fec097000-7f3fec296000 ---p 00008000 08:05 2359847                    /home/matheus/workspace/libLibras/path/OpenNI/libOpenNI2.jni.so
7f3fec296000-7f3fec297000 r--p 00007000 08:05 2359847                    /home/matheus/workspace/libLibras/path/OpenNI/libOpenNI2.jni.so
7f3fec297000-7f3fec298000 rw-p 00008000 08:05 2359847                    /home/matheus/workspace/libLibras/path/OpenNI/libOpenNI2.jni.so
7f3fec298000-7f3fec498000 rw-p 00000000 00:00 0 
7f3fec498000-7f3fec49b000 ---p 00000000 00:00 0 
7f3fec49b000-7f3fec599000 rw-p 00000000 00:00 0                          [stack:21438]
7f3fec599000-7f3fec59c000 ---p 00000000 00:00 0 
7f3fec59c000-7f3fec69a000 rw-p 00000000 00:00 0                          [stack:21391]
7f3fec69a000-7f3fec69d000 ---p 00000000 00:00 0 
7f3fec69d000-7f3fec79b000 rw-p 00000000 00:00 0                          [stack:21439]
7f3fec79b000-7f3fec7be000 r-xp 00000000 08:05 1311175                    /usr/lib/x86_64-linux-gnu/libgraphite2.so.3.0.1
7f3fec7be000-7f3fec9bd000 ---p 00023000 08:05 1311175                    /usr/lib/x86_64-linux-gnu/libgraphite2.so.3.0.1
7f3fec9bd000-7f3fec9bf000 r--p 00022000 08:05 1311175                    /usr/lib/x86_64-linux-gnu/libgraphite2.so.3.0.1
7f3fec9bf000-7f3fec9c0000 rw-p 00024000 08:05 1311175                    /usr/lib/x86_64-linux-gnu/libgraphite2.so.3.0.1
7f3fec9c0000-7f3fec9d2000 r-xp 00000000 08:05 5378228                    /lib/x86_64-linux-gnu/libgpg-error.so.0.15.0
7f3fec9d2000-7f3fecbd1000 ---p 00012000 08:05 5378228                    /lib/x86_64-linux-gnu/libgpg-error.so.0.15.0
7f3fecbd1000-7f3fecbd2000 r--p 00011000 08:05 5378228                    /lib/x86_64-linux-gnu/libgpg-error.so.0.15.0
7f3fecbd2000-7f3fecbd3000 rw-p 00012000 08:05 5378228                    /lib/x86_64-linux-gnu/libgpg-error.so.0.15.0
7f3fecbd3000-7f3fecbd9000 r-xp 00000000 08:05 1317954                    /usr/lib/x86_64-linux-gnu/libdatrie.so.1.3.2
7f3fecbd9000-7f3fecdd8000 ---p 00006000 08:05 1317954                    /usr/lib/x86_64-linux-gnu/libdatrie.so.1.3.2
7f3fecdd8000-7f3fecdd9000 r--p 00005000 08:05 1317954                    /usr/lib/x86_64-linux-gnu/libdatrie.so.1.3.2
7f3fecdd9000-7f3fecdda000 rw-p 00006000 08:05 1317954                    /usr/lib/x86_64-linux-gnu/libdatrie.so.1.3.2
7f3fecdda000-7f3fece36000 r-xp 00000000 08:05 1313843                    /usr/lib/x86_64-linux-gnu/libharfbuzz.so.0.10000.1
7f3fece36000-7f3fed036000 ---p 0005c000 08:05 1313843                    /usr/lib/x86_64-linux-gnu/libharfbuzz.so.0.10000.1
7f3fed036000-7f3fed037000 r--p 0005c000 08:05 1313843                    /usr/lib/x86_64-linux-gnu/libharfbuzz.so.0.10000.1
7f3fed037000-7f3fed038000 rw-p 0005d000 08:05 1313843                    /usr/lib/x86_64-linux-gnu/libharfbuzz.so.0.10000.1
7f3fed038000-7f3fed110000 r-xp 00000000 08:05 5374042                    /lib/x86_64-linux-gnu/libgcrypt.so.20.0.3
7f3fed110000-7f3fed310000 ---p 000d8000 08:05 5374042                    /lib/x86_64-linux-gnu/libgcrypt.so.20.0.3
7f3fed310000-7f3fed311000 r--p 000d8000 08:05 5374042                    /lib/x86_64-linux-gnu/libgcrypt.so.20.0.3
7f3fed311000-7f3fed319000 rw-p 000d9000 08:05 5374042                    /lib/x86_64-linux-gnu/libgcrypt.so.20.0.3
7f3fed319000-7f3fed31a000 rw-p 00000000 00:00 0 
7f3fed31a000-7f3fed33b000 r-xp 00000000 08:05 5378213                    /lib/x86_64-linux-gnu/liblzma.so.5.0.0
7f3fed33b000-7f3fed53a000 ---p 00021000 08:05 5378213                    /lib/x86_64-linux-gnu/liblzma.so.5.0.0
7f3fed53a000-7f3fed53b000 r--p 00020000 08:05 5378213                    /lib/x86_64-linux-gnu/liblzma.so.5.0.0
7f3fed53b000-7f3fed53c000 rw-p 00021000 08:05 5378213                    /lib/x86_64-linux-gnu/liblzma.so.5.0.0
7f3fed53c000-7f3fed544000 r-xp 00000000 08:05 1324371                    /usr/lib/x86_64-linux-gnu/libxcb-render.so.0.0.0
7f3fed544000-7f3fed744000 ---p 00008000 08:05 1324371                    /usr/lib/x86_64-linux-gnu/libxcb-render.so.0.0.0
7f3fed744000-7f3fed745000 r--p 00008000 08:05 1324371                    /usr/lib/x86_64-linux-gnu/libxcb-render.so.0.0.0
7f3fed745000-7f3fed746000 rw-p 00009000 08:05 1324371                    /usr/lib/x86_64-linux-gnu/libxcb-render.so.0.0.0
7f3fed746000-7f3fed748000 r-xp 00000000 08:05 1324374                    /usr/lib/x86_64-linux-gnu/libxcb-shm.so.0.0.0
7f3fed748000-7f3fed948000 ---p 00002000 08:05 1324374                    /usr/lib/x86_64-linux-gnu/libxcb-shm.so.0.0.0
7f3fed948000-7f3fed949000 r--p 00002000 08:05 1324374                    /usr/lib/x86_64-linux-gnu/libxcb-shm.so.0.0.0
7f3fed949000-7f3fed94a000 rw-p 00003000 08:05 1324374                    /usr/lib/x86_64-linux-gnu/libxcb-shm.so.0.0.0
7f3fed94a000-7f3fed9ef000 r-xp 00000000 08:05 1313745                    /usr/lib/x86_64-linux-gnu/libpixman-1.so.0.32.6
7f3fed9ef000-7f3fedbee000 ---p 000a5000 08:05 1313745                    /usr/lib/x86_64-linux-gnu/libpixman-1.so.0.32.6
7f3fedbee000-7f3fedbf6000 r--p 000a4000 08:05 1313745                    /usr/lib/x86_64-linux-gnu/libpixman-1.so.0.32.6
7f3fedbf6000-7f3fedbf7000 rw-p 000ac000 08:05 1313745                    /usr/lib/x86_64-linux-gnu/libpixman-1.so.0.32.6
7f3fedbf7000-7f3fedc1d000 r-xp 00000000 08:05 5374002                    /lib/x86_64-linux-gnu/libexpat.so.1.6.0
7f3fedc1d000-7f3fede1d000 ---p 00026000 08:05 5374002                    /lib/x86_64-linux-gnu/libexpat.so.1.6.0
7f3fede1d000-7f3fede1f000 r--p 00026000 08:05 5374002                    /lib/x86_64-linux-gnu/libexpat.so.1.6.0
7f3fede1f000-7f3fede20000 rw-p 00028000 08:05 5374002                    /lib/x86_64-linux-gnu/libexpat.so.1.6.0
7f3fede20000-7f3fede37000 r-xp 00000000 08:05 5376666                    /lib/x86_64-linux-gnu/libresolv-2.21.so
7f3fede37000-7f3fee037000 ---p 00017000 08:05 5376666                    /lib/x86_64-linux-gnu/libresolv-2.21.so
7f3fee037000-7f3fee038000 r--p 00017000 08:05 5376666                    /lib/x86_64-linux-gnu/libresolv-2.21.so
7f3fee038000-7f3fee039000 rw-p 00018000 08:05 5376666                    /lib/x86_64-linux-gnu/libresolv-2.21.so
7f3fee039000-7f3fee03b000 rw-p 00000000 00:00 0 
7f3fee03b000-7f3fee05c000 r-xp 00000000 08:05 5374056                    /lib/x86_64-linux-gnu/libselinux.so.1
7f3fee05c000-7f3fee25b000 ---p 00021000 08:05 5374056                    /lib/x86_64-linux-gnu/libselinux.so.1
7f3fee25b000-7f3fee25c000 r--p 00020000 08:05 5374056                    /lib/x86_64-linux-gnu/libselinux.so.1
7f3fee25c000-7f3fee25d000 rw-p 00021000 08:05 5374056                    /lib/x86_64-linux-gnu/libselinux.so.1
7f3fee25d000-7f3fee25f000 rw-p 00000000 00:00 0 
7f3fee25f000-7f3fee267000 r-xp 00000000 08:05 1311101                    /usr/lib/x86_64-linux-gnu/libthai.so.0.2.2
7f3fee267000-7f3fee466000 ---p 00008000 08:05 1311101                    /usr/lib/x86_64-linux-gnu/libthai.so.0.2.2
7f3fee466000-7f3fee467000 r--p 00007000 08:05 1311101                    /usr/lib/x86_64-linux-gnu/libthai.so.0.2.2
7f3fee467000-7f3fee468000 rw-p 00008000 08:05 1311101                    /usr/lib/x86_64-linux-gnu/libthai.so.0.2.2
7f3fee468000-7f3fee46b000 r-xp 00000000 08:05 1313114                    /usr/lib/x86_64-linux-gnu/libgmodule-2.0.so.0.4600.2
7f3fee46b000-7f3fee66a000 ---p 00003000 08:05 1313114                    /usr/lib/x86_64-linux-gnu/libgmodule-2.0.so.0.4600.2
7f3fee66a000-7f3fee66b000 r--p 00002000 08:05 1313114                    /usr/lib/x86_64-linux-gnu/libgmodule-2.0.so.0.4600.2
7f3fee66b000-7f3fee66c000 rw-p 00003000 08:05 1313114                    /usr/lib/x86_64-linux-gnu/libgmodule-2.0.so.0.4600.2
7f3fee66c000-7f3fee680000 r-xp 00000000 08:05 1311347                    /usr/lib/x86_64-linux-gnu/libpangoft2-1.0.so.0.3600.8
7f3fee680000-7f3fee880000 ---p 00014000 08:05 1311347                    /usr/lib/x86_64-linux-gnu/libpangoft2-1.0.so.0.3600.8
7f3fee880000-7f3fee881000 r--p 00014000 08:05 1311347                    /usr/lib/x86_64-linux-gnu/libpangoft2-1.0.so.0.3600.8
7f3fee881000-7f3fee882000 rw-p 00015000 08:05 1311347                    /usr/lib/x86_64-linux-gnu/libpangoft2-1.0.so.0.3600.8
7f3fee882000-7f3fee8ee000 r-xp 00000000 08:05 5375027                    /lib/x86_64-linux-gnu/libpcre.so.3.13.1
7f3fee8ee000-7f3feeaee000 ---p 0006c000 08:05 5375027                    /lib/x86_64-linux-gnu/libpcre.so.3.13.1
7f3feeaee000-7f3feeaef000 r--p 0006c000 08:05 5375027                    /lib/x86_64-linux-gnu/libpcre.so.3.13.1
7f3feeaef000-7f3feeaf0000 rw-p 0006d000 08:05 5375027                    /lib/x86_64-linux-gnu/libpcre.so.3.13.1
7f3feeaf0000-7f3feeaf7000 r-xp 00000000 08:05 1311734                    /usr/lib/x86_64-linux-gnu/libffi.so.6.0.4
7f3feeaf7000-7f3feecf6000 ---p 00007000 08:05 1311734                    /usr/lib/x86_64-linux-gnu/libffi.so.6.0.4
7f3feecf6000-7f3feecf7000 r--p 00006000 08:05 1311734                    /usr/lib/x86_64-linux-gnu/libffi.so.6.0.4
7f3feecf7000-7f3feecf8000 rw-p 00007000 08:05 1311734                    /usr/lib/x86_64-linux-gnu/libffi.so.6.0.4
7f3feecf8000-7f3feee06000 r-xp 00000000 08:05 1320441                    /usr/lib/x86_64-linux-gnu/libcairo.so.2.11400.2
7f3feee06000-7f3fef005000 ---p 0010e000 08:05 1320441                    /usr/lib/x86_64-linux-gnu/libcairo.so.2.11400.2
7f3fef005000-7f3fef008000 r--p 0010d000 08:05 1320441                    /usr/lib/x86_64-linux-gnu/libcairo.so.2.11400.2
7f3fef008000-7f3fef009000 rw-p 00110000 08:05 1320441                    /usr/lib/x86_64-linux-gnu/libcairo.so.2.11400.2
7f3fef009000-7f3fef00b000 rw-p 00000000 00:00 0 
7f3fef00b000-7f3fef00d000 r-xp 00000000 08:05 1319341                    /usr/lib/x86_64-linux-gnu/libXdamage.so.1.1.0
7f3fef00d000-7f3fef20c000 ---p 00002000 08:05 1319341                    /usr/lib/x86_64-linux-gnu/libXdamage.so.1.1.0
7f3fef20c000-7f3fef20d000 r--p 00001000 08:05 1319341                    /usr/lib/x86_64-linux-gnu/libXdamage.so.1.1.0
7f3fef20d000-7f3fef20e000 rw-p 00002000 08:05 1319341                    /usr/lib/x86_64-linux-gnu/libXdamage.so.1.1.0
7f3fef20e000-7f3fef210000 r-xp 00000000 08:05 1319337                    /usr/lib/x86_64-linux-gnu/libXcomposite.so.1.0.0
7f3fef210000-7f3fef40f000 ---p 00002000 08:05 1319337                    /usr/lib/x86_64-linux-gnu/libXcomposite.so.1.0.0
7f3fef40f000-7f3fef410000 r--p 00001000 08:05 1319337                    /usr/lib/x86_64-linux-gnu/libXcomposite.so.1.0.0
7f3fef410000-7f3fef411000 rw-p 00002000 08:05 1319337                    /usr/lib/x86_64-linux-gnu/libXcomposite.so.1.0.0
7f3fef411000-7f3fef41b000 r-xp 00000000 08:05 1322375                    /usr/lib/x86_64-linux-gnu/libXrandr.so.2.2.0
7f3fef41b000-7f3fef61a000 ---p 0000a000 08:05 1322375                    /usr/lib/x86_64-linux-gnu/libXrandr.so.2.2.0
7f3fef61a000-7f3fef61b000 r--p 00009000 08:05 1322375                    /usr/lib/x86_64-linux-gnu/libXrandr.so.2.2.0
7f3fef61b000-7f3fef61c000 rw-p 0000a000 08:05 1322375                    /usr/lib/x86_64-linux-gnu/libXrandr.so.2.2.0
7f3fef61c000-7f3fef61e000 r-xp 00000000 08:05 1319355                    /usr/lib/x86_64-linux-gnu/libXinerama.so.1.0.0
7f3fef61e000-7f3fef81d000 ---p 00002000 08:05 1319355                    /usr/lib/x86_64-linux-gnu/libXinerama.so.1.0.0
7f3fef81d000-7f3fef81e000 r--p 00001000 08:05 1319355                    /usr/lib/x86_64-linux-gnu/libXinerama.so.1.0.0
7f3fef81e000-7f3fef81f000 rw-p 00002000 08:05 1319355                    /usr/lib/x86_64-linux-gnu/libXinerama.so.1.0.0
7f3fef81f000-7f3fef85b000 r-xp 00000000 08:05 1310757                    /usr/lib/x86_64-linux-gnu/libfontconfig.so.1.8.0
7f3fef85b000-7f3fefa5a000 ---p 0003c000 08:05 1310757                    /usr/lib/x86_64-linux-gnu/libfontconfig.so.1.8.0
7f3fefa5a000-7f3fefa5c000 r--p 0003b000 08:05 1310757                    /usr/lib/x86_64-linux-gnu/libfontconfig.so.1.8.0
7f3fefa5c000-7f3fefa5d000 rw-p 0003d000 08:05 1310757                    /usr/lib/x86_64-linux-gnu/libfontconfig.so.1.8.0
7f3fefa5d000-7f3fefbd7000 r-xp 00000000 08:05 1313108                    /usr/lib/x86_64-linux-gnu/libgio-2.0.so.0.4600.2
7f3fefbd7000-7f3fefdd6000 ---p 0017a000 08:05 1313108                    /usr/lib/x86_64-linux-gnu/libgio-2.0.so.0.4600.2
7f3fefdd6000-7f3fefdda000 r--p 00179000 08:05 1313108                    /usr/lib/x86_64-linux-gnu/libgio-2.0.so.0.4600.2
7f3fefdda000-7f3fefddc000 rw-p 0017d000 08:05 1313108                    /usr/lib/x86_64-linux-gnu/libgio-2.0.so.0.4600.2
7f3fefddc000-7f3fefdde000 rw-p 00000000 00:00 0 
7f3fefdde000-7f3fefdff000 r-xp 00000000 08:05 1313995                    /usr/lib/x86_64-linux-gnu/libgdk_pixbuf-2.0.so.0.3200.1
7f3fefdff000-7f3fefffe000 ---p 00021000 08:05 1313995                    /usr/lib/x86_64-linux-gnu/libgdk_pixbuf-2.0.so.0.3200.1
7f3fefffe000-7f3feffff000 r--p 00020000 08:05 1313995                    /usr/lib/x86_64-linux-gnu/libgdk_pixbuf-2.0.so.0.3200.1
7f3feffff000-7f3ff0000000 rw-p 00021000 08:05 1313995                    /usr/lib/x86_64-linux-gnu/libgdk_pixbuf-2.0.so.0.3200.1
7f3ff0000000-7f3ff0021000 rw-p 00000000 00:00 0 
7f3ff0021000-7f3ff4000000 ---p 00000000 00:00 0 
7f3ff4000000-7f3ff4021000 rw-p 00000000 00:00 0 
7f3ff4021000-7f3ff8000000 ---p 00000000 00:00 0 
7f3ff8000000-7f3ff8021000 rw-p 00000000 00:00 0 
7f3ff8021000-7f3ffc000000 ---p 00000000 00:00 0 
7f3ffc000000-7f3ffc021000 rw-p 00000000 00:00 0 
7f3ffc021000-7f4000000000 ---p 00000000 00:00 0 
7f4000000000-7f4000784000 rw-p 00000000 00:00 0 
7f4000784000-7f4004000000 ---p 00000000 00:00 0 
7f4004000000-7f4004021000 rw-p 00000000 00:00 0 
7f4004021000-7f4008000000 ---p 00000000 00:00 0 
7f4008000000-7f4008130000 rw-p 00000000 00:00 0 
7f4008130000-7f400c000000 ---p 00000000 00:00 0 
7f400c000000-7f400c0da000 rw-p 00000000 00:00 0 
7f400c0da000-7f4010000000 ---p 00000000 00:00 0 
7f4010000000-7f4010021000 rw-p 00000000 00:00 0 
7f4010021000-7f4014000000 ---p 00000000 00:00 0 
7f4014000000-7f4014021000 rw-p 00000000 00:00 0 
7f4014021000-7f4018000000 ---p 00000000 00:00 0 
7f4018000000-7f4018021000 rw-p 00000000 00:00 0 
7f4018021000-7f401c000000 ---p 00000000 00:00 0 
7f401c000000-7f401c021000 rw-p 00000000 00:00 0 
7f401c021000-7f4020000000 ---p 00000000 00:00 0 
7f4020000000-7f4020021000 rw-p 00000000 00:00 0 
7f4020021000-7f4024000000 ---p 00000000 00:00 0 
7f4024000000-7f4024021000 rw-p 00000000 00:00 0 
7f4024021000-7f4028000000 ---p 00000000 00:00 0 
7f4028000000-7f4028021000 rw-p 00000000 00:00 0 
7f4028021000-7f402c000000 ---p 00000000 00:00 0 
7f402c011000-7f402c08e000 r-xp 00000000 08:05 5377914                    /lib/x86_64-linux-gnu/libsystemd.so.0.10.2
7f402c08e000-7f402c091000 r--p 0007c000 08:05 5377914                    /lib/x86_64-linux-gnu/libsystemd.so.0.10.2
7f402c091000-7f402c092000 rw-p 0007f000 08:05 5377914                    /lib/x86_64-linux-gnu/libsystemd.so.0.10.2
7f402c092000-7f402c0dd000 r-xp 00000000 08:05 1311391                    /usr/lib/x86_64-linux-gnu/libpango-1.0.so.0.3600.8
7f402c0dd000-7f402c2dd000 ---p 0004b000 08:05 1311391                    /usr/lib/x86_64-linux-gnu/libpango-1.0.so.0.3600.8
7f402c2dd000-7f402c2df000 r--p 0004b000 08:05 1311391                    /usr/lib/x86_64-linux-gnu/libpango-1.0.so.0.3600.8
7f402c2df000-7f402c2e0000 rw-p 0004d000 08:05 1311391                    /usr/lib/x86_64-linux-gnu/libpango-1.0.so.0.3600.8
7f402c2e0000-7f402c2ec000 r-xp 00000000 08:05 1311119                    /usr/lib/x86_64-linux-gnu/libpangocairo-1.0.so.0.3600.8
7f402c2ec000-7f402c4eb000 ---p 0000c000 08:05 1311119                    /usr/lib/x86_64-linux-gnu/libpangocairo-1.0.so.0.3600.8
7f402c4eb000-7f402c4ec000 r--p 0000b000 08:05 1311119                    /usr/lib/x86_64-linux-gnu/libpangocairo-1.0.so.0.3600.8
7f402c4ec000-7f402c4ed000 rw-p 0000c000 08:05 1311119                    /usr/lib/x86_64-linux-gnu/libpangocairo-1.0.so.0.3600.8
7f402c4ed000-7f402c537000 r-xp 00000000 08:05 5378102                    /lib/x86_64-linux-gnu/libdbus-1.so.3.14.3
7f402c537000-7f402c737000 ---p 0004a000 08:05 5378102                    /lib/x86_64-linux-gnu/libdbus-1.so.3.14.3
7f402c737000-7f402c738000 r--p 0004a000 08:05 5378102                    /lib/x86_64-linux-gnu/libdbus-1.so.3.14.3
7f402c738000-7f402c739000 rw-p 0004b000 08:05 5378102                    /lib/x86_64-linux-gnu/libdbus-1.so.3.14.3
7f402c739000-7f402c765000 r-xp 00000000 08:05 1318497                    /usr/lib/x86_64-linux-gnu/libatspi.so.0.0.1
7f402c765000-7f402c965000 ---p 0002c000 08:05 1318497                    /usr/lib/x86_64-linux-gnu/libatspi.so.0.0.1
7f402c965000-7f402c969000 r--p 0002c000 08:05 1318497                    /usr/lib/x86_64-linux-gnu/libatspi.so.0.0.1
7f402c969000-7f402c96a000 rw-p 00030000 08:05 1318497                    /usr/lib/x86_64-linux-gnu/libatspi.so.0.0.1
7f402c96a000-7f402ca77000 r-xp 00000000 08:05 5375973                    /lib/x86_64-linux-gnu/libglib-2.0.so.0.4600.2
7f402ca77000-7f402cc76000 ---p 0010d000 08:05 5375973                    /lib/x86_64-linux-gnu/libglib-2.0.so.0.4600.2
7f402cc76000-7f402cc77000 r--p 0010c000 08:05 5375973                    /lib/x86_64-linux-gnu/libglib-2.0.so.0.4600.2
7f402cc77000-7f402cc78000 rw-p 0010d000 08:05 5375973                    /lib/x86_64-linux-gnu/libglib-2.0.so.0.4600.2
7f402cc78000-7f402cc79000 rw-p 00000000 00:00 0 
7f402cc79000-7f402cccb000 r-xp 00000000 08:05 1313118                    /usr/lib/x86_64-linux-gnu/libgobject-2.0.so.0.4600.2
7f402cccb000-7f402ceca000 ---p 00052000 08:05 1313118                    /usr/lib/x86_64-linux-gnu/libgobject-2.0.so.0.4600.2
7f402ceca000-7f402cecb000 r--p 00051000 08:05 1313118                    /usr/lib/x86_64-linux-gnu/libgobject-2.0.so.0.4600.2
7f402cecb000-7f402cecc000 rw-p 00052000 08:05 1313118                    /usr/lib/x86_64-linux-gnu/libgobject-2.0.so.0.4600.2
7f402cecc000-7f402cf7c000 r-xp 00000000 08:05 1313152                    /usr/lib/x86_64-linux-gnu/libgdk-x11-2.0.so.0.2400.28
7f402cf7c000-7f402d17b000 ---p 000b0000 08:05 1313152                    /usr/lib/x86_64-linux-gnu/libgdk-x11-2.0.so.0.2400.28
7f402d17b000-7f402d17f000 r--p 000af000 08:05 1313152                    /usr/lib/x86_64-linux-gnu/libgdk-x11-2.0.so.0.2400.28
7f402d17f000-7f402d181000 rw-p 000b3000 08:05 1313152                    /usr/lib/x86_64-linux-gnu/libgdk-x11-2.0.so.0.2400.28
7f402d181000-7f402d1ad000 r-xp 00000000 08:05 1316922                    /usr/lib/x86_64-linux-gnu/libatk-bridge-2.0.so.0.0.0
7f402d1ad000-7f402d3ad000 ---p 0002c000 08:05 1316922                    /usr/lib/x86_64-linux-gnu/libatk-bridge-2.0.so.0.0.0
7f402d3ad000-7f402d3ae000 r--p 0002c000 08:05 1316922                    /usr/lib/x86_64-linux-gnu/libatk-bridge-2.0.so.0.0.0
7f402d3ae000-7f402d3b0000 rw-p 0002d000 08:05 1316922                    /usr/lib/x86_64-linux-gnu/libatk-bridge-2.0.so.0.0.0
7f402d3b0000-7f402d3d2000 r-xp 00000000 08:05 1320430                    /usr/lib/x86_64-linux-gnu/libatk-1.0.so.0.21609.1
7f402d3d2000-7f402d5d1000 ---p 00022000 08:05 1320430                    /usr/lib/x86_64-linux-gnu/libatk-1.0.so.0.21609.1
7f402d5d1000-7f402d5d4000 r--p 00021000 08:05 1320430                    /usr/lib/x86_64-linux-gnu/libatk-1.0.so.0.21609.1
7f402d5d4000-7f402d5d5000 rw-p 00024000 08:05 1320430                    /usr/lib/x86_64-linux-gnu/libatk-1.0.so.0.21609.1
7f402d5f0000-7f402d606000 r-xp 00000000 08:05 1315485                    /usr/lib/x86_64-linux-gnu/jni/libatk-wrapper.so.6.0.0
7f402d606000-7f402d806000 ---p 00016000 08:05 1315485                    /usr/lib/x86_64-linux-gnu/jni/libatk-wrapper.so.6.0.0
7f402d806000-7f402d807000 r--p 00016000 08:05 1315485                    /usr/lib/x86_64-linux-gnu/jni/libatk-wrapper.so.6.0.0
7f402d807000-7f402d808000 rw-p 00017000 08:05 1315485                    /usr/lib/x86_64-linux-gnu/jni/libatk-wrapper.so.6.0.0
7f402d808000-7f402d80b000 ---p 00000000 00:00 0 
7f402d80b000-7f402d909000 rw-p 00000000 00:00 0                          [stack:21387]
7f402d909000-7f402d90e000 r-xp 00000000 08:05 1319347                    /usr/lib/x86_64-linux-gnu/libXfixes.so.3.1.0
7f402d90e000-7f402db0d000 ---p 00005000 08:05 1319347                    /usr/lib/x86_64-linux-gnu/libXfixes.so.3.1.0
7f402db0d000-7f402db0e000 r--p 00004000 08:05 1319347                    /usr/lib/x86_64-linux-gnu/libXfixes.so.3.1.0
7f402db0e000-7f402db0f000 rw-p 00005000 08:05 1319347                    /usr/lib/x86_64-linux-gnu/libXfixes.so.3.1.0
7f402db0f000-7f402db18000 r-xp 00000000 08:05 1319339                    /usr/lib/x86_64-linux-gnu/libXcursor.so.1.0.2
7f402db18000-7f402dd17000 ---p 00009000 08:05 1319339                    /usr/lib/x86_64-linux-gnu/libXcursor.so.1.0.2
7f402dd17000-7f402dd18000 r--p 00008000 08:05 1319339                    /usr/lib/x86_64-linux-gnu/libXcursor.so.1.0.2
7f402dd18000-7f402dd19000 rw-p 00009000 08:05 1319339                    /usr/lib/x86_64-linux-gnu/libXcursor.so.1.0.2
7f402dd19000-7f402dd1c000 ---p 00000000 00:00 0 
7f402dd1c000-7f402de1a000 rw-p 00000000 00:00 0                          [stack:21386]
7f402de1a000-7f402de3f000 r-xp 00000000 08:05 5373979                    /lib/x86_64-linux-gnu/libpng12.so.0.51.0
7f402de3f000-7f402e03e000 ---p 00025000 08:05 5373979                    /lib/x86_64-linux-gnu/libpng12.so.0.51.0
7f402e03e000-7f402e03f000 r--p 00024000 08:05 5373979                    /lib/x86_64-linux-gnu/libpng12.so.0.51.0
7f402e03f000-7f402e040000 rw-p 00025000 08:05 5373979                    /lib/x86_64-linux-gnu/libpng12.so.0.51.0
7f402e040000-7f402e0e0000 r-xp 00000000 08:05 1328925                    /usr/lib/x86_64-linux-gnu/libfreetype.so.6.11.1
7f402e0e0000-7f402e2df000 ---p 000a0000 08:05 1328925                    /usr/lib/x86_64-linux-gnu/libfreetype.so.6.11.1
7f402e2df000-7f402e2e5000 r--p 0009f000 08:05 1328925                    /usr/lib/x86_64-linux-gnu/libfreetype.so.6.11.1
7f402e2e5000-7f402e2e6000 rw-p 000a5000 08:05 1328925                    /usr/lib/x86_64-linux-gnu/libfreetype.so.6.11.1
7f402e2e6000-7f402e338000 r-xp 00000000 08:05 1316358                    /usr/lib/jvm/java-8-openjdk-amd64/jre/lib/amd64/libfontmanager.so
7f402e338000-7f402e538000 ---p 00052000 08:05 1316358                    /usr/lib/jvm/java-8-openjdk-amd64/jre/lib/amd64/libfontmanager.so
7f402e538000-7f402e53a000 r--p 00052000 08:05 1316358                    /usr/lib/jvm/java-8-openjdk-amd64/jre/lib/amd64/libfontmanager.so
7f402e53a000-7f402e53b000 rw-p 00054000 08:05 1316358                    /usr/lib/jvm/java-8-openjdk-amd64/jre/lib/amd64/libfontmanager.so
7f402e53b000-7f402e540000 r-xp 00000000 08:05 1318428                    /usr/lib/x86_64-linux-gnu/libXdmcp.so.6.0.0
7f402e540000-7f402e73f000 ---p 00005000 08:05 1318428                    /usr/lib/x86_64-linux-gnu/libXdmcp.so.6.0.0
7f402e73f000-7f402e740000 r--p 00004000 08:05 1318428                    /usr/lib/x86_64-linux-gnu/libXdmcp.so.6.0.0
7f402e740000-7f402e741000 rw-p 00005000 08:05 1318428                    /usr/lib/x86_64-linux-gnu/libXdmcp.so.6.0.0
7f402e741000-7f402e743000 r-xp 00000000 08:05 1319332                    /usr/lib/x86_64-linux-gnu/libXau.so.6.0.0
7f402e743000-7f402e943000 ---p 00002000 08:05 1319332                    /usr/lib/x86_64-linux-gnu/libXau.so.6.0.0
7f402e943000-7f402e944000 r--p 00002000 08:05 1319332                    /usr/lib/x86_64-linux-gnu/libXau.so.6.0.0
7f402e944000-7f402e945000 rw-p 00003000 08:05 1319332                    /usr/lib/x86_64-linux-gnu/libXau.so.6.0.0
7f402e945000-7f402e965000 r-xp 00000000 08:05 1322492                    /usr/lib/x86_64-linux-gnu/libxcb.so.1.1.0
7f402e965000-7f402eb64000 ---p 00020000 08:05 1322492                    /usr/lib/x86_64-linux-gnu/libxcb.so.1.1.0
7f402eb64000-7f402eb65000 r--p 0001f000 08:05 1322492                    /usr/lib/x86_64-linux-gnu/libxcb.so.1.1.0
7f402eb65000-7f402eb66000 rw-p 00020000 08:05 1322492                    /usr/lib/x86_64-linux-gnu/libxcb.so.1.1.0
7f402eb66000-7f402eb75000 r-xp 00000000 08:05 1319353                    /usr/lib/x86_64-linux-gnu/libXi.so.6.1.0
7f402eb75000-7f402ed74000 ---p 0000f000 08:05 1319353                    /usr/lib/x86_64-linux-gnu/libXi.so.6.1.0
7f402ed74000-7f402ed75000 r--p 0000e000 08:05 1319353                    /usr/lib/x86_64-linux-gnu/libXi.so.6.1.0
7f402ed75000-7f402ed76000 rw-p 0000f000 08:05 1319353                    /usr/lib/x86_64-linux-gnu/libXi.so.6.1.0
7f402ed76000-7f402ed7b000 r-xp 00000000 08:05 1319373                    /usr/lib/x86_64-linux-gnu/libXtst.so.6.1.0
7f402ed7b000-7f402ef7a000 ---p 00005000 08:05 1319373                    /usr/lib/x86_64-linux-gnu/libXtst.so.6.1.0
7f402ef7a000-7f402ef7b000 r--p 00004000 08:05 1319373                    /usr/lib/x86_64-linux-gnu/libXtst.so.6.1.0
7f402ef7b000-7f402ef7c000 rw-p 00005000 08:05 1319373                    /usr/lib/x86_64-linux-gnu/libXtst.so.6.1.0
7f402ef7c000-7f402ef85000 r-xp 00000000 08:05 1324368                    /usr/lib/x86_64-linux-gnu/libXrender.so.1.3.0
7f402ef85000-7f402f184000 ---p 00009000 08:05 1324368                    /usr/lib/x86_64-linux-gnu/libXrender.so.1.3.0
7f402f184000-7f402f185000 r--p 00008000 08:05 1324368                    /usr/lib/x86_64-linux-gnu/libXrender.so.1.3.0
7f402f185000-7f402f186000 rw-p 00009000 08:05 1324368                    /usr/lib/x86_64-linux-gnu/libXrender.so.1.3.0
7f402f186000-7f402f2bb000 r-xp 00000000 08:05 1322574                    /usr/lib/x86_64-linux-gnu/libX11.so.6.3.0
7f402f2bb000-7f402f4bb000 ---p 00135000 08:05 1322574                    /usr/lib/x86_64-linux-gnu/libX11.so.6.3.0
7f402f4bb000-7f402f4bc000 r--p 00135000 08:05 1322574                    /usr/lib/x86_64-linux-gnu/libX11.so.6.3.0
7f402f4bc000-7f402f4c0000 rw-p 00136000 08:05 1322574                    /usr/lib/x86_64-linux-gnu/libX11.so.6.3.0
7f402f4c0000-7f402f4d1000 r-xp 00000000 08:05 1315678                    /usr/lib/x86_64-linux-gnu/libXext.so.6.4.0
7f402f4d1000-7f402f6d0000 ---p 00011000 08:05 1315678                    /usr/lib/x86_64-linux-gnu/libXext.so.6.4.0
7f402f6d0000-7f402f6d1000 r--p 00010000 08:05 1315678                    /usr/lib/x86_64-linux-gnu/libXext.so.6.4.0
7f402f6d1000-7f402f6d2000 rw-p 00011000 08:05 1315678                    /usr/lib/x86_64-linux-gnu/libXext.so.6.4.0
7f402f6d2000-7f402f729000 r-xp 00000000 08:05 1316346                    /usr/lib/jvm/java-8-openjdk-amd64/jre/lib/amd64/libawt_xawt.so
7f402f729000-7f402f928000 ---p 00057000 08:05 1316346                    /usr/lib/jvm/java-8-openjdk-amd64/jre/lib/amd64/libawt_xawt.so
7f402f928000-7f402f929000 r--p 00056000 08:05 1316346                    /usr/lib/jvm/java-8-openjdk-amd64/jre/lib/amd64/libawt_xawt.so
7f402f929000-7f402f92c000 rw-p 00057000 08:05 1316346                    /usr/lib/jvm/java-8-openjdk-amd64/jre/lib/amd64/libawt_xawt.so
7f402f92c000-7f402f92d000 rw-p 00000000 00:00 0 
7f402f92d000-7f402f9cc000 r-xp 00000000 08:05 1316354                    /usr/lib/jvm/java-8-openjdk-amd64/jre/lib/amd64/libawt.so
7f402f9cc000-7f402fbcb000 ---p 0009f000 08:05 1316354                    /usr/lib/jvm/java-8-openjdk-amd64/jre/lib/amd64/libawt.so
7f402fbcb000-7f402fbcc000 r--p 0009e000 08:05 1316354                    /usr/lib/jvm/java-8-openjdk-amd64/jre/lib/amd64/libawt.so
7f402fbcc000-7f402fbd7000 rw-p 0009f000 08:05 1316354                    /usr/lib/jvm/java-8-openjdk-amd64/jre/lib/amd64/libawt.so
7f402fbd7000-7f402fbfc000 rw-p 00000000 00:00 0 
7f402fbfc000-7f402fbfd000 ---p 00000000 00:00 0 
7f402fbfd000-7f402fcfd000 rw-p 00000000 00:00 0                          [stack:21385]
7f402fcfd000-7f402fd00000 ---p 00000000 00:00 0 
7f402fd00000-7f402fdfe000 rw-p 00000000 00:00 0                          [stack:21384]
7f402fdfe000-7f402fe01000 ---p 00000000 00:00 0 
7f402fe01000-7f402feff000 rw-p 00000000 00:00 0                          [stack:21383]
7f402feff000-7f402ff02000 ---p 00000000 00:00 0 
7f402ff02000-7f4030000000 rw-p 00000000 00:00 0                          [stack:21382]
7f4030000000-7f4030021000 rw-p 00000000 00:00 0 
7f4030021000-7f4034000000 ---p 00000000 00:00 0 
7f4034001000-7f4034003000 rw-p 00000000 00:00 0 
7f4034003000-7f4034006000 r--p 00000000 08:05 1836436                    /usr/share/locale-langpack/pt_BR/LC_MESSAGES/atk10.mo
7f4034006000-7f4034009000 ---p 00000000 00:00 0 
7f4034009000-7f403403f000 rw-p 00000000 00:00 0                          [stack:21389]
7f403403f000-7f4034052000 r--s 00346000 08:05 1316399                    /usr/lib/jvm/java-8-openjdk-amd64/jre/lib/resources.jar
7f4034052000-7f4034059000 r--s 00000000 08:05 1574466                    /usr/lib/x86_64-linux-gnu/gconv/gconv-modules.cache
7f4034059000-7f403407b000 r--p 00000000 08:05 1836826                    /usr/share/locale-langpack/pt_BR/LC_MESSAGES/libc.mo
7f403407b000-7f4034083000 r--s 00045000 08:05 3285881                    /home/matheus/.p2/pool/plugins/org.junit_4.12.0.v201504281640/junit.jar
7f4034083000-7f403409f000 r--s 00393000 08:05 1316324                    /usr/lib/jvm/java-8-openjdk-amd64/jre/lib/ext/cldrdata.jar
7f403409f000-7f40340ba000 r--s 001d4000 08:05 1316341                    /usr/lib/jvm/java-8-openjdk-amd64/jre/lib/ext/nashorn.jar
7f40340ba000-7f40340bd000 ---p 00000000 00:00 0 
7f40340bd000-7f40341bb000 rw-p 00000000 00:00 0                          [stack:21381]
7f40341bb000-7f40341be000 ---p 00000000 00:00 0 
7f40341be000-7f40342bc000 rw-p 00000000 00:00 0                          [stack:21380]
7f40342bc000-7f4034587000 r--p 00000000 08:05 1312471                    /usr/lib/locale/locale-archive
7f4034587000-7f403458a000 ---p 00000000 00:00 0 
7f403458a000-7f4034688000 rw-p 00000000 00:00 0                          [stack:21378]
7f4034688000-7f403468b000 ---p 00000000 00:00 0 
7f403468b000-7f4034789000 rw-p 00000000 00:00 0                          [stack:21377]
7f4034789000-7f403478a000 ---p 00000000 00:00 0 
7f403478a000-7f403588b000 rw-p 00000000 00:00 0                          [stack:21376]
7f403588b000-7f4035a58000 r--s 03be8000 08:05 1316343                    /usr/lib/jvm/java-8-openjdk-amd64/jre/lib/rt.jar
7f4035a58000-7f403ea58000 rw-p 00000000 00:00 0 
7f403ea58000-7f403ea59000 ---p 00000000 00:00 0 
7f403ea59000-7f403eb59000 rw-p 00000000 00:00 0                          [stack:21375]
7f403eb59000-7f403eb5a000 ---p 00000000 00:00 0 
7f403eb5a000-7f403ec5a000 rw-p 00000000 00:00 0                          [stack:21374]
7f403ec5a000-7f403ec5b000 ---p 00000000 00:00 0 
7f403ec5b000-7f403ed5b000 rw-p 00000000 00:00 0                          [stack:21373]
7f403ed5b000-7f403ed5c000 ---p 00000000 00:00 0 
7f403ed5c000-7f403efb2000 rw-p 00000000 00:00 0                          [stack:21372]
7f403efb2000-7f403f3b2000 ---p 00000000 00:00 0 
7f403f3b2000-7f403f508000 rw-p 00000000 00:00 0 
7f403f508000-7f403f907000 ---p 00000000 00:00 0 
7f403f907000-7f403f9b2000 rw-p 00000000 00:00 0 
7f403f9b2000-7f403fbb2000 ---p 00000000 00:00 0 
7f403fbb2000-7f403fbc7000 rw-p 00000000 00:00 0 
7f403fbc7000-7f403ff73000 ---p 00000000 00:00 0 
7f403ff73000-7f4040453000 rwxp 00000000 00:00 0 
7f4040453000-7f404ef73000 ---p 00000000 00:00 0 
7f404ef73000-7f404ef7b000 r-xp 00000000 08:05 1316353                    /usr/lib/jvm/java-8-openjdk-amd64/jre/lib/amd64/libzip.so
7f404ef7b000-7f404f17a000 ---p 00008000 08:05 1316353                    /usr/lib/jvm/java-8-openjdk-amd64/jre/lib/amd64/libzip.so
7f404f17a000-7f404f17b000 r--p 00007000 08:05 1316353                    /usr/lib/jvm/java-8-openjdk-amd64/jre/lib/amd64/libzip.so
7f404f17b000-7f404f17c000 rw-p 00008000 08:05 1316353                    /usr/lib/jvm/java-8-openjdk-amd64/jre/lib/amd64/libzip.so
7f404f17c000-7f404f188000 r-xp 00000000 08:05 5376649                    /lib/x86_64-linux-gnu/libnss_files-2.21.so
7f404f188000-7f404f387000 ---p 0000c000 08:05 5376649                    /lib/x86_64-linux-gnu/libnss_files-2.21.so
7f404f387000-7f404f388000 r--p 0000b000 08:05 5376649                    /lib/x86_64-linux-gnu/libnss_files-2.21.so
7f404f388000-7f404f389000 rw-p 0000c000 08:05 5376649                    /lib/x86_64-linux-gnu/libnss_files-2.21.so
7f404f389000-7f404f394000 r-xp 00000000 08:05 5376660                    /lib/x86_64-linux-gnu/libnss_nis-2.21.so
7f404f394000-7f404f593000 ---p 0000b000 08:05 5376660                    /lib/x86_64-linux-gnu/libnss_nis-2.21.so
7f404f593000-7f404f594000 r--p 0000a000 08:05 5376660                    /lib/x86_64-linux-gnu/libnss_nis-2.21.so
7f404f594000-7f404f595000 rw-p 0000b000 08:05 5376660                    /lib/x86_64-linux-gnu/libnss_nis-2.21.so
7f404f595000-7f404f5ac000 r-xp 00000000 08:05 5376654                    /lib/x86_64-linux-gnu/libnsl-2.21.so
7f404f5ac000-7f404f7ab000 ---p 00017000 08:05 5376654                    /lib/x86_64-linux-gnu/libnsl-2.21.so
7f404f7ab000-7f404f7ac000 r--p 00016000 08:05 5376654                    /lib/x86_64-linux-gnu/libnsl-2.21.so
7f404f7ac000-7f404f7ad000 rw-p 00017000 08:05 5376654                    /lib/x86_64-linux-gnu/libnsl-2.21.so
7f404f7ad000-7f404f7af000 rw-p 00000000 00:00 0 
7f404f7af000-7f404f7b7000 r-xp 00000000 08:05 5376650                    /lib/x86_64-linux-gnu/libnss_compat-2.21.so
7f404f7b7000-7f404f9b6000 ---p 00008000 08:05 5376650                    /lib/x86_64-linux-gnu/libnss_compat-2.21.so
7f404f9b6000-7f404f9b7000 r--p 00007000 08:05 5376650                    /lib/x86_64-linux-gnu/libnss_compat-2.21.so
7f404f9b7000-7f404f9b8000 rw-p 00008000 08:05 5376650                    /lib/x86_64-linux-gnu/libnss_compat-2.21.so
7f404f9b8000-7f404f9e5000 r-xp 00000000 08:05 1316361                    /usr/lib/jvm/java-8-openjdk-amd64/jre/lib/amd64/libjava.so
7f404f9e5000-7f404fbe4000 ---p 0002d000 08:05 1316361                    /usr/lib/jvm/java-8-openjdk-amd64/jre/lib/amd64/libjava.so
7f404fbe4000-7f404fbe5000 r--p 0002c000 08:05 1316361                    /usr/lib/jvm/java-8-openjdk-amd64/jre/lib/amd64/libjava.so
7f404fbe5000-7f404fbe7000 rw-p 0002d000 08:05 1316361                    /usr/lib/jvm/java-8-openjdk-amd64/jre/lib/amd64/libjava.so
7f404fbe7000-7f404fbf6000 r-xp 00000000 08:05 1316374                    /usr/lib/jvm/java-8-openjdk-amd64/jre/lib/amd64/libverify.so
7f404fbf6000-7f404fdf5000 ---p 0000f000 08:05 1316374                    /usr/lib/jvm/java-8-openjdk-amd64/jre/lib/amd64/libverify.so
7f404fdf5000-7f404fdf7000 r--p 0000e000 08:05 1316374                    /usr/lib/jvm/java-8-openjdk-amd64/jre/lib/amd64/libverify.so
7f404fdf7000-7f404fdf8000 rw-p 00010000 08:05 1316374                    /usr/lib/jvm/java-8-openjdk-amd64/jre/lib/amd64/libverify.so
7f404fdf8000-7f404fdff000 r-xp 00000000 08:05 5376642                    /lib/x86_64-linux-gnu/librt-2.21.so
7f404fdff000-7f404fffe000 ---p 00007000 08:05 5376642                    /lib/x86_64-linux-gnu/librt-2.21.so
7f404fffe000-7f404ffff000 r--p 00006000 08:05 5376642                    /lib/x86_64-linux-gnu/librt-2.21.so
7f404ffff000-7f4050000000 rw-p 00007000 08:05 5376642                    /lib/x86_64-linux-gnu/librt-2.21.so
7f4050000000-7f4054000000 rw-p 00000000 00:00 0 
7f4054000000-7f4054001000 rw-p 00000000 00:00 0 
7f4054001000-7f4054003000 r--s 0000c000 08:05 3285872                    /home/matheus/.p2/pool/plugins/org.hamcrest.core_1.3.0.v201303031735.jar
7f4054003000-7f4054004000 r--s 00005000 08:05 2361112                    /home/matheus/workspace/libLibras/lib/com.primesense.nite.jar
7f4054004000-7f405400a000 r--s 002f8000 08:05 1316320                    /usr/lib/jvm/java-8-openjdk-amd64/jre/lib/charsets.jar
7f405400a000-7f4054010000 r--s 0003a000 08:05 1316334                    /usr/lib/jvm/java-8-openjdk-amd64/jre/lib/ext/sunjce_provider.jar
7f4054010000-7f4054086000 rw-p 00000000 00:00 0 
7f4054086000-7f405409c000 r-xp 00000000 08:05 5373993                    /lib/x86_64-linux-gnu/libgcc_s.so.1
7f405409c000-7f405429b000 ---p 00016000 08:05 5373993                    /lib/x86_64-linux-gnu/libgcc_s.so.1
7f405429b000-7f405429c000 r--p 00015000 08:05 5373993                    /lib/x86_64-linux-gnu/libgcc_s.so.1
7f405429c000-7f405429d000 rw-p 00016000 08:05 5373993                    /lib/x86_64-linux-gnu/libgcc_s.so.1
7f405429d000-7f40543a4000 r-xp 00000000 08:05 5376662                    /lib/x86_64-linux-gnu/libm-2.21.so
7f40543a4000-7f40545a3000 ---p 00107000 08:05 5376662                    /lib/x86_64-linux-gnu/libm-2.21.so
7f40545a3000-7f40545a4000 r--p 00106000 08:05 5376662                    /lib/x86_64-linux-gnu/libm-2.21.so
7f40545a4000-7f40545a5000 rw-p 00107000 08:05 5376662                    /lib/x86_64-linux-gnu/libm-2.21.so
7f40545a5000-7f4054718000 r-xp 00000000 08:05 1311415                    /usr/lib/x86_64-linux-gnu/libstdc++.so.6.0.21
7f4054718000-7f4054917000 ---p 00173000 08:05 1311415                    /usr/lib/x86_64-linux-gnu/libstdc++.so.6.0.21
7f4054917000-7f4054921000 r--p 00172000 08:05 1311415                    /usr/lib/x86_64-linux-gnu/libstdc++.so.6.0.21
7f4054921000-7f4054923000 rw-p 0017c000 08:05 1311415                    /usr/lib/x86_64-linux-gnu/libstdc++.so.6.0.21
7f4054923000-7f4054927000 rw-p 00000000 00:00 0 
7f4054927000-7f405556c000 r-xp 00000000 08:05 1316368                    /usr/lib/jvm/java-8-openjdk-amd64/jre/lib/amd64/server/libjvm.so
7f405556c000-7f405576b000 ---p 00c45000 08:05 1316368                    /usr/lib/jvm/java-8-openjdk-amd64/jre/lib/amd64/server/libjvm.so
7f405576b000-7f40557fe000 r--p 00c44000 08:05 1316368                    /usr/lib/jvm/java-8-openjdk-amd64/jre/lib/amd64/server/libjvm.so
7f40557fe000-7f4055826000 rw-p 00cd7000 08:05 1316368                    /usr/lib/jvm/java-8-openjdk-amd64/jre/lib/amd64/server/libjvm.so
7f4055826000-7f4055855000 rw-p 00000000 00:00 0 
7f4055855000-7f405586d000 r-xp 00000000 08:05 5376648                    /lib/x86_64-linux-gnu/libpthread-2.21.so
7f405586d000-7f4055a6d000 ---p 00018000 08:05 5376648                    /lib/x86_64-linux-gnu/libpthread-2.21.so
7f4055a6d000-7f4055a6e000 r--p 00018000 08:05 5376648                    /lib/x86_64-linux-gnu/libpthread-2.21.so
7f4055a6e000-7f4055a6f000 rw-p 00019000 08:05 5376648                    /lib/x86_64-linux-gnu/libpthread-2.21.so
7f4055a6f000-7f4055a73000 rw-p 00000000 00:00 0 
7f4055a73000-7f4055a76000 r-xp 00000000 08:05 5376659                    /lib/x86_64-linux-gnu/libdl-2.21.so
7f4055a76000-7f4055c75000 ---p 00003000 08:05 5376659                    /lib/x86_64-linux-gnu/libdl-2.21.so
7f4055c75000-7f4055c76000 r--p 00002000 08:05 5376659                    /lib/x86_64-linux-gnu/libdl-2.21.so
7f4055c76000-7f4055c77000 rw-p 00003000 08:05 5376659                    /lib/x86_64-linux-gnu/libdl-2.21.so
7f4055c77000-7f4055c90000 r-xp 00000000 08:05 5373997                    /lib/x86_64-linux-gnu/libz.so.1.2.8
7f4055c90000-7f4055e8f000 ---p 00019000 08:05 5373997                    /lib/x86_64-linux-gnu/libz.so.1.2.8
7f4055e8f000-7f4055e90000 r--p 00018000 08:05 5373997                    /lib/x86_64-linux-gnu/libz.so.1.2.8
7f4055e90000-7f4055e91000 rw-p 00019000 08:05 5373997                    /lib/x86_64-linux-gnu/libz.so.1.2.8
7f4055e91000-7f4056051000 r-xp 00000000 08:05 5376663                    /lib/x86_64-linux-gnu/libc-2.21.so
7f4056051000-7f4056251000 ---p 001c0000 08:05 5376663                    /lib/x86_64-linux-gnu/libc-2.21.so
7f4056251000-7f4056255000 r--p 001c0000 08:05 5376663                    /lib/x86_64-linux-gnu/libc-2.21.so
7f4056255000-7f4056257000 rw-p 001c4000 08:05 5376663                    /lib/x86_64-linux-gnu/libc-2.21.so
7f4056257000-7f405625b000 rw-p 00000000 00:00 0 
7f405625b000-7f4056268000 r-xp 00000000 08:05 1316375                    /usr/lib/jvm/java-8-openjdk-amd64/jre/lib/amd64/jli/libjli.so
7f4056268000-7f4056468000 ---p 0000d000 08:05 1316375                    /usr/lib/jvm/java-8-openjdk-amd64/jre/lib/amd64/jli/libjli.so
7f4056468000-7f4056469000 r--p 0000d000 08:05 1316375                    /usr/lib/jvm/java-8-openjdk-amd64/jre/lib/amd64/jli/libjli.so
7f4056469000-7f405646a000 rw-p 0000e000 08:05 1316375                    /usr/lib/jvm/java-8-openjdk-amd64/jre/lib/amd64/jli/libjli.so
7f405646a000-7f405648e000 r-xp 00000000 08:05 5376657                    /lib/x86_64-linux-gnu/ld-2.21.so
7f405648e000-7f4056490000 r--s 00004000 08:05 2361113                    /home/matheus/workspace/libLibras/lib/org.openni.jar
7f4056490000-7f4056491000 r--s 0000a000 08:05 1316332                    /usr/lib/jvm/java-8-openjdk-amd64/jre/lib/ext/jaccess.jar
7f4056491000-7f4056493000 r--s 00001000 08:05 1316339                    /usr/lib/jvm/java-8-openjdk-amd64/jre/lib/ext/dnsns.jar
7f4056493000-7f4056497000 r--s 00037000 08:05 1316337                    /usr/lib/jvm/java-8-openjdk-amd64/jre/lib/ext/sunpkcs11.jar
7f4056497000-7f405656a000 rw-p 00000000 00:00 0 
7f405656a000-7f405656d000 ---p 00000000 00:00 0 
7f405656d000-7f4056670000 rw-p 00000000 00:00 0                          [stack:21371]
7f4056670000-7f4056671000 r--s 00010000 08:05 1316326                    /usr/lib/jvm/java-8-openjdk-amd64/jre/lib/ext/zipfs.jar
7f4056671000-7f4056673000 r--s 00007000 08:05 1709211                    /usr/share/java/java-atk-wrapper.jar
7f4056673000-7f4056676000 r--s 0000f000 08:05 1316330                    /usr/lib/jvm/java-8-openjdk-amd64/jre/lib/ext/icedtea-sound.jar
7f4056676000-7f4056680000 r--s 00116000 08:05 1316328                    /usr/lib/jvm/java-8-openjdk-amd64/jre/lib/ext/localedata.jar
7f4056680000-7f4056681000 r--s 00008000 08:05 1316340                    /usr/lib/jvm/java-8-openjdk-amd64/jre/lib/ext/sunec.jar
7f4056681000-7f4056689000 rw-s 00000000 08:05 4589719                    /tmp/hsperfdata_root/21366
7f4056689000-7f405668a000 rw-p 00000000 00:00 0 
7f405668a000-7f405668b000 r--p 00000000 00:00 0 
7f405668b000-7f405668d000 rw-p 00000000 00:00 0 
7f405668d000-7f405668e000 r--p 00023000 08:05 5376657                    /lib/x86_64-linux-gnu/ld-2.21.so
7f405668e000-7f405668f000 rw-p 00024000 08:05 5376657                    /lib/x86_64-linux-gnu/ld-2.21.so
7f405668f000-7f4056690000 rw-p 00000000 00:00 0 
7fff48411000-7fff48432000 rw-p 00000000 00:00 0                          [stack]
7fff484ad000-7fff484af000 r--p 00000000 00:00 0                          [vvar]
7fff484af000-7fff484b1000 r-xp 00000000 00:00 0                          [vdso]
ffffffffff600000-ffffffffff601000 r-xp 00000000 00:00 0                  [vsyscall]

VM Arguments:
jvm_args: -Djava.library.path=/usr/java/packages/lib/amd64:/usr/lib/x86_64-linux-gnu/jni:/lib/x86_64-linux-gnu:/usr/lib/x86_64-linux-gnu:/usr/lib/jni:/lib:/usr/lib:path/OpenNI:path/NiTE -Xmx4096m -Xms1024m -Dfile.encoding=UTF-8 
java_command: br.edu.ifsp.application.capturer.NewControl
java_class_path (initial): /home/matheus/workspace/libLibras/bin:/home/matheus/workspace/libLibras/lib/org.openni.jar:/home/matheus/workspace/libLibras/lib/com.primesense.nite.jar:/home/matheus/.p2/pool/plugins/org.junit_4.12.0.v201504281640/junit.jar:/home/matheus/.p2/pool/plugins/org.hamcrest.core_1.3.0.v201303031735.jar
Launcher Type: SUN_STANDARD

Environment Variables:
PATH=/usr/local/sbin:/usr/local/bin:/usr/sbin:/usr/bin:/sbin:/bin
USERNAME=root
SHELL=/bin/bash
DISPLAY=:0

Signal Handlers:
SIGSEGV: [libjvm.so+0xa5d4d0], sa_mask[0]=11111111011111111101111111111110, sa_flags=SA_RESTART|SA_SIGINFO
SIGBUS: [libjvm.so+0xa5d4d0], sa_mask[0]=11111111011111111101111111111110, sa_flags=SA_RESTART|SA_SIGINFO
SIGFPE: [libjvm.so+0x8a9210], sa_mask[0]=11111111011111111101111111111110, sa_flags=SA_RESTART|SA_SIGINFO
SIGPIPE: [libjvm.so+0x8a9210], sa_mask[0]=11111111011111111101111111111110, sa_flags=SA_RESTART|SA_SIGINFO
SIGXFSZ: [libjvm.so+0x8a9210], sa_mask[0]=11111111011111111101111111111110, sa_flags=SA_RESTART|SA_SIGINFO
SIGILL: [libjvm.so+0x8a9210], sa_mask[0]=11111111011111111101111111111110, sa_flags=SA_RESTART|SA_SIGINFO
SIGUSR1: SIG_DFL, sa_mask[0]=00000000000000000000000000000000, sa_flags=none
SIGUSR2: [libjvm.so+0x8a90c0], sa_mask[0]=00100000000000000000000000000000, sa_flags=SA_RESTART|SA_SIGINFO
SIGHUP: [libjvm.so+0x8a9590], sa_mask[0]=11111111011111111101111111111110, sa_flags=SA_RESTART|SA_SIGINFO
SIGINT: [libjvm.so+0x8a9590], sa_mask[0]=11111111011111111101111111111110, sa_flags=SA_RESTART|SA_SIGINFO
SIGTERM: [libjvm.so+0x8a9590], sa_mask[0]=11111111011111111101111111111110, sa_flags=SA_RESTART|SA_SIGINFO
SIGQUIT: [libjvm.so+0x8a9590], sa_mask[0]=11111111011111111101111111111110, sa_flags=SA_RESTART|SA_SIGINFO


---------------  S Y S T E M  ---------------

OS:DISTRIB_ID=Ubuntu
DISTRIB_RELEASE=15.10
DISTRIB_CODENAME=wily
DISTRIB_DESCRIPTION="Ubuntu 15.10"

uname:Linux 4.2.0-34-generic #39-Ubuntu SMP Thu Mar 10 22:13:01 UTC 2016 x86_64
libc:glibc 2.21 NPTL 2.21 
rlimit: STACK 8192k, CORE 0k, NPROC 14820, NOFILE 65536, AS infinity
load average:1,09 0,98 0,72

/proc/meminfo:
MemTotal:        3881072 kB
MemFree:          764348 kB
MemAvailable:    1331716 kB
Buffers:           41472 kB
Cached:           698056 kB
SwapCached:       182592 kB
Active:          1738340 kB
Inactive:        1217744 kB
Active(anon):    1361304 kB
Inactive(anon):  1030528 kB
Active(file):     377036 kB
Inactive(file):   187216 kB
Unevictable:          32 kB
Mlocked:              32 kB
SwapTotal:       4029436 kB
SwapFree:        3140176 kB
Dirty:               292 kB
Writeback:             0 kB
AnonPages:       2153668 kB
Mapped:           192280 kB
Shmem:            175248 kB
Slab:              67528 kB
SReclaimable:      32204 kB
SUnreclaim:        35324 kB
KernelStack:        9264 kB
PageTables:        36408 kB
NFS_Unstable:          0 kB
Bounce:                0 kB
WritebackTmp:          0 kB
CommitLimit:     5969972 kB
Committed_AS:    7142708 kB
VmallocTotal:   34359738367 kB
VmallocUsed:      348656 kB
VmallocChunk:   34358947836 kB
HardwareCorrupted:     0 kB
AnonHugePages:    909312 kB
CmaTotal:              0 kB
CmaFree:               0 kB
HugePages_Total:       0
HugePages_Free:        0
HugePages_Rsvd:        0
HugePages_Surp:        0
Hugepagesize:       2048 kB
DirectMap4k:      123508 kB
DirectMap2M:     3905536 kB


CPU:total 4 (2 cores per cpu, 2 threads per core) family 6 model 58 stepping 9, cmov, cx8, fxsr, mmx, sse, sse2, sse3, ssse3, sse4.1, sse4.2, popcnt, avx, clmul, erms, ht, tsc, tscinvbit, tscinv

/proc/cpuinfo:
processor	: 0
vendor_id	: GenuineIntel
cpu family	: 6
model		: 58
model name	: Intel(R) Core(TM) i3-3110M CPU @ 2.40GHz
stepping	: 9
microcode	: 0x17
cpu MHz		: 2399.906
cache size	: 3072 KB
physical id	: 0
siblings	: 4
core id		: 0
cpu cores	: 2
apicid		: 0
initial apicid	: 0
fpu		: yes
fpu_exception	: yes
cpuid level	: 13
wp		: yes
flags		: fpu vme de pse tsc msr pae mce cx8 apic sep mtrr pge mca cmov pat pse36 clflush dts acpi mmx fxsr sse sse2 ss ht tm pbe syscall nx rdtscp lm constant_tsc arch_perfmon pebs bts rep_good nopl xtopology nonstop_tsc aperfmperf eagerfpu pni pclmulqdq dtes64 monitor ds_cpl vmx est tm2 ssse3 cx16 xtpr pdcm pcid sse4_1 sse4_2 x2apic popcnt tsc_deadline_timer xsave avx f16c lahf_lm arat epb pln pts dtherm tpr_shadow vnmi flexpriority ept vpid fsgsbase smep erms xsaveopt
bugs		:
bogomips	: 4789.51
clflush size	: 64
cache_alignment	: 64
address sizes	: 36 bits physical, 48 bits virtual
power management:

processor	: 1
vendor_id	: GenuineIntel
cpu family	: 6
model		: 58
model name	: Intel(R) Core(TM) i3-3110M CPU @ 2.40GHz
stepping	: 9
microcode	: 0x17
cpu MHz		: 2399.906
cache size	: 3072 KB
physical id	: 0
siblings	: 4
core id		: 0
cpu cores	: 2
apicid		: 1
initial apicid	: 1
fpu		: yes
fpu_exception	: yes
cpuid level	: 13
wp		: yes
flags		: fpu vme de pse tsc msr pae mce cx8 apic sep mtrr pge mca cmov pat pse36 clflush dts acpi mmx fxsr sse sse2 ss ht tm pbe syscall nx rdtscp lm constant_tsc arch_perfmon pebs bts rep_good nopl xtopology nonstop_tsc aperfmperf eagerfpu pni pclmulqdq dtes64 monitor ds_cpl vmx est tm2 ssse3 cx16 xtpr pdcm pcid sse4_1 sse4_2 x2apic popcnt tsc_deadline_timer xsave avx f16c lahf_lm arat epb pln pts dtherm tpr_shadow vnmi flexpriority ept vpid fsgsbase smep erms xsaveopt
bugs		:
bogomips	: 4789.51
clflush size	: 64
cache_alignment	: 64
address sizes	: 36 bits physical, 48 bits virtual
power management:

processor	: 2
vendor_id	: GenuineIntel
cpu family	: 6
model		: 58
model name	: Intel(R) Core(TM) i3-3110M CPU @ 2.40GHz
stepping	: 9
microcode	: 0x17
cpu MHz		: 2400.000
cache size	: 3072 KB
physical id	: 0
siblings	: 4
core id		: 1
cpu cores	: 2
apicid		: 2
initial apicid	: 2
fpu		: yes
fpu_exception	: yes
cpuid level	: 13
wp		: yes
flags		: fpu vme de pse tsc msr pae mce cx8 apic sep mtrr pge mca cmov pat pse36 clflush dts acpi mmx fxsr sse sse2 ss ht tm pbe syscall nx rdtscp lm constant_tsc arch_perfmon pebs bts rep_good nopl xtopology nonstop_tsc aperfmperf eagerfpu pni pclmulqdq dtes64 monitor ds_cpl vmx est tm2 ssse3 cx16 xtpr pdcm pcid sse4_1 sse4_2 x2apic popcnt tsc_deadline_timer xsave avx f16c lahf_lm arat epb pln pts dtherm tpr_shadow vnmi flexpriority ept vpid fsgsbase smep erms xsaveopt
bugs		:
bogomips	: 4789.51
clflush size	: 64
cache_alignment	: 64
address sizes	: 36 bits physical, 48 bits virtual
power management:

processor	: 3
vendor_id	: GenuineIntel
cpu family	: 6
model		: 58
model name	: Intel(R) Core(TM) i3-3110M CPU @ 2.40GHz
stepping	: 9
microcode	: 0x17
cpu MHz		: 2399.906
cache size	: 3072 KB
physical id	: 0
siblings	: 4
core id		: 1
cpu cores	: 2
apicid		: 3
initial apicid	: 3
fpu		: yes
fpu_exception	: yes
cpuid level	: 13
wp		: yes
flags		: fpu vme de pse tsc msr pae mce cx8 apic sep mtrr pge mca cmov pat pse36 clflush dts acpi mmx fxsr sse sse2 ss ht tm pbe syscall nx rdtscp lm constant_tsc arch_perfmon pebs bts rep_good nopl xtopology nonstop_tsc aperfmperf eagerfpu pni pclmulqdq dtes64 monitor ds_cpl vmx est tm2 ssse3 cx16 xtpr pdcm pcid sse4_1 sse4_2 x2apic popcnt tsc_deadline_timer xsave avx f16c lahf_lm arat epb pln pts dtherm tpr_shadow vnmi flexpriority ept vpid fsgsbase smep erms xsaveopt
bugs		:
bogomips	: 4789.51
clflush size	: 64
cache_alignment	: 64
address sizes	: 36 bits physical, 48 bits virtual
power management:



Memory: 4k page, physical 3881072k(764348k free), swap 4029436k(3140176k free)

vm_info: OpenJDK 64-Bit Server VM (25.66-b17) for linux-amd64 JRE (1.8.0_66-internal-b17), built on Oct 21 2015 22:08:46 by "buildd" with gcc 5.2.1 20151010

time: Mon Apr  4 17:41:22 2016
elapsed time: 18 seconds (0d 0h 0m 18s)

