#
# A fatal error has been detected by the Java Runtime Environment:
#
#  SIGSEGV (0xb) at pc=0x00007fba8636da27, pid=4145, tid=140439081686784
#
# JRE version: OpenJDK Runtime Environment (8.0_66-b17) (build 1.8.0_66-internal-b17)
# Java VM: OpenJDK 64-Bit Server VM (25.66-b17 mixed mode linux-amd64 compressed oops)
# Problematic frame:
# C  [libFreenectDriver.so+0x1aa27]  FreenectDriver::DepthStream::populateFrame(void*, OniFrame*) const+0x1bd
#
# Failed to write core dump. Core dumps have been disabled. To enable core dumping, try "ulimit -c unlimited" before starting Java again
#
# If you would like to submit a bug report, please visit:
#   http://bugreport.java.com/bugreport/crash.jsp
#

---------------  T H R E A D  ---------------

Current thread is native thread

siginfo: si_signo: 11 (SIGSEGV), si_code: 1 (SEGV_MAPERR), si_addr: 0x00007fbb76956d30

Registers:
RAX=0x00007fbb76956d30, RBX=0x00007fba7c040fa0, RCX=0x0000000000007fba, RDX=0x00007fbb76956d32
RSP=0x00007fba859389c0, RBP=0x00007fba859389c0, RSI=0x00007fba7c0b1a90, RDI=0x00007fba7c0219b0
R8 =0x0000000000000000, R9 =0x00007fba70000088, R10=0x00007fba70000078, R11=0x00007fba70097aa0
R12=0x00007fba7c021a30, R13=0x0000000000000000, R14=0x00007fba7c041000, R15=0x0000000000000000
RIP=0x00007fba8636da27, EFLAGS=0x0000000000010202, CSGSFS=0x0000000000000033, ERR=0x0000000000000004
  TRAPNO=0x000000000000000e

Top of Stack: (sp=0x00007fba859389c0)
0x00007fba859389c0:   00007fba85938a00 00007fba86373caf
0x00007fba859389d0:   0000000000067200 16482840000000f2
0x00007fba859389e0:   00007fba7c0b1a90 00007fba7c0219b0
0x00007fba859389f0:   ffffffffff938a70 00007fba700019f0
0x00007fba85938a00:   00007fba85938a30 00007fba86373fe0
0x00007fba85938a10:   0000047800000000 164828407c0b1a90
0x00007fba85938a20:   00007fba7c0b1a90 00007fba7c021960
0x00007fba85938a30:   00007fba85938a70 00007fba863735b4
0x00007fba85938a40:   00000008000001e0 164828407c069268
0x00007fba85938a50:   00007fba7c0b1a90 00007fba7c0690d0
0x00007fba85938a60:   00007fba85938ab0 00007fba7c021978
0x00007fba85938a70:   00007fba85938ab0 00007fba86379414
0x00007fba85938a80:   0000003000000020 0000047885938b60
0x00007fba85938a90:   00007fba7c1ba830 00007fba7c0690d0
0x00007fba85938aa0:   0006720000000000 00007fba7c022aa0
0x00007fba85938ab0:   00007fba85938b00 00007fba8637d819
0x00007fba85938ac0:   00007fba7c04110c 00007fba7c041000
0x00007fba85938ad0:   0000000000000000 0000000900000000
0x00007fba85938ae0:   0000000000000000 00007fba7c1ba830
0x00007fba85938af0:   00007fba7c069100 00007fba7c022aa0
0x00007fba85938b00:   00007fba7c022ae0 00007fba86143e15
0x00007fba85938b10:   0000000000000008 000000007c041100
0x00007fba85938b20:   00007fba7c04110c 00007fba7c021a30
0x00007fba85938b30:   0000000000000000 00007fba7c040fa0
0x00007fba85938b40:   000000000000000f 00007fba700019f0
0x00007fba85938b50:   00007fba7c041100 00007fba86149986
0x00007fba85938b60:   0000000000000003 00007fba85938bc0
0x00007fba85938b70:   00007fba700008e0 0000000000000004
0x00007fba85938b80:   00007fba7c022b28 00007fba7c022ae0
0x00007fba85938b90:   00007fba00000001 00007fba8613f3ea
0x00007fba85938ba0:   00007fba7c040fd8 0000000101938c80
0x00007fba85938bb0:   00007fba7c021a30 00007fba7c022b38 

Instructions: (pc=0x00007fba8636da27)
0x00007fba8636da07:   eb 71 c7 45 e4 00 00 00 00 eb 5c c7 45 e8 00 00
0x00007fba8636da17:   00 00 eb 39 48 8b 45 f0 48 8d 50 02 48 89 55 f0
0x00007fba8636da27:   0f b7 00 66 89 45 da 48 8b 45 f8 48 8d 50 02 48
0x00007fba8636da37:   89 55 f8 66 81 7d da 0f 27 77 06 0f b7 55 da eb 

Register to memory mapping:

RAX=0x00007fbb76956d30 is an unknown value
RBX=0x00007fba7c040fa0 is an unknown value
RCX=0x0000000000007fba is an unknown value
RDX=0x00007fbb76956d32 is an unknown value
RSP=0x00007fba859389c0 is an unknown value
RBP=0x00007fba859389c0 is an unknown value
RSI=0x00007fba7c0b1a90 is an unknown value
RDI=0x00007fba7c0219b0 is an unknown value
R8 =0x0000000000000000 is an unknown value
R9 =0x00007fba70000088 is an unknown value
R10=0x00007fba70000078 is an unknown value
R11=0x00007fba70097aa0 is an unknown value
R12=0x00007fba7c021a30 is an unknown value
R13=0x0000000000000000 is an unknown value
R14=0x00007fba7c041000 is an unknown value
R15=0x0000000000000000 is an unknown value


Stack: [0x00007fba85139000,0x00007fba8593a000],  sp=0x00007fba859389c0,  free space=8190k
Native frames: (J=compiled Java code, j=interpreted, Vv=VM code, C=native code)
C  [libFreenectDriver.so+0x1aa27]  FreenectDriver::DepthStream::populateFrame(void*, OniFrame*) const+0x1bd
C  [libFreenectDriver.so+0x20caf]  FreenectDriver::VideoStream::buildFrame(void*, unsigned int)+0xb7
C  [libFreenectDriver.so+0x20fe0]  FreenectDriver::Device::DepthCallback(void*, unsigned int)+0x30
C  [libFreenectDriver.so+0x205b4]  Freenect::FreenectDevice::freenect_depth_callback(_freenect_device*, void*, unsigned int)+0x41
C  [libFreenectDriver.so+0x26414]  depth_process+0x20a
C  [libFreenectDriver.so+0x2a819]  iso_callback+0xfd


---------------  P R O C E S S  ---------------

VM state:not at safepoint (normal execution)

VM Mutex/Monitor currently owned by a thread: None

Heap:
 PSYoungGen      total 17920K, used 4917K [0x00000000ec400000, 0x00000000ed800000, 0x0000000100000000)
  eden space 15360K, 32% used [0x00000000ec400000,0x00000000ec8cd5b8,0x00000000ed300000)
  from space 2560K, 0% used [0x00000000ed580000,0x00000000ed580000,0x00000000ed800000)
  to   space 2560K, 0% used [0x00000000ed300000,0x00000000ed300000,0x00000000ed580000)
 ParOldGen       total 40960K, used 0K [0x00000000c4c00000, 0x00000000c7400000, 0x00000000ec400000)
  object space 40960K, 0% used [0x00000000c4c00000,0x00000000c4c00000,0x00000000c7400000)
 Metaspace       used 6284K, capacity 6568K, committed 6784K, reserved 1056768K
  class space    used 691K, capacity 774K, committed 896K, reserved 1048576K

Card table byte_map: [0x00007fbae6414000,0x00007fbae65ef000] byte_map_base: 0x00007fbae5dee000

Marking Bits: (ParMarkBitMap*) 0x00007fbae91f0000
 Begin Bits: [0x00007fbae4134000, 0x00007fbae5004000)
 End Bits:   [0x00007fbae5004000, 0x00007fbae5ed4000)

Polling page: 0x00007fbaea040000

CodeCache: size=245760Kb used=1564Kb max_used=1564Kb free=244195Kb
 bounds [0x00007fbad1000000, 0x00007fbad1270000, 0x00007fbae0000000]
 total_blobs=664 nmethods=247 adapters=332
 compilation: enabled

Compilation events (10 events):
Event: 0,271 Thread 0x00007fbae00b2800  243       3       java.lang.StringCoding::deref (19 bytes)
Event: 0,272 Thread 0x00007fbae00b2800 nmethod 243 0x00007fbad11859d0 code [0x00007fbad1185b60, 0x00007fbad1186008]
Event: 0,272 Thread 0x00007fbae00b2800  244       3       java.lang.ThreadLocal$ThreadLocalMap::access$000 (6 bytes)
Event: 0,272 Thread 0x00007fbae00b2800 nmethod 244 0x00007fbad1186150 code [0x00007fbad11862c0, 0x00007fbad1186428]
Event: 0,272 Thread 0x00007fbae00b2800  245       3       java.lang.ThreadLocal$ThreadLocalMap::getEntry (42 bytes)
Event: 0,272 Thread 0x00007fbae00b2800 nmethod 245 0x00007fbad1186510 code [0x00007fbad1186680, 0x00007fbad1186988]
Event: 0,272 Thread 0x00007fbae00b2800  246       3       java.lang.StringCoding::access$000 (6 bytes)
Event: 0,272 Thread 0x00007fbae00b2800 nmethod 246 0x00007fbad1186ad0 code [0x00007fbad1186c40, 0x00007fbad1186df0]
Event: 0,272 Thread 0x00007fbae00b2800  247       3       java.lang.StringCoding::scale (7 bytes)
Event: 0,272 Thread 0x00007fbae00b2800 nmethod 247 0x00007fbad1186e90 code [0x00007fbad1187000, 0x00007fbad1187170]

GC Heap History (0 events):
No events

Deoptimization events (0 events):
No events

Internal exceptions (10 events):
Event: 0,086 Thread 0x00007fbae000a000 Exception <a 'java/security/PrivilegedActionException'> (0x00000000ec4e06b0) thrown at [/build/openjdk-8-aAuh2m/openjdk-8-8u66-b17/src/hotspot/src/share/vm/prims/jvm.cpp, line 1386]
Event: 0,086 Thread 0x00007fbae000a000 Exception <a 'java/security/PrivilegedActionException'> (0x00000000ec4e08c0) thrown at [/build/openjdk-8-aAuh2m/openjdk-8-8u66-b17/src/hotspot/src/share/vm/prims/jvm.cpp, line 1386]
Event: 0,087 Thread 0x00007fbae000a000 Exception <a 'java/security/PrivilegedActionException'> (0x00000000ec4e2928) thrown at [/build/openjdk-8-aAuh2m/openjdk-8-8u66-b17/src/hotspot/src/share/vm/prims/jvm.cpp, line 1386]
Event: 0,087 Thread 0x00007fbae000a000 Exception <a 'java/security/PrivilegedActionException'> (0x00000000ec4e2b38) thrown at [/build/openjdk-8-aAuh2m/openjdk-8-8u66-b17/src/hotspot/src/share/vm/prims/jvm.cpp, line 1386]
Event: 0,087 Thread 0x00007fbae000a000 Exception <a 'java/security/PrivilegedActionException'> (0x00000000ec4e3608) thrown at [/build/openjdk-8-aAuh2m/openjdk-8-8u66-b17/src/hotspot/src/share/vm/prims/jvm.cpp, line 1386]
Event: 0,087 Thread 0x00007fbae000a000 Exception <a 'java/security/PrivilegedActionException'> (0x00000000ec4e3818) thrown at [/build/openjdk-8-aAuh2m/openjdk-8-8u66-b17/src/hotspot/src/share/vm/prims/jvm.cpp, line 1386]
Event: 0,147 Thread 0x00007fbae000a000 Exception <a 'java/lang/NoSuchFieldError': method resolution failed> (0x00000000ec609400) thrown at [/build/openjdk-8-aAuh2m/openjdk-8-8u66-b17/src/hotspot/src/share/vm/prims/methodHandles.cpp, line 1146]
Event: 0,151 Thread 0x00007fbae000a000 Exception <a 'java/lang/NoSuchFieldError': method resolution failed> (0x00000000ec616c00) thrown at [/build/openjdk-8-aAuh2m/openjdk-8-8u66-b17/src/hotspot/src/share/vm/prims/methodHandles.cpp, line 1146]
Event: 0,180 Thread 0x00007fbae000a000 Exception <a 'java/io/FileNotFoundException'> (0x00000000ec6945b0) thrown at [/build/openjdk-8-aAuh2m/openjdk-8-8u66-b17/src/hotspot/src/share/vm/prims/jni.cpp, line 709]
Event: 0,193 Thread 0x00007fbae000a000 Exception <a 'java/lang/ClassNotFoundException': sun/dc/DuctusRenderingEngine> (0x00000000ec6a3440) thrown at [/build/openjdk-8-aAuh2m/openjdk-8-8u66-b17/src/hotspot/src/share/vm/classfile/systemDictionary.cpp, line 210]

Events (10 events):
Event: 0,269 loading class java/awt/Component$3
Event: 0,269 loading class java/awt/Component$3 done
Event: 0,269 loading class com/primesense/nite/NiTE
Event: 0,269 loading class com/primesense/nite/NiTE done
Event: 0,270 loading class com/primesense/nite/NativeMethods
Event: 0,270 loading class com/primesense/nite/NativeMethods done
Event: 0,271 loading class java/lang/UnsupportedOperationException
Event: 0,271 loading class java/lang/UnsupportedOperationException done
Event: 0,271 loading class java/lang/ClassLoaderHelper
Event: 0,271 loading class java/lang/ClassLoaderHelper done


Dynamic libraries:
00400000-00401000 r-xp 00000000 08:07 1315507                            /usr/lib/jvm/java-8-openjdk-amd64/jre/bin/java
00600000-00601000 r--p 00000000 08:07 1315507                            /usr/lib/jvm/java-8-openjdk-amd64/jre/bin/java
00601000-00602000 rw-p 00001000 08:07 1315507                            /usr/lib/jvm/java-8-openjdk-amd64/jre/bin/java
00e1b000-00e3c000 rw-p 00000000 00:00 0                                  [heap]
c4c00000-c7400000 rw-p 00000000 00:00 0 
c7400000-ec400000 ---p 00000000 00:00 0 
ec400000-ed800000 rw-p 00000000 00:00 0 
ed800000-100000000 ---p 00000000 00:00 0 
100000000-1000e0000 rw-p 00000000 00:00 0 
1000e0000-140000000 ---p 00000000 00:00 0 
7fba6b59d000-7fba70000000 rw-p 00000000 00:00 0 
7fba70000000-7fba700bf000 rw-p 00000000 00:00 0 
7fba700bf000-7fba74000000 ---p 00000000 00:00 0 
7fba76785000-7fba777ff000 rw-p 00000000 00:00 0 
7fba777ff000-7fba77800000 ---p 00000000 00:00 0 
7fba77800000-7fba78000000 rw-p 00000000 00:00 0                          [stack:4173]
7fba78000000-7fba78021000 rw-p 00000000 00:00 0 
7fba78021000-7fba7c000000 ---p 00000000 00:00 0 
7fba7c000000-7fba7d68e000 rw-p 00000000 00:00 0 
7fba7d68e000-7fba80000000 ---p 00000000 00:00 0 
7fba80000000-7fba80021000 rw-p 00000000 00:00 0 
7fba80021000-7fba84000000 ---p 00000000 00:00 0 
7fba84553000-7fba84cb9000 rw-p 00000000 00:00 0 
7fba84cb9000-7fba84d11000 r-xp 00000000 08:07 2239998                    /usr/local/lib/OpenNI2/Drivers/libOpenNI2.so
7fba84d11000-7fba84f11000 ---p 00058000 08:07 2239998                    /usr/local/lib/OpenNI2/Drivers/libOpenNI2.so
7fba84f11000-7fba84f13000 r--p 00058000 08:07 2239998                    /usr/local/lib/OpenNI2/Drivers/libOpenNI2.so
7fba84f13000-7fba84f14000 rw-p 0005a000 08:07 2239998                    /usr/local/lib/OpenNI2/Drivers/libOpenNI2.so
7fba84f14000-7fba84f35000 rw-p 00000000 00:00 0 
7fba84f35000-7fba84f38000 r-xp 00000000 08:07 2239989                    /usr/local/lib/OpenNI2/Drivers/libMWClosestPoint.so
7fba84f38000-7fba85137000 ---p 00003000 08:07 2239989                    /usr/local/lib/OpenNI2/Drivers/libMWClosestPoint.so
7fba85137000-7fba85138000 r--p 00002000 08:07 2239989                    /usr/local/lib/OpenNI2/Drivers/libMWClosestPoint.so
7fba85138000-7fba85139000 rw-p 00003000 08:07 2239989                    /usr/local/lib/OpenNI2/Drivers/libMWClosestPoint.so
7fba85139000-7fba8513a000 ---p 00000000 00:00 0 
7fba8513a000-7fba8593a000 rw-p 00000000 00:00 0                          [stack:4172]
7fba8593a000-7fba8593b000 ---p 00000000 00:00 0 
7fba8593b000-7fba8613b000 rw-p 00000000 00:00 0                          [stack:4171]
7fba8613b000-7fba86152000 r-xp 00000000 08:07 5378114                    /lib/x86_64-linux-gnu/libusb-1.0.so.0.1.0
7fba86152000-7fba86351000 ---p 00017000 08:07 5378114                    /lib/x86_64-linux-gnu/libusb-1.0.so.0.1.0
7fba86351000-7fba86352000 r--p 00016000 08:07 5378114                    /lib/x86_64-linux-gnu/libusb-1.0.so.0.1.0
7fba86352000-7fba86353000 rw-p 00017000 08:07 5378114                    /lib/x86_64-linux-gnu/libusb-1.0.so.0.1.0
7fba86353000-7fba86393000 r-xp 00000000 08:07 2233908                    /usr/local/lib/OpenNI2/Drivers/libFreenectDriver.so
7fba86393000-7fba86593000 ---p 00040000 08:07 2233908                    /usr/local/lib/OpenNI2/Drivers/libFreenectDriver.so
7fba86593000-7fba86594000 r--p 00040000 08:07 2233908                    /usr/local/lib/OpenNI2/Drivers/libFreenectDriver.so
7fba86594000-7fba86596000 rw-p 00041000 08:07 2233908                    /usr/local/lib/OpenNI2/Drivers/libFreenectDriver.so
7fba86596000-7fba865ee000 r-xp 00000000 08:07 1718583                    /usr/local/lib/libOpenNI2.so
7fba865ee000-7fba867ee000 ---p 00058000 08:07 1718583                    /usr/local/lib/libOpenNI2.so
7fba867ee000-7fba867f0000 r--p 00058000 08:07 1718583                    /usr/local/lib/libOpenNI2.so
7fba867f0000-7fba867f1000 rw-p 0005a000 08:07 1718583                    /usr/local/lib/libOpenNI2.so
7fba867f1000-7fba86812000 rw-p 00000000 00:00 0 
7fba86812000-7fba86cdc000 r-xp 00000000 08:07 1722061                    /usr/local/lib/libNiTE2.so
7fba86cdc000-7fba86edc000 ---p 004ca000 08:07 1722061                    /usr/local/lib/libNiTE2.so
7fba86edc000-7fba86ee8000 r--p 004ca000 08:07 1722061                    /usr/local/lib/libNiTE2.so
7fba86ee8000-7fba86eea000 rw-p 004d6000 08:07 1722061                    /usr/local/lib/libNiTE2.so
7fba86eea000-7fba86ef2000 rw-p 00000000 00:00 0 
7fba86ef2000-7fba86ef9000 r-xp 00000000 08:07 2387278                    /home/matheus/Documentos/NiTE/NiTE-Linux-x64-2.2/Redist/libNiTE2.jni.so
7fba86ef9000-7fba870f8000 ---p 00007000 08:07 2387278                    /home/matheus/Documentos/NiTE/NiTE-Linux-x64-2.2/Redist/libNiTE2.jni.so
7fba870f8000-7fba870f9000 r--p 00006000 08:07 2387278                    /home/matheus/Documentos/NiTE/NiTE-Linux-x64-2.2/Redist/libNiTE2.jni.so
7fba870f9000-7fba870fa000 rw-p 00007000 08:07 2387278                    /home/matheus/Documentos/NiTE/NiTE-Linux-x64-2.2/Redist/libNiTE2.jni.so
7fba870fa000-7fba870fd000 ---p 00000000 00:00 0 
7fba870fd000-7fba871fb000 rw-p 00000000 00:00 0                          [stack:4170]
7fba871fb000-7fba871fe000 ---p 00000000 00:00 0 
7fba871fe000-7fba872fc000 rw-p 00000000 00:00 0                          [stack:4169]
7fba872fc000-7fba872ff000 ---p 00000000 00:00 0 
7fba872ff000-7fba873fd000 rw-p 00000000 00:00 0                          [stack:4168]
7fba873fd000-7fba87420000 r-xp 00000000 08:07 1311175                    /usr/lib/x86_64-linux-gnu/libgraphite2.so.3.0.1
7fba87420000-7fba8761f000 ---p 00023000 08:07 1311175                    /usr/lib/x86_64-linux-gnu/libgraphite2.so.3.0.1
7fba8761f000-7fba87621000 r--p 00022000 08:07 1311175                    /usr/lib/x86_64-linux-gnu/libgraphite2.so.3.0.1
7fba87621000-7fba87622000 rw-p 00024000 08:07 1311175                    /usr/lib/x86_64-linux-gnu/libgraphite2.so.3.0.1
7fba87622000-7fba87634000 r-xp 00000000 08:07 5378228                    /lib/x86_64-linux-gnu/libgpg-error.so.0.15.0
7fba87634000-7fba87833000 ---p 00012000 08:07 5378228                    /lib/x86_64-linux-gnu/libgpg-error.so.0.15.0
7fba87833000-7fba87834000 r--p 00011000 08:07 5378228                    /lib/x86_64-linux-gnu/libgpg-error.so.0.15.0
7fba87834000-7fba87835000 rw-p 00012000 08:07 5378228                    /lib/x86_64-linux-gnu/libgpg-error.so.0.15.0
7fba87835000-7fba8783b000 r-xp 00000000 08:07 1317954                    /usr/lib/x86_64-linux-gnu/libdatrie.so.1.3.2
7fba8783b000-7fba87a3a000 ---p 00006000 08:07 1317954                    /usr/lib/x86_64-linux-gnu/libdatrie.so.1.3.2
7fba87a3a000-7fba87a3b000 r--p 00005000 08:07 1317954                    /usr/lib/x86_64-linux-gnu/libdatrie.so.1.3.2
7fba87a3b000-7fba87a3c000 rw-p 00006000 08:07 1317954                    /usr/lib/x86_64-linux-gnu/libdatrie.so.1.3.2
7fba87a3c000-7fba87a98000 r-xp 00000000 08:07 1313843                    /usr/lib/x86_64-linux-gnu/libharfbuzz.so.0.10000.1
7fba87a98000-7fba87c98000 ---p 0005c000 08:07 1313843                    /usr/lib/x86_64-linux-gnu/libharfbuzz.so.0.10000.1
7fba87c98000-7fba87c99000 r--p 0005c000 08:07 1313843                    /usr/lib/x86_64-linux-gnu/libharfbuzz.so.0.10000.1
7fba87c99000-7fba87c9a000 rw-p 0005d000 08:07 1313843                    /usr/lib/x86_64-linux-gnu/libharfbuzz.so.0.10000.1
7fba87c9a000-7fba87d72000 r-xp 00000000 08:07 5374042                    /lib/x86_64-linux-gnu/libgcrypt.so.20.0.3
7fba87d72000-7fba87f72000 ---p 000d8000 08:07 5374042                    /lib/x86_64-linux-gnu/libgcrypt.so.20.0.3
7fba87f72000-7fba87f73000 r--p 000d8000 08:07 5374042                    /lib/x86_64-linux-gnu/libgcrypt.so.20.0.3
7fba87f73000-7fba87f7b000 rw-p 000d9000 08:07 5374042                    /lib/x86_64-linux-gnu/libgcrypt.so.20.0.3
7fba87f7b000-7fba87f7c000 rw-p 00000000 00:00 0 
7fba87f7c000-7fba87f9d000 r-xp 00000000 08:07 5378213                    /lib/x86_64-linux-gnu/liblzma.so.5.0.0
7fba87f9d000-7fba8819c000 ---p 00021000 08:07 5378213                    /lib/x86_64-linux-gnu/liblzma.so.5.0.0
7fba8819c000-7fba8819d000 r--p 00020000 08:07 5378213                    /lib/x86_64-linux-gnu/liblzma.so.5.0.0
7fba8819d000-7fba8819e000 rw-p 00021000 08:07 5378213                    /lib/x86_64-linux-gnu/liblzma.so.5.0.0
7fba8819e000-7fba881a6000 r-xp 00000000 08:07 1324371                    /usr/lib/x86_64-linux-gnu/libxcb-render.so.0.0.0
7fba881a6000-7fba883a6000 ---p 00008000 08:07 1324371                    /usr/lib/x86_64-linux-gnu/libxcb-render.so.0.0.0
7fba883a6000-7fba883a7000 r--p 00008000 08:07 1324371                    /usr/lib/x86_64-linux-gnu/libxcb-render.so.0.0.0
7fba883a7000-7fba883a8000 rw-p 00009000 08:07 1324371                    /usr/lib/x86_64-linux-gnu/libxcb-render.so.0.0.0
7fba883a8000-7fba883aa000 r-xp 00000000 08:07 1324374                    /usr/lib/x86_64-linux-gnu/libxcb-shm.so.0.0.0
7fba883aa000-7fba885aa000 ---p 00002000 08:07 1324374                    /usr/lib/x86_64-linux-gnu/libxcb-shm.so.0.0.0
7fba885aa000-7fba885ab000 r--p 00002000 08:07 1324374                    /usr/lib/x86_64-linux-gnu/libxcb-shm.so.0.0.0
7fba885ab000-7fba885ac000 rw-p 00003000 08:07 1324374                    /usr/lib/x86_64-linux-gnu/libxcb-shm.so.0.0.0
7fba885ac000-7fba88651000 r-xp 00000000 08:07 1313745                    /usr/lib/x86_64-linux-gnu/libpixman-1.so.0.32.6
7fba88651000-7fba88850000 ---p 000a5000 08:07 1313745                    /usr/lib/x86_64-linux-gnu/libpixman-1.so.0.32.6
7fba88850000-7fba88858000 r--p 000a4000 08:07 1313745                    /usr/lib/x86_64-linux-gnu/libpixman-1.so.0.32.6
7fba88858000-7fba88859000 rw-p 000ac000 08:07 1313745                    /usr/lib/x86_64-linux-gnu/libpixman-1.so.0.32.6
7fba88859000-7fba8887f000 r-xp 00000000 08:07 5374002                    /lib/x86_64-linux-gnu/libexpat.so.1.6.0
7fba8887f000-7fba88a7f000 ---p 00026000 08:07 5374002                    /lib/x86_64-linux-gnu/libexpat.so.1.6.0
7fba88a7f000-7fba88a81000 r--p 00026000 08:07 5374002                    /lib/x86_64-linux-gnu/libexpat.so.1.6.0
7fba88a81000-7fba88a82000 rw-p 00028000 08:07 5374002                    /lib/x86_64-linux-gnu/libexpat.so.1.6.0
7fba88a82000-7fba88a99000 r-xp 00000000 08:07 5376666                    /lib/x86_64-linux-gnu/libresolv-2.21.so
7fba88a99000-7fba88c99000 ---p 00017000 08:07 5376666                    /lib/x86_64-linux-gnu/libresolv-2.21.so
7fba88c99000-7fba88c9a000 r--p 00017000 08:07 5376666                    /lib/x86_64-linux-gnu/libresolv-2.21.so
7fba88c9a000-7fba88c9b000 rw-p 00018000 08:07 5376666                    /lib/x86_64-linux-gnu/libresolv-2.21.so
7fba88c9b000-7fba88c9d000 rw-p 00000000 00:00 0 
7fba88c9d000-7fba88cbe000 r-xp 00000000 08:07 5374056                    /lib/x86_64-linux-gnu/libselinux.so.1
7fba88cbe000-7fba88ebd000 ---p 00021000 08:07 5374056                    /lib/x86_64-linux-gnu/libselinux.so.1
7fba88ebd000-7fba88ebe000 r--p 00020000 08:07 5374056                    /lib/x86_64-linux-gnu/libselinux.so.1
7fba88ebe000-7fba88ebf000 rw-p 00021000 08:07 5374056                    /lib/x86_64-linux-gnu/libselinux.so.1
7fba88ebf000-7fba88ec1000 rw-p 00000000 00:00 0 
7fba88ec1000-7fba88ec9000 r-xp 00000000 08:07 1311101                    /usr/lib/x86_64-linux-gnu/libthai.so.0.2.2
7fba88ec9000-7fba890c8000 ---p 00008000 08:07 1311101                    /usr/lib/x86_64-linux-gnu/libthai.so.0.2.2
7fba890c8000-7fba890c9000 r--p 00007000 08:07 1311101                    /usr/lib/x86_64-linux-gnu/libthai.so.0.2.2
7fba890c9000-7fba890ca000 rw-p 00008000 08:07 1311101                    /usr/lib/x86_64-linux-gnu/libthai.so.0.2.2
7fba890ca000-7fba890cd000 r-xp 00000000 08:07 1313114                    /usr/lib/x86_64-linux-gnu/libgmodule-2.0.so.0.4600.2
7fba890cd000-7fba892cc000 ---p 00003000 08:07 1313114                    /usr/lib/x86_64-linux-gnu/libgmodule-2.0.so.0.4600.2
7fba892cc000-7fba892cd000 r--p 00002000 08:07 1313114                    /usr/lib/x86_64-linux-gnu/libgmodule-2.0.so.0.4600.2
7fba892cd000-7fba892ce000 rw-p 00003000 08:07 1313114                    /usr/lib/x86_64-linux-gnu/libgmodule-2.0.so.0.4600.2
7fba892ce000-7fba892e2000 r-xp 00000000 08:07 1311347                    /usr/lib/x86_64-linux-gnu/libpangoft2-1.0.so.0.3600.8
7fba892e2000-7fba894e2000 ---p 00014000 08:07 1311347                    /usr/lib/x86_64-linux-gnu/libpangoft2-1.0.so.0.3600.8
7fba894e2000-7fba894e3000 r--p 00014000 08:07 1311347                    /usr/lib/x86_64-linux-gnu/libpangoft2-1.0.so.0.3600.8
7fba894e3000-7fba894e4000 rw-p 00015000 08:07 1311347                    /usr/lib/x86_64-linux-gnu/libpangoft2-1.0.so.0.3600.8
7fba894e4000-7fba89561000 r-xp 00000000 08:07 5377914                    /lib/x86_64-linux-gnu/libsystemd.so.0.10.2
7fba89561000-7fba89564000 r--p 0007c000 08:07 5377914                    /lib/x86_64-linux-gnu/libsystemd.so.0.10.2
7fba89564000-7fba89565000 rw-p 0007f000 08:07 5377914                    /lib/x86_64-linux-gnu/libsystemd.so.0.10.2
7fba89565000-7fba895d1000 r-xp 00000000 08:07 5378454                    /lib/x86_64-linux-gnu/libpcre.so.3.13.1
7fba895d1000-7fba897d0000 ---p 0006c000 08:07 5378454                    /lib/x86_64-linux-gnu/libpcre.so.3.13.1
7fba897d0000-7fba897d1000 r--p 0006b000 08:07 5378454                    /lib/x86_64-linux-gnu/libpcre.so.3.13.1
7fba897d1000-7fba897d2000 rw-p 0006c000 08:07 5378454                    /lib/x86_64-linux-gnu/libpcre.so.3.13.1
7fba897d2000-7fba897d9000 r-xp 00000000 08:07 1311734                    /usr/lib/x86_64-linux-gnu/libffi.so.6.0.4
7fba897d9000-7fba899d8000 ---p 00007000 08:07 1311734                    /usr/lib/x86_64-linux-gnu/libffi.so.6.0.4
7fba899d8000-7fba899d9000 r--p 00006000 08:07 1311734                    /usr/lib/x86_64-linux-gnu/libffi.so.6.0.4
7fba899d9000-7fba899da000 rw-p 00007000 08:07 1311734                    /usr/lib/x86_64-linux-gnu/libffi.so.6.0.4
7fba899da000-7fba89ae8000 r-xp 00000000 08:07 1320441                    /usr/lib/x86_64-linux-gnu/libcairo.so.2.11400.2
7fba89ae8000-7fba89ce7000 ---p 0010e000 08:07 1320441                    /usr/lib/x86_64-linux-gnu/libcairo.so.2.11400.2
7fba89ce7000-7fba89cea000 r--p 0010d000 08:07 1320441                    /usr/lib/x86_64-linux-gnu/libcairo.so.2.11400.2
7fba89cea000-7fba89ceb000 rw-p 00110000 08:07 1320441                    /usr/lib/x86_64-linux-gnu/libcairo.so.2.11400.2
7fba89ceb000-7fba89ced000 rw-p 00000000 00:00 0 
7fba89ced000-7fba89cef000 r-xp 00000000 08:07 1319341                    /usr/lib/x86_64-linux-gnu/libXdamage.so.1.1.0
7fba89cef000-7fba89eee000 ---p 00002000 08:07 1319341                    /usr/lib/x86_64-linux-gnu/libXdamage.so.1.1.0
7fba89eee000-7fba89eef000 r--p 00001000 08:07 1319341                    /usr/lib/x86_64-linux-gnu/libXdamage.so.1.1.0
7fba89eef000-7fba89ef0000 rw-p 00002000 08:07 1319341                    /usr/lib/x86_64-linux-gnu/libXdamage.so.1.1.0
7fba89ef0000-7fba89ef2000 r-xp 00000000 08:07 1319337                    /usr/lib/x86_64-linux-gnu/libXcomposite.so.1.0.0
7fba89ef2000-7fba8a0f1000 ---p 00002000 08:07 1319337                    /usr/lib/x86_64-linux-gnu/libXcomposite.so.1.0.0
7fba8a0f1000-7fba8a0f2000 r--p 00001000 08:07 1319337                    /usr/lib/x86_64-linux-gnu/libXcomposite.so.1.0.0
7fba8a0f2000-7fba8a0f3000 rw-p 00002000 08:07 1319337                    /usr/lib/x86_64-linux-gnu/libXcomposite.so.1.0.0
7fba8a0f3000-7fba8a0fd000 r-xp 00000000 08:07 1322375                    /usr/lib/x86_64-linux-gnu/libXrandr.so.2.2.0
7fba8a0fd000-7fba8a2fc000 ---p 0000a000 08:07 1322375                    /usr/lib/x86_64-linux-gnu/libXrandr.so.2.2.0
7fba8a2fc000-7fba8a2fd000 r--p 00009000 08:07 1322375                    /usr/lib/x86_64-linux-gnu/libXrandr.so.2.2.0
7fba8a2fd000-7fba8a2fe000 rw-p 0000a000 08:07 1322375                    /usr/lib/x86_64-linux-gnu/libXrandr.so.2.2.0
7fba8a2fe000-7fba8a300000 r-xp 00000000 08:07 1319355                    /usr/lib/x86_64-linux-gnu/libXinerama.so.1.0.0
7fba8a300000-7fba8a4ff000 ---p 00002000 08:07 1319355                    /usr/lib/x86_64-linux-gnu/libXinerama.so.1.0.0
7fba8a4ff000-7fba8a500000 r--p 00001000 08:07 1319355                    /usr/lib/x86_64-linux-gnu/libXinerama.so.1.0.0
7fba8a500000-7fba8a501000 rw-p 00002000 08:07 1319355                    /usr/lib/x86_64-linux-gnu/libXinerama.so.1.0.0
7fba8a501000-7fba8a53d000 r-xp 00000000 08:07 1310757                    /usr/lib/x86_64-linux-gnu/libfontconfig.so.1.8.0
7fba8a53d000-7fba8a73c000 ---p 0003c000 08:07 1310757                    /usr/lib/x86_64-linux-gnu/libfontconfig.so.1.8.0
7fba8a73c000-7fba8a73e000 r--p 0003b000 08:07 1310757                    /usr/lib/x86_64-linux-gnu/libfontconfig.so.1.8.0
7fba8a73e000-7fba8a73f000 rw-p 0003d000 08:07 1310757                    /usr/lib/x86_64-linux-gnu/libfontconfig.so.1.8.0
7fba8a73f000-7fba8a8b9000 r-xp 00000000 08:07 1313108                    /usr/lib/x86_64-linux-gnu/libgio-2.0.so.0.4600.2
7fba8a8b9000-7fba8aab8000 ---p 0017a000 08:07 1313108                    /usr/lib/x86_64-linux-gnu/libgio-2.0.so.0.4600.2
7fba8aab8000-7fba8aabc000 r--p 00179000 08:07 1313108                    /usr/lib/x86_64-linux-gnu/libgio-2.0.so.0.4600.2
7fba8aabc000-7fba8aabe000 rw-p 0017d000 08:07 1313108                    /usr/lib/x86_64-linux-gnu/libgio-2.0.so.0.4600.2
7fba8aabe000-7fba8aac0000 rw-p 00000000 00:00 0 
7fba8aac0000-7fba8aae1000 r-xp 00000000 08:07 1313995                    /usr/lib/x86_64-linux-gnu/libgdk_pixbuf-2.0.so.0.3200.1
7fba8aae1000-7fba8ace0000 ---p 00021000 08:07 1313995                    /usr/lib/x86_64-linux-gnu/libgdk_pixbuf-2.0.so.0.3200.1
7fba8ace0000-7fba8ace1000 r--p 00020000 08:07 1313995                    /usr/lib/x86_64-linux-gnu/libgdk_pixbuf-2.0.so.0.3200.1
7fba8ace1000-7fba8ace2000 rw-p 00021000 08:07 1313995                    /usr/lib/x86_64-linux-gnu/libgdk_pixbuf-2.0.so.0.3200.1
7fba8ace2000-7fba8ad2d000 r-xp 00000000 08:07 1311391                    /usr/lib/x86_64-linux-gnu/libpango-1.0.so.0.3600.8
7fba8ad2d000-7fba8af2d000 ---p 0004b000 08:07 1311391                    /usr/lib/x86_64-linux-gnu/libpango-1.0.so.0.3600.8
7fba8af2d000-7fba8af2f000 r--p 0004b000 08:07 1311391                    /usr/lib/x86_64-linux-gnu/libpango-1.0.so.0.3600.8
7fba8af2f000-7fba8af30000 rw-p 0004d000 08:07 1311391                    /usr/lib/x86_64-linux-gnu/libpango-1.0.so.0.3600.8
7fba8af30000-7fba8af3c000 r-xp 00000000 08:07 1311119                    /usr/lib/x86_64-linux-gnu/libpangocairo-1.0.so.0.3600.8
7fba8af3c000-7fba8b13b000 ---p 0000c000 08:07 1311119                    /usr/lib/x86_64-linux-gnu/libpangocairo-1.0.so.0.3600.8
7fba8b13b000-7fba8b13c000 r--p 0000b000 08:07 1311119                    /usr/lib/x86_64-linux-gnu/libpangocairo-1.0.so.0.3600.8
7fba8b13c000-7fba8b13d000 rw-p 0000c000 08:07 1311119                    /usr/lib/x86_64-linux-gnu/libpangocairo-1.0.so.0.3600.8
7fba8b13d000-7fba8b187000 r-xp 00000000 08:07 5378102                    /lib/x86_64-linux-gnu/libdbus-1.so.3.14.3
7fba8b187000-7fba8b387000 ---p 0004a000 08:07 5378102                    /lib/x86_64-linux-gnu/libdbus-1.so.3.14.3
7fba8b387000-7fba8b388000 r--p 0004a000 08:07 5378102                    /lib/x86_64-linux-gnu/libdbus-1.so.3.14.3
7fba8b388000-7fba8b389000 rw-p 0004b000 08:07 5378102                    /lib/x86_64-linux-gnu/libdbus-1.so.3.14.3
7fba8b389000-7fba8b3b5000 r-xp 00000000 08:07 1318497                    /usr/lib/x86_64-linux-gnu/libatspi.so.0.0.1
7fba8b3b5000-7fba8b5b5000 ---p 0002c000 08:07 1318497                    /usr/lib/x86_64-linux-gnu/libatspi.so.0.0.1
7fba8b5b5000-7fba8b5b9000 r--p 0002c000 08:07 1318497                    /usr/lib/x86_64-linux-gnu/libatspi.so.0.0.1
7fba8b5b9000-7fba8b5ba000 rw-p 00030000 08:07 1318497                    /usr/lib/x86_64-linux-gnu/libatspi.so.0.0.1
7fba8b5ba000-7fba8b6c7000 r-xp 00000000 08:07 5375973                    /lib/x86_64-linux-gnu/libglib-2.0.so.0.4600.2
7fba8b6c7000-7fba8b8c6000 ---p 0010d000 08:07 5375973                    /lib/x86_64-linux-gnu/libglib-2.0.so.0.4600.2
7fba8b8c6000-7fba8b8c7000 r--p 0010c000 08:07 5375973                    /lib/x86_64-linux-gnu/libglib-2.0.so.0.4600.2
7fba8b8c7000-7fba8b8c8000 rw-p 0010d000 08:07 5375973                    /lib/x86_64-linux-gnu/libglib-2.0.so.0.4600.2
7fba8b8c8000-7fba8b8c9000 rw-p 00000000 00:00 0 
7fba8b8c9000-7fba8b91b000 r-xp 00000000 08:07 1313118                    /usr/lib/x86_64-linux-gnu/libgobject-2.0.so.0.4600.2
7fba8b91b000-7fba8bb1a000 ---p 00052000 08:07 1313118                    /usr/lib/x86_64-linux-gnu/libgobject-2.0.so.0.4600.2
7fba8bb1a000-7fba8bb1b000 r--p 00051000 08:07 1313118                    /usr/lib/x86_64-linux-gnu/libgobject-2.0.so.0.4600.2
7fba8bb1b000-7fba8bb1c000 rw-p 00052000 08:07 1313118                    /usr/lib/x86_64-linux-gnu/libgobject-2.0.so.0.4600.2
7fba8bb1c000-7fba8bbcc000 r-xp 00000000 08:07 1313152                    /usr/lib/x86_64-linux-gnu/libgdk-x11-2.0.so.0.2400.28
7fba8bbcc000-7fba8bdcb000 ---p 000b0000 08:07 1313152                    /usr/lib/x86_64-linux-gnu/libgdk-x11-2.0.so.0.2400.28
7fba8bdcb000-7fba8bdcf000 r--p 000af000 08:07 1313152                    /usr/lib/x86_64-linux-gnu/libgdk-x11-2.0.so.0.2400.28
7fba8bdcf000-7fba8bdd1000 rw-p 000b3000 08:07 1313152                    /usr/lib/x86_64-linux-gnu/libgdk-x11-2.0.so.0.2400.28
7fba8bdd1000-7fba8bdfd000 r-xp 00000000 08:07 1316922                    /usr/lib/x86_64-linux-gnu/libatk-bridge-2.0.so.0.0.0
7fba8bdfd000-7fba8bffd000 ---p 0002c000 08:07 1316922                    /usr/lib/x86_64-linux-gnu/libatk-bridge-2.0.so.0.0.0
7fba8bffd000-7fba8bffe000 r--p 0002c000 08:07 1316922                    /usr/lib/x86_64-linux-gnu/libatk-bridge-2.0.so.0.0.0
7fba8bffe000-7fba8c000000 rw-p 0002d000 08:07 1316922                    /usr/lib/x86_64-linux-gnu/libatk-bridge-2.0.so.0.0.0
7fba8c000000-7fba8c021000 rw-p 00000000 00:00 0 
7fba8c021000-7fba90000000 ---p 00000000 00:00 0 
7fba90000000-7fba90021000 rw-p 00000000 00:00 0 
7fba90021000-7fba94000000 ---p 00000000 00:00 0 
7fba94000000-7fba94021000 rw-p 00000000 00:00 0 
7fba94021000-7fba98000000 ---p 00000000 00:00 0 
7fba98000000-7fba98021000 rw-p 00000000 00:00 0 
7fba98021000-7fba9c000000 ---p 00000000 00:00 0 
7fba9c000000-7fba9c150000 rw-p 00000000 00:00 0 
7fba9c150000-7fbaa0000000 ---p 00000000 00:00 0 
7fbaa0000000-7fbaa0021000 rw-p 00000000 00:00 0 
7fbaa0021000-7fbaa4000000 ---p 00000000 00:00 0 
7fbaa4000000-7fbaa416c000 rw-p 00000000 00:00 0 
7fbaa416c000-7fbaa8000000 ---p 00000000 00:00 0 
7fbaa8000000-7fbaa802e000 rw-p 00000000 00:00 0 
7fbaa802e000-7fbaac000000 ---p 00000000 00:00 0 
7fbaac000000-7fbaac021000 rw-p 00000000 00:00 0 
7fbaac021000-7fbab0000000 ---p 00000000 00:00 0 
7fbab0000000-7fbab0021000 rw-p 00000000 00:00 0 
7fbab0021000-7fbab4000000 ---p 00000000 00:00 0 
7fbab4000000-7fbab4021000 rw-p 00000000 00:00 0 
7fbab4021000-7fbab8000000 ---p 00000000 00:00 0 
7fbab8000000-7fbab8021000 rw-p 00000000 00:00 0 
7fbab8021000-7fbabc000000 ---p 00000000 00:00 0 
7fbabc000000-7fbabc021000 rw-p 00000000 00:00 0 
7fbabc021000-7fbac0000000 ---p 00000000 00:00 0 
7fbac0000000-7fbac0021000 rw-p 00000000 00:00 0 
7fbac0021000-7fbac4000000 ---p 00000000 00:00 0 
7fbac4000000-7fbac4021000 rw-p 00000000 00:00 0 
7fbac4021000-7fbac8000000 ---p 00000000 00:00 0 
7fbac8011000-7fbac8040000 rw-p 00000000 00:00 0 
7fbac8040000-7fbac805d000 r-xp 00000000 08:07 5373957                    /lib/x86_64-linux-gnu/libudev.so.1.6.4
7fbac805d000-7fbac805e000 r--p 0001c000 08:07 5373957                    /lib/x86_64-linux-gnu/libudev.so.1.6.4
7fbac805e000-7fbac805f000 rw-p 0001d000 08:07 5373957                    /lib/x86_64-linux-gnu/libudev.so.1.6.4
7fbac805f000-7fbac8081000 r-xp 00000000 08:07 1320430                    /usr/lib/x86_64-linux-gnu/libatk-1.0.so.0.21609.1
7fbac8081000-7fbac8280000 ---p 00022000 08:07 1320430                    /usr/lib/x86_64-linux-gnu/libatk-1.0.so.0.21609.1
7fbac8280000-7fbac8283000 r--p 00021000 08:07 1320430                    /usr/lib/x86_64-linux-gnu/libatk-1.0.so.0.21609.1
7fbac8283000-7fbac8284000 rw-p 00024000 08:07 1320430                    /usr/lib/x86_64-linux-gnu/libatk-1.0.so.0.21609.1
7fbac8284000-7fbac829a000 r-xp 00000000 08:07 1315485                    /usr/lib/x86_64-linux-gnu/jni/libatk-wrapper.so.6.0.0
7fbac829a000-7fbac849a000 ---p 00016000 08:07 1315485                    /usr/lib/x86_64-linux-gnu/jni/libatk-wrapper.so.6.0.0
7fbac849a000-7fbac849b000 r--p 00016000 08:07 1315485                    /usr/lib/x86_64-linux-gnu/jni/libatk-wrapper.so.6.0.0
7fbac849b000-7fbac849c000 rw-p 00017000 08:07 1315485                    /usr/lib/x86_64-linux-gnu/jni/libatk-wrapper.so.6.0.0
7fbac849c000-7fbac849f000 ---p 00000000 00:00 0 
7fbac849f000-7fbac84d5000 rw-p 00000000 00:00 0                          [stack:4167]
7fbac84d5000-7fbac84d8000 ---p 00000000 00:00 0 
7fbac84d8000-7fbac85d6000 rw-p 00000000 00:00 0                          [stack:4165]
7fbac85d6000-7fbac85db000 r-xp 00000000 08:07 1319347                    /usr/lib/x86_64-linux-gnu/libXfixes.so.3.1.0
7fbac85db000-7fbac87da000 ---p 00005000 08:07 1319347                    /usr/lib/x86_64-linux-gnu/libXfixes.so.3.1.0
7fbac87da000-7fbac87db000 r--p 00004000 08:07 1319347                    /usr/lib/x86_64-linux-gnu/libXfixes.so.3.1.0
7fbac87db000-7fbac87dc000 rw-p 00005000 08:07 1319347                    /usr/lib/x86_64-linux-gnu/libXfixes.so.3.1.0
7fbac87dc000-7fbac87e5000 r-xp 00000000 08:07 1319339                    /usr/lib/x86_64-linux-gnu/libXcursor.so.1.0.2
7fbac87e5000-7fbac89e4000 ---p 00009000 08:07 1319339                    /usr/lib/x86_64-linux-gnu/libXcursor.so.1.0.2
7fbac89e4000-7fbac89e5000 r--p 00008000 08:07 1319339                    /usr/lib/x86_64-linux-gnu/libXcursor.so.1.0.2
7fbac89e5000-7fbac89e6000 rw-p 00009000 08:07 1319339                    /usr/lib/x86_64-linux-gnu/libXcursor.so.1.0.2
7fbac89e6000-7fbac89e9000 ---p 00000000 00:00 0 
7fbac89e9000-7fbac8ae7000 rw-p 00000000 00:00 0                          [stack:4164]
7fbac8ae7000-7fbac8b0c000 r-xp 00000000 08:07 5373979                    /lib/x86_64-linux-gnu/libpng12.so.0.51.0
7fbac8b0c000-7fbac8d0b000 ---p 00025000 08:07 5373979                    /lib/x86_64-linux-gnu/libpng12.so.0.51.0
7fbac8d0b000-7fbac8d0c000 r--p 00024000 08:07 5373979                    /lib/x86_64-linux-gnu/libpng12.so.0.51.0
7fbac8d0c000-7fbac8d0d000 rw-p 00025000 08:07 5373979                    /lib/x86_64-linux-gnu/libpng12.so.0.51.0
7fbac8d0d000-7fbac8dad000 r-xp 00000000 08:07 1328925                    /usr/lib/x86_64-linux-gnu/libfreetype.so.6.11.1
7fbac8dad000-7fbac8fac000 ---p 000a0000 08:07 1328925                    /usr/lib/x86_64-linux-gnu/libfreetype.so.6.11.1
7fbac8fac000-7fbac8fb2000 r--p 0009f000 08:07 1328925                    /usr/lib/x86_64-linux-gnu/libfreetype.so.6.11.1
7fbac8fb2000-7fbac8fb3000 rw-p 000a5000 08:07 1328925                    /usr/lib/x86_64-linux-gnu/libfreetype.so.6.11.1
7fbac8fce000-7fbac9020000 r-xp 00000000 08:07 1316358                    /usr/lib/jvm/java-8-openjdk-amd64/jre/lib/amd64/libfontmanager.so
7fbac9020000-7fbac9220000 ---p 00052000 08:07 1316358                    /usr/lib/jvm/java-8-openjdk-amd64/jre/lib/amd64/libfontmanager.so
7fbac9220000-7fbac9222000 r--p 00052000 08:07 1316358                    /usr/lib/jvm/java-8-openjdk-amd64/jre/lib/amd64/libfontmanager.so
7fbac9222000-7fbac9223000 rw-p 00054000 08:07 1316358                    /usr/lib/jvm/java-8-openjdk-amd64/jre/lib/amd64/libfontmanager.so
7fbac9223000-7fbac9245000 r--p 00000000 08:07 1836826                    /usr/share/locale-langpack/pt_BR/LC_MESSAGES/libc.mo
7fbac9245000-7fbac924a000 r-xp 00000000 08:07 1318428                    /usr/lib/x86_64-linux-gnu/libXdmcp.so.6.0.0
7fbac924a000-7fbac9449000 ---p 00005000 08:07 1318428                    /usr/lib/x86_64-linux-gnu/libXdmcp.so.6.0.0
7fbac9449000-7fbac944a000 r--p 00004000 08:07 1318428                    /usr/lib/x86_64-linux-gnu/libXdmcp.so.6.0.0
7fbac944a000-7fbac944b000 rw-p 00005000 08:07 1318428                    /usr/lib/x86_64-linux-gnu/libXdmcp.so.6.0.0
7fbac944b000-7fbac944d000 r-xp 00000000 08:07 1319332                    /usr/lib/x86_64-linux-gnu/libXau.so.6.0.0
7fbac944d000-7fbac964d000 ---p 00002000 08:07 1319332                    /usr/lib/x86_64-linux-gnu/libXau.so.6.0.0
7fbac964d000-7fbac964e000 r--p 00002000 08:07 1319332                    /usr/lib/x86_64-linux-gnu/libXau.so.6.0.0
7fbac964e000-7fbac964f000 rw-p 00003000 08:07 1319332                    /usr/lib/x86_64-linux-gnu/libXau.so.6.0.0
7fbac964f000-7fbac966f000 r-xp 00000000 08:07 1322492                    /usr/lib/x86_64-linux-gnu/libxcb.so.1.1.0
7fbac966f000-7fbac986e000 ---p 00020000 08:07 1322492                    /usr/lib/x86_64-linux-gnu/libxcb.so.1.1.0
7fbac986e000-7fbac986f000 r--p 0001f000 08:07 1322492                    /usr/lib/x86_64-linux-gnu/libxcb.so.1.1.0
7fbac986f000-7fbac9870000 rw-p 00020000 08:07 1322492                    /usr/lib/x86_64-linux-gnu/libxcb.so.1.1.0
7fbac9870000-7fbac987f000 r-xp 00000000 08:07 1319353                    /usr/lib/x86_64-linux-gnu/libXi.so.6.1.0
7fbac987f000-7fbac9a7e000 ---p 0000f000 08:07 1319353                    /usr/lib/x86_64-linux-gnu/libXi.so.6.1.0
7fbac9a7e000-7fbac9a7f000 r--p 0000e000 08:07 1319353                    /usr/lib/x86_64-linux-gnu/libXi.so.6.1.0
7fbac9a7f000-7fbac9a80000 rw-p 0000f000 08:07 1319353                    /usr/lib/x86_64-linux-gnu/libXi.so.6.1.0
7fbac9a80000-7fbac9a85000 r-xp 00000000 08:07 1319373                    /usr/lib/x86_64-linux-gnu/libXtst.so.6.1.0
7fbac9a85000-7fbac9c84000 ---p 00005000 08:07 1319373                    /usr/lib/x86_64-linux-gnu/libXtst.so.6.1.0
7fbac9c84000-7fbac9c85000 r--p 00004000 08:07 1319373                    /usr/lib/x86_64-linux-gnu/libXtst.so.6.1.0
7fbac9c85000-7fbac9c86000 rw-p 00005000 08:07 1319373                    /usr/lib/x86_64-linux-gnu/libXtst.so.6.1.0
7fbac9c86000-7fbac9c8f000 r-xp 00000000 08:07 1324368                    /usr/lib/x86_64-linux-gnu/libXrender.so.1.3.0
7fbac9c8f000-7fbac9e8e000 ---p 00009000 08:07 1324368                    /usr/lib/x86_64-linux-gnu/libXrender.so.1.3.0
7fbac9e8e000-7fbac9e8f000 r--p 00008000 08:07 1324368                    /usr/lib/x86_64-linux-gnu/libXrender.so.1.3.0
7fbac9e8f000-7fbac9e90000 rw-p 00009000 08:07 1324368                    /usr/lib/x86_64-linux-gnu/libXrender.so.1.3.0
7fbac9e90000-7fbac9fc5000 r-xp 00000000 08:07 1322574                    /usr/lib/x86_64-linux-gnu/libX11.so.6.3.0
7fbac9fc5000-7fbaca1c5000 ---p 00135000 08:07 1322574                    /usr/lib/x86_64-linux-gnu/libX11.so.6.3.0
7fbaca1c5000-7fbaca1c6000 r--p 00135000 08:07 1322574                    /usr/lib/x86_64-linux-gnu/libX11.so.6.3.0
7fbaca1c6000-7fbaca1ca000 rw-p 00136000 08:07 1322574                    /usr/lib/x86_64-linux-gnu/libX11.so.6.3.0
7fbaca1ca000-7fbaca1db000 r-xp 00000000 08:07 1315678                    /usr/lib/x86_64-linux-gnu/libXext.so.6.4.0
7fbaca1db000-7fbaca3da000 ---p 00011000 08:07 1315678                    /usr/lib/x86_64-linux-gnu/libXext.so.6.4.0
7fbaca3da000-7fbaca3db000 r--p 00010000 08:07 1315678                    /usr/lib/x86_64-linux-gnu/libXext.so.6.4.0
7fbaca3db000-7fbaca3dc000 rw-p 00011000 08:07 1315678                    /usr/lib/x86_64-linux-gnu/libXext.so.6.4.0
7fbaca3e4000-7fbaca3f7000 r--s 00346000 08:07 1316399                    /usr/lib/jvm/java-8-openjdk-amd64/jre/lib/resources.jar
7fbaca3f7000-7fbaca44e000 r-xp 00000000 08:07 1316346                    /usr/lib/jvm/java-8-openjdk-amd64/jre/lib/amd64/libawt_xawt.so
7fbaca44e000-7fbaca64d000 ---p 00057000 08:07 1316346                    /usr/lib/jvm/java-8-openjdk-amd64/jre/lib/amd64/libawt_xawt.so
7fbaca64d000-7fbaca64e000 r--p 00056000 08:07 1316346                    /usr/lib/jvm/java-8-openjdk-amd64/jre/lib/amd64/libawt_xawt.so
7fbaca64e000-7fbaca651000 rw-p 00057000 08:07 1316346                    /usr/lib/jvm/java-8-openjdk-amd64/jre/lib/amd64/libawt_xawt.so
7fbaca651000-7fbaca652000 rw-p 00000000 00:00 0 
7fbaca652000-7fbaca6f1000 r-xp 00000000 08:07 1316354                    /usr/lib/jvm/java-8-openjdk-amd64/jre/lib/amd64/libawt.so
7fbaca6f1000-7fbaca8f0000 ---p 0009f000 08:07 1316354                    /usr/lib/jvm/java-8-openjdk-amd64/jre/lib/amd64/libawt.so
7fbaca8f0000-7fbaca8f1000 r--p 0009e000 08:07 1316354                    /usr/lib/jvm/java-8-openjdk-amd64/jre/lib/amd64/libawt.so
7fbaca8f1000-7fbaca8fc000 rw-p 0009f000 08:07 1316354                    /usr/lib/jvm/java-8-openjdk-amd64/jre/lib/amd64/libawt.so
7fbaca8fc000-7fbaca921000 rw-p 00000000 00:00 0 
7fbaca921000-7fbaca922000 ---p 00000000 00:00 0 
7fbaca922000-7fbacaa22000 rw-p 00000000 00:00 0                          [stack:4163]
7fbacaa22000-7fbacaa25000 ---p 00000000 00:00 0 
7fbacaa25000-7fbacab23000 rw-p 00000000 00:00 0                          [stack:4162]
7fbacab23000-7fbacab26000 ---p 00000000 00:00 0 
7fbacab26000-7fbacac24000 rw-p 00000000 00:00 0                          [stack:4161]
7fbacac24000-7fbacac27000 ---p 00000000 00:00 0 
7fbacac27000-7fbacad25000 rw-p 00000000 00:00 0                          [stack:4160]
7fbacad25000-7fbacad28000 ---p 00000000 00:00 0 
7fbacad28000-7fbacae26000 rw-p 00000000 00:00 0                          [stack:4159]
7fbacae26000-7fbacae29000 ---p 00000000 00:00 0 
7fbacae29000-7fbacaf27000 rw-p 00000000 00:00 0                          [stack:4158]
7fbacaf27000-7fbacb1f2000 r--p 00000000 08:07 1312471                    /usr/lib/locale/locale-archive
7fbacb1f2000-7fbacb1f5000 ---p 00000000 00:00 0 
7fbacb1f5000-7fbacb2f3000 rw-p 00000000 00:00 0                          [stack:4157]
7fbacb2f3000-7fbacb2f6000 ---p 00000000 00:00 0 
7fbacb2f6000-7fbacb3f4000 rw-p 00000000 00:00 0                          [stack:4156]
7fbacb3f4000-7fbacb3f5000 ---p 00000000 00:00 0 
7fbacb3f5000-7fbacc000000 rw-p 00000000 00:00 0                          [stack:4155]
7fbacc000000-7fbacc021000 rw-p 00000000 00:00 0 
7fbacc021000-7fbad0000000 ---p 00000000 00:00 0 
7fbad0005000-7fbad0006000 rw-p 00000000 00:00 0 
7fbad0006000-7fbad0009000 r--p 00000000 08:07 1836436                    /usr/share/locale-langpack/pt_BR/LC_MESSAGES/atk10.mo
7fbad0009000-7fbad0010000 r--s 00000000 08:07 1574466                    /usr/lib/x86_64-linux-gnu/gconv/gconv-modules.cache
7fbad0010000-7fbad0018000 r--s 00045000 08:07 3285881                    /home/matheus/.p2/pool/plugins/org.junit_4.12.0.v201504281640/junit.jar
7fbad0018000-7fbad001e000 r--s 002f8000 08:07 1316320                    /usr/lib/jvm/java-8-openjdk-amd64/jre/lib/charsets.jar
7fbad001e000-7fbad003a000 r--s 00393000 08:07 1316324                    /usr/lib/jvm/java-8-openjdk-amd64/jre/lib/ext/cldrdata.jar
7fbad003a000-7fbad0055000 r--s 001d4000 08:07 1316341                    /usr/lib/jvm/java-8-openjdk-amd64/jre/lib/ext/nashorn.jar
7fbad0055000-7fbad0459000 rw-p 00000000 00:00 0 
7fbad0459000-7fbad0626000 r--s 03be8000 08:07 1316343                    /usr/lib/jvm/java-8-openjdk-amd64/jre/lib/rt.jar
7fbad0626000-7fbad0be6000 rw-p 00000000 00:00 0 
7fbad0be6000-7fbad0e26000 ---p 00000000 00:00 0 
7fbad0e26000-7fbad1000000 rw-p 00000000 00:00 0 
7fbad1000000-7fbad1270000 rwxp 00000000 00:00 0 
7fbad1270000-7fbae0000000 ---p 00000000 00:00 0 
7fbae0000000-7fbae02eb000 rw-p 00000000 00:00 0 
7fbae02eb000-7fbae4000000 ---p 00000000 00:00 0 
7fbae4000000-7fbae4002000 r--s 0000c000 08:07 3285872                    /home/matheus/.p2/pool/plugins/org.hamcrest.core_1.3.0.v201303031735.jar
7fbae4002000-7fbae4003000 r--s 00005000 08:07 2361112                    /home/matheus/workspace/libLibras/lib/com.primesense.nite.jar
7fbae4003000-7fbae4005000 r--s 00004000 08:07 2361113                    /home/matheus/workspace/libLibras/lib/org.openni.jar
7fbae4005000-7fbae4006000 r--s 0000a000 08:07 1316332                    /usr/lib/jvm/java-8-openjdk-amd64/jre/lib/ext/jaccess.jar
7fbae4006000-7fbae400c000 r--s 0003a000 08:07 1316334                    /usr/lib/jvm/java-8-openjdk-amd64/jre/lib/ext/sunjce_provider.jar
7fbae400c000-7fbae400e000 r--s 00001000 08:07 1316339                    /usr/lib/jvm/java-8-openjdk-amd64/jre/lib/ext/dnsns.jar
7fbae400e000-7fbae5ed4000 rw-p 00000000 00:00 0 
7fbae5ed4000-7fbae5ed5000 ---p 00000000 00:00 0 
7fbae5ed5000-7fbae5fd5000 rw-p 00000000 00:00 0                          [stack:4154]
7fbae5fd5000-7fbae5fd6000 ---p 00000000 00:00 0 
7fbae5fd6000-7fbae60d6000 rw-p 00000000 00:00 0                          [stack:4153]
7fbae60d6000-7fbae60d7000 ---p 00000000 00:00 0 
7fbae60d7000-7fbae61d7000 rw-p 00000000 00:00 0                          [stack:4152]
7fbae61d7000-7fbae61d8000 ---p 00000000 00:00 0 
7fbae61d8000-7fbae62ec000 rw-p 00000000 00:00 0                          [stack:4151]
7fbae62ec000-7fbae6414000 ---p 00000000 00:00 0 
7fbae6414000-7fbae6428000 rw-p 00000000 00:00 0 
7fbae6428000-7fbae6550000 ---p 00000000 00:00 0 
7fbae6550000-7fbae655a000 rw-p 00000000 00:00 0 
7fbae655a000-7fbae65ee000 ---p 00000000 00:00 0 
7fbae65ee000-7fbae65f9000 rw-p 00000000 00:00 0 
7fbae65f9000-7fbae69af000 ---p 00000000 00:00 0 
7fbae69af000-7fbae69b7000 r-xp 00000000 08:07 1316353                    /usr/lib/jvm/java-8-openjdk-amd64/jre/lib/amd64/libzip.so
7fbae69b7000-7fbae6bb6000 ---p 00008000 08:07 1316353                    /usr/lib/jvm/java-8-openjdk-amd64/jre/lib/amd64/libzip.so
7fbae6bb6000-7fbae6bb7000 r--p 00007000 08:07 1316353                    /usr/lib/jvm/java-8-openjdk-amd64/jre/lib/amd64/libzip.so
7fbae6bb7000-7fbae6bb8000 rw-p 00008000 08:07 1316353                    /usr/lib/jvm/java-8-openjdk-amd64/jre/lib/amd64/libzip.so
7fbae6bb8000-7fbae6bc4000 r-xp 00000000 08:07 5376649                    /lib/x86_64-linux-gnu/libnss_files-2.21.so
7fbae6bc4000-7fbae6dc3000 ---p 0000c000 08:07 5376649                    /lib/x86_64-linux-gnu/libnss_files-2.21.so
7fbae6dc3000-7fbae6dc4000 r--p 0000b000 08:07 5376649                    /lib/x86_64-linux-gnu/libnss_files-2.21.so
7fbae6dc4000-7fbae6dc5000 rw-p 0000c000 08:07 5376649                    /lib/x86_64-linux-gnu/libnss_files-2.21.so
7fbae6dc5000-7fbae6dd0000 r-xp 00000000 08:07 5376660                    /lib/x86_64-linux-gnu/libnss_nis-2.21.so
7fbae6dd0000-7fbae6fcf000 ---p 0000b000 08:07 5376660                    /lib/x86_64-linux-gnu/libnss_nis-2.21.so
7fbae6fcf000-7fbae6fd0000 r--p 0000a000 08:07 5376660                    /lib/x86_64-linux-gnu/libnss_nis-2.21.so
7fbae6fd0000-7fbae6fd1000 rw-p 0000b000 08:07 5376660                    /lib/x86_64-linux-gnu/libnss_nis-2.21.so
7fbae6fd1000-7fbae6fe8000 r-xp 00000000 08:07 5376654                    /lib/x86_64-linux-gnu/libnsl-2.21.so
7fbae6fe8000-7fbae71e7000 ---p 00017000 08:07 5376654                    /lib/x86_64-linux-gnu/libnsl-2.21.so
7fbae71e7000-7fbae71e8000 r--p 00016000 08:07 5376654                    /lib/x86_64-linux-gnu/libnsl-2.21.so
7fbae71e8000-7fbae71e9000 rw-p 00017000 08:07 5376654                    /lib/x86_64-linux-gnu/libnsl-2.21.so
7fbae71e9000-7fbae71eb000 rw-p 00000000 00:00 0 
7fbae71eb000-7fbae71f3000 r-xp 00000000 08:07 5376650                    /lib/x86_64-linux-gnu/libnss_compat-2.21.so
7fbae71f3000-7fbae73f2000 ---p 00008000 08:07 5376650                    /lib/x86_64-linux-gnu/libnss_compat-2.21.so
7fbae73f2000-7fbae73f3000 r--p 00007000 08:07 5376650                    /lib/x86_64-linux-gnu/libnss_compat-2.21.so
7fbae73f3000-7fbae73f4000 rw-p 00008000 08:07 5376650                    /lib/x86_64-linux-gnu/libnss_compat-2.21.so
7fbae73f4000-7fbae7421000 r-xp 00000000 08:07 1316361                    /usr/lib/jvm/java-8-openjdk-amd64/jre/lib/amd64/libjava.so
7fbae7421000-7fbae7620000 ---p 0002d000 08:07 1316361                    /usr/lib/jvm/java-8-openjdk-amd64/jre/lib/amd64/libjava.so
7fbae7620000-7fbae7621000 r--p 0002c000 08:07 1316361                    /usr/lib/jvm/java-8-openjdk-amd64/jre/lib/amd64/libjava.so
7fbae7621000-7fbae7623000 rw-p 0002d000 08:07 1316361                    /usr/lib/jvm/java-8-openjdk-amd64/jre/lib/amd64/libjava.so
7fbae7623000-7fbae7632000 r-xp 00000000 08:07 1316374                    /usr/lib/jvm/java-8-openjdk-amd64/jre/lib/amd64/libverify.so
7fbae7632000-7fbae7831000 ---p 0000f000 08:07 1316374                    /usr/lib/jvm/java-8-openjdk-amd64/jre/lib/amd64/libverify.so
7fbae7831000-7fbae7833000 r--p 0000e000 08:07 1316374                    /usr/lib/jvm/java-8-openjdk-amd64/jre/lib/amd64/libverify.so
7fbae7833000-7fbae7834000 rw-p 00010000 08:07 1316374                    /usr/lib/jvm/java-8-openjdk-amd64/jre/lib/amd64/libverify.so
7fbae7834000-7fbae783b000 r-xp 00000000 08:07 5376642                    /lib/x86_64-linux-gnu/librt-2.21.so
7fbae783b000-7fbae7a3a000 ---p 00007000 08:07 5376642                    /lib/x86_64-linux-gnu/librt-2.21.so
7fbae7a3a000-7fbae7a3b000 r--p 00006000 08:07 5376642                    /lib/x86_64-linux-gnu/librt-2.21.so
7fbae7a3b000-7fbae7a3c000 rw-p 00007000 08:07 5376642                    /lib/x86_64-linux-gnu/librt-2.21.so
7fbae7a3c000-7fbae7a52000 r-xp 00000000 08:07 5373993                    /lib/x86_64-linux-gnu/libgcc_s.so.1
7fbae7a52000-7fbae7c51000 ---p 00016000 08:07 5373993                    /lib/x86_64-linux-gnu/libgcc_s.so.1
7fbae7c51000-7fbae7c52000 r--p 00015000 08:07 5373993                    /lib/x86_64-linux-gnu/libgcc_s.so.1
7fbae7c52000-7fbae7c53000 rw-p 00016000 08:07 5373993                    /lib/x86_64-linux-gnu/libgcc_s.so.1
7fbae7c53000-7fbae7d5a000 r-xp 00000000 08:07 5376662                    /lib/x86_64-linux-gnu/libm-2.21.so
7fbae7d5a000-7fbae7f59000 ---p 00107000 08:07 5376662                    /lib/x86_64-linux-gnu/libm-2.21.so
7fbae7f59000-7fbae7f5a000 r--p 00106000 08:07 5376662                    /lib/x86_64-linux-gnu/libm-2.21.so
7fbae7f5a000-7fbae7f5b000 rw-p 00107000 08:07 5376662                    /lib/x86_64-linux-gnu/libm-2.21.so
7fbae7f5b000-7fbae80ce000 r-xp 00000000 08:07 1311415                    /usr/lib/x86_64-linux-gnu/libstdc++.so.6.0.21
7fbae80ce000-7fbae82cd000 ---p 00173000 08:07 1311415                    /usr/lib/x86_64-linux-gnu/libstdc++.so.6.0.21
7fbae82cd000-7fbae82d7000 r--p 00172000 08:07 1311415                    /usr/lib/x86_64-linux-gnu/libstdc++.so.6.0.21
7fbae82d7000-7fbae82d9000 rw-p 0017c000 08:07 1311415                    /usr/lib/x86_64-linux-gnu/libstdc++.so.6.0.21
7fbae82d9000-7fbae82dd000 rw-p 00000000 00:00 0 
7fbae82dd000-7fbae8f22000 r-xp 00000000 08:07 1316368                    /usr/lib/jvm/java-8-openjdk-amd64/jre/lib/amd64/server/libjvm.so
7fbae8f22000-7fbae9121000 ---p 00c45000 08:07 1316368                    /usr/lib/jvm/java-8-openjdk-amd64/jre/lib/amd64/server/libjvm.so
7fbae9121000-7fbae91b4000 r--p 00c44000 08:07 1316368                    /usr/lib/jvm/java-8-openjdk-amd64/jre/lib/amd64/server/libjvm.so
7fbae91b4000-7fbae91dc000 rw-p 00cd7000 08:07 1316368                    /usr/lib/jvm/java-8-openjdk-amd64/jre/lib/amd64/server/libjvm.so
7fbae91dc000-7fbae920b000 rw-p 00000000 00:00 0 
7fbae920b000-7fbae9223000 r-xp 00000000 08:07 5376648                    /lib/x86_64-linux-gnu/libpthread-2.21.so
7fbae9223000-7fbae9423000 ---p 00018000 08:07 5376648                    /lib/x86_64-linux-gnu/libpthread-2.21.so
7fbae9423000-7fbae9424000 r--p 00018000 08:07 5376648                    /lib/x86_64-linux-gnu/libpthread-2.21.so
7fbae9424000-7fbae9425000 rw-p 00019000 08:07 5376648                    /lib/x86_64-linux-gnu/libpthread-2.21.so
7fbae9425000-7fbae9429000 rw-p 00000000 00:00 0 
7fbae9429000-7fbae942c000 r-xp 00000000 08:07 5376659                    /lib/x86_64-linux-gnu/libdl-2.21.so
7fbae942c000-7fbae962b000 ---p 00003000 08:07 5376659                    /lib/x86_64-linux-gnu/libdl-2.21.so
7fbae962b000-7fbae962c000 r--p 00002000 08:07 5376659                    /lib/x86_64-linux-gnu/libdl-2.21.so
7fbae962c000-7fbae962d000 rw-p 00003000 08:07 5376659                    /lib/x86_64-linux-gnu/libdl-2.21.so
7fbae962d000-7fbae9646000 r-xp 00000000 08:07 5373997                    /lib/x86_64-linux-gnu/libz.so.1.2.8
7fbae9646000-7fbae9845000 ---p 00019000 08:07 5373997                    /lib/x86_64-linux-gnu/libz.so.1.2.8
7fbae9845000-7fbae9846000 r--p 00018000 08:07 5373997                    /lib/x86_64-linux-gnu/libz.so.1.2.8
7fbae9846000-7fbae9847000 rw-p 00019000 08:07 5373997                    /lib/x86_64-linux-gnu/libz.so.1.2.8
7fbae9847000-7fbae9a07000 r-xp 00000000 08:07 5376663                    /lib/x86_64-linux-gnu/libc-2.21.so
7fbae9a07000-7fbae9c07000 ---p 001c0000 08:07 5376663                    /lib/x86_64-linux-gnu/libc-2.21.so
7fbae9c07000-7fbae9c0b000 r--p 001c0000 08:07 5376663                    /lib/x86_64-linux-gnu/libc-2.21.so
7fbae9c0b000-7fbae9c0d000 rw-p 001c4000 08:07 5376663                    /lib/x86_64-linux-gnu/libc-2.21.so
7fbae9c0d000-7fbae9c11000 rw-p 00000000 00:00 0 
7fbae9c11000-7fbae9c1e000 r-xp 00000000 08:07 1316375                    /usr/lib/jvm/java-8-openjdk-amd64/jre/lib/amd64/jli/libjli.so
7fbae9c1e000-7fbae9e1e000 ---p 0000d000 08:07 1316375                    /usr/lib/jvm/java-8-openjdk-amd64/jre/lib/amd64/jli/libjli.so
7fbae9e1e000-7fbae9e1f000 r--p 0000d000 08:07 1316375                    /usr/lib/jvm/java-8-openjdk-amd64/jre/lib/amd64/jli/libjli.so
7fbae9e1f000-7fbae9e20000 rw-p 0000e000 08:07 1316375                    /usr/lib/jvm/java-8-openjdk-amd64/jre/lib/amd64/jli/libjli.so
7fbae9e20000-7fbae9e44000 r-xp 00000000 08:07 5376657                    /lib/x86_64-linux-gnu/ld-2.21.so
7fbae9e44000-7fbae9e48000 r--s 00037000 08:07 1316337                    /usr/lib/jvm/java-8-openjdk-amd64/jre/lib/ext/sunpkcs11.jar
7fbae9e48000-7fbae9f20000 rw-p 00000000 00:00 0 
7fbae9f20000-7fbae9f23000 ---p 00000000 00:00 0 
7fbae9f23000-7fbaea026000 rw-p 00000000 00:00 0                          [stack:4150]
7fbaea026000-7fbaea027000 r--s 00010000 08:07 1316326                    /usr/lib/jvm/java-8-openjdk-amd64/jre/lib/ext/zipfs.jar
7fbaea027000-7fbaea029000 r--s 00007000 08:07 1709211                    /usr/share/java/java-atk-wrapper.jar
7fbaea029000-7fbaea02c000 r--s 0000f000 08:07 1316330                    /usr/lib/jvm/java-8-openjdk-amd64/jre/lib/ext/icedtea-sound.jar
7fbaea02c000-7fbaea036000 r--s 00116000 08:07 1316328                    /usr/lib/jvm/java-8-openjdk-amd64/jre/lib/ext/localedata.jar
7fbaea036000-7fbaea037000 r--s 00008000 08:07 1316340                    /usr/lib/jvm/java-8-openjdk-amd64/jre/lib/ext/sunec.jar
7fbaea037000-7fbaea03f000 rw-s 00000000 08:07 4587599                    /tmp/hsperfdata_root/4145
7fbaea03f000-7fbaea040000 rw-p 00000000 00:00 0 
7fbaea040000-7fbaea041000 r--p 00000000 00:00 0 
7fbaea041000-7fbaea043000 rw-p 00000000 00:00 0 
7fbaea043000-7fbaea044000 r--p 00023000 08:07 5376657                    /lib/x86_64-linux-gnu/ld-2.21.so
7fbaea044000-7fbaea045000 rw-p 00024000 08:07 5376657                    /lib/x86_64-linux-gnu/ld-2.21.so
7fbaea045000-7fbaea046000 rw-p 00000000 00:00 0 
7fffb80e2000-7fffb8103000 rw-p 00000000 00:00 0                          [stack]
7fffb814f000-7fffb8151000 r--p 00000000 00:00 0                          [vvar]
7fffb8151000-7fffb8153000 r-xp 00000000 00:00 0                          [vdso]
ffffffffff600000-ffffffffff601000 r-xp 00000000 00:00 0                  [vsyscall]

VM Arguments:
jvm_args: -Djava.library.path=/home/matheus/Documentos/OpenNI/OpenNI-Linux-x64-2.2/Tools:/home/matheus/Documentos/NiTE/NiTE-Linux-x64-2.2/Redist -Dfile.encoding=UTF-8 
java_command: br.edu.ifsp.capture.Segmentation
java_class_path (initial): /home/matheus/workspace/libLibras/bin:/home/matheus/workspace/libLibras/lib/org.openni.jar:/home/matheus/workspace/libLibras/lib/com.primesense.nite.jar:/home/matheus/.p2/pool/plugins/org.junit_4.12.0.v201504281640/junit.jar:/home/matheus/.p2/pool/plugins/org.hamcrest.core_1.3.0.v201303031735.jar
Launcher Type: SUN_STANDARD

Environment Variables:
PATH=/usr/local/sbin:/usr/local/bin:/usr/sbin:/usr/bin:/sbin:/bin
USERNAME=root
SHELL=/bin/bash
DISPLAY=:0

Signal Handlers:
SIGSEGV: [libjvm.so+0xa5d4d0], sa_mask[0]=11111111011111111101111111111110, sa_flags=SA_RESTART|SA_SIGINFO
SIGBUS: [libjvm.so+0xa5d4d0], sa_mask[0]=11111111011111111101111111111110, sa_flags=SA_RESTART|SA_SIGINFO
SIGFPE: [libjvm.so+0x8a9210], sa_mask[0]=11111111011111111101111111111110, sa_flags=SA_RESTART|SA_SIGINFO
SIGPIPE: [libjvm.so+0x8a9210], sa_mask[0]=11111111011111111101111111111110, sa_flags=SA_RESTART|SA_SIGINFO
SIGXFSZ: [libjvm.so+0x8a9210], sa_mask[0]=11111111011111111101111111111110, sa_flags=SA_RESTART|SA_SIGINFO
SIGILL: [libjvm.so+0x8a9210], sa_mask[0]=11111111011111111101111111111110, sa_flags=SA_RESTART|SA_SIGINFO
SIGUSR1: SIG_DFL, sa_mask[0]=00000000000000000000000000000000, sa_flags=none
SIGUSR2: [libjvm.so+0x8a90c0], sa_mask[0]=00100000000000000000000000000000, sa_flags=SA_RESTART|SA_SIGINFO
SIGHUP: [libjvm.so+0x8a9590], sa_mask[0]=11111111011111111101111111111110, sa_flags=SA_RESTART|SA_SIGINFO
SIGINT: [libjvm.so+0x8a9590], sa_mask[0]=11111111011111111101111111111110, sa_flags=SA_RESTART|SA_SIGINFO
SIGTERM: [libjvm.so+0x8a9590], sa_mask[0]=11111111011111111101111111111110, sa_flags=SA_RESTART|SA_SIGINFO
SIGQUIT: [libjvm.so+0x8a9590], sa_mask[0]=11111111011111111101111111111110, sa_flags=SA_RESTART|SA_SIGINFO


---------------  S Y S T E M  ---------------

OS:DISTRIB_ID=Ubuntu
DISTRIB_RELEASE=15.10
DISTRIB_CODENAME=wily
DISTRIB_DESCRIPTION="Ubuntu 15.10"

uname:Linux 4.2.0-34-generic #39-Ubuntu SMP Thu Mar 10 22:13:01 UTC 2016 x86_64
libc:glibc 2.21 NPTL 2.21 
rlimit: STACK 8192k, CORE 0k, NPROC 14838, NOFILE 65536, AS infinity
load average:0,80 2,17 2,12

/proc/meminfo:
MemTotal:        3881072 kB
MemFree:          579800 kB
MemAvailable:    2000516 kB
Buffers:          192204 kB
Cached:          1394288 kB
SwapCached:           44 kB
Active:          2202772 kB
Inactive:         836708 kB
Active(anon):    1190676 kB
Inactive(anon):   531068 kB
Active(file):    1012096 kB
Inactive(file):   305640 kB
Unevictable:          32 kB
Mlocked:              32 kB
SwapTotal:       4029436 kB
SwapFree:        4025660 kB
Dirty:               156 kB
Writeback:             0 kB
AnonPages:       1465456 kB
Mapped:           326988 kB
Shmem:            268748 kB
Slab:             164524 kB
SReclaimable:     132068 kB
SUnreclaim:        32456 kB
KernelStack:        9104 kB
PageTables:        32488 kB
NFS_Unstable:          0 kB
Bounce:                0 kB
WritebackTmp:          0 kB
CommitLimit:     5969972 kB
Committed_AS:    5337548 kB
VmallocTotal:   34359738367 kB
VmallocUsed:      348632 kB
VmallocChunk:   34358947836 kB
HardwareCorrupted:     0 kB
AnonHugePages:    475136 kB
CmaTotal:              0 kB
CmaFree:               0 kB
HugePages_Total:       0
HugePages_Free:        0
HugePages_Rsvd:        0
HugePages_Surp:        0
Hugepagesize:       2048 kB
DirectMap4k:      125556 kB
DirectMap2M:     3903488 kB


CPU:total 4 (2 cores per cpu, 2 threads per core) family 6 model 58 stepping 9, cmov, cx8, fxsr, mmx, sse, sse2, sse3, ssse3, sse4.1, sse4.2, popcnt, avx, clmul, erms, ht, tsc, tscinvbit, tscinv

/proc/cpuinfo:
processor	: 0
vendor_id	: GenuineIntel
cpu family	: 6
model		: 58
model name	: Intel(R) Core(TM) i3-3110M CPU @ 2.40GHz
stepping	: 9
microcode	: 0x17
cpu MHz		: 2400.000
cache size	: 3072 KB
physical id	: 0
siblings	: 4
core id		: 0
cpu cores	: 2
apicid		: 0
initial apicid	: 0
fpu		: yes
fpu_exception	: yes
cpuid level	: 13
wp		: yes
flags		: fpu vme de pse tsc msr pae mce cx8 apic sep mtrr pge mca cmov pat pse36 clflush dts acpi mmx fxsr sse sse2 ss ht tm pbe syscall nx rdtscp lm constant_tsc arch_perfmon pebs bts rep_good nopl xtopology nonstop_tsc aperfmperf eagerfpu pni pclmulqdq dtes64 monitor ds_cpl vmx est tm2 ssse3 cx16 xtpr pdcm pcid sse4_1 sse4_2 x2apic popcnt tsc_deadline_timer xsave avx f16c lahf_lm arat epb pln pts dtherm tpr_shadow vnmi flexpriority ept vpid fsgsbase smep erms xsaveopt
bugs		:
bogomips	: 4789.49
clflush size	: 64
cache_alignment	: 64
address sizes	: 36 bits physical, 48 bits virtual
power management:

processor	: 1
vendor_id	: GenuineIntel
cpu family	: 6
model		: 58
model name	: Intel(R) Core(TM) i3-3110M CPU @ 2.40GHz
stepping	: 9
microcode	: 0x17
cpu MHz		: 2400.000
cache size	: 3072 KB
physical id	: 0
siblings	: 4
core id		: 0
cpu cores	: 2
apicid		: 1
initial apicid	: 1
fpu		: yes
fpu_exception	: yes
cpuid level	: 13
wp		: yes
flags		: fpu vme de pse tsc msr pae mce cx8 apic sep mtrr pge mca cmov pat pse36 clflush dts acpi mmx fxsr sse sse2 ss ht tm pbe syscall nx rdtscp lm constant_tsc arch_perfmon pebs bts rep_good nopl xtopology nonstop_tsc aperfmperf eagerfpu pni pclmulqdq dtes64 monitor ds_cpl vmx est tm2 ssse3 cx16 xtpr pdcm pcid sse4_1 sse4_2 x2apic popcnt tsc_deadline_timer xsave avx f16c lahf_lm arat epb pln pts dtherm tpr_shadow vnmi flexpriority ept vpid fsgsbase smep erms xsaveopt
bugs		:
bogomips	: 4789.49
clflush size	: 64
cache_alignment	: 64
address sizes	: 36 bits physical, 48 bits virtual
power management:

processor	: 2
vendor_id	: GenuineIntel
cpu family	: 6
model		: 58
model name	: Intel(R) Core(TM) i3-3110M CPU @ 2.40GHz
stepping	: 9
microcode	: 0x17
cpu MHz		: 2400.000
cache size	: 3072 KB
physical id	: 0
siblings	: 4
core id		: 1
cpu cores	: 2
apicid		: 2
initial apicid	: 2
fpu		: yes
fpu_exception	: yes
cpuid level	: 13
wp		: yes
flags		: fpu vme de pse tsc msr pae mce cx8 apic sep mtrr pge mca cmov pat pse36 clflush dts acpi mmx fxsr sse sse2 ss ht tm pbe syscall nx rdtscp lm constant_tsc arch_perfmon pebs bts rep_good nopl xtopology nonstop_tsc aperfmperf eagerfpu pni pclmulqdq dtes64 monitor ds_cpl vmx est tm2 ssse3 cx16 xtpr pdcm pcid sse4_1 sse4_2 x2apic popcnt tsc_deadline_timer xsave avx f16c lahf_lm arat epb pln pts dtherm tpr_shadow vnmi flexpriority ept vpid fsgsbase smep erms xsaveopt
bugs		:
bogomips	: 4789.49
clflush size	: 64
cache_alignment	: 64
address sizes	: 36 bits physical, 48 bits virtual
power management:

processor	: 3
vendor_id	: GenuineIntel
cpu family	: 6
model		: 58
model name	: Intel(R) Core(TM) i3-3110M CPU @ 2.40GHz
stepping	: 9
microcode	: 0x17
cpu MHz		: 2399.906
cache size	: 3072 KB
physical id	: 0
siblings	: 4
core id		: 1
cpu cores	: 2
apicid		: 3
initial apicid	: 3
fpu		: yes
fpu_exception	: yes
cpuid level	: 13
wp		: yes
flags		: fpu vme de pse tsc msr pae mce cx8 apic sep mtrr pge mca cmov pat pse36 clflush dts acpi mmx fxsr sse sse2 ss ht tm pbe syscall nx rdtscp lm constant_tsc arch_perfmon pebs bts rep_good nopl xtopology nonstop_tsc aperfmperf eagerfpu pni pclmulqdq dtes64 monitor ds_cpl vmx est tm2 ssse3 cx16 xtpr pdcm pcid sse4_1 sse4_2 x2apic popcnt tsc_deadline_timer xsave avx f16c lahf_lm arat epb pln pts dtherm tpr_shadow vnmi flexpriority ept vpid fsgsbase smep erms xsaveopt
bugs		:
bogomips	: 4789.49
clflush size	: 64
cache_alignment	: 64
address sizes	: 36 bits physical, 48 bits virtual
power management:



Memory: 4k page, physical 3881072k(579800k free), swap 4029436k(4025660k free)

vm_info: OpenJDK 64-Bit Server VM (25.66-b17) for linux-amd64 JRE (1.8.0_66-internal-b17), built on Oct 21 2015 22:08:46 by "buildd" with gcc 5.2.1 20151010

time: Sat Mar 26 01:18:16 2016
elapsed time: 3 seconds (0d 0h 0m 3s)

