#
# A fatal error has been detected by the Java Runtime Environment:
#
#  SIGSEGV (0xb) at pc=0x00007f63cef49d25, pid=3933, tid=140066643597056
#
# JRE version: OpenJDK Runtime Environment (8.0_66-b17) (build 1.8.0_66-internal-b17)
# Java VM: OpenJDK 64-Bit Server VM (25.66-b17 mixed mode linux-amd64 compressed oops)
# Problematic frame:
# C  [libNiTE2.so+0x32d25]  UserTracker::copySegmentation(NiteUserTrackerFrame&)+0xb5
#
# Failed to write core dump. Core dumps have been disabled. To enable core dumping, try "ulimit -c unlimited" before starting Java again
#
# If you would like to submit a bug report, please visit:
#   http://bugreport.java.com/bugreport/crash.jsp
# The crash happened outside the Java Virtual Machine in native code.
# See problematic frame for where to report the bug.
#

---------------  T H R E A D  ---------------

Current thread (0x00007f63c0001000):  JavaThread "Thread-1" [_thread_in_native, id=3962, stack(0x00007f63ce095000,0x00007f63ce896000)]

siginfo: si_signo: 11 (SIGSEGV), si_code: 1 (SEGV_MAPERR), si_addr: 0x0000000000000053

Registers:
RAX=0x0000000000000053, RBX=0x00007f63c004e1c0, RCX=0x0000000000000002, RDX=0x000000007770d700
RSP=0x00007f63ce893c70, RBP=0x00007f63d40148c0, RSI=0x0000000000000007, RDI=0x00007f62bd1e5010
R8 =0x0000000000007f63, R9 =0x0000000000000000, R10=0x0000000000000022, R11=0x0000000000000246
R12=0x00007f63d40148c0, R13=0x00007f6428c0ae30, R14=0x00007f63ce894848, R15=0x00007f63c0001000
RIP=0x00007f63cef49d25, EFLAGS=0x0000000000010a07, CSGSFS=0x0000000000000033, ERR=0x0000000000000004
  TRAPNO=0x000000000000000e

Top of Stack: (sp=0x00007f63ce893c70)
0x00007f63ce893c70:   00007f63dd2d43a6 00007f63d401b280
0x00007f63ce893c80:   00007f63ce894818 00007f63cef4b4f8
0x00007f63ce893c90:   00007f63ce893cd0 00007f643ff5e33d
0x00007f63ce893ca0:   00007f63ce894778 00007f63d4014920
0x00007f63ce893cb0:   00007f63ce893cd0 00007f643ee0ad20
0x00007f63ce893cc0:   00007f63ce893cf0 00007f63d4014a08
0x00007f63ce893cd0:   00007f63ce893da0 00007f643f2b046c
0x00007f63ce893ce0:   00007f63c0001000 00007f6400000000
0x00007f63ce893cf0:   00007f63c8001670 00007f63c8001670
0x00007f63ce893d00:   00007f63d40441c0 00007f63ce893d01
0x00007f63ce893d10:   00007f63ce893dc0 00007f63c0001940
0x00007f63ce893d20:   00007f63d401b280 00000001000000c0
0x00007f63ce893d30:   00007f63c004e260 00007f63c0001000
0x00007f63ce893d40:   00007f63d401b280 00000001000000c0
0x00007f63ce893d50:   00007f63c004e260 00007f63c0001000
0x00007f63ce893d60:   00007f64288148e8 603b870a72308f00
0x00007f63ce893d70:   0000000600000001 00007f63c0001000
0x00007f63ce893d80:   00007f644048c0c0 0000000000000010
0x00007f63ce893d90:   0000000000000003 0000000000000068
0x00007f63ce893da0:   00007f63ce893e40 00007f643f2b2c8a
0x00007f63ce893db0:   00007f64381335d0 00000001ce893ea0
0x00007f63ce893dc0:   00007f63ce893ea0 000000000006578a
0x00007f63ce893dd0:   00007f63f4150b30 0000000100000001
0x00007f63ce893de0:   00007f63ce893e20 00007f643f05b8e4
0x00007f63ce893df0:   000000000000002f 00007f643f18aaee
0x00007f63ce893e00:   0000000000000382 00007f643f14c682
0x00007f63ce893e10:   00007f63ce893e60 00007f63ce894590
0x00007f63ce893e20:   0000000000000003 00007f6428c117f0
0x00007f63ce893e30:   00007f63c0001a90 0000000000000068
0x00007f63ce893e40:   00007f63ce894570 00007f643ed9147d
0x00007f63ce893e50:   00000000000013b0 0000000000000000
0x00007f63ce893e60:   00000000064aa4cb 00007f643fecd83c 

Instructions: (pc=0x00007f63cef49d25)
0x00007f63cef49d05:   ff 48 04 00 00 48 03 ba 50 b8 f8 00 e8 ca 48 00
0x00007f63cef49d15:   00 48 8b 40 18 8b 53 18 0f af 53 1c 48 8b 7b 10
0x00007f63cef49d25:   48 8b 30 48 83 c4 08 5b 5d 48 63 d2 48 01 d2 e9
0x00007f63cef49d35:   37 80 3f 00 0f 1f 80 00 00 00 00 48 83 c4 08 5b 

Register to memory mapping:

RAX=0x0000000000000053 is an unknown value
RBX=0x00007f63c004e1c0 is an unknown value
RCX=0x0000000000000002 is an unknown value
RDX=0x000000007770d700 is an unknown value
RSP=0x00007f63ce893c70 is pointing into the stack for thread: 0x00007f63c0001000
RBP=0x00007f63d40148c0 is an unknown value
RSI=0x0000000000000007 is an unknown value
RDI=0x00007f62bd1e5010 is an unknown value
R8 =0x0000000000007f63 is an unknown value
R9 =0x0000000000000000 is an unknown value
R10=0x0000000000000022 is an unknown value
R11=0x0000000000000246 is an unknown value
R12=0x00007f63d40148c0 is an unknown value
R13=0x00007f6428c0ae30 is pointing into metadata
R14=0x00007f63ce894848 is pointing into the stack for thread: 0x00007f63c0001000
R15=0x00007f63c0001000 is a thread


Stack: [0x00007f63ce095000,0x00007f63ce896000],  sp=0x00007f63ce893c70,  free space=8187k
Native frames: (J=compiled Java code, j=interpreted, Vv=VM code, C=native code)
C  [libNiTE2.so+0x32d25]  UserTracker::copySegmentation(NiteUserTrackerFrame&)+0xb5

Java frames: (J=compiled Java code, j=interpreted, Vv=VM code)
j  com.primesense.nite.NativeMethods.niteReadUserTrackerFrame(JLcom/primesense/nite/OutArg;)I+0
j  com.primesense.nite.UserTracker.readFrame()Lcom/primesense/nite/UserTrackerFrameRef;+13
j  br.edu.ifsp.capture.Segmentation.onNewFrame(Lcom/primesense/nite/UserTracker;)V+7
j  com.primesense.nite.UserTracker.onFrameReady(J)V+65
v  ~StubRoutines::call_stub

---------------  P R O C E S S  ---------------

Java Threads: ( => current thread )
=>0x00007f63c0001000 JavaThread "Thread-1" [_thread_in_native, id=3962, stack(0x00007f63ce095000,0x00007f63ce896000)]
  0x00007f643800a000 JavaThread "DestroyJavaVM" [_thread_blocked, id=3939, stack(0x00007f6440522000,0x00007f6440623000)]
  0x00007f64382ce800 JavaThread "AWT-EventQueue-1" [_thread_in_vm, id=3959, stack(0x00007f63dd720000,0x00007f63dd821000)]
  0x00007f64382cc800 JavaThread "AWT-EventQueue-0" [_thread_blocked, id=3958, stack(0x00007f63dd821000,0x00007f63dd922000)]
  0x00007f64382cb000 JavaThread "AWT-Shutdown" [_thread_blocked, id=3957, stack(0x00007f63dd922000,0x00007f63dda23000)]
  0x00007f6438298000 JavaThread "process reaper" daemon [_thread_blocked, id=3956, stack(0x00007f642803a000,0x00007f6428073000)]
  0x00007f643828b800 JavaThread "AWT-XAWT" daemon [_thread_in_native, id=3954, stack(0x00007f63f2a90000,0x00007f63f2b91000)]
  0x00007f643826f800 JavaThread "Java2D Disposer" daemon [_thread_blocked, id=3953, stack(0x00007f63f2fa1000,0x00007f63f30a2000)]
  0x00007f64380bd800 JavaThread "Service Thread" daemon [_thread_blocked, id=3951, stack(0x00007f6420f85000,0x00007f6421086000)]
  0x00007f64380b0000 JavaThread "C1 CompilerThread2" daemon [_thread_in_vm, id=3950, stack(0x00007f6421086000,0x00007f6421187000)]
  0x00007f64380ae000 JavaThread "C2 CompilerThread1" daemon [_thread_blocked, id=3949, stack(0x00007f6421187000,0x00007f6421288000)]
  0x00007f64380ab800 JavaThread "C2 CompilerThread0" daemon [_thread_blocked, id=3948, stack(0x00007f6421288000,0x00007f6421389000)]
  0x00007f64380a9000 JavaThread "Signal Dispatcher" daemon [_thread_blocked, id=3947, stack(0x00007f6421389000,0x00007f642148a000)]
  0x00007f643807f000 JavaThread "Finalizer" daemon [_thread_blocked, id=3946, stack(0x00007f6421755000,0x00007f6421856000)]
  0x00007f643807c800 JavaThread "Reference Handler" daemon [_thread_blocked, id=3945, stack(0x00007f6421856000,0x00007f6421957000)]

Other Threads:
  0x00007f6438077800 VMThread [stack: 0x00007f6421957000,0x00007f6421a58000] [id=3944]
  0x00007f64380c0000 WatcherThread [stack: 0x00007f6420e84000,0x00007f6420f85000] [id=3952]

VM state:not at safepoint (normal execution)

VM Mutex/Monitor currently owned by a thread: None

Heap:
 PSYoungGen      total 17920K, used 5842K [0x00000000ec400000, 0x00000000ed800000, 0x0000000100000000)
  eden space 15360K, 38% used [0x00000000ec400000,0x00000000ec9b49e0,0x00000000ed300000)
  from space 2560K, 0% used [0x00000000ed580000,0x00000000ed580000,0x00000000ed800000)
  to   space 2560K, 0% used [0x00000000ed300000,0x00000000ed300000,0x00000000ed580000)
 ParOldGen       total 40960K, used 0K [0x00000000c4c00000, 0x00000000c7400000, 0x00000000ec400000)
  object space 40960K, 0% used [0x00000000c4c00000,0x00000000c4c00000,0x00000000c7400000)
 Metaspace       used 7360K, capacity 7670K, committed 7936K, reserved 1056768K
  class space    used 813K, capacity 909K, committed 1024K, reserved 1048576K

Card table byte_map: [0x00007f643ca16000,0x00007f643cbf1000] byte_map_base: 0x00007f643c3f0000

Marking Bits: (ParMarkBitMap*) 0x00007f643f7f2000
 Begin Bits: [0x00007f6422260000, 0x00007f6423130000)
 End Bits:   [0x00007f6423130000, 0x00007f6424000000)

Polling page: 0x00007f6440642000

CodeCache: size=245760Kb used=1705Kb max_used=1705Kb free=244054Kb
 bounds [0x00007f6429000000, 0x00007f6429270000, 0x00007f6438000000]
 total_blobs=717 nmethods=281 adapters=351
 compilation: enabled

Compilation events (10 events):
Event: 3,025 Thread 0x00007f64380b0000  274       3       jdk.internal.org.objectweb.asm.Label::resolve (214 bytes)
Event: 3,026 Thread 0x00007f64380b0000 nmethod 274 0x00007f64291a4b90 code [0x00007f64291a4d20, 0x00007f64291a51f0]
Event: 3,026 Thread 0x00007f64380b0000  275       3       jdk.internal.org.objectweb.asm.Item::<init> (5 bytes)
Event: 3,026 Thread 0x00007f64380b0000 nmethod 275 0x00007f642919fed0 code [0x00007f64291a0040, 0x00007f64291a01f0]
Event: 3,028 Thread 0x00007f64380b0000  276       3       java.lang.ThreadLocal$ThreadLocalMap::getEntry (42 bytes)
Event: 3,028 Thread 0x00007f64380ae000 nmethod 273 0x00007f64291a8bd0 code [0x00007f64291a8d20, 0x00007f64291a8e98]
Event: 3,028 Thread 0x00007f64380b0000 nmethod 276 0x00007f64291a8610 code [0x00007f64291a8780, 0x00007f64291a8a88]
Event: 3,029 Thread 0x00007f64380b0000  280       3       sun.awt.X11.Native::getByte (8 bytes)
Event: 3,029 Thread 0x00007f64380b0000 nmethod 280 0x00007f64291a7f10 code [0x00007f64291a8080, 0x00007f64291a81d0]
Event: 3,030 Thread 0x00007f64380b0000  278   !   3       java.lang.StringCoding::encode (120 bytes)

GC Heap History (0 events):
No events

Deoptimization events (0 events):
No events

Internal exceptions (10 events):
Event: 0,127 Thread 0x00007f643800a000 Exception <a 'java/security/PrivilegedActionException'> (0x00000000ec4e0398) thrown at [/build/openjdk-8-aAuh2m/openjdk-8-8u66-b17/src/hotspot/src/share/vm/prims/jvm.cpp, line 1386]
Event: 0,127 Thread 0x00007f643800a000 Exception <a 'java/security/PrivilegedActionException'> (0x00000000ec4e05a8) thrown at [/build/openjdk-8-aAuh2m/openjdk-8-8u66-b17/src/hotspot/src/share/vm/prims/jvm.cpp, line 1386]
Event: 0,128 Thread 0x00007f643800a000 Exception <a 'java/security/PrivilegedActionException'> (0x00000000ec4e2610) thrown at [/build/openjdk-8-aAuh2m/openjdk-8-8u66-b17/src/hotspot/src/share/vm/prims/jvm.cpp, line 1386]
Event: 0,128 Thread 0x00007f643800a000 Exception <a 'java/security/PrivilegedActionException'> (0x00000000ec4e2820) thrown at [/build/openjdk-8-aAuh2m/openjdk-8-8u66-b17/src/hotspot/src/share/vm/prims/jvm.cpp, line 1386]
Event: 0,128 Thread 0x00007f643800a000 Exception <a 'java/security/PrivilegedActionException'> (0x00000000ec4e32f0) thrown at [/build/openjdk-8-aAuh2m/openjdk-8-8u66-b17/src/hotspot/src/share/vm/prims/jvm.cpp, line 1386]
Event: 0,128 Thread 0x00007f643800a000 Exception <a 'java/security/PrivilegedActionException'> (0x00000000ec4e3500) thrown at [/build/openjdk-8-aAuh2m/openjdk-8-8u66-b17/src/hotspot/src/share/vm/prims/jvm.cpp, line 1386]
Event: 0,177 Thread 0x00007f643800a000 Exception <a 'java/lang/NoSuchFieldError': method resolution failed> (0x00000000ec608d08) thrown at [/build/openjdk-8-aAuh2m/openjdk-8-8u66-b17/src/hotspot/src/share/vm/prims/methodHandles.cpp, line 1146]
Event: 0,179 Thread 0x00007f643800a000 Exception <a 'java/lang/NoSuchFieldError': method resolution failed> (0x00000000ec616508) thrown at [/build/openjdk-8-aAuh2m/openjdk-8-8u66-b17/src/hotspot/src/share/vm/prims/methodHandles.cpp, line 1146]
Event: 0,203 Thread 0x00007f643800a000 Exception <a 'java/io/FileNotFoundException'> (0x00000000ec693e88) thrown at [/build/openjdk-8-aAuh2m/openjdk-8-8u66-b17/src/hotspot/src/share/vm/prims/jni.cpp, line 709]
Event: 0,216 Thread 0x00007f643800a000 Exception <a 'java/lang/ClassNotFoundException': sun/dc/DuctusRenderingEngine> (0x00000000ec6a2d18) thrown at [/build/openjdk-8-aAuh2m/openjdk-8-8u66-b17/src/hotspot/src/share/vm/classfile/systemDictionary.cpp, line 210]

Events (10 events):
Event: 3,030 loading class java/util/IdentityHashMap$ValueIterator
Event: 3,030 loading class java/util/IdentityHashMap$IdentityHashMapIterator
Event: 3,031 loading class java/util/IdentityHashMap$IdentityHashMapIterator done
Event: 3,031 loading class java/util/IdentityHashMap$ValueIterator done
Event: 3,031 loading class org/openni/PixelFormat
Event: 3,031 loading class org/openni/PixelFormat done
Event: 3,031 loading class java/util/HashMap$KeySet
Event: 3,031 loading class java/util/HashMap$KeySet done
Event: 3,031 loading class java/util/HashMap$KeyIterator
Event: 3,031 loading class java/util/HashMap$KeyIterator done


Dynamic libraries:
00400000-00401000 r-xp 00000000 08:07 1315507                            /usr/lib/jvm/java-8-openjdk-amd64/jre/bin/java
00600000-00601000 r--p 00000000 08:07 1315507                            /usr/lib/jvm/java-8-openjdk-amd64/jre/bin/java
00601000-00602000 rw-p 00001000 08:07 1315507                            /usr/lib/jvm/java-8-openjdk-amd64/jre/bin/java
01165000-01186000 rw-p 00000000 00:00 0                                  [heap]
c4c00000-c7400000 rw-p 00000000 00:00 0 
c7400000-ec400000 ---p 00000000 00:00 0 
ec400000-ed800000 rw-p 00000000 00:00 0 
ed800000-100000000 ---p 00000000 00:00 0 
100000000-100100000 rw-p 00000000 00:00 0 
100100000-140000000 ---p 00000000 00:00 0 
7f62bd1e5000-7f63ac000000 rw-p 00000000 00:00 0 
7f63ac000000-7f63ac021000 rw-p 00000000 00:00 0 
7f63ac021000-7f63b0000000 ---p 00000000 00:00 0 
7f63b4000000-7f63b6b0d000 rw-p 00000000 00:00 0 
7f63b6b0d000-7f63b8000000 ---p 00000000 00:00 0 
7f63bb59d000-7f63c0000000 rw-p 00000000 00:00 0 
7f63c0000000-7f63c015a000 rw-p 00000000 00:00 0 
7f63c015a000-7f63c4000000 ---p 00000000 00:00 0 
7f63c6b70000-7f63c6b73000 ---p 00000000 00:00 0 
7f63c6b73000-7f63c8000000 rw-p 00000000 00:00 0                          [stack:3963]
7f63c8000000-7f63c812e000 rw-p 00000000 00:00 0 
7f63c812e000-7f63cc000000 ---p 00000000 00:00 0 
7f63cc1b8000-7f63ce095000 rw-p 00000000 00:00 0 
7f63ce095000-7f63ce098000 ---p 00000000 00:00 0 
7f63ce098000-7f63cef17000 rw-p 00000000 00:00 0                          [stack:3962]
7f63cef17000-7f63cf3e1000 r-xp 00000000 08:07 1722061                    /usr/local/lib/libNiTE2.so
7f63cf3e1000-7f63cf5e1000 ---p 004ca000 08:07 1722061                    /usr/local/lib/libNiTE2.so
7f63cf5e1000-7f63cf5ed000 r--p 004ca000 08:07 1722061                    /usr/local/lib/libNiTE2.so
7f63cf5ed000-7f63cf5ef000 rw-p 004d6000 08:07 1722061                    /usr/local/lib/libNiTE2.so
7f63cf5ef000-7f63cf5f7000 rw-p 00000000 00:00 0 
7f63cf5f7000-7f63cf5fe000 r-xp 00000000 08:07 2387278                    /home/matheus/Documentos/NiTE/NiTE-Linux-x64-2.2/Redist/libNiTE2.jni.so
7f63cf5fe000-7f63cf7fd000 ---p 00007000 08:07 2387278                    /home/matheus/Documentos/NiTE/NiTE-Linux-x64-2.2/Redist/libNiTE2.jni.so
7f63cf7fd000-7f63cf7fe000 r--p 00006000 08:07 2387278                    /home/matheus/Documentos/NiTE/NiTE-Linux-x64-2.2/Redist/libNiTE2.jni.so
7f63cf7fe000-7f63cf7ff000 rw-p 00007000 08:07 2387278                    /home/matheus/Documentos/NiTE/NiTE-Linux-x64-2.2/Redist/libNiTE2.jni.so
7f63cf7ff000-7f63cf800000 ---p 00000000 00:00 0 
7f63cf800000-7f63d0000000 rw-p 00000000 00:00 0                          [stack:3961]
7f63d0000000-7f63d0021000 rw-p 00000000 00:00 0 
7f63d0021000-7f63d4000000 ---p 00000000 00:00 0 
7f63d4000000-7f63d8000000 rw-p 00000000 00:00 0 
7f63d8000000-7f63d8021000 rw-p 00000000 00:00 0 
7f63d8021000-7f63dc000000 ---p 00000000 00:00 0 
7f63dc0da000-7f63dc1bf000 rw-p 00000000 00:00 0 
7f63dc1bf000-7f63dc217000 r-xp 00000000 08:07 2239998                    /usr/local/lib/OpenNI2/Drivers/libOpenNI2.so
7f63dc217000-7f63dc417000 ---p 00058000 08:07 2239998                    /usr/local/lib/OpenNI2/Drivers/libOpenNI2.so
7f63dc417000-7f63dc419000 r--p 00058000 08:07 2239998                    /usr/local/lib/OpenNI2/Drivers/libOpenNI2.so
7f63dc419000-7f63dc41a000 rw-p 0005a000 08:07 2239998                    /usr/local/lib/OpenNI2/Drivers/libOpenNI2.so
7f63dc41a000-7f63dc43b000 rw-p 00000000 00:00 0 
7f63dc43b000-7f63dc43e000 r-xp 00000000 08:07 2239989                    /usr/local/lib/OpenNI2/Drivers/libMWClosestPoint.so
7f63dc43e000-7f63dc63d000 ---p 00003000 08:07 2239989                    /usr/local/lib/OpenNI2/Drivers/libMWClosestPoint.so
7f63dc63d000-7f63dc63e000 r--p 00002000 08:07 2239989                    /usr/local/lib/OpenNI2/Drivers/libMWClosestPoint.so
7f63dc63e000-7f63dc63f000 rw-p 00003000 08:07 2239989                    /usr/local/lib/OpenNI2/Drivers/libMWClosestPoint.so
7f63dc63f000-7f63dc640000 ---p 00000000 00:00 0 
7f63dc640000-7f63dce40000 rw-p 00000000 00:00 0                          [stack:3960]
7f63dce40000-7f63dce57000 r-xp 00000000 08:07 5378114                    /lib/x86_64-linux-gnu/libusb-1.0.so.0.1.0
7f63dce57000-7f63dd056000 ---p 00017000 08:07 5378114                    /lib/x86_64-linux-gnu/libusb-1.0.so.0.1.0
7f63dd056000-7f63dd057000 r--p 00016000 08:07 5378114                    /lib/x86_64-linux-gnu/libusb-1.0.so.0.1.0
7f63dd057000-7f63dd058000 rw-p 00017000 08:07 5378114                    /lib/x86_64-linux-gnu/libusb-1.0.so.0.1.0
7f63dd058000-7f63dd098000 r-xp 00000000 08:07 2233908                    /usr/local/lib/OpenNI2/Drivers/libFreenectDriver.so
7f63dd098000-7f63dd298000 ---p 00040000 08:07 2233908                    /usr/local/lib/OpenNI2/Drivers/libFreenectDriver.so
7f63dd298000-7f63dd299000 r--p 00040000 08:07 2233908                    /usr/local/lib/OpenNI2/Drivers/libFreenectDriver.so
7f63dd299000-7f63dd29b000 rw-p 00041000 08:07 2233908                    /usr/local/lib/OpenNI2/Drivers/libFreenectDriver.so
7f63dd29b000-7f63dd2f3000 r-xp 00000000 08:07 1718583                    /usr/local/lib/libOpenNI2.so
7f63dd2f3000-7f63dd4f3000 ---p 00058000 08:07 1718583                    /usr/local/lib/libOpenNI2.so
7f63dd4f3000-7f63dd4f5000 r--p 00058000 08:07 1718583                    /usr/local/lib/libOpenNI2.so
7f63dd4f5000-7f63dd4f6000 rw-p 0005a000 08:07 1718583                    /usr/local/lib/libOpenNI2.so
7f63dd4f6000-7f63dd517000 rw-p 00000000 00:00 0 
7f63dd517000-7f63dd51f000 r-xp 00000000 08:07 3281331                    /home/matheus/Documentos/OpenNI/OpenNI-Linux-x64-2.2/Tools/libOpenNI2.jni.so
7f63dd51f000-7f63dd71e000 ---p 00008000 08:07 3281331                    /home/matheus/Documentos/OpenNI/OpenNI-Linux-x64-2.2/Tools/libOpenNI2.jni.so
7f63dd71e000-7f63dd71f000 r--p 00007000 08:07 3281331                    /home/matheus/Documentos/OpenNI/OpenNI-Linux-x64-2.2/Tools/libOpenNI2.jni.so
7f63dd71f000-7f63dd720000 rw-p 00008000 08:07 3281331                    /home/matheus/Documentos/OpenNI/OpenNI-Linux-x64-2.2/Tools/libOpenNI2.jni.so
7f63dd720000-7f63dd723000 ---p 00000000 00:00 0 
7f63dd723000-7f63dd821000 rw-p 00000000 00:00 0                          [stack:3959]
7f63dd821000-7f63dd824000 ---p 00000000 00:00 0 
7f63dd824000-7f63dd922000 rw-p 00000000 00:00 0                          [stack:3958]
7f63dd922000-7f63dd925000 ---p 00000000 00:00 0 
7f63dd925000-7f63dda23000 rw-p 00000000 00:00 0                          [stack:3957]
7f63dda23000-7f63dda46000 r-xp 00000000 08:07 1311175                    /usr/lib/x86_64-linux-gnu/libgraphite2.so.3.0.1
7f63dda46000-7f63ddc45000 ---p 00023000 08:07 1311175                    /usr/lib/x86_64-linux-gnu/libgraphite2.so.3.0.1
7f63ddc45000-7f63ddc47000 r--p 00022000 08:07 1311175                    /usr/lib/x86_64-linux-gnu/libgraphite2.so.3.0.1
7f63ddc47000-7f63ddc48000 rw-p 00024000 08:07 1311175                    /usr/lib/x86_64-linux-gnu/libgraphite2.so.3.0.1
7f63ddc48000-7f63ddc5a000 r-xp 00000000 08:07 5378228                    /lib/x86_64-linux-gnu/libgpg-error.so.0.15.0
7f63ddc5a000-7f63dde59000 ---p 00012000 08:07 5378228                    /lib/x86_64-linux-gnu/libgpg-error.so.0.15.0
7f63dde59000-7f63dde5a000 r--p 00011000 08:07 5378228                    /lib/x86_64-linux-gnu/libgpg-error.so.0.15.0
7f63dde5a000-7f63dde5b000 rw-p 00012000 08:07 5378228                    /lib/x86_64-linux-gnu/libgpg-error.so.0.15.0
7f63dde5b000-7f63dde61000 r-xp 00000000 08:07 1317954                    /usr/lib/x86_64-linux-gnu/libdatrie.so.1.3.2
7f63dde61000-7f63de060000 ---p 00006000 08:07 1317954                    /usr/lib/x86_64-linux-gnu/libdatrie.so.1.3.2
7f63de060000-7f63de061000 r--p 00005000 08:07 1317954                    /usr/lib/x86_64-linux-gnu/libdatrie.so.1.3.2
7f63de061000-7f63de062000 rw-p 00006000 08:07 1317954                    /usr/lib/x86_64-linux-gnu/libdatrie.so.1.3.2
7f63de062000-7f63de0be000 r-xp 00000000 08:07 1313843                    /usr/lib/x86_64-linux-gnu/libharfbuzz.so.0.10000.1
7f63de0be000-7f63de2be000 ---p 0005c000 08:07 1313843                    /usr/lib/x86_64-linux-gnu/libharfbuzz.so.0.10000.1
7f63de2be000-7f63de2bf000 r--p 0005c000 08:07 1313843                    /usr/lib/x86_64-linux-gnu/libharfbuzz.so.0.10000.1
7f63de2bf000-7f63de2c0000 rw-p 0005d000 08:07 1313843                    /usr/lib/x86_64-linux-gnu/libharfbuzz.so.0.10000.1
7f63de2c0000-7f63de398000 r-xp 00000000 08:07 5374042                    /lib/x86_64-linux-gnu/libgcrypt.so.20.0.3
7f63de398000-7f63de598000 ---p 000d8000 08:07 5374042                    /lib/x86_64-linux-gnu/libgcrypt.so.20.0.3
7f63de598000-7f63de599000 r--p 000d8000 08:07 5374042                    /lib/x86_64-linux-gnu/libgcrypt.so.20.0.3
7f63de599000-7f63de5a1000 rw-p 000d9000 08:07 5374042                    /lib/x86_64-linux-gnu/libgcrypt.so.20.0.3
7f63de5a1000-7f63de5a2000 rw-p 00000000 00:00 0 
7f63de5a2000-7f63de5c3000 r-xp 00000000 08:07 5378213                    /lib/x86_64-linux-gnu/liblzma.so.5.0.0
7f63de5c3000-7f63de7c2000 ---p 00021000 08:07 5378213                    /lib/x86_64-linux-gnu/liblzma.so.5.0.0
7f63de7c2000-7f63de7c3000 r--p 00020000 08:07 5378213                    /lib/x86_64-linux-gnu/liblzma.so.5.0.0
7f63de7c3000-7f63de7c4000 rw-p 00021000 08:07 5378213                    /lib/x86_64-linux-gnu/liblzma.so.5.0.0
7f63de7c4000-7f63de7cc000 r-xp 00000000 08:07 1324371                    /usr/lib/x86_64-linux-gnu/libxcb-render.so.0.0.0
7f63de7cc000-7f63de9cc000 ---p 00008000 08:07 1324371                    /usr/lib/x86_64-linux-gnu/libxcb-render.so.0.0.0
7f63de9cc000-7f63de9cd000 r--p 00008000 08:07 1324371                    /usr/lib/x86_64-linux-gnu/libxcb-render.so.0.0.0
7f63de9cd000-7f63de9ce000 rw-p 00009000 08:07 1324371                    /usr/lib/x86_64-linux-gnu/libxcb-render.so.0.0.0
7f63de9ce000-7f63de9d0000 r-xp 00000000 08:07 1324374                    /usr/lib/x86_64-linux-gnu/libxcb-shm.so.0.0.0
7f63de9d0000-7f63debd0000 ---p 00002000 08:07 1324374                    /usr/lib/x86_64-linux-gnu/libxcb-shm.so.0.0.0
7f63debd0000-7f63debd1000 r--p 00002000 08:07 1324374                    /usr/lib/x86_64-linux-gnu/libxcb-shm.so.0.0.0
7f63debd1000-7f63debd2000 rw-p 00003000 08:07 1324374                    /usr/lib/x86_64-linux-gnu/libxcb-shm.so.0.0.0
7f63debd2000-7f63dec77000 r-xp 00000000 08:07 1313745                    /usr/lib/x86_64-linux-gnu/libpixman-1.so.0.32.6
7f63dec77000-7f63dee76000 ---p 000a5000 08:07 1313745                    /usr/lib/x86_64-linux-gnu/libpixman-1.so.0.32.6
7f63dee76000-7f63dee7e000 r--p 000a4000 08:07 1313745                    /usr/lib/x86_64-linux-gnu/libpixman-1.so.0.32.6
7f63dee7e000-7f63dee7f000 rw-p 000ac000 08:07 1313745                    /usr/lib/x86_64-linux-gnu/libpixman-1.so.0.32.6
7f63dee7f000-7f63deea5000 r-xp 00000000 08:07 5374002                    /lib/x86_64-linux-gnu/libexpat.so.1.6.0
7f63deea5000-7f63df0a5000 ---p 00026000 08:07 5374002                    /lib/x86_64-linux-gnu/libexpat.so.1.6.0
7f63df0a5000-7f63df0a7000 r--p 00026000 08:07 5374002                    /lib/x86_64-linux-gnu/libexpat.so.1.6.0
7f63df0a7000-7f63df0a8000 rw-p 00028000 08:07 5374002                    /lib/x86_64-linux-gnu/libexpat.so.1.6.0
7f63df0a8000-7f63df0bf000 r-xp 00000000 08:07 5376666                    /lib/x86_64-linux-gnu/libresolv-2.21.so
7f63df0bf000-7f63df2bf000 ---p 00017000 08:07 5376666                    /lib/x86_64-linux-gnu/libresolv-2.21.so
7f63df2bf000-7f63df2c0000 r--p 00017000 08:07 5376666                    /lib/x86_64-linux-gnu/libresolv-2.21.so
7f63df2c0000-7f63df2c1000 rw-p 00018000 08:07 5376666                    /lib/x86_64-linux-gnu/libresolv-2.21.so
7f63df2c1000-7f63df2c3000 rw-p 00000000 00:00 0 
7f63df2c3000-7f63df2e4000 r-xp 00000000 08:07 5374056                    /lib/x86_64-linux-gnu/libselinux.so.1
7f63df2e4000-7f63df4e3000 ---p 00021000 08:07 5374056                    /lib/x86_64-linux-gnu/libselinux.so.1
7f63df4e3000-7f63df4e4000 r--p 00020000 08:07 5374056                    /lib/x86_64-linux-gnu/libselinux.so.1
7f63df4e4000-7f63df4e5000 rw-p 00021000 08:07 5374056                    /lib/x86_64-linux-gnu/libselinux.so.1
7f63df4e5000-7f63df4e7000 rw-p 00000000 00:00 0 
7f63df4e7000-7f63df4ef000 r-xp 00000000 08:07 1311101                    /usr/lib/x86_64-linux-gnu/libthai.so.0.2.2
7f63df4ef000-7f63df6ee000 ---p 00008000 08:07 1311101                    /usr/lib/x86_64-linux-gnu/libthai.so.0.2.2
7f63df6ee000-7f63df6ef000 r--p 00007000 08:07 1311101                    /usr/lib/x86_64-linux-gnu/libthai.so.0.2.2
7f63df6ef000-7f63df6f0000 rw-p 00008000 08:07 1311101                    /usr/lib/x86_64-linux-gnu/libthai.so.0.2.2
7f63df6f0000-7f63df6f3000 r-xp 00000000 08:07 1313114                    /usr/lib/x86_64-linux-gnu/libgmodule-2.0.so.0.4600.2
7f63df6f3000-7f63df8f2000 ---p 00003000 08:07 1313114                    /usr/lib/x86_64-linux-gnu/libgmodule-2.0.so.0.4600.2
7f63df8f2000-7f63df8f3000 r--p 00002000 08:07 1313114                    /usr/lib/x86_64-linux-gnu/libgmodule-2.0.so.0.4600.2
7f63df8f3000-7f63df8f4000 rw-p 00003000 08:07 1313114                    /usr/lib/x86_64-linux-gnu/libgmodule-2.0.so.0.4600.2
7f63df8f4000-7f63df908000 r-xp 00000000 08:07 1311347                    /usr/lib/x86_64-linux-gnu/libpangoft2-1.0.so.0.3600.8
7f63df908000-7f63dfb08000 ---p 00014000 08:07 1311347                    /usr/lib/x86_64-linux-gnu/libpangoft2-1.0.so.0.3600.8
7f63dfb08000-7f63dfb09000 r--p 00014000 08:07 1311347                    /usr/lib/x86_64-linux-gnu/libpangoft2-1.0.so.0.3600.8
7f63dfb09000-7f63dfb0a000 rw-p 00015000 08:07 1311347                    /usr/lib/x86_64-linux-gnu/libpangoft2-1.0.so.0.3600.8
7f63dfb0a000-7f63dfb87000 r-xp 00000000 08:07 5377914                    /lib/x86_64-linux-gnu/libsystemd.so.0.10.2
7f63dfb87000-7f63dfb8a000 r--p 0007c000 08:07 5377914                    /lib/x86_64-linux-gnu/libsystemd.so.0.10.2
7f63dfb8a000-7f63dfb8b000 rw-p 0007f000 08:07 5377914                    /lib/x86_64-linux-gnu/libsystemd.so.0.10.2
7f63dfb8b000-7f63dfbf7000 r-xp 00000000 08:07 5378454                    /lib/x86_64-linux-gnu/libpcre.so.3.13.1
7f63dfbf7000-7f63dfdf6000 ---p 0006c000 08:07 5378454                    /lib/x86_64-linux-gnu/libpcre.so.3.13.1
7f63dfdf6000-7f63dfdf7000 r--p 0006b000 08:07 5378454                    /lib/x86_64-linux-gnu/libpcre.so.3.13.1
7f63dfdf7000-7f63dfdf8000 rw-p 0006c000 08:07 5378454                    /lib/x86_64-linux-gnu/libpcre.so.3.13.1
7f63dfdf8000-7f63dfdff000 r-xp 00000000 08:07 1311734                    /usr/lib/x86_64-linux-gnu/libffi.so.6.0.4
7f63dfdff000-7f63dfffe000 ---p 00007000 08:07 1311734                    /usr/lib/x86_64-linux-gnu/libffi.so.6.0.4
7f63dfffe000-7f63dffff000 r--p 00006000 08:07 1311734                    /usr/lib/x86_64-linux-gnu/libffi.so.6.0.4
7f63dffff000-7f63e0000000 rw-p 00007000 08:07 1311734                    /usr/lib/x86_64-linux-gnu/libffi.so.6.0.4
7f63e0000000-7f63e0021000 rw-p 00000000 00:00 0 
7f63e0021000-7f63e4000000 ---p 00000000 00:00 0 
7f63e4000000-7f63e4021000 rw-p 00000000 00:00 0 
7f63e4021000-7f63e8000000 ---p 00000000 00:00 0 
7f63e8000000-7f63e8021000 rw-p 00000000 00:00 0 
7f63e8021000-7f63ec000000 ---p 00000000 00:00 0 
7f63ec000000-7f63ec021000 rw-p 00000000 00:00 0 
7f63ec021000-7f63f0000000 ---p 00000000 00:00 0 
7f63f000e000-7f63f002b000 r-xp 00000000 08:07 5373957                    /lib/x86_64-linux-gnu/libudev.so.1.6.4
7f63f002b000-7f63f002c000 r--p 0001c000 08:07 5373957                    /lib/x86_64-linux-gnu/libudev.so.1.6.4
7f63f002c000-7f63f002d000 rw-p 0001d000 08:07 5373957                    /lib/x86_64-linux-gnu/libudev.so.1.6.4
7f63f002d000-7f63f013b000 r-xp 00000000 08:07 1320441                    /usr/lib/x86_64-linux-gnu/libcairo.so.2.11400.2
7f63f013b000-7f63f033a000 ---p 0010e000 08:07 1320441                    /usr/lib/x86_64-linux-gnu/libcairo.so.2.11400.2
7f63f033a000-7f63f033d000 r--p 0010d000 08:07 1320441                    /usr/lib/x86_64-linux-gnu/libcairo.so.2.11400.2
7f63f033d000-7f63f033e000 rw-p 00110000 08:07 1320441                    /usr/lib/x86_64-linux-gnu/libcairo.so.2.11400.2
7f63f033e000-7f63f0340000 rw-p 00000000 00:00 0 
7f63f0340000-7f63f0342000 r-xp 00000000 08:07 1319341                    /usr/lib/x86_64-linux-gnu/libXdamage.so.1.1.0
7f63f0342000-7f63f0541000 ---p 00002000 08:07 1319341                    /usr/lib/x86_64-linux-gnu/libXdamage.so.1.1.0
7f63f0541000-7f63f0542000 r--p 00001000 08:07 1319341                    /usr/lib/x86_64-linux-gnu/libXdamage.so.1.1.0
7f63f0542000-7f63f0543000 rw-p 00002000 08:07 1319341                    /usr/lib/x86_64-linux-gnu/libXdamage.so.1.1.0
7f63f0543000-7f63f0545000 r-xp 00000000 08:07 1319337                    /usr/lib/x86_64-linux-gnu/libXcomposite.so.1.0.0
7f63f0545000-7f63f0744000 ---p 00002000 08:07 1319337                    /usr/lib/x86_64-linux-gnu/libXcomposite.so.1.0.0
7f63f0744000-7f63f0745000 r--p 00001000 08:07 1319337                    /usr/lib/x86_64-linux-gnu/libXcomposite.so.1.0.0
7f63f0745000-7f63f0746000 rw-p 00002000 08:07 1319337                    /usr/lib/x86_64-linux-gnu/libXcomposite.so.1.0.0
7f63f0746000-7f63f0750000 r-xp 00000000 08:07 1322375                    /usr/lib/x86_64-linux-gnu/libXrandr.so.2.2.0
7f63f0750000-7f63f094f000 ---p 0000a000 08:07 1322375                    /usr/lib/x86_64-linux-gnu/libXrandr.so.2.2.0
7f63f094f000-7f63f0950000 r--p 00009000 08:07 1322375                    /usr/lib/x86_64-linux-gnu/libXrandr.so.2.2.0
7f63f0950000-7f63f0951000 rw-p 0000a000 08:07 1322375                    /usr/lib/x86_64-linux-gnu/libXrandr.so.2.2.0
7f63f0951000-7f63f0953000 r-xp 00000000 08:07 1319355                    /usr/lib/x86_64-linux-gnu/libXinerama.so.1.0.0
7f63f0953000-7f63f0b52000 ---p 00002000 08:07 1319355                    /usr/lib/x86_64-linux-gnu/libXinerama.so.1.0.0
7f63f0b52000-7f63f0b53000 r--p 00001000 08:07 1319355                    /usr/lib/x86_64-linux-gnu/libXinerama.so.1.0.0
7f63f0b53000-7f63f0b54000 rw-p 00002000 08:07 1319355                    /usr/lib/x86_64-linux-gnu/libXinerama.so.1.0.0
7f63f0b54000-7f63f0b90000 r-xp 00000000 08:07 1310757                    /usr/lib/x86_64-linux-gnu/libfontconfig.so.1.8.0
7f63f0b90000-7f63f0d8f000 ---p 0003c000 08:07 1310757                    /usr/lib/x86_64-linux-gnu/libfontconfig.so.1.8.0
7f63f0d8f000-7f63f0d91000 r--p 0003b000 08:07 1310757                    /usr/lib/x86_64-linux-gnu/libfontconfig.so.1.8.0
7f63f0d91000-7f63f0d92000 rw-p 0003d000 08:07 1310757                    /usr/lib/x86_64-linux-gnu/libfontconfig.so.1.8.0
7f63f0d92000-7f63f0f0c000 r-xp 00000000 08:07 1313108                    /usr/lib/x86_64-linux-gnu/libgio-2.0.so.0.4600.2
7f63f0f0c000-7f63f110b000 ---p 0017a000 08:07 1313108                    /usr/lib/x86_64-linux-gnu/libgio-2.0.so.0.4600.2
7f63f110b000-7f63f110f000 r--p 00179000 08:07 1313108                    /usr/lib/x86_64-linux-gnu/libgio-2.0.so.0.4600.2
7f63f110f000-7f63f1111000 rw-p 0017d000 08:07 1313108                    /usr/lib/x86_64-linux-gnu/libgio-2.0.so.0.4600.2
7f63f1111000-7f63f1113000 rw-p 00000000 00:00 0 
7f63f1113000-7f63f1134000 r-xp 00000000 08:07 1313995                    /usr/lib/x86_64-linux-gnu/libgdk_pixbuf-2.0.so.0.3200.1
7f63f1134000-7f63f1333000 ---p 00021000 08:07 1313995                    /usr/lib/x86_64-linux-gnu/libgdk_pixbuf-2.0.so.0.3200.1
7f63f1333000-7f63f1334000 r--p 00020000 08:07 1313995                    /usr/lib/x86_64-linux-gnu/libgdk_pixbuf-2.0.so.0.3200.1
7f63f1334000-7f63f1335000 rw-p 00021000 08:07 1313995                    /usr/lib/x86_64-linux-gnu/libgdk_pixbuf-2.0.so.0.3200.1
7f63f1335000-7f63f1380000 r-xp 00000000 08:07 1311391                    /usr/lib/x86_64-linux-gnu/libpango-1.0.so.0.3600.8
7f63f1380000-7f63f1580000 ---p 0004b000 08:07 1311391                    /usr/lib/x86_64-linux-gnu/libpango-1.0.so.0.3600.8
7f63f1580000-7f63f1582000 r--p 0004b000 08:07 1311391                    /usr/lib/x86_64-linux-gnu/libpango-1.0.so.0.3600.8
7f63f1582000-7f63f1583000 rw-p 0004d000 08:07 1311391                    /usr/lib/x86_64-linux-gnu/libpango-1.0.so.0.3600.8
7f63f1583000-7f63f158f000 r-xp 00000000 08:07 1311119                    /usr/lib/x86_64-linux-gnu/libpangocairo-1.0.so.0.3600.8
7f63f158f000-7f63f178e000 ---p 0000c000 08:07 1311119                    /usr/lib/x86_64-linux-gnu/libpangocairo-1.0.so.0.3600.8
7f63f178e000-7f63f178f000 r--p 0000b000 08:07 1311119                    /usr/lib/x86_64-linux-gnu/libpangocairo-1.0.so.0.3600.8
7f63f178f000-7f63f1790000 rw-p 0000c000 08:07 1311119                    /usr/lib/x86_64-linux-gnu/libpangocairo-1.0.so.0.3600.8
7f63f1790000-7f63f17da000 r-xp 00000000 08:07 5378102                    /lib/x86_64-linux-gnu/libdbus-1.so.3.14.3
7f63f17da000-7f63f19da000 ---p 0004a000 08:07 5378102                    /lib/x86_64-linux-gnu/libdbus-1.so.3.14.3
7f63f19da000-7f63f19db000 r--p 0004a000 08:07 5378102                    /lib/x86_64-linux-gnu/libdbus-1.so.3.14.3
7f63f19db000-7f63f19dc000 rw-p 0004b000 08:07 5378102                    /lib/x86_64-linux-gnu/libdbus-1.so.3.14.3
7f63f19dc000-7f63f1a08000 r-xp 00000000 08:07 1318497                    /usr/lib/x86_64-linux-gnu/libatspi.so.0.0.1
7f63f1a08000-7f63f1c08000 ---p 0002c000 08:07 1318497                    /usr/lib/x86_64-linux-gnu/libatspi.so.0.0.1
7f63f1c08000-7f63f1c0c000 r--p 0002c000 08:07 1318497                    /usr/lib/x86_64-linux-gnu/libatspi.so.0.0.1
7f63f1c0c000-7f63f1c0d000 rw-p 00030000 08:07 1318497                    /usr/lib/x86_64-linux-gnu/libatspi.so.0.0.1
7f63f1c0d000-7f63f1d1a000 r-xp 00000000 08:07 5375973                    /lib/x86_64-linux-gnu/libglib-2.0.so.0.4600.2
7f63f1d1a000-7f63f1f19000 ---p 0010d000 08:07 5375973                    /lib/x86_64-linux-gnu/libglib-2.0.so.0.4600.2
7f63f1f19000-7f63f1f1a000 r--p 0010c000 08:07 5375973                    /lib/x86_64-linux-gnu/libglib-2.0.so.0.4600.2
7f63f1f1a000-7f63f1f1b000 rw-p 0010d000 08:07 5375973                    /lib/x86_64-linux-gnu/libglib-2.0.so.0.4600.2
7f63f1f1b000-7f63f1f1c000 rw-p 00000000 00:00 0 
7f63f1f1c000-7f63f1f6e000 r-xp 00000000 08:07 1313118                    /usr/lib/x86_64-linux-gnu/libgobject-2.0.so.0.4600.2
7f63f1f6e000-7f63f216d000 ---p 00052000 08:07 1313118                    /usr/lib/x86_64-linux-gnu/libgobject-2.0.so.0.4600.2
7f63f216d000-7f63f216e000 r--p 00051000 08:07 1313118                    /usr/lib/x86_64-linux-gnu/libgobject-2.0.so.0.4600.2
7f63f216e000-7f63f216f000 rw-p 00052000 08:07 1313118                    /usr/lib/x86_64-linux-gnu/libgobject-2.0.so.0.4600.2
7f63f216f000-7f63f221f000 r-xp 00000000 08:07 1313152                    /usr/lib/x86_64-linux-gnu/libgdk-x11-2.0.so.0.2400.28
7f63f221f000-7f63f241e000 ---p 000b0000 08:07 1313152                    /usr/lib/x86_64-linux-gnu/libgdk-x11-2.0.so.0.2400.28
7f63f241e000-7f63f2422000 r--p 000af000 08:07 1313152                    /usr/lib/x86_64-linux-gnu/libgdk-x11-2.0.so.0.2400.28
7f63f2422000-7f63f2424000 rw-p 000b3000 08:07 1313152                    /usr/lib/x86_64-linux-gnu/libgdk-x11-2.0.so.0.2400.28
7f63f2424000-7f63f2450000 r-xp 00000000 08:07 1316922                    /usr/lib/x86_64-linux-gnu/libatk-bridge-2.0.so.0.0.0
7f63f2450000-7f63f2650000 ---p 0002c000 08:07 1316922                    /usr/lib/x86_64-linux-gnu/libatk-bridge-2.0.so.0.0.0
7f63f2650000-7f63f2651000 r--p 0002c000 08:07 1316922                    /usr/lib/x86_64-linux-gnu/libatk-bridge-2.0.so.0.0.0
7f63f2651000-7f63f2653000 rw-p 0002d000 08:07 1316922                    /usr/lib/x86_64-linux-gnu/libatk-bridge-2.0.so.0.0.0
7f63f2653000-7f63f2675000 r-xp 00000000 08:07 1320430                    /usr/lib/x86_64-linux-gnu/libatk-1.0.so.0.21609.1
7f63f2675000-7f63f2874000 ---p 00022000 08:07 1320430                    /usr/lib/x86_64-linux-gnu/libatk-1.0.so.0.21609.1
7f63f2874000-7f63f2877000 r--p 00021000 08:07 1320430                    /usr/lib/x86_64-linux-gnu/libatk-1.0.so.0.21609.1
7f63f2877000-7f63f2878000 rw-p 00024000 08:07 1320430                    /usr/lib/x86_64-linux-gnu/libatk-1.0.so.0.21609.1
7f63f2878000-7f63f288e000 r-xp 00000000 08:07 1315485                    /usr/lib/x86_64-linux-gnu/jni/libatk-wrapper.so.6.0.0
7f63f288e000-7f63f2a8e000 ---p 00016000 08:07 1315485                    /usr/lib/x86_64-linux-gnu/jni/libatk-wrapper.so.6.0.0
7f63f2a8e000-7f63f2a8f000 r--p 00016000 08:07 1315485                    /usr/lib/x86_64-linux-gnu/jni/libatk-wrapper.so.6.0.0
7f63f2a8f000-7f63f2a90000 rw-p 00017000 08:07 1315485                    /usr/lib/x86_64-linux-gnu/jni/libatk-wrapper.so.6.0.0
7f63f2a90000-7f63f2a93000 ---p 00000000 00:00 0 
7f63f2a93000-7f63f2b91000 rw-p 00000000 00:00 0                          [stack:3954]
7f63f2b91000-7f63f2b96000 r-xp 00000000 08:07 1319347                    /usr/lib/x86_64-linux-gnu/libXfixes.so.3.1.0
7f63f2b96000-7f63f2d95000 ---p 00005000 08:07 1319347                    /usr/lib/x86_64-linux-gnu/libXfixes.so.3.1.0
7f63f2d95000-7f63f2d96000 r--p 00004000 08:07 1319347                    /usr/lib/x86_64-linux-gnu/libXfixes.so.3.1.0
7f63f2d96000-7f63f2d97000 rw-p 00005000 08:07 1319347                    /usr/lib/x86_64-linux-gnu/libXfixes.so.3.1.0
7f63f2d97000-7f63f2da0000 r-xp 00000000 08:07 1319339                    /usr/lib/x86_64-linux-gnu/libXcursor.so.1.0.2
7f63f2da0000-7f63f2f9f000 ---p 00009000 08:07 1319339                    /usr/lib/x86_64-linux-gnu/libXcursor.so.1.0.2
7f63f2f9f000-7f63f2fa0000 r--p 00008000 08:07 1319339                    /usr/lib/x86_64-linux-gnu/libXcursor.so.1.0.2
7f63f2fa0000-7f63f2fa1000 rw-p 00009000 08:07 1319339                    /usr/lib/x86_64-linux-gnu/libXcursor.so.1.0.2
7f63f2fa1000-7f63f2fa4000 ---p 00000000 00:00 0 
7f63f2fa4000-7f63f30a2000 rw-p 00000000 00:00 0                          [stack:3953]
7f63f30a2000-7f63f30c7000 r-xp 00000000 08:07 5373979                    /lib/x86_64-linux-gnu/libpng12.so.0.51.0
7f63f30c7000-7f63f32c6000 ---p 00025000 08:07 5373979                    /lib/x86_64-linux-gnu/libpng12.so.0.51.0
7f63f32c6000-7f63f32c7000 r--p 00024000 08:07 5373979                    /lib/x86_64-linux-gnu/libpng12.so.0.51.0
7f63f32c7000-7f63f32c8000 rw-p 00025000 08:07 5373979                    /lib/x86_64-linux-gnu/libpng12.so.0.51.0
7f63f32c8000-7f63f3368000 r-xp 00000000 08:07 1328925                    /usr/lib/x86_64-linux-gnu/libfreetype.so.6.11.1
7f63f3368000-7f63f3567000 ---p 000a0000 08:07 1328925                    /usr/lib/x86_64-linux-gnu/libfreetype.so.6.11.1
7f63f3567000-7f63f356d000 r--p 0009f000 08:07 1328925                    /usr/lib/x86_64-linux-gnu/libfreetype.so.6.11.1
7f63f356d000-7f63f356e000 rw-p 000a5000 08:07 1328925                    /usr/lib/x86_64-linux-gnu/libfreetype.so.6.11.1
7f63f356e000-7f63f35c0000 r-xp 00000000 08:07 1316358                    /usr/lib/jvm/java-8-openjdk-amd64/jre/lib/amd64/libfontmanager.so
7f63f35c0000-7f63f37c0000 ---p 00052000 08:07 1316358                    /usr/lib/jvm/java-8-openjdk-amd64/jre/lib/amd64/libfontmanager.so
7f63f37c0000-7f63f37c2000 r--p 00052000 08:07 1316358                    /usr/lib/jvm/java-8-openjdk-amd64/jre/lib/amd64/libfontmanager.so
7f63f37c2000-7f63f37c3000 rw-p 00054000 08:07 1316358                    /usr/lib/jvm/java-8-openjdk-amd64/jre/lib/amd64/libfontmanager.so
7f63f37c3000-7f63f37c8000 r-xp 00000000 08:07 1318428                    /usr/lib/x86_64-linux-gnu/libXdmcp.so.6.0.0
7f63f37c8000-7f63f39c7000 ---p 00005000 08:07 1318428                    /usr/lib/x86_64-linux-gnu/libXdmcp.so.6.0.0
7f63f39c7000-7f63f39c8000 r--p 00004000 08:07 1318428                    /usr/lib/x86_64-linux-gnu/libXdmcp.so.6.0.0
7f63f39c8000-7f63f39c9000 rw-p 00005000 08:07 1318428                    /usr/lib/x86_64-linux-gnu/libXdmcp.so.6.0.0
7f63f39c9000-7f63f39e9000 r-xp 00000000 08:07 1322492                    /usr/lib/x86_64-linux-gnu/libxcb.so.1.1.0
7f63f39e9000-7f63f3be8000 ---p 00020000 08:07 1322492                    /usr/lib/x86_64-linux-gnu/libxcb.so.1.1.0
7f63f3be8000-7f63f3be9000 r--p 0001f000 08:07 1322492                    /usr/lib/x86_64-linux-gnu/libxcb.so.1.1.0
7f63f3be9000-7f63f3bea000 rw-p 00020000 08:07 1322492                    /usr/lib/x86_64-linux-gnu/libxcb.so.1.1.0
7f63f3bea000-7f63f3bf9000 r-xp 00000000 08:07 1319353                    /usr/lib/x86_64-linux-gnu/libXi.so.6.1.0
7f63f3bf9000-7f63f3df8000 ---p 0000f000 08:07 1319353                    /usr/lib/x86_64-linux-gnu/libXi.so.6.1.0
7f63f3df8000-7f63f3df9000 r--p 0000e000 08:07 1319353                    /usr/lib/x86_64-linux-gnu/libXi.so.6.1.0
7f63f3df9000-7f63f3dfa000 rw-p 0000f000 08:07 1319353                    /usr/lib/x86_64-linux-gnu/libXi.so.6.1.0
7f63f3dfa000-7f63f3dff000 r-xp 00000000 08:07 1319373                    /usr/lib/x86_64-linux-gnu/libXtst.so.6.1.0
7f63f3dff000-7f63f3ffe000 ---p 00005000 08:07 1319373                    /usr/lib/x86_64-linux-gnu/libXtst.so.6.1.0
7f63f3ffe000-7f63f3fff000 r--p 00004000 08:07 1319373                    /usr/lib/x86_64-linux-gnu/libXtst.so.6.1.0
7f63f3fff000-7f63f4000000 rw-p 00005000 08:07 1319373                    /usr/lib/x86_64-linux-gnu/libXtst.so.6.1.0
7f63f4000000-7f63f4159000 rw-p 00000000 00:00 0 
7f63f4159000-7f63f8000000 ---p 00000000 00:00 0 
7f63f8000000-7f63f8021000 rw-p 00000000 00:00 0 
7f63f8021000-7f63fc000000 ---p 00000000 00:00 0 
7f63fc000000-7f63fc155000 rw-p 00000000 00:00 0 
7f63fc155000-7f6400000000 ---p 00000000 00:00 0 
7f6400000000-7f6400080000 rw-p 00000000 00:00 0 
7f6400080000-7f6404000000 ---p 00000000 00:00 0 
7f6404000000-7f6404021000 rw-p 00000000 00:00 0 
7f6404021000-7f6408000000 ---p 00000000 00:00 0 
7f6408000000-7f6408021000 rw-p 00000000 00:00 0 
7f6408021000-7f640c000000 ---p 00000000 00:00 0 
7f640c000000-7f640c021000 rw-p 00000000 00:00 0 
7f640c021000-7f6410000000 ---p 00000000 00:00 0 
7f6410000000-7f6410021000 rw-p 00000000 00:00 0 
7f6410021000-7f6414000000 ---p 00000000 00:00 0 
7f6414000000-7f6414021000 rw-p 00000000 00:00 0 
7f6414021000-7f6418000000 ---p 00000000 00:00 0 
7f6418000000-7f6418021000 rw-p 00000000 00:00 0 
7f6418021000-7f641c000000 ---p 00000000 00:00 0 
7f641c000000-7f641c021000 rw-p 00000000 00:00 0 
7f641c021000-7f6420000000 ---p 00000000 00:00 0 
7f6420000000-7f6420002000 r-xp 00000000 08:07 1319332                    /usr/lib/x86_64-linux-gnu/libXau.so.6.0.0
7f6420002000-7f6420202000 ---p 00002000 08:07 1319332                    /usr/lib/x86_64-linux-gnu/libXau.so.6.0.0
7f6420202000-7f6420203000 r--p 00002000 08:07 1319332                    /usr/lib/x86_64-linux-gnu/libXau.so.6.0.0
7f6420203000-7f6420204000 rw-p 00003000 08:07 1319332                    /usr/lib/x86_64-linux-gnu/libXau.so.6.0.0
7f6420204000-7f642020d000 r-xp 00000000 08:07 1324368                    /usr/lib/x86_64-linux-gnu/libXrender.so.1.3.0
7f642020d000-7f642040c000 ---p 00009000 08:07 1324368                    /usr/lib/x86_64-linux-gnu/libXrender.so.1.3.0
7f642040c000-7f642040d000 r--p 00008000 08:07 1324368                    /usr/lib/x86_64-linux-gnu/libXrender.so.1.3.0
7f642040d000-7f642040e000 rw-p 00009000 08:07 1324368                    /usr/lib/x86_64-linux-gnu/libXrender.so.1.3.0
7f642040e000-7f6420543000 r-xp 00000000 08:07 1322574                    /usr/lib/x86_64-linux-gnu/libX11.so.6.3.0
7f6420543000-7f6420743000 ---p 00135000 08:07 1322574                    /usr/lib/x86_64-linux-gnu/libX11.so.6.3.0
7f6420743000-7f6420744000 r--p 00135000 08:07 1322574                    /usr/lib/x86_64-linux-gnu/libX11.so.6.3.0
7f6420744000-7f6420748000 rw-p 00136000 08:07 1322574                    /usr/lib/x86_64-linux-gnu/libX11.so.6.3.0
7f6420748000-7f6420759000 r-xp 00000000 08:07 1315678                    /usr/lib/x86_64-linux-gnu/libXext.so.6.4.0
7f6420759000-7f6420958000 ---p 00011000 08:07 1315678                    /usr/lib/x86_64-linux-gnu/libXext.so.6.4.0
7f6420958000-7f6420959000 r--p 00010000 08:07 1315678                    /usr/lib/x86_64-linux-gnu/libXext.so.6.4.0
7f6420959000-7f642095a000 rw-p 00011000 08:07 1315678                    /usr/lib/x86_64-linux-gnu/libXext.so.6.4.0
7f642095a000-7f64209b1000 r-xp 00000000 08:07 1316346                    /usr/lib/jvm/java-8-openjdk-amd64/jre/lib/amd64/libawt_xawt.so
7f64209b1000-7f6420bb0000 ---p 00057000 08:07 1316346                    /usr/lib/jvm/java-8-openjdk-amd64/jre/lib/amd64/libawt_xawt.so
7f6420bb0000-7f6420bb1000 r--p 00056000 08:07 1316346                    /usr/lib/jvm/java-8-openjdk-amd64/jre/lib/amd64/libawt_xawt.so
7f6420bb1000-7f6420bb4000 rw-p 00057000 08:07 1316346                    /usr/lib/jvm/java-8-openjdk-amd64/jre/lib/amd64/libawt_xawt.so
7f6420bb4000-7f6420bb5000 rw-p 00000000 00:00 0 
7f6420bb5000-7f6420c54000 r-xp 00000000 08:07 1316354                    /usr/lib/jvm/java-8-openjdk-amd64/jre/lib/amd64/libawt.so
7f6420c54000-7f6420e53000 ---p 0009f000 08:07 1316354                    /usr/lib/jvm/java-8-openjdk-amd64/jre/lib/amd64/libawt.so
7f6420e53000-7f6420e54000 r--p 0009e000 08:07 1316354                    /usr/lib/jvm/java-8-openjdk-amd64/jre/lib/amd64/libawt.so
7f6420e54000-7f6420e5f000 rw-p 0009f000 08:07 1316354                    /usr/lib/jvm/java-8-openjdk-amd64/jre/lib/amd64/libawt.so
7f6420e5f000-7f6420e84000 rw-p 00000000 00:00 0 
7f6420e84000-7f6420e85000 ---p 00000000 00:00 0 
7f6420e85000-7f6420f85000 rw-p 00000000 00:00 0                          [stack:3952]
7f6420f85000-7f6420f88000 ---p 00000000 00:00 0 
7f6420f88000-7f6421086000 rw-p 00000000 00:00 0                          [stack:3951]
7f6421086000-7f6421089000 ---p 00000000 00:00 0 
7f6421089000-7f6421187000 rw-p 00000000 00:00 0                          [stack:3950]
7f6421187000-7f642118a000 ---p 00000000 00:00 0 
7f642118a000-7f6421288000 rw-p 00000000 00:00 0                          [stack:3949]
7f6421288000-7f642128b000 ---p 00000000 00:00 0 
7f642128b000-7f6421389000 rw-p 00000000 00:00 0                          [stack:3948]
7f6421389000-7f642138c000 ---p 00000000 00:00 0 
7f642138c000-7f642148a000 rw-p 00000000 00:00 0                          [stack:3947]
7f642148a000-7f6421755000 r--p 00000000 08:07 1312471                    /usr/lib/locale/locale-archive
7f6421755000-7f6421758000 ---p 00000000 00:00 0 
7f6421758000-7f6421856000 rw-p 00000000 00:00 0                          [stack:3946]
7f6421856000-7f6421859000 ---p 00000000 00:00 0 
7f6421859000-7f6421957000 rw-p 00000000 00:00 0                          [stack:3945]
7f6421957000-7f6421958000 ---p 00000000 00:00 0 
7f6421958000-7f6424000000 rw-p 00000000 00:00 0                          [stack:3944]
7f6424000000-7f6424021000 rw-p 00000000 00:00 0 
7f6424021000-7f6428000000 ---p 00000000 00:00 0 
7f6428007000-7f6428037000 rw-p 00000000 00:00 0 
7f6428037000-7f642803a000 r--p 00000000 08:07 1836436                    /usr/share/locale-langpack/pt_BR/LC_MESSAGES/atk10.mo
7f642803a000-7f642803d000 ---p 00000000 00:00 0 
7f642803d000-7f6428073000 rw-p 00000000 00:00 0                          [stack:3956]
7f6428073000-7f6428086000 r--s 00346000 08:07 1316399                    /usr/lib/jvm/java-8-openjdk-amd64/jre/lib/resources.jar
7f6428086000-7f642808d000 r--s 00000000 08:07 1574466                    /usr/lib/x86_64-linux-gnu/gconv/gconv-modules.cache
7f642808d000-7f64280af000 r--p 00000000 08:07 1836826                    /usr/share/locale-langpack/pt_BR/LC_MESSAGES/libc.mo
7f64280af000-7f64280b1000 r--s 0000c000 08:07 3285872                    /home/matheus/.p2/pool/plugins/org.hamcrest.core_1.3.0.v201303031735.jar
7f64280b1000-7f64280b9000 r--s 00045000 08:07 3285881                    /home/matheus/.p2/pool/plugins/org.junit_4.12.0.v201504281640/junit.jar
7f64280b9000-7f64280bf000 r--s 002f8000 08:07 1316320                    /usr/lib/jvm/java-8-openjdk-amd64/jre/lib/charsets.jar
7f64280bf000-7f64280c0000 r--s 00005000 08:07 2361112                    /home/matheus/workspace/libLibras/lib/com.primesense.nite.jar
7f64280c0000-7f64280c2000 r--s 00004000 08:07 2361113                    /home/matheus/workspace/libLibras/lib/org.openni.jar
7f64280c2000-7f64280de000 r--s 00393000 08:07 1316324                    /usr/lib/jvm/java-8-openjdk-amd64/jre/lib/ext/cldrdata.jar
7f64280de000-7f64280f9000 r--s 001d4000 08:07 1316341                    /usr/lib/jvm/java-8-openjdk-amd64/jre/lib/ext/nashorn.jar
7f64280f9000-7f6428ec0000 rw-p 00000000 00:00 0 
7f6428ec0000-7f6429000000 ---p 00000000 00:00 0 
7f6429000000-7f6429270000 rwxp 00000000 00:00 0 
7f6429270000-7f6438000000 ---p 00000000 00:00 0 
7f6438000000-7f64382d1000 rw-p 00000000 00:00 0 
7f64382d1000-7f643c000000 ---p 00000000 00:00 0 
7f643c000000-7f643c001000 r--s 0000a000 08:07 1316332                    /usr/lib/jvm/java-8-openjdk-amd64/jre/lib/ext/jaccess.jar
7f643c001000-7f643c007000 r--s 0003a000 08:07 1316334                    /usr/lib/jvm/java-8-openjdk-amd64/jre/lib/ext/sunjce_provider.jar
7f643c007000-7f643c009000 r--s 00001000 08:07 1316339                    /usr/lib/jvm/java-8-openjdk-amd64/jre/lib/ext/dnsns.jar
7f643c009000-7f643c0b9000 rw-p 00000000 00:00 0 
7f643c0b9000-7f643c286000 r--s 03be8000 08:07 1316343                    /usr/lib/jvm/java-8-openjdk-amd64/jre/lib/rt.jar
7f643c286000-7f643c4d6000 rw-p 00000000 00:00 0 
7f643c4d6000-7f643c4d7000 ---p 00000000 00:00 0 
7f643c4d7000-7f643c5d7000 rw-p 00000000 00:00 0                          [stack:3943]
7f643c5d7000-7f643c5d8000 ---p 00000000 00:00 0 
7f643c5d8000-7f643c6d8000 rw-p 00000000 00:00 0                          [stack:3942]
7f643c6d8000-7f643c6d9000 ---p 00000000 00:00 0 
7f643c6d9000-7f643c7d9000 rw-p 00000000 00:00 0                          [stack:3941]
7f643c7d9000-7f643c7da000 ---p 00000000 00:00 0 
7f643c7da000-7f643c8ee000 rw-p 00000000 00:00 0                          [stack:3940]
7f643c8ee000-7f643ca16000 ---p 00000000 00:00 0 
7f643ca16000-7f643ca2a000 rw-p 00000000 00:00 0 
7f643ca2a000-7f643cb52000 ---p 00000000 00:00 0 
7f643cb52000-7f643cb5c000 rw-p 00000000 00:00 0 
7f643cb5c000-7f643cbf0000 ---p 00000000 00:00 0 
7f643cbf0000-7f643cbfb000 rw-p 00000000 00:00 0 
7f643cbfb000-7f643cfb1000 ---p 00000000 00:00 0 
7f643cfb1000-7f643cfb9000 r-xp 00000000 08:07 1316353                    /usr/lib/jvm/java-8-openjdk-amd64/jre/lib/amd64/libzip.so
7f643cfb9000-7f643d1b8000 ---p 00008000 08:07 1316353                    /usr/lib/jvm/java-8-openjdk-amd64/jre/lib/amd64/libzip.so
7f643d1b8000-7f643d1b9000 r--p 00007000 08:07 1316353                    /usr/lib/jvm/java-8-openjdk-amd64/jre/lib/amd64/libzip.so
7f643d1b9000-7f643d1ba000 rw-p 00008000 08:07 1316353                    /usr/lib/jvm/java-8-openjdk-amd64/jre/lib/amd64/libzip.so
7f643d1ba000-7f643d1c6000 r-xp 00000000 08:07 5376649                    /lib/x86_64-linux-gnu/libnss_files-2.21.so
7f643d1c6000-7f643d3c5000 ---p 0000c000 08:07 5376649                    /lib/x86_64-linux-gnu/libnss_files-2.21.so
7f643d3c5000-7f643d3c6000 r--p 0000b000 08:07 5376649                    /lib/x86_64-linux-gnu/libnss_files-2.21.so
7f643d3c6000-7f643d3c7000 rw-p 0000c000 08:07 5376649                    /lib/x86_64-linux-gnu/libnss_files-2.21.so
7f643d3c7000-7f643d3d2000 r-xp 00000000 08:07 5376660                    /lib/x86_64-linux-gnu/libnss_nis-2.21.so
7f643d3d2000-7f643d5d1000 ---p 0000b000 08:07 5376660                    /lib/x86_64-linux-gnu/libnss_nis-2.21.so
7f643d5d1000-7f643d5d2000 r--p 0000a000 08:07 5376660                    /lib/x86_64-linux-gnu/libnss_nis-2.21.so
7f643d5d2000-7f643d5d3000 rw-p 0000b000 08:07 5376660                    /lib/x86_64-linux-gnu/libnss_nis-2.21.so
7f643d5d3000-7f643d5ea000 r-xp 00000000 08:07 5376654                    /lib/x86_64-linux-gnu/libnsl-2.21.so
7f643d5ea000-7f643d7e9000 ---p 00017000 08:07 5376654                    /lib/x86_64-linux-gnu/libnsl-2.21.so
7f643d7e9000-7f643d7ea000 r--p 00016000 08:07 5376654                    /lib/x86_64-linux-gnu/libnsl-2.21.so
7f643d7ea000-7f643d7eb000 rw-p 00017000 08:07 5376654                    /lib/x86_64-linux-gnu/libnsl-2.21.so
7f643d7eb000-7f643d7ed000 rw-p 00000000 00:00 0 
7f643d7ed000-7f643d7f5000 r-xp 00000000 08:07 5376650                    /lib/x86_64-linux-gnu/libnss_compat-2.21.so
7f643d7f5000-7f643d9f4000 ---p 00008000 08:07 5376650                    /lib/x86_64-linux-gnu/libnss_compat-2.21.so
7f643d9f4000-7f643d9f5000 r--p 00007000 08:07 5376650                    /lib/x86_64-linux-gnu/libnss_compat-2.21.so
7f643d9f5000-7f643d9f6000 rw-p 00008000 08:07 5376650                    /lib/x86_64-linux-gnu/libnss_compat-2.21.so
7f643d9f6000-7f643da23000 r-xp 00000000 08:07 1316361                    /usr/lib/jvm/java-8-openjdk-amd64/jre/lib/amd64/libjava.so
7f643da23000-7f643dc22000 ---p 0002d000 08:07 1316361                    /usr/lib/jvm/java-8-openjdk-amd64/jre/lib/amd64/libjava.so
7f643dc22000-7f643dc23000 r--p 0002c000 08:07 1316361                    /usr/lib/jvm/java-8-openjdk-amd64/jre/lib/amd64/libjava.so
7f643dc23000-7f643dc25000 rw-p 0002d000 08:07 1316361                    /usr/lib/jvm/java-8-openjdk-amd64/jre/lib/amd64/libjava.so
7f643dc25000-7f643dc34000 r-xp 00000000 08:07 1316374                    /usr/lib/jvm/java-8-openjdk-amd64/jre/lib/amd64/libverify.so
7f643dc34000-7f643de33000 ---p 0000f000 08:07 1316374                    /usr/lib/jvm/java-8-openjdk-amd64/jre/lib/amd64/libverify.so
7f643de33000-7f643de35000 r--p 0000e000 08:07 1316374                    /usr/lib/jvm/java-8-openjdk-amd64/jre/lib/amd64/libverify.so
7f643de35000-7f643de36000 rw-p 00010000 08:07 1316374                    /usr/lib/jvm/java-8-openjdk-amd64/jre/lib/amd64/libverify.so
7f643de36000-7f643de3d000 r-xp 00000000 08:07 5376642                    /lib/x86_64-linux-gnu/librt-2.21.so
7f643de3d000-7f643e03c000 ---p 00007000 08:07 5376642                    /lib/x86_64-linux-gnu/librt-2.21.so
7f643e03c000-7f643e03d000 r--p 00006000 08:07 5376642                    /lib/x86_64-linux-gnu/librt-2.21.so
7f643e03d000-7f643e03e000 rw-p 00007000 08:07 5376642                    /lib/x86_64-linux-gnu/librt-2.21.so
7f643e03e000-7f643e054000 r-xp 00000000 08:07 5373993                    /lib/x86_64-linux-gnu/libgcc_s.so.1
7f643e054000-7f643e253000 ---p 00016000 08:07 5373993                    /lib/x86_64-linux-gnu/libgcc_s.so.1
7f643e253000-7f643e254000 r--p 00015000 08:07 5373993                    /lib/x86_64-linux-gnu/libgcc_s.so.1
7f643e254000-7f643e255000 rw-p 00016000 08:07 5373993                    /lib/x86_64-linux-gnu/libgcc_s.so.1
7f643e255000-7f643e35c000 r-xp 00000000 08:07 5376662                    /lib/x86_64-linux-gnu/libm-2.21.so
7f643e35c000-7f643e55b000 ---p 00107000 08:07 5376662                    /lib/x86_64-linux-gnu/libm-2.21.so
7f643e55b000-7f643e55c000 r--p 00106000 08:07 5376662                    /lib/x86_64-linux-gnu/libm-2.21.so
7f643e55c000-7f643e55d000 rw-p 00107000 08:07 5376662                    /lib/x86_64-linux-gnu/libm-2.21.so
7f643e55d000-7f643e6d0000 r-xp 00000000 08:07 1311415                    /usr/lib/x86_64-linux-gnu/libstdc++.so.6.0.21
7f643e6d0000-7f643e8cf000 ---p 00173000 08:07 1311415                    /usr/lib/x86_64-linux-gnu/libstdc++.so.6.0.21
7f643e8cf000-7f643e8d9000 r--p 00172000 08:07 1311415                    /usr/lib/x86_64-linux-gnu/libstdc++.so.6.0.21
7f643e8d9000-7f643e8db000 rw-p 0017c000 08:07 1311415                    /usr/lib/x86_64-linux-gnu/libstdc++.so.6.0.21
7f643e8db000-7f643e8df000 rw-p 00000000 00:00 0 
7f643e8df000-7f643f524000 r-xp 00000000 08:07 1316368                    /usr/lib/jvm/java-8-openjdk-amd64/jre/lib/amd64/server/libjvm.so
7f643f524000-7f643f723000 ---p 00c45000 08:07 1316368                    /usr/lib/jvm/java-8-openjdk-amd64/jre/lib/amd64/server/libjvm.so
7f643f723000-7f643f7b6000 r--p 00c44000 08:07 1316368                    /usr/lib/jvm/java-8-openjdk-amd64/jre/lib/amd64/server/libjvm.so
7f643f7b6000-7f643f7de000 rw-p 00cd7000 08:07 1316368                    /usr/lib/jvm/java-8-openjdk-amd64/jre/lib/amd64/server/libjvm.so
7f643f7de000-7f643f80d000 rw-p 00000000 00:00 0 
7f643f80d000-7f643f825000 r-xp 00000000 08:07 5376648                    /lib/x86_64-linux-gnu/libpthread-2.21.so
7f643f825000-7f643fa25000 ---p 00018000 08:07 5376648                    /lib/x86_64-linux-gnu/libpthread-2.21.so
7f643fa25000-7f643fa26000 r--p 00018000 08:07 5376648                    /lib/x86_64-linux-gnu/libpthread-2.21.so
7f643fa26000-7f643fa27000 rw-p 00019000 08:07 5376648                    /lib/x86_64-linux-gnu/libpthread-2.21.so
7f643fa27000-7f643fa2b000 rw-p 00000000 00:00 0 
7f643fa2b000-7f643fa2e000 r-xp 00000000 08:07 5376659                    /lib/x86_64-linux-gnu/libdl-2.21.so
7f643fa2e000-7f643fc2d000 ---p 00003000 08:07 5376659                    /lib/x86_64-linux-gnu/libdl-2.21.so
7f643fc2d000-7f643fc2e000 r--p 00002000 08:07 5376659                    /lib/x86_64-linux-gnu/libdl-2.21.so
7f643fc2e000-7f643fc2f000 rw-p 00003000 08:07 5376659                    /lib/x86_64-linux-gnu/libdl-2.21.so
7f643fc2f000-7f643fc48000 r-xp 00000000 08:07 5373997                    /lib/x86_64-linux-gnu/libz.so.1.2.8
7f643fc48000-7f643fe47000 ---p 00019000 08:07 5373997                    /lib/x86_64-linux-gnu/libz.so.1.2.8
7f643fe47000-7f643fe48000 r--p 00018000 08:07 5373997                    /lib/x86_64-linux-gnu/libz.so.1.2.8
7f643fe48000-7f643fe49000 rw-p 00019000 08:07 5373997                    /lib/x86_64-linux-gnu/libz.so.1.2.8
7f643fe49000-7f6440009000 r-xp 00000000 08:07 5376663                    /lib/x86_64-linux-gnu/libc-2.21.so
7f6440009000-7f6440209000 ---p 001c0000 08:07 5376663                    /lib/x86_64-linux-gnu/libc-2.21.so
7f6440209000-7f644020d000 r--p 001c0000 08:07 5376663                    /lib/x86_64-linux-gnu/libc-2.21.so
7f644020d000-7f644020f000 rw-p 001c4000 08:07 5376663                    /lib/x86_64-linux-gnu/libc-2.21.so
7f644020f000-7f6440213000 rw-p 00000000 00:00 0 
7f6440213000-7f6440220000 r-xp 00000000 08:07 1316375                    /usr/lib/jvm/java-8-openjdk-amd64/jre/lib/amd64/jli/libjli.so
7f6440220000-7f6440420000 ---p 0000d000 08:07 1316375                    /usr/lib/jvm/java-8-openjdk-amd64/jre/lib/amd64/jli/libjli.so
7f6440420000-7f6440421000 r--p 0000d000 08:07 1316375                    /usr/lib/jvm/java-8-openjdk-amd64/jre/lib/amd64/jli/libjli.so
7f6440421000-7f6440422000 rw-p 0000e000 08:07 1316375                    /usr/lib/jvm/java-8-openjdk-amd64/jre/lib/amd64/jli/libjli.so
7f6440422000-7f6440446000 r-xp 00000000 08:07 5376657                    /lib/x86_64-linux-gnu/ld-2.21.so
7f6440446000-7f644044a000 r--s 00037000 08:07 1316337                    /usr/lib/jvm/java-8-openjdk-amd64/jre/lib/ext/sunpkcs11.jar
7f644044a000-7f6440522000 rw-p 00000000 00:00 0 
7f6440522000-7f6440525000 ---p 00000000 00:00 0 
7f6440525000-7f6440628000 rw-p 00000000 00:00 0                          [stack:3939]
7f6440628000-7f6440629000 r--s 00010000 08:07 1316326                    /usr/lib/jvm/java-8-openjdk-amd64/jre/lib/ext/zipfs.jar
7f6440629000-7f644062b000 r--s 00007000 08:07 1709211                    /usr/share/java/java-atk-wrapper.jar
7f644062b000-7f644062e000 r--s 0000f000 08:07 1316330                    /usr/lib/jvm/java-8-openjdk-amd64/jre/lib/ext/icedtea-sound.jar
7f644062e000-7f6440638000 r--s 00116000 08:07 1316328                    /usr/lib/jvm/java-8-openjdk-amd64/jre/lib/ext/localedata.jar
7f6440638000-7f6440639000 r--s 00008000 08:07 1316340                    /usr/lib/jvm/java-8-openjdk-amd64/jre/lib/ext/sunec.jar
7f6440639000-7f6440641000 rw-s 00000000 08:07 4587599                    /tmp/hsperfdata_root/3933
7f6440641000-7f6440642000 rw-p 00000000 00:00 0 
7f6440642000-7f6440643000 r--p 00000000 00:00 0 
7f6440643000-7f6440645000 rw-p 00000000 00:00 0 
7f6440645000-7f6440646000 r--p 00023000 08:07 5376657                    /lib/x86_64-linux-gnu/ld-2.21.so
7f6440646000-7f6440647000 rw-p 00024000 08:07 5376657                    /lib/x86_64-linux-gnu/ld-2.21.so
7f6440647000-7f6440648000 rw-p 00000000 00:00 0 
7fff6f316000-7fff6f337000 rw-p 00000000 00:00 0                          [stack]
7fff6f3ad000-7fff6f3af000 r--p 00000000 00:00 0                          [vvar]
7fff6f3af000-7fff6f3b1000 r-xp 00000000 00:00 0                          [vdso]
ffffffffff600000-ffffffffff601000 r-xp 00000000 00:00 0                  [vsyscall]

VM Arguments:
jvm_args: -Djava.library.path=/home/matheus/Documentos/OpenNI/OpenNI-Linux-x64-2.2/Tools:/home/matheus/Documentos/NiTE/NiTE-Linux-x64-2.2/Redist -Dfile.encoding=UTF-8 
java_command: br.edu.ifsp.capture.Segmentation
java_class_path (initial): /home/matheus/workspace/libLibras/bin:/home/matheus/workspace/libLibras/lib/org.openni.jar:/home/matheus/workspace/libLibras/lib/com.primesense.nite.jar:/home/matheus/.p2/pool/plugins/org.junit_4.12.0.v201504281640/junit.jar:/home/matheus/.p2/pool/plugins/org.hamcrest.core_1.3.0.v201303031735.jar
Launcher Type: SUN_STANDARD

Environment Variables:
PATH=/usr/local/sbin:/usr/local/bin:/usr/sbin:/usr/bin:/sbin:/bin
USERNAME=root
SHELL=/bin/bash
DISPLAY=:0

Signal Handlers:
SIGSEGV: [libjvm.so+0xa5d4d0], sa_mask[0]=11111111011111111101111111111110, sa_flags=SA_RESTART|SA_SIGINFO
SIGBUS: [libjvm.so+0xa5d4d0], sa_mask[0]=11111111011111111101111111111110, sa_flags=SA_RESTART|SA_SIGINFO
SIGFPE: [libjvm.so+0x8a9210], sa_mask[0]=11111111011111111101111111111110, sa_flags=SA_RESTART|SA_SIGINFO
SIGPIPE: [libjvm.so+0x8a9210], sa_mask[0]=11111111011111111101111111111110, sa_flags=SA_RESTART|SA_SIGINFO
SIGXFSZ: [libjvm.so+0x8a9210], sa_mask[0]=11111111011111111101111111111110, sa_flags=SA_RESTART|SA_SIGINFO
SIGILL: [libjvm.so+0x8a9210], sa_mask[0]=11111111011111111101111111111110, sa_flags=SA_RESTART|SA_SIGINFO
SIGUSR1: SIG_DFL, sa_mask[0]=00000000000000000000000000000000, sa_flags=none
SIGUSR2: [libjvm.so+0x8a90c0], sa_mask[0]=00100000000000000000000000000000, sa_flags=SA_RESTART|SA_SIGINFO
SIGHUP: [libjvm.so+0x8a9590], sa_mask[0]=11111111011111111101111111111110, sa_flags=SA_RESTART|SA_SIGINFO
SIGINT: [libjvm.so+0x8a9590], sa_mask[0]=11111111011111111101111111111110, sa_flags=SA_RESTART|SA_SIGINFO
SIGTERM: [libjvm.so+0x8a9590], sa_mask[0]=11111111011111111101111111111110, sa_flags=SA_RESTART|SA_SIGINFO
SIGQUIT: [libjvm.so+0x8a9590], sa_mask[0]=11111111011111111101111111111110, sa_flags=SA_RESTART|SA_SIGINFO


---------------  S Y S T E M  ---------------

OS:DISTRIB_ID=Ubuntu
DISTRIB_RELEASE=15.10
DISTRIB_CODENAME=wily
DISTRIB_DESCRIPTION="Ubuntu 15.10"

uname:Linux 4.2.0-34-generic #39-Ubuntu SMP Thu Mar 10 22:13:01 UTC 2016 x86_64
libc:glibc 2.21 NPTL 2.21 
rlimit: STACK 8192k, CORE 0k, NPROC 14838, NOFILE 65536, AS infinity
load average:0,91 2,55 2,23

/proc/meminfo:
MemTotal:        3881072 kB
MemFree:          441536 kB
MemAvailable:    1862508 kB
Buffers:          192052 kB
Cached:          1393664 kB
SwapCached:           48 kB
Active:          2348096 kB
Inactive:         840744 kB
Active(anon):    1336600 kB
Inactive(anon):   535184 kB
Active(file):    1011496 kB
Inactive(file):   305560 kB
Unevictable:          32 kB
Mlocked:              32 kB
SwapTotal:       4029436 kB
SwapFree:        4025656 kB
Dirty:               884 kB
Writeback:             0 kB
AnonPages:       1603260 kB
Mapped:           323688 kB
Shmem:            268628 kB
Slab:             165628 kB
SReclaimable:     133004 kB
SUnreclaim:        32624 kB
KernelStack:        9088 kB
PageTables:        32756 kB
NFS_Unstable:          0 kB
Bounce:                0 kB
WritebackTmp:          0 kB
CommitLimit:     5969972 kB
Committed_AS:    9293568 kB
VmallocTotal:   34359738367 kB
VmallocUsed:      348632 kB
VmallocChunk:   34358947836 kB
HardwareCorrupted:     0 kB
AnonHugePages:    538624 kB
CmaTotal:              0 kB
CmaFree:               0 kB
HugePages_Total:       0
HugePages_Free:        0
HugePages_Rsvd:        0
HugePages_Surp:        0
Hugepagesize:       2048 kB
DirectMap4k:      123508 kB
DirectMap2M:     3905536 kB


CPU:total 4 (2 cores per cpu, 2 threads per core) family 6 model 58 stepping 9, cmov, cx8, fxsr, mmx, sse, sse2, sse3, ssse3, sse4.1, sse4.2, popcnt, avx, clmul, erms, ht, tsc, tscinvbit, tscinv

/proc/cpuinfo:
processor	: 0
vendor_id	: GenuineIntel
cpu family	: 6
model		: 58
model name	: Intel(R) Core(TM) i3-3110M CPU @ 2.40GHz
stepping	: 9
microcode	: 0x17
cpu MHz		: 2364.468
cache size	: 3072 KB
physical id	: 0
siblings	: 4
core id		: 0
cpu cores	: 2
apicid		: 0
initial apicid	: 0
fpu		: yes
fpu_exception	: yes
cpuid level	: 13
wp		: yes
flags		: fpu vme de pse tsc msr pae mce cx8 apic sep mtrr pge mca cmov pat pse36 clflush dts acpi mmx fxsr sse sse2 ss ht tm pbe syscall nx rdtscp lm constant_tsc arch_perfmon pebs bts rep_good nopl xtopology nonstop_tsc aperfmperf eagerfpu pni pclmulqdq dtes64 monitor ds_cpl vmx est tm2 ssse3 cx16 xtpr pdcm pcid sse4_1 sse4_2 x2apic popcnt tsc_deadline_timer xsave avx f16c lahf_lm arat epb pln pts dtherm tpr_shadow vnmi flexpriority ept vpid fsgsbase smep erms xsaveopt
bugs		:
bogomips	: 4789.49
clflush size	: 64
cache_alignment	: 64
address sizes	: 36 bits physical, 48 bits virtual
power management:

processor	: 1
vendor_id	: GenuineIntel
cpu family	: 6
model		: 58
model name	: Intel(R) Core(TM) i3-3110M CPU @ 2.40GHz
stepping	: 9
microcode	: 0x17
cpu MHz		: 2399.906
cache size	: 3072 KB
physical id	: 0
siblings	: 4
core id		: 0
cpu cores	: 2
apicid		: 1
initial apicid	: 1
fpu		: yes
fpu_exception	: yes
cpuid level	: 13
wp		: yes
flags		: fpu vme de pse tsc msr pae mce cx8 apic sep mtrr pge mca cmov pat pse36 clflush dts acpi mmx fxsr sse sse2 ss ht tm pbe syscall nx rdtscp lm constant_tsc arch_perfmon pebs bts rep_good nopl xtopology nonstop_tsc aperfmperf eagerfpu pni pclmulqdq dtes64 monitor ds_cpl vmx est tm2 ssse3 cx16 xtpr pdcm pcid sse4_1 sse4_2 x2apic popcnt tsc_deadline_timer xsave avx f16c lahf_lm arat epb pln pts dtherm tpr_shadow vnmi flexpriority ept vpid fsgsbase smep erms xsaveopt
bugs		:
bogomips	: 4789.49
clflush size	: 64
cache_alignment	: 64
address sizes	: 36 bits physical, 48 bits virtual
power management:

processor	: 2
vendor_id	: GenuineIntel
cpu family	: 6
model		: 58
model name	: Intel(R) Core(TM) i3-3110M CPU @ 2.40GHz
stepping	: 9
microcode	: 0x17
cpu MHz		: 2400.000
cache size	: 3072 KB
physical id	: 0
siblings	: 4
core id		: 1
cpu cores	: 2
apicid		: 2
initial apicid	: 2
fpu		: yes
fpu_exception	: yes
cpuid level	: 13
wp		: yes
flags		: fpu vme de pse tsc msr pae mce cx8 apic sep mtrr pge mca cmov pat pse36 clflush dts acpi mmx fxsr sse sse2 ss ht tm pbe syscall nx rdtscp lm constant_tsc arch_perfmon pebs bts rep_good nopl xtopology nonstop_tsc aperfmperf eagerfpu pni pclmulqdq dtes64 monitor ds_cpl vmx est tm2 ssse3 cx16 xtpr pdcm pcid sse4_1 sse4_2 x2apic popcnt tsc_deadline_timer xsave avx f16c lahf_lm arat epb pln pts dtherm tpr_shadow vnmi flexpriority ept vpid fsgsbase smep erms xsaveopt
bugs		:
bogomips	: 4789.49
clflush size	: 64
cache_alignment	: 64
address sizes	: 36 bits physical, 48 bits virtual
power management:

processor	: 3
vendor_id	: GenuineIntel
cpu family	: 6
model		: 58
model name	: Intel(R) Core(TM) i3-3110M CPU @ 2.40GHz
stepping	: 9
microcode	: 0x17
cpu MHz		: 2400.000
cache size	: 3072 KB
physical id	: 0
siblings	: 4
core id		: 1
cpu cores	: 2
apicid		: 3
initial apicid	: 3
fpu		: yes
fpu_exception	: yes
cpuid level	: 13
wp		: yes
flags		: fpu vme de pse tsc msr pae mce cx8 apic sep mtrr pge mca cmov pat pse36 clflush dts acpi mmx fxsr sse sse2 ss ht tm pbe syscall nx rdtscp lm constant_tsc arch_perfmon pebs bts rep_good nopl xtopology nonstop_tsc aperfmperf eagerfpu pni pclmulqdq dtes64 monitor ds_cpl vmx est tm2 ssse3 cx16 xtpr pdcm pcid sse4_1 sse4_2 x2apic popcnt tsc_deadline_timer xsave avx f16c lahf_lm arat epb pln pts dtherm tpr_shadow vnmi flexpriority ept vpid fsgsbase smep erms xsaveopt
bugs		:
bogomips	: 4789.49
clflush size	: 64
cache_alignment	: 64
address sizes	: 36 bits physical, 48 bits virtual
power management:



Memory: 4k page, physical 3881072k(441536k free), swap 4029436k(4025656k free)

vm_info: OpenJDK 64-Bit Server VM (25.66-b17) for linux-amd64 JRE (1.8.0_66-internal-b17), built on Oct 21 2015 22:08:46 by "buildd" with gcc 5.2.1 20151010

time: Sat Mar 26 01:17:08 2016
elapsed time: 3 seconds (0d 0h 0m 3s)

